[2026-05-14 16:32:11] =======================================================
[2026-05-14 16:32:11] NUEVA EJECUCIÓN
[2026-05-14 16:32:11] Material          : PLA
[2026-05-14 16:32:11] Perfil            : Balanceado
[2026-05-14 16:32:11] Tamaño población  : 50
[2026-05-14 16:32:11] Generaciones      : 100
[2026-05-14 16:32:11] Tasa cruce        : 0.8
[2026-05-14 16:32:11] Tasa mutación     : 0.1
[2026-05-14 16:32:11] Torneo K          : 3
[2026-05-14 16:32:11] --- Evolución ---
[2026-05-14 16:32:11] Gen 0001 | Mejor fitness: 0.716712 | Promedio: 0.655154
[2026-05-14 16:32:11] Gen 0002 | Mejor fitness: 0.720492 | Promedio: 0.683927
[2026-05-14 16:32:11] Gen 0003 | Mejor fitness: 0.727321 | Promedio: 0.703876
[2026-05-14 16:32:11] Gen 0004 | Mejor fitness: 0.736119 | Promedio: 0.715214
[2026-05-14 16:32:11] Gen 0005 | Mejor fitness: 0.739805 | Promedio: 0.723889
[2026-05-14 16:32:11] Gen 0006 | Mejor fitness: 0.739805 | Promedio: 0.728683
[2026-05-14 16:32:11] Gen 0007 | Mejor fitness: 0.740562 | Promedio: 0.732049
[2026-05-14 16:32:11] Gen 0008 | Mejor fitness: 0.742108 | Promedio: 0.735901
[2026-05-14 16:32:11] Gen 0009 | Mejor fitness: 0.743256 | Promedio: 0.739326
[2026-05-14 16:32:11] Gen 0010 | Mejor fitness: 0.743433 | Promedio: 0.740728
[2026-05-14 16:32:11] Gen 0011 | Mejor fitness: 0.743888 | Promedio: 0.741926
[2026-05-14 16:32:11] Gen 0012 | Mejor fitness: 0.743988 | Promedio: 0.742658
[2026-05-14 16:32:11] Gen 0013 | Mejor fitness: 0.743988 | Promedio: 0.742788
[2026-05-14 16:32:11] Gen 0014 | Mejor fitness: 0.744046 | Promedio: 0.743535
[2026-05-14 16:32:11] Gen 0015 | Mejor fitness: 0.744176 | Promedio: 0.743579
[2026-05-14 16:32:11] Gen 0016 | Mejor fitness: 0.744307 | Promedio: 0.743288
[2026-05-14 16:32:11] Gen 0017 | Mejor fitness: 0.744367 | Promedio: 0.743831
[2026-05-14 16:32:11] Gen 0018 | Mejor fitness: 0.744452 | Promedio: 0.743965
[2026-05-14 16:32:11] Gen 0019 | Mejor fitness: 0.744452 | Promedio: 0.743745
[2026-05-14 16:32:11] Gen 0020 | Mejor fitness: 0.744452 | Promedio: 0.744023
[2026-05-14 16:32:11] Gen 0021 | Mejor fitness: 0.744459 | Promedio: 0.743931
[2026-05-14 16:32:11] Gen 0022 | Mejor fitness: 0.744459 | Promedio: 0.744079
[2026-05-14 16:32:11] Gen 0023 | Mejor fitness: 0.744509 | Promedio: 0.744339
[2026-05-14 16:32:11] Gen 0024 | Mejor fitness: 0.744509 | Promedio: 0.744063
[2026-05-14 16:32:11] Gen 0025 | Mejor fitness: 0.744509 | Promedio: 0.743916
[2026-05-14 16:32:11] Gen 0026 | Mejor fitness: 0.744523 | Promedio: 0.744151
[2026-05-14 16:32:11] Gen 0027 | Mejor fitness: 0.744582 | Promedio: 0.744020
[2026-05-14 16:32:11] Gen 0028 | Mejor fitness: 0.744582 | Promedio: 0.744184
[2026-05-14 16:32:11] Gen 0029 | Mejor fitness: 0.744592 | Promedio: 0.744072
[2026-05-14 16:32:11] Gen 0030 | Mejor fitness: 0.744592 | Promedio: 0.744170
[2026-05-14 16:32:11] Gen 0031 | Mejor fitness: 0.744596 | Promedio: 0.744057
[2026-05-14 16:32:11] Gen 0032 | Mejor fitness: 0.744596 | Promedio: 0.744108
[2026-05-14 16:32:11] Gen 0033 | Mejor fitness: 0.744602 | Promedio: 0.744252
[2026-05-14 16:32:11] Gen 0034 | Mejor fitness: 0.744602 | Promedio: 0.744308
[2026-05-14 16:32:11] Gen 0035 | Mejor fitness: 0.744602 | Promedio: 0.744131
[2026-05-14 16:32:11] Gen 0036 | Mejor fitness: 0.744602 | Promedio: 0.744208
[2026-05-14 16:32:11] Gen 0037 | Mejor fitness: 0.744602 | Promedio: 0.744356
[2026-05-14 16:32:11] Gen 0038 | Mejor fitness: 0.744603 | Promedio: 0.744411
[2026-05-14 16:32:11] Gen 0039 | Mejor fitness: 0.744603 | Promedio: 0.744072
[2026-05-14 16:32:11] Gen 0040 | Mejor fitness: 0.744603 | Promedio: 0.744198
[2026-05-14 16:32:11] Gen 0041 | Mejor fitness: 0.744603 | Promedio: 0.743985
[2026-05-14 16:32:11] Gen 0042 | Mejor fitness: 0.744603 | Promedio: 0.744376
[2026-05-14 16:32:11] Gen 0043 | Mejor fitness: 0.744603 | Promedio: 0.744211
[2026-05-14 16:32:11] Gen 0044 | Mejor fitness: 0.744603 | Promedio: 0.744017
[2026-05-14 16:32:11] Gen 0045 | Mejor fitness: 0.744603 | Promedio: 0.744382
[2026-05-14 16:32:11] Gen 0046 | Mejor fitness: 0.744603 | Promedio: 0.744274
[2026-05-14 16:32:11] Gen 0047 | Mejor fitness: 0.744603 | Promedio: 0.744324
[2026-05-14 16:32:11] Gen 0048 | Mejor fitness: 0.744603 | Promedio: 0.744033
[2026-05-14 16:32:11] Gen 0049 | Mejor fitness: 0.744603 | Promedio: 0.744056
[2026-05-14 16:32:11] Gen 0050 | Mejor fitness: 0.744603 | Promedio: 0.744235
[2026-05-14 16:32:11] Gen 0051 | Mejor fitness: 0.744603 | Promedio: 0.744304
[2026-05-14 16:32:11] Gen 0052 | Mejor fitness: 0.744603 | Promedio: 0.744261
[2026-05-14 16:32:11] Gen 0053 | Mejor fitness: 0.744603 | Promedio: 0.744383
[2026-05-14 16:32:11] Gen 0054 | Mejor fitness: 0.744609 | Promedio: 0.744113
[2026-05-14 16:32:11] Gen 0055 | Mejor fitness: 0.744609 | Promedio: 0.744353
[2026-05-14 16:32:11] Gen 0056 | Mejor fitness: 0.744609 | Promedio: 0.744010
[2026-05-14 16:32:11] Gen 0057 | Mejor fitness: 0.744609 | Promedio: 0.744345
[2026-05-14 16:32:11] Gen 0058 | Mejor fitness: 0.744609 | Promedio: 0.744316
[2026-05-14 16:32:11] Gen 0059 | Mejor fitness: 0.744609 | Promedio: 0.744238
[2026-05-14 16:32:11] Gen 0060 | Mejor fitness: 0.744609 | Promedio: 0.744356
[2026-05-14 16:32:11] Gen 0061 | Mejor fitness: 0.744609 | Promedio: 0.744227
[2026-05-14 16:32:11] Gen 0062 | Mejor fitness: 0.744609 | Promedio: 0.744387
[2026-05-14 16:32:11] Gen 0063 | Mejor fitness: 0.744609 | Promedio: 0.744276
[2026-05-14 16:32:11] Gen 0064 | Mejor fitness: 0.744609 | Promedio: 0.744167
[2026-05-14 16:32:11] Gen 0065 | Mejor fitness: 0.744609 | Promedio: 0.744404
[2026-05-14 16:32:11] Gen 0066 | Mejor fitness: 0.744609 | Promedio: 0.744084
[2026-05-14 16:32:11] Gen 0067 | Mejor fitness: 0.744609 | Promedio: 0.744173
[2026-05-14 16:32:11] Gen 0068 | Mejor fitness: 0.744609 | Promedio: 0.744436
[2026-05-14 16:32:11] Gen 0069 | Mejor fitness: 0.744609 | Promedio: 0.743996
[2026-05-14 16:32:11] Gen 0070 | Mejor fitness: 0.744609 | Promedio: 0.744428
[2026-05-14 16:32:11] Gen 0071 | Mejor fitness: 0.744609 | Promedio: 0.744277
[2026-05-14 16:32:11] Gen 0072 | Mejor fitness: 0.744609 | Promedio: 0.744233
[2026-05-14 16:32:11] Gen 0073 | Mejor fitness: 0.744609 | Promedio: 0.744294
[2026-05-14 16:32:11] Gen 0074 | Mejor fitness: 0.744609 | Promedio: 0.744205
[2026-05-14 16:32:11] Gen 0075 | Mejor fitness: 0.744609 | Promedio: 0.744115
[2026-05-14 16:32:11] Gen 0076 | Mejor fitness: 0.744609 | Promedio: 0.744093
[2026-05-14 16:32:11] Gen 0077 | Mejor fitness: 0.744609 | Promedio: 0.744289
[2026-05-14 16:32:11] Gen 0078 | Mejor fitness: 0.744609 | Promedio: 0.744194
[2026-05-14 16:32:11] Gen 0079 | Mejor fitness: 0.744609 | Promedio: 0.744313
[2026-05-14 16:32:11] Gen 0080 | Mejor fitness: 0.744609 | Promedio: 0.744214
[2026-05-14 16:32:11] Gen 0081 | Mejor fitness: 0.744609 | Promedio: 0.744114
[2026-05-14 16:32:11] Gen 0082 | Mejor fitness: 0.744609 | Promedio: 0.744433
[2026-05-14 16:32:11] Gen 0083 | Mejor fitness: 0.744609 | Promedio: 0.744174
[2026-05-14 16:32:11] Gen 0084 | Mejor fitness: 0.744609 | Promedio: 0.743964
[2026-05-14 16:32:11] Gen 0085 | Mejor fitness: 0.744609 | Promedio: 0.744246
[2026-05-14 16:32:11] Gen 0086 | Mejor fitness: 0.744609 | Promedio: 0.744254
[2026-05-14 16:32:11] Gen 0087 | Mejor fitness: 0.744609 | Promedio: 0.744216
[2026-05-14 16:32:11] Gen 0088 | Mejor fitness: 0.744609 | Promedio: 0.744435
[2026-05-14 16:32:11] Gen 0089 | Mejor fitness: 0.744609 | Promedio: 0.744052
[2026-05-14 16:32:11] Gen 0090 | Mejor fitness: 0.744609 | Promedio: 0.744170
[2026-05-14 16:32:11] Gen 0091 | Mejor fitness: 0.744609 | Promedio: 0.744155
[2026-05-14 16:32:11] Gen 0092 | Mejor fitness: 0.744609 | Promedio: 0.744203
[2026-05-14 16:32:11] Gen 0093 | Mejor fitness: 0.744609 | Promedio: 0.744232
[2026-05-14 16:32:11] Gen 0094 | Mejor fitness: 0.744609 | Promedio: 0.744004
[2026-05-14 16:32:11] Gen 0095 | Mejor fitness: 0.744609 | Promedio: 0.744411
[2026-05-14 16:32:11] Gen 0096 | Mejor fitness: 0.744609 | Promedio: 0.744340
[2026-05-14 16:32:11] Gen 0097 | Mejor fitness: 0.744609 | Promedio: 0.743912
[2026-05-14 16:32:11] Gen 0098 | Mejor fitness: 0.744609 | Promedio: 0.743968
[2026-05-14 16:32:11] Gen 0099 | Mejor fitness: 0.744609 | Promedio: 0.744248
[2026-05-14 16:32:11] Gen 0100 | Mejor fitness: 0.744609 | Promedio: 0.744277
[2026-05-14 16:32:11] --- Resultado final ---
[2026-05-14 16:32:11] Fitness final     : 0.744609
[2026-05-14 16:32:11]
[2026-05-14 16:32:11] Parámetros óptimos:
[2026-05-14 16:32:11]   Temp. Extrusión : 209.5 °C
[2026-05-14 16:32:11]   Temp. Cama      : 60.0 °C
[2026-05-14 16:32:11]   Velocidad       : 78.4 mm/s
[2026-05-14 16:32:11]   Altura de Capa  : 0.257 mm
[2026-05-14 16:32:11]   Relleno         : 16.1 %
[2026-05-14 16:32:11]   Ventilador      : 100.0 %
[2026-05-14 16:32:11]   Perímetros      : 3 u
[2026-05-14 16:32:11]
[2026-05-14 16:32:11] Desglose fitness:
[2026-05-14 16:32:11]   Calidad       : 0.5526
[2026-05-14 16:32:11]   Resistencia   : 0.7237
[2026-05-14 16:32:11]   Velocidad     : 0.8346
[2026-05-14 16:32:11]   Ahorro        : 0.8676
[2026-05-14 16:32:11]   Fitness       : 0.7446
[2026-05-14 16:32:11] =======================================================
