[2026-05-13 12:47:47] =======================================================
[2026-05-13 12:47:47] NUEVA EJECUCIÓN
[2026-05-13 12:47:47] Material          : PLA
[2026-05-13 12:47:47] Perfil            : Funcional
[2026-05-13 12:47:47] Tamaño población  : 200
[2026-05-13 12:47:47] Generaciones      : 500
[2026-05-13 12:47:47] Tasa cruce        : 0.8
[2026-05-13 12:47:47] Tasa mutación     : 0.1
[2026-05-13 12:47:47] Torneo K          : 3
[2026-05-13 12:47:47] --- Evolución ---
[2026-05-13 12:47:47] Gen 0001 | Mejor fitness: 0.799140 | Promedio: 0.691688
[2026-05-13 12:47:47] Gen 0002 | Mejor fitness: 0.799140 | Promedio: 0.739809
[2026-05-13 12:47:47] Gen 0003 | Mejor fitness: 0.803430 | Promedio: 0.763568
[2026-05-13 12:47:47] Gen 0004 | Mejor fitness: 0.803430 | Promedio: 0.778817
[2026-05-13 12:47:47] Gen 0005 | Mejor fitness: 0.805541 | Promedio: 0.788534
[2026-05-13 12:47:47] Gen 0006 | Mejor fitness: 0.807058 | Promedio: 0.794798
[2026-05-13 12:47:47] Gen 0007 | Mejor fitness: 0.807058 | Promedio: 0.799129
[2026-05-13 12:47:47] Gen 0008 | Mejor fitness: 0.807307 | Promedio: 0.802503
[2026-05-13 12:47:47] Gen 0009 | Mejor fitness: 0.808768 | Promedio: 0.804266
[2026-05-13 12:47:47] Gen 0010 | Mejor fitness: 0.809345 | Promedio: 0.805505
[2026-05-13 12:47:47] Gen 0011 | Mejor fitness: 0.809675 | Promedio: 0.806688
[2026-05-13 12:47:47] Gen 0012 | Mejor fitness: 0.809874 | Promedio: 0.807453
[2026-05-13 12:47:47] Gen 0013 | Mejor fitness: 0.810020 | Promedio: 0.808266
[2026-05-13 12:47:47] Gen 0014 | Mejor fitness: 0.810097 | Promedio: 0.808909
[2026-05-13 12:47:47] Gen 0015 | Mejor fitness: 0.810100 | Promedio: 0.809196
[2026-05-13 12:47:47] Gen 0016 | Mejor fitness: 0.810235 | Promedio: 0.809021
[2026-05-13 12:47:47] Gen 0017 | Mejor fitness: 0.810271 | Promedio: 0.809562
[2026-05-13 12:47:47] Gen 0018 | Mejor fitness: 0.810275 | Promedio: 0.809417
[2026-05-13 12:47:47] Gen 0019 | Mejor fitness: 0.810275 | Promedio: 0.809614
[2026-05-13 12:47:47] Gen 0020 | Mejor fitness: 0.810275 | Promedio: 0.809342
[2026-05-13 12:47:47] Gen 0021 | Mejor fitness: 0.810282 | Promedio: 0.809647
[2026-05-13 12:47:47] Gen 0022 | Mejor fitness: 0.810282 | Promedio: 0.809724
[2026-05-13 12:47:47] Gen 0023 | Mejor fitness: 0.810282 | Promedio: 0.809572
[2026-05-13 12:47:47] Gen 0024 | Mejor fitness: 0.810288 | Promedio: 0.809656
[2026-05-13 12:47:47] Gen 0025 | Mejor fitness: 0.810288 | Promedio: 0.809733
[2026-05-13 12:47:47] Gen 0026 | Mejor fitness: 0.810367 | Promedio: 0.809847
[2026-05-13 12:47:47] Gen 0027 | Mejor fitness: 0.810369 | Promedio: 0.809781
[2026-05-13 12:47:47] Gen 0028 | Mejor fitness: 0.810378 | Promedio: 0.809570
[2026-05-13 12:47:47] Gen 0029 | Mejor fitness: 0.810378 | Promedio: 0.809526
[2026-05-13 12:47:47] Gen 0030 | Mejor fitness: 0.810390 | Promedio: 0.809733
[2026-05-13 12:47:47] Gen 0031 | Mejor fitness: 0.810390 | Promedio: 0.809714
[2026-05-13 12:47:47] Gen 0032 | Mejor fitness: 0.810390 | Promedio: 0.809859
[2026-05-13 12:47:47] Gen 0033 | Mejor fitness: 0.810390 | Promedio: 0.809622
[2026-05-13 12:47:47] Gen 0034 | Mejor fitness: 0.810394 | Promedio: 0.809710
[2026-05-13 12:47:47] Gen 0035 | Mejor fitness: 0.810394 | Promedio: 0.809711
[2026-05-13 12:47:47] Gen 0036 | Mejor fitness: 0.810394 | Promedio: 0.809658
[2026-05-13 12:47:47] Gen 0037 | Mejor fitness: 0.810394 | Promedio: 0.810063
[2026-05-13 12:47:47] Gen 0038 | Mejor fitness: 0.810394 | Promedio: 0.809975
[2026-05-13 12:47:47] Gen 0039 | Mejor fitness: 0.810394 | Promedio: 0.809707
[2026-05-13 12:47:47] Gen 0040 | Mejor fitness: 0.810394 | Promedio: 0.809990
[2026-05-13 12:47:47] Gen 0041 | Mejor fitness: 0.810395 | Promedio: 0.809767
[2026-05-13 12:47:47] Gen 0042 | Mejor fitness: 0.810395 | Promedio: 0.809533
[2026-05-13 12:47:47] Gen 0043 | Mejor fitness: 0.810395 | Promedio: 0.809877
[2026-05-13 12:47:47] Gen 0044 | Mejor fitness: 0.810395 | Promedio: 0.809817
[2026-05-13 12:47:47] Gen 0045 | Mejor fitness: 0.810395 | Promedio: 0.809894
[2026-05-13 12:47:47] Gen 0046 | Mejor fitness: 0.810395 | Promedio: 0.809762
[2026-05-13 12:47:47] Gen 0047 | Mejor fitness: 0.810395 | Promedio: 0.809859
[2026-05-13 12:47:47] Gen 0048 | Mejor fitness: 0.810395 | Promedio: 0.809684
[2026-05-13 12:47:47] Gen 0049 | Mejor fitness: 0.810395 | Promedio: 0.809699
[2026-05-13 12:47:47] Gen 0050 | Mejor fitness: 0.810395 | Promedio: 0.809368
[2026-05-13 12:47:47] Gen 0051 | Mejor fitness: 0.810395 | Promedio: 0.809883
[2026-05-13 12:47:47] Gen 0052 | Mejor fitness: 0.810395 | Promedio: 0.809705
[2026-05-13 12:47:47] Gen 0053 | Mejor fitness: 0.810395 | Promedio: 0.809826
[2026-05-13 12:47:47] Gen 0054 | Mejor fitness: 0.810395 | Promedio: 0.809806
[2026-05-13 12:47:47] Gen 0055 | Mejor fitness: 0.810395 | Promedio: 0.809868
[2026-05-13 12:47:47] Gen 0056 | Mejor fitness: 0.810395 | Promedio: 0.809786
[2026-05-13 12:47:47] Gen 0057 | Mejor fitness: 0.810395 | Promedio: 0.809830
[2026-05-13 12:47:47] Gen 0058 | Mejor fitness: 0.810395 | Promedio: 0.809675
[2026-05-13 12:47:47] Gen 0059 | Mejor fitness: 0.810395 | Promedio: 0.809764
[2026-05-13 12:47:47] Gen 0060 | Mejor fitness: 0.810395 | Promedio: 0.810057
[2026-05-13 12:47:47] Gen 0061 | Mejor fitness: 0.810395 | Promedio: 0.809803
[2026-05-13 12:47:47] Gen 0062 | Mejor fitness: 0.810395 | Promedio: 0.809811
[2026-05-13 12:47:47] Gen 0063 | Mejor fitness: 0.810395 | Promedio: 0.809789
[2026-05-13 12:47:47] Gen 0064 | Mejor fitness: 0.810395 | Promedio: 0.809824
[2026-05-13 12:47:47] Gen 0065 | Mejor fitness: 0.810395 | Promedio: 0.809669
[2026-05-13 12:47:47] Gen 0066 | Mejor fitness: 0.810395 | Promedio: 0.809883
[2026-05-13 12:47:47] Gen 0067 | Mejor fitness: 0.810395 | Promedio: 0.810078
[2026-05-13 12:47:47] Gen 0068 | Mejor fitness: 0.810395 | Promedio: 0.809861
[2026-05-13 12:47:47] Gen 0069 | Mejor fitness: 0.810395 | Promedio: 0.809959
[2026-05-13 12:47:47] Gen 0070 | Mejor fitness: 0.810395 | Promedio: 0.809757
[2026-05-13 12:47:47] Gen 0071 | Mejor fitness: 0.810395 | Promedio: 0.809744
[2026-05-13 12:47:47] Gen 0072 | Mejor fitness: 0.810395 | Promedio: 0.809764
[2026-05-13 12:47:47] Gen 0073 | Mejor fitness: 0.810395 | Promedio: 0.809772
[2026-05-13 12:47:47] Gen 0074 | Mejor fitness: 0.810395 | Promedio: 0.809663
[2026-05-13 12:47:47] Gen 0075 | Mejor fitness: 0.810395 | Promedio: 0.809845
[2026-05-13 12:47:47] Gen 0076 | Mejor fitness: 0.810395 | Promedio: 0.809752
[2026-05-13 12:47:47] Gen 0077 | Mejor fitness: 0.810395 | Promedio: 0.809822
[2026-05-13 12:47:47] Gen 0078 | Mejor fitness: 0.810395 | Promedio: 0.809864
[2026-05-13 12:47:47] Gen 0079 | Mejor fitness: 0.810395 | Promedio: 0.809721
[2026-05-13 12:47:47] Gen 0080 | Mejor fitness: 0.810395 | Promedio: 0.809624
[2026-05-13 12:47:47] Gen 0081 | Mejor fitness: 0.810395 | Promedio: 0.809840
[2026-05-13 12:47:47] Gen 0082 | Mejor fitness: 0.810395 | Promedio: 0.809863
[2026-05-13 12:47:47] Gen 0083 | Mejor fitness: 0.810395 | Promedio: 0.809955
[2026-05-13 12:47:47] Gen 0084 | Mejor fitness: 0.810395 | Promedio: 0.809979
[2026-05-13 12:47:47] Gen 0085 | Mejor fitness: 0.810395 | Promedio: 0.809816
[2026-05-13 12:47:47] Gen 0086 | Mejor fitness: 0.810395 | Promedio: 0.809676
[2026-05-13 12:47:47] Gen 0087 | Mejor fitness: 0.810395 | Promedio: 0.809606
[2026-05-13 12:47:47] Gen 0088 | Mejor fitness: 0.810395 | Promedio: 0.809658
[2026-05-13 12:47:47] Gen 0089 | Mejor fitness: 0.810395 | Promedio: 0.809778
[2026-05-13 12:47:47] Gen 0090 | Mejor fitness: 0.810395 | Promedio: 0.809541
[2026-05-13 12:47:47] Gen 0091 | Mejor fitness: 0.810395 | Promedio: 0.809763
[2026-05-13 12:47:47] Gen 0092 | Mejor fitness: 0.810395 | Promedio: 0.809852
[2026-05-13 12:47:47] Gen 0093 | Mejor fitness: 0.810395 | Promedio: 0.809638
[2026-05-13 12:47:47] Gen 0094 | Mejor fitness: 0.810395 | Promedio: 0.809610
[2026-05-13 12:47:47] Gen 0095 | Mejor fitness: 0.810395 | Promedio: 0.809759
[2026-05-13 12:47:47] Gen 0096 | Mejor fitness: 0.810395 | Promedio: 0.809606
[2026-05-13 12:47:47] Gen 0097 | Mejor fitness: 0.810395 | Promedio: 0.809643
[2026-05-13 12:47:47] Gen 0098 | Mejor fitness: 0.810395 | Promedio: 0.809869
[2026-05-13 12:47:47] Gen 0099 | Mejor fitness: 0.810395 | Promedio: 0.809909
[2026-05-13 12:47:47] Gen 0100 | Mejor fitness: 0.810395 | Promedio: 0.809864
[2026-05-13 12:47:47] Gen 0101 | Mejor fitness: 0.810395 | Promedio: 0.809801
[2026-05-13 12:47:47] Gen 0102 | Mejor fitness: 0.810395 | Promedio: 0.809681
[2026-05-13 12:47:47] Gen 0103 | Mejor fitness: 0.810395 | Promedio: 0.809632
[2026-05-13 12:47:47] Gen 0104 | Mejor fitness: 0.810395 | Promedio: 0.809848
[2026-05-13 12:47:47] Gen 0105 | Mejor fitness: 0.810395 | Promedio: 0.809855
[2026-05-13 12:47:47] Gen 0106 | Mejor fitness: 0.810395 | Promedio: 0.809753
[2026-05-13 12:47:47] Gen 0107 | Mejor fitness: 0.810395 | Promedio: 0.809922
[2026-05-13 12:47:47] Gen 0108 | Mejor fitness: 0.810395 | Promedio: 0.809879
[2026-05-13 12:47:47] Gen 0109 | Mejor fitness: 0.810395 | Promedio: 0.809970
[2026-05-13 12:47:47] Gen 0110 | Mejor fitness: 0.810396 | Promedio: 0.809992
[2026-05-13 12:47:47] Gen 0111 | Mejor fitness: 0.810396 | Promedio: 0.809666
[2026-05-13 12:47:47] Gen 0112 | Mejor fitness: 0.810396 | Promedio: 0.809944
[2026-05-13 12:47:47] Gen 0113 | Mejor fitness: 0.810396 | Promedio: 0.809648
[2026-05-13 12:47:47] Gen 0114 | Mejor fitness: 0.810396 | Promedio: 0.809827
[2026-05-13 12:47:47] Gen 0115 | Mejor fitness: 0.810396 | Promedio: 0.809768
[2026-05-13 12:47:47] Gen 0116 | Mejor fitness: 0.810396 | Promedio: 0.809505
[2026-05-13 12:47:47] Gen 0117 | Mejor fitness: 0.810396 | Promedio: 0.809622
[2026-05-13 12:47:47] Gen 0118 | Mejor fitness: 0.810396 | Promedio: 0.809848
[2026-05-13 12:47:47] Gen 0119 | Mejor fitness: 0.810396 | Promedio: 0.809870
[2026-05-13 12:47:47] Gen 0120 | Mejor fitness: 0.810396 | Promedio: 0.809720
[2026-05-13 12:47:47] Gen 0121 | Mejor fitness: 0.810396 | Promedio: 0.809890
[2026-05-13 12:47:47] Gen 0122 | Mejor fitness: 0.810396 | Promedio: 0.809845
[2026-05-13 12:47:47] Gen 0123 | Mejor fitness: 0.810396 | Promedio: 0.810006
[2026-05-13 12:47:47] Gen 0124 | Mejor fitness: 0.810396 | Promedio: 0.809815
[2026-05-13 12:47:47] Gen 0125 | Mejor fitness: 0.810396 | Promedio: 0.809932
[2026-05-13 12:47:47] Gen 0126 | Mejor fitness: 0.810396 | Promedio: 0.809631
[2026-05-13 12:47:47] Gen 0127 | Mejor fitness: 0.810396 | Promedio: 0.809494
[2026-05-13 12:47:47] Gen 0128 | Mejor fitness: 0.810396 | Promedio: 0.809773
[2026-05-13 12:47:47] Gen 0129 | Mejor fitness: 0.810396 | Promedio: 0.809585
[2026-05-13 12:47:47] Gen 0130 | Mejor fitness: 0.810396 | Promedio: 0.809898
[2026-05-13 12:47:47] Gen 0131 | Mejor fitness: 0.810396 | Promedio: 0.809734
[2026-05-13 12:47:47] Gen 0132 | Mejor fitness: 0.810396 | Promedio: 0.809771
[2026-05-13 12:47:47] Gen 0133 | Mejor fitness: 0.810396 | Promedio: 0.809818
[2026-05-13 12:47:47] Gen 0134 | Mejor fitness: 0.810396 | Promedio: 0.809806
[2026-05-13 12:47:47] Gen 0135 | Mejor fitness: 0.810396 | Promedio: 0.809875
[2026-05-13 12:47:47] Gen 0136 | Mejor fitness: 0.810396 | Promedio: 0.809819
[2026-05-13 12:47:47] Gen 0137 | Mejor fitness: 0.810396 | Promedio: 0.809805
[2026-05-13 12:47:47] Gen 0138 | Mejor fitness: 0.810396 | Promedio: 0.810006
[2026-05-13 12:47:47] Gen 0139 | Mejor fitness: 0.810396 | Promedio: 0.809827
[2026-05-13 12:47:47] Gen 0140 | Mejor fitness: 0.810396 | Promedio: 0.809646
[2026-05-13 12:47:47] Gen 0141 | Mejor fitness: 0.810396 | Promedio: 0.809702
[2026-05-13 12:47:47] Gen 0142 | Mejor fitness: 0.810396 | Promedio: 0.809816
[2026-05-13 12:47:47] Gen 0143 | Mejor fitness: 0.810396 | Promedio: 0.809678
[2026-05-13 12:47:47] Gen 0144 | Mejor fitness: 0.810396 | Promedio: 0.809731
[2026-05-13 12:47:47] Gen 0145 | Mejor fitness: 0.810396 | Promedio: 0.809802
[2026-05-13 12:47:47] Gen 0146 | Mejor fitness: 0.810396 | Promedio: 0.810015
[2026-05-13 12:47:47] Gen 0147 | Mejor fitness: 0.810396 | Promedio: 0.809661
[2026-05-13 12:47:47] Gen 0148 | Mejor fitness: 0.810396 | Promedio: 0.809756
[2026-05-13 12:47:47] Gen 0149 | Mejor fitness: 0.810396 | Promedio: 0.809777
[2026-05-13 12:47:47] Gen 0150 | Mejor fitness: 0.810396 | Promedio: 0.809883
[2026-05-13 12:47:47] Gen 0151 | Mejor fitness: 0.810396 | Promedio: 0.809833
[2026-05-13 12:47:47] Gen 0152 | Mejor fitness: 0.810396 | Promedio: 0.809717
[2026-05-13 12:47:47] Gen 0153 | Mejor fitness: 0.810396 | Promedio: 0.810023
[2026-05-13 12:47:47] Gen 0154 | Mejor fitness: 0.810397 | Promedio: 0.809890
[2026-05-13 12:47:47] Gen 0155 | Mejor fitness: 0.810397 | Promedio: 0.809667
[2026-05-13 12:47:47] Gen 0156 | Mejor fitness: 0.810397 | Promedio: 0.809874
[2026-05-13 12:47:47] Gen 0157 | Mejor fitness: 0.810397 | Promedio: 0.809827
[2026-05-13 12:47:47] Gen 0158 | Mejor fitness: 0.810397 | Promedio: 0.809741
[2026-05-13 12:47:47] Gen 0159 | Mejor fitness: 0.810397 | Promedio: 0.809912
[2026-05-13 12:47:47] Gen 0160 | Mejor fitness: 0.810397 | Promedio: 0.809760
[2026-05-13 12:47:47] Gen 0161 | Mejor fitness: 0.810397 | Promedio: 0.809594
[2026-05-13 12:47:47] Gen 0162 | Mejor fitness: 0.810397 | Promedio: 0.809751
[2026-05-13 12:47:47] Gen 0163 | Mejor fitness: 0.810397 | Promedio: 0.809683
[2026-05-13 12:47:47] Gen 0164 | Mejor fitness: 0.810397 | Promedio: 0.809534
[2026-05-13 12:47:47] Gen 0165 | Mejor fitness: 0.810397 | Promedio: 0.809701
[2026-05-13 12:47:47] Gen 0166 | Mejor fitness: 0.810397 | Promedio: 0.809813
[2026-05-13 12:47:47] Gen 0167 | Mejor fitness: 0.810397 | Promedio: 0.809667
[2026-05-13 12:47:47] Gen 0168 | Mejor fitness: 0.810397 | Promedio: 0.809779
[2026-05-13 12:47:47] Gen 0169 | Mejor fitness: 0.810397 | Promedio: 0.809885
[2026-05-13 12:47:47] Gen 0170 | Mejor fitness: 0.810397 | Promedio: 0.809984
[2026-05-13 12:47:47] Gen 0171 | Mejor fitness: 0.810397 | Promedio: 0.809832
[2026-05-13 12:47:47] Gen 0172 | Mejor fitness: 0.810397 | Promedio: 0.809899
[2026-05-13 12:47:47] Gen 0173 | Mejor fitness: 0.810397 | Promedio: 0.809838
[2026-05-13 12:47:47] Gen 0174 | Mejor fitness: 0.810397 | Promedio: 0.809619
[2026-05-13 12:47:47] Gen 0175 | Mejor fitness: 0.810397 | Promedio: 0.809860
[2026-05-13 12:47:47] Gen 0176 | Mejor fitness: 0.810397 | Promedio: 0.809806
[2026-05-13 12:47:47] Gen 0177 | Mejor fitness: 0.810397 | Promedio: 0.809803
[2026-05-13 12:47:47] Gen 0178 | Mejor fitness: 0.810397 | Promedio: 0.809984
[2026-05-13 12:47:47] Gen 0179 | Mejor fitness: 0.810397 | Promedio: 0.809898
[2026-05-13 12:47:47] Gen 0180 | Mejor fitness: 0.810397 | Promedio: 0.809617
[2026-05-13 12:47:47] Gen 0181 | Mejor fitness: 0.810397 | Promedio: 0.809877
[2026-05-13 12:47:47] Gen 0182 | Mejor fitness: 0.810397 | Promedio: 0.809894
[2026-05-13 12:47:47] Gen 0183 | Mejor fitness: 0.810397 | Promedio: 0.809936
[2026-05-13 12:47:47] Gen 0184 | Mejor fitness: 0.810397 | Promedio: 0.810026
[2026-05-13 12:47:47] Gen 0185 | Mejor fitness: 0.810397 | Promedio: 0.809824
[2026-05-13 12:47:47] Gen 0186 | Mejor fitness: 0.810397 | Promedio: 0.809868
[2026-05-13 12:47:47] Gen 0187 | Mejor fitness: 0.810397 | Promedio: 0.809960
[2026-05-13 12:47:47] Gen 0188 | Mejor fitness: 0.810397 | Promedio: 0.809842
[2026-05-13 12:47:47] Gen 0189 | Mejor fitness: 0.810397 | Promedio: 0.809977
[2026-05-13 12:47:47] Gen 0190 | Mejor fitness: 0.810397 | Promedio: 0.809661
[2026-05-13 12:47:47] Gen 0191 | Mejor fitness: 0.810397 | Promedio: 0.809817
[2026-05-13 12:47:47] Gen 0192 | Mejor fitness: 0.810397 | Promedio: 0.809702
[2026-05-13 12:47:47] Gen 0193 | Mejor fitness: 0.810397 | Promedio: 0.809808
[2026-05-13 12:47:47] Gen 0194 | Mejor fitness: 0.810397 | Promedio: 0.809846
[2026-05-13 12:47:47] Gen 0195 | Mejor fitness: 0.810397 | Promedio: 0.809609
[2026-05-13 12:47:47] Gen 0196 | Mejor fitness: 0.810397 | Promedio: 0.809911
[2026-05-13 12:47:47] Gen 0197 | Mejor fitness: 0.810397 | Promedio: 0.809774
[2026-05-13 12:47:47] Gen 0198 | Mejor fitness: 0.810397 | Promedio: 0.809684
[2026-05-13 12:47:47] Gen 0199 | Mejor fitness: 0.810397 | Promedio: 0.809733
[2026-05-13 12:47:47] Gen 0200 | Mejor fitness: 0.810397 | Promedio: 0.809745
[2026-05-13 12:47:47] Gen 0201 | Mejor fitness: 0.810397 | Promedio: 0.809588
[2026-05-13 12:47:47] Gen 0202 | Mejor fitness: 0.810397 | Promedio: 0.809938
[2026-05-13 12:47:47] Gen 0203 | Mejor fitness: 0.810397 | Promedio: 0.809864
[2026-05-13 12:47:47] Gen 0204 | Mejor fitness: 0.810397 | Promedio: 0.809671
[2026-05-13 12:47:47] Gen 0205 | Mejor fitness: 0.810397 | Promedio: 0.809967
[2026-05-13 12:47:47] Gen 0206 | Mejor fitness: 0.810397 | Promedio: 0.809702
[2026-05-13 12:47:47] Gen 0207 | Mejor fitness: 0.810397 | Promedio: 0.809806
[2026-05-13 12:47:47] Gen 0208 | Mejor fitness: 0.810397 | Promedio: 0.809544
[2026-05-13 12:47:47] Gen 0209 | Mejor fitness: 0.810397 | Promedio: 0.809620
[2026-05-13 12:47:47] Gen 0210 | Mejor fitness: 0.810397 | Promedio: 0.809735
[2026-05-13 12:47:47] Gen 0211 | Mejor fitness: 0.810397 | Promedio: 0.809841
[2026-05-13 12:47:47] Gen 0212 | Mejor fitness: 0.810397 | Promedio: 0.809898
[2026-05-13 12:47:47] Gen 0213 | Mejor fitness: 0.810397 | Promedio: 0.809915
[2026-05-13 12:47:47] Gen 0214 | Mejor fitness: 0.810397 | Promedio: 0.809951
[2026-05-13 12:47:47] Gen 0215 | Mejor fitness: 0.810397 | Promedio: 0.809992
[2026-05-13 12:47:47] Gen 0216 | Mejor fitness: 0.810397 | Promedio: 0.809919
[2026-05-13 12:47:47] Gen 0217 | Mejor fitness: 0.810397 | Promedio: 0.809752
[2026-05-13 12:47:47] Gen 0218 | Mejor fitness: 0.810397 | Promedio: 0.809868
[2026-05-13 12:47:47] Gen 0219 | Mejor fitness: 0.810397 | Promedio: 0.809783
[2026-05-13 12:47:47] Gen 0220 | Mejor fitness: 0.810397 | Promedio: 0.810029
[2026-05-13 12:47:47] Gen 0221 | Mejor fitness: 0.810397 | Promedio: 0.809822
[2026-05-13 12:47:47] Gen 0222 | Mejor fitness: 0.810397 | Promedio: 0.809993
[2026-05-13 12:47:47] Gen 0223 | Mejor fitness: 0.810397 | Promedio: 0.809625
[2026-05-13 12:47:47] Gen 0224 | Mejor fitness: 0.810397 | Promedio: 0.810035
[2026-05-13 12:47:47] Gen 0225 | Mejor fitness: 0.810397 | Promedio: 0.809822
[2026-05-13 12:47:47] Gen 0226 | Mejor fitness: 0.810397 | Promedio: 0.809853
[2026-05-13 12:47:47] Gen 0227 | Mejor fitness: 0.810397 | Promedio: 0.809674
[2026-05-13 12:47:47] Gen 0228 | Mejor fitness: 0.810397 | Promedio: 0.809791
[2026-05-13 12:47:47] Gen 0229 | Mejor fitness: 0.810397 | Promedio: 0.809797
[2026-05-13 12:47:47] Gen 0230 | Mejor fitness: 0.810397 | Promedio: 0.809822
[2026-05-13 12:47:47] Gen 0231 | Mejor fitness: 0.810397 | Promedio: 0.810008
[2026-05-13 12:47:47] Gen 0232 | Mejor fitness: 0.810397 | Promedio: 0.809990
[2026-05-13 12:47:47] Gen 0233 | Mejor fitness: 0.810397 | Promedio: 0.809695
[2026-05-13 12:47:47] Gen 0234 | Mejor fitness: 0.810397 | Promedio: 0.809888
[2026-05-13 12:47:47] Gen 0235 | Mejor fitness: 0.810397 | Promedio: 0.809663
[2026-05-13 12:47:47] Gen 0236 | Mejor fitness: 0.810397 | Promedio: 0.809575
[2026-05-13 12:47:47] Gen 0237 | Mejor fitness: 0.810397 | Promedio: 0.809933
[2026-05-13 12:47:47] Gen 0238 | Mejor fitness: 0.810397 | Promedio: 0.809765
[2026-05-13 12:47:47] Gen 0239 | Mejor fitness: 0.810397 | Promedio: 0.809540
[2026-05-13 12:47:47] Gen 0240 | Mejor fitness: 0.810397 | Promedio: 0.809893
[2026-05-13 12:47:47] Gen 0241 | Mejor fitness: 0.810397 | Promedio: 0.809710
[2026-05-13 12:47:47] Gen 0242 | Mejor fitness: 0.810397 | Promedio: 0.809939
[2026-05-13 12:47:47] Gen 0243 | Mejor fitness: 0.810397 | Promedio: 0.809903
[2026-05-13 12:47:47] Gen 0244 | Mejor fitness: 0.810397 | Promedio: 0.809845
[2026-05-13 12:47:47] Gen 0245 | Mejor fitness: 0.810397 | Promedio: 0.809886
[2026-05-13 12:47:47] Gen 0246 | Mejor fitness: 0.810397 | Promedio: 0.809875
[2026-05-13 12:47:47] Gen 0247 | Mejor fitness: 0.810397 | Promedio: 0.809815
[2026-05-13 12:47:47] Gen 0248 | Mejor fitness: 0.810397 | Promedio: 0.809736
[2026-05-13 12:47:47] Gen 0249 | Mejor fitness: 0.810397 | Promedio: 0.809884
[2026-05-13 12:47:47] Gen 0250 | Mejor fitness: 0.810397 | Promedio: 0.809827
[2026-05-13 12:47:47] Gen 0251 | Mejor fitness: 0.810397 | Promedio: 0.809790
[2026-05-13 12:47:47] Gen 0252 | Mejor fitness: 0.810397 | Promedio: 0.809857
[2026-05-13 12:47:47] Gen 0253 | Mejor fitness: 0.810397 | Promedio: 0.809823
[2026-05-13 12:47:47] Gen 0254 | Mejor fitness: 0.810397 | Promedio: 0.809859
[2026-05-13 12:47:47] Gen 0255 | Mejor fitness: 0.810397 | Promedio: 0.809671
[2026-05-13 12:47:47] Gen 0256 | Mejor fitness: 0.810397 | Promedio: 0.809850
[2026-05-13 12:47:47] Gen 0257 | Mejor fitness: 0.810397 | Promedio: 0.809793
[2026-05-13 12:47:47] Gen 0258 | Mejor fitness: 0.810397 | Promedio: 0.809762
[2026-05-13 12:47:47] Gen 0259 | Mejor fitness: 0.810397 | Promedio: 0.809854
[2026-05-13 12:47:47] Gen 0260 | Mejor fitness: 0.810397 | Promedio: 0.809744
[2026-05-13 12:47:47] Gen 0261 | Mejor fitness: 0.810397 | Promedio: 0.809793
[2026-05-13 12:47:47] Gen 0262 | Mejor fitness: 0.810397 | Promedio: 0.809530
[2026-05-13 12:47:47] Gen 0263 | Mejor fitness: 0.810397 | Promedio: 0.809737
[2026-05-13 12:47:47] Gen 0264 | Mejor fitness: 0.810397 | Promedio: 0.809812
[2026-05-13 12:47:47] Gen 0265 | Mejor fitness: 0.810397 | Promedio: 0.809750
[2026-05-13 12:47:47] Gen 0266 | Mejor fitness: 0.810397 | Promedio: 0.809793
[2026-05-13 12:47:47] Gen 0267 | Mejor fitness: 0.810397 | Promedio: 0.809812
[2026-05-13 12:47:47] Gen 0268 | Mejor fitness: 0.810397 | Promedio: 0.809860
[2026-05-13 12:47:47] Gen 0269 | Mejor fitness: 0.810397 | Promedio: 0.809815
[2026-05-13 12:47:47] Gen 0270 | Mejor fitness: 0.810397 | Promedio: 0.809938
[2026-05-13 12:47:47] Gen 0271 | Mejor fitness: 0.810397 | Promedio: 0.809637
[2026-05-13 12:47:47] Gen 0272 | Mejor fitness: 0.810397 | Promedio: 0.809656
[2026-05-13 12:47:47] Gen 0273 | Mejor fitness: 0.810397 | Promedio: 0.810076
[2026-05-13 12:47:47] Gen 0274 | Mejor fitness: 0.810397 | Promedio: 0.809690
[2026-05-13 12:47:47] Gen 0275 | Mejor fitness: 0.810397 | Promedio: 0.809468
[2026-05-13 12:47:47] Gen 0276 | Mejor fitness: 0.810397 | Promedio: 0.809599
[2026-05-13 12:47:47] Gen 0277 | Mejor fitness: 0.810397 | Promedio: 0.809482
[2026-05-13 12:47:47] Gen 0278 | Mejor fitness: 0.810397 | Promedio: 0.809688
[2026-05-13 12:47:47] Gen 0279 | Mejor fitness: 0.810397 | Promedio: 0.809838
[2026-05-13 12:47:47] Gen 0280 | Mejor fitness: 0.810397 | Promedio: 0.809748
[2026-05-13 12:47:47] Gen 0281 | Mejor fitness: 0.810397 | Promedio: 0.809780
[2026-05-13 12:47:47] Gen 0282 | Mejor fitness: 0.810397 | Promedio: 0.809985
[2026-05-13 12:47:47] Gen 0283 | Mejor fitness: 0.810397 | Promedio: 0.809934
[2026-05-13 12:47:47] Gen 0284 | Mejor fitness: 0.810397 | Promedio: 0.809937
[2026-05-13 12:47:47] Gen 0285 | Mejor fitness: 0.810397 | Promedio: 0.809781
[2026-05-13 12:47:47] Gen 0286 | Mejor fitness: 0.810397 | Promedio: 0.809548
[2026-05-13 12:47:47] Gen 0287 | Mejor fitness: 0.810397 | Promedio: 0.809824
[2026-05-13 12:47:47] Gen 0288 | Mejor fitness: 0.810397 | Promedio: 0.809812
[2026-05-13 12:47:47] Gen 0289 | Mejor fitness: 0.810397 | Promedio: 0.809784
[2026-05-13 12:47:47] Gen 0290 | Mejor fitness: 0.810397 | Promedio: 0.809724
[2026-05-13 12:47:47] Gen 0291 | Mejor fitness: 0.810397 | Promedio: 0.809730
[2026-05-13 12:47:48] Gen 0292 | Mejor fitness: 0.810397 | Promedio: 0.809725
[2026-05-13 12:47:48] Gen 0293 | Mejor fitness: 0.810397 | Promedio: 0.809893
[2026-05-13 12:47:48] Gen 0294 | Mejor fitness: 0.810397 | Promedio: 0.809574
[2026-05-13 12:47:48] Gen 0295 | Mejor fitness: 0.810397 | Promedio: 0.809685
[2026-05-13 12:47:48] Gen 0296 | Mejor fitness: 0.810397 | Promedio: 0.809574
[2026-05-13 12:47:48] Gen 0297 | Mejor fitness: 0.810397 | Promedio: 0.809679
[2026-05-13 12:47:48] Gen 0298 | Mejor fitness: 0.810397 | Promedio: 0.809789
[2026-05-13 12:47:48] Gen 0299 | Mejor fitness: 0.810397 | Promedio: 0.809808
[2026-05-13 12:47:48] Gen 0300 | Mejor fitness: 0.810400 | Promedio: 0.809817
[2026-05-13 12:47:48] Gen 0301 | Mejor fitness: 0.810400 | Promedio: 0.809694
[2026-05-13 12:47:48] Gen 0302 | Mejor fitness: 0.810400 | Promedio: 0.809785
[2026-05-13 12:47:48] Gen 0303 | Mejor fitness: 0.810400 | Promedio: 0.809917
[2026-05-13 12:47:48] Gen 0304 | Mejor fitness: 0.810400 | Promedio: 0.809762
[2026-05-13 12:47:48] Gen 0305 | Mejor fitness: 0.810400 | Promedio: 0.809832
[2026-05-13 12:47:48] Gen 0306 | Mejor fitness: 0.810400 | Promedio: 0.809607
[2026-05-13 12:47:48] Gen 0307 | Mejor fitness: 0.810400 | Promedio: 0.809667
[2026-05-13 12:47:48] Gen 0308 | Mejor fitness: 0.810400 | Promedio: 0.809845
[2026-05-13 12:47:48] Gen 0309 | Mejor fitness: 0.810400 | Promedio: 0.809935
[2026-05-13 12:47:48] Gen 0310 | Mejor fitness: 0.810400 | Promedio: 0.809716
[2026-05-13 12:47:48] Gen 0311 | Mejor fitness: 0.810400 | Promedio: 0.809840
[2026-05-13 12:47:48] Gen 0312 | Mejor fitness: 0.810400 | Promedio: 0.809704
[2026-05-13 12:47:48] Gen 0313 | Mejor fitness: 0.810400 | Promedio: 0.809927
[2026-05-13 12:47:48] Gen 0314 | Mejor fitness: 0.810400 | Promedio: 0.809648
[2026-05-13 12:47:48] Gen 0315 | Mejor fitness: 0.810400 | Promedio: 0.809698
[2026-05-13 12:47:48] Gen 0316 | Mejor fitness: 0.810400 | Promedio: 0.809863
[2026-05-13 12:47:48] Gen 0317 | Mejor fitness: 0.810400 | Promedio: 0.809883
[2026-05-13 12:47:48] Gen 0318 | Mejor fitness: 0.810400 | Promedio: 0.809743
[2026-05-13 12:47:48] Gen 0319 | Mejor fitness: 0.810400 | Promedio: 0.809883
[2026-05-13 12:47:48] Gen 0320 | Mejor fitness: 0.810400 | Promedio: 0.809897
[2026-05-13 12:47:48] Gen 0321 | Mejor fitness: 0.810400 | Promedio: 0.810076
[2026-05-13 12:47:48] Gen 0322 | Mejor fitness: 0.810400 | Promedio: 0.809691
[2026-05-13 12:47:48] Gen 0323 | Mejor fitness: 0.810400 | Promedio: 0.809788
[2026-05-13 12:47:48] Gen 0324 | Mejor fitness: 0.810400 | Promedio: 0.809835
[2026-05-13 12:47:48] Gen 0325 | Mejor fitness: 0.810400 | Promedio: 0.809681
[2026-05-13 12:47:48] Gen 0326 | Mejor fitness: 0.810400 | Promedio: 0.809793
[2026-05-13 12:47:48] Gen 0327 | Mejor fitness: 0.810400 | Promedio: 0.809696
[2026-05-13 12:47:48] Gen 0328 | Mejor fitness: 0.810400 | Promedio: 0.809821
[2026-05-13 12:47:48] Gen 0329 | Mejor fitness: 0.810400 | Promedio: 0.809918
[2026-05-13 12:47:48] Gen 0330 | Mejor fitness: 0.810400 | Promedio: 0.809838
[2026-05-13 12:47:48] Gen 0331 | Mejor fitness: 0.810400 | Promedio: 0.809747
[2026-05-13 12:47:48] Gen 0332 | Mejor fitness: 0.810400 | Promedio: 0.809850
[2026-05-13 12:47:48] Gen 0333 | Mejor fitness: 0.810400 | Promedio: 0.810002
[2026-05-13 12:47:48] Gen 0334 | Mejor fitness: 0.810400 | Promedio: 0.809950
[2026-05-13 12:47:48] Gen 0335 | Mejor fitness: 0.810400 | Promedio: 0.809635
[2026-05-13 12:47:48] Gen 0336 | Mejor fitness: 0.810400 | Promedio: 0.809758
[2026-05-13 12:47:48] Gen 0337 | Mejor fitness: 0.810400 | Promedio: 0.809779
[2026-05-13 12:47:48] Gen 0338 | Mejor fitness: 0.810400 | Promedio: 0.809745
[2026-05-13 12:47:48] Gen 0339 | Mejor fitness: 0.810400 | Promedio: 0.809833
[2026-05-13 12:47:48] Gen 0340 | Mejor fitness: 0.810400 | Promedio: 0.809516
[2026-05-13 12:47:48] Gen 0341 | Mejor fitness: 0.810400 | Promedio: 0.809974
[2026-05-13 12:47:48] Gen 0342 | Mejor fitness: 0.810400 | Promedio: 0.809967
[2026-05-13 12:47:48] Gen 0343 | Mejor fitness: 0.810400 | Promedio: 0.809859
[2026-05-13 12:47:48] Gen 0344 | Mejor fitness: 0.810400 | Promedio: 0.809731
[2026-05-13 12:47:48] Gen 0345 | Mejor fitness: 0.810400 | Promedio: 0.809967
[2026-05-13 12:47:48] Gen 0346 | Mejor fitness: 0.810400 | Promedio: 0.809896
[2026-05-13 12:47:48] Gen 0347 | Mejor fitness: 0.810400 | Promedio: 0.809648
[2026-05-13 12:47:48] Gen 0348 | Mejor fitness: 0.810400 | Promedio: 0.809647
[2026-05-13 12:47:48] Gen 0349 | Mejor fitness: 0.810400 | Promedio: 0.809731
[2026-05-13 12:47:48] Gen 0350 | Mejor fitness: 0.810400 | Promedio: 0.809837
[2026-05-13 12:47:48] Gen 0351 | Mejor fitness: 0.810400 | Promedio: 0.809936
[2026-05-13 12:47:48] Gen 0352 | Mejor fitness: 0.810400 | Promedio: 0.809818
[2026-05-13 12:47:48] Gen 0353 | Mejor fitness: 0.810400 | Promedio: 0.809828
[2026-05-13 12:47:48] Gen 0354 | Mejor fitness: 0.810400 | Promedio: 0.809759
[2026-05-13 12:47:48] Gen 0355 | Mejor fitness: 0.810400 | Promedio: 0.809710
[2026-05-13 12:47:48] Gen 0356 | Mejor fitness: 0.810400 | Promedio: 0.809845
[2026-05-13 12:47:48] Gen 0357 | Mejor fitness: 0.810400 | Promedio: 0.810061
[2026-05-13 12:47:48] Gen 0358 | Mejor fitness: 0.810400 | Promedio: 0.809825
[2026-05-13 12:47:48] Gen 0359 | Mejor fitness: 0.810400 | Promedio: 0.809651
[2026-05-13 12:47:48] Gen 0360 | Mejor fitness: 0.810400 | Promedio: 0.809967
[2026-05-13 12:47:48] Gen 0361 | Mejor fitness: 0.810400 | Promedio: 0.809846
[2026-05-13 12:47:48] Gen 0362 | Mejor fitness: 0.810400 | Promedio: 0.809946
[2026-05-13 12:47:48] Gen 0363 | Mejor fitness: 0.810400 | Promedio: 0.809833
[2026-05-13 12:47:48] Gen 0364 | Mejor fitness: 0.810400 | Promedio: 0.809830
[2026-05-13 12:47:48] Gen 0365 | Mejor fitness: 0.810400 | Promedio: 0.809931
[2026-05-13 12:47:48] Gen 0366 | Mejor fitness: 0.810400 | Promedio: 0.809816
[2026-05-13 12:47:48] Gen 0367 | Mejor fitness: 0.810400 | Promedio: 0.809981
[2026-05-13 12:47:48] Gen 0368 | Mejor fitness: 0.810400 | Promedio: 0.809480
[2026-05-13 12:47:48] Gen 0369 | Mejor fitness: 0.810400 | Promedio: 0.809709
[2026-05-13 12:47:48] Gen 0370 | Mejor fitness: 0.810400 | Promedio: 0.809849
[2026-05-13 12:47:48] Gen 0371 | Mejor fitness: 0.810400 | Promedio: 0.809808
[2026-05-13 12:47:48] Gen 0372 | Mejor fitness: 0.810400 | Promedio: 0.809843
[2026-05-13 12:47:48] Gen 0373 | Mejor fitness: 0.810400 | Promedio: 0.809627
[2026-05-13 12:47:48] Gen 0374 | Mejor fitness: 0.810400 | Promedio: 0.809666
[2026-05-13 12:47:48] Gen 0375 | Mejor fitness: 0.810400 | Promedio: 0.809879
[2026-05-13 12:47:48] Gen 0376 | Mejor fitness: 0.810400 | Promedio: 0.809796
[2026-05-13 12:47:48] Gen 0377 | Mejor fitness: 0.810400 | Promedio: 0.809695
[2026-05-13 12:47:48] Gen 0378 | Mejor fitness: 0.810400 | Promedio: 0.809812
[2026-05-13 12:47:48] Gen 0379 | Mejor fitness: 0.810400 | Promedio: 0.809675
[2026-05-13 12:47:48] Gen 0380 | Mejor fitness: 0.810400 | Promedio: 0.809643
[2026-05-13 12:47:48] Gen 0381 | Mejor fitness: 0.810400 | Promedio: 0.809730
[2026-05-13 12:47:48] Gen 0382 | Mejor fitness: 0.810400 | Promedio: 0.809918
[2026-05-13 12:47:48] Gen 0383 | Mejor fitness: 0.810400 | Promedio: 0.809875
[2026-05-13 12:47:48] Gen 0384 | Mejor fitness: 0.810400 | Promedio: 0.809730
[2026-05-13 12:47:48] Gen 0385 | Mejor fitness: 0.810400 | Promedio: 0.809892
[2026-05-13 12:47:48] Gen 0386 | Mejor fitness: 0.810401 | Promedio: 0.809772
[2026-05-13 12:47:48] Gen 0387 | Mejor fitness: 0.810401 | Promedio: 0.809665
[2026-05-13 12:47:48] Gen 0388 | Mejor fitness: 0.810401 | Promedio: 0.809700
[2026-05-13 12:47:48] Gen 0389 | Mejor fitness: 0.810401 | Promedio: 0.809579
[2026-05-13 12:47:48] Gen 0390 | Mejor fitness: 0.810401 | Promedio: 0.809863
[2026-05-13 12:47:48] Gen 0391 | Mejor fitness: 0.810401 | Promedio: 0.809730
[2026-05-13 12:47:48] Gen 0392 | Mejor fitness: 0.810401 | Promedio: 0.809746
[2026-05-13 12:47:48] Gen 0393 | Mejor fitness: 0.810401 | Promedio: 0.809792
[2026-05-13 12:47:48] Gen 0394 | Mejor fitness: 0.810401 | Promedio: 0.809690
[2026-05-13 12:47:48] Gen 0395 | Mejor fitness: 0.810401 | Promedio: 0.809748
[2026-05-13 12:47:48] Gen 0396 | Mejor fitness: 0.810401 | Promedio: 0.810039
[2026-05-13 12:47:48] Gen 0397 | Mejor fitness: 0.810401 | Promedio: 0.809993
[2026-05-13 12:47:48] Gen 0398 | Mejor fitness: 0.810401 | Promedio: 0.809695
[2026-05-13 12:47:48] Gen 0399 | Mejor fitness: 0.810401 | Promedio: 0.809963
[2026-05-13 12:47:48] Gen 0400 | Mejor fitness: 0.810401 | Promedio: 0.809911
[2026-05-13 12:47:48] Gen 0401 | Mejor fitness: 0.810401 | Promedio: 0.810030
[2026-05-13 12:47:48] Gen 0402 | Mejor fitness: 0.810401 | Promedio: 0.809947
[2026-05-13 12:47:48] Gen 0403 | Mejor fitness: 0.810401 | Promedio: 0.809746
[2026-05-13 12:47:48] Gen 0404 | Mejor fitness: 0.810401 | Promedio: 0.809629
[2026-05-13 12:47:48] Gen 0405 | Mejor fitness: 0.810401 | Promedio: 0.809730
[2026-05-13 12:47:48] Gen 0406 | Mejor fitness: 0.810401 | Promedio: 0.809853
[2026-05-13 12:47:48] Gen 0407 | Mejor fitness: 0.810401 | Promedio: 0.809916
[2026-05-13 12:47:48] Gen 0408 | Mejor fitness: 0.810401 | Promedio: 0.809736
[2026-05-13 12:47:48] Gen 0409 | Mejor fitness: 0.810401 | Promedio: 0.809922
[2026-05-13 12:47:48] Gen 0410 | Mejor fitness: 0.810401 | Promedio: 0.809930
[2026-05-13 12:47:48] Gen 0411 | Mejor fitness: 0.810401 | Promedio: 0.809900
[2026-05-13 12:47:48] Gen 0412 | Mejor fitness: 0.810401 | Promedio: 0.809738
[2026-05-13 12:47:48] Gen 0413 | Mejor fitness: 0.810401 | Promedio: 0.809861
[2026-05-13 12:47:48] Gen 0414 | Mejor fitness: 0.810401 | Promedio: 0.809741
[2026-05-13 12:47:48] Gen 0415 | Mejor fitness: 0.810401 | Promedio: 0.809884
[2026-05-13 12:47:48] Gen 0416 | Mejor fitness: 0.810401 | Promedio: 0.809961
[2026-05-13 12:47:48] Gen 0417 | Mejor fitness: 0.810401 | Promedio: 0.809904
[2026-05-13 12:47:48] Gen 0418 | Mejor fitness: 0.810401 | Promedio: 0.809882
[2026-05-13 12:47:48] Gen 0419 | Mejor fitness: 0.810401 | Promedio: 0.809880
[2026-05-13 12:47:48] Gen 0420 | Mejor fitness: 0.810401 | Promedio: 0.809866
[2026-05-13 12:47:48] Gen 0421 | Mejor fitness: 0.810401 | Promedio: 0.809646
[2026-05-13 12:47:48] Gen 0422 | Mejor fitness: 0.810401 | Promedio: 0.809841
[2026-05-13 12:47:48] Gen 0423 | Mejor fitness: 0.810401 | Promedio: 0.809784
[2026-05-13 12:47:48] Gen 0424 | Mejor fitness: 0.810401 | Promedio: 0.809795
[2026-05-13 12:47:48] Gen 0425 | Mejor fitness: 0.810401 | Promedio: 0.809758
[2026-05-13 12:47:48] Gen 0426 | Mejor fitness: 0.810401 | Promedio: 0.809866
[2026-05-13 12:47:48] Gen 0427 | Mejor fitness: 0.810401 | Promedio: 0.809739
[2026-05-13 12:47:48] Gen 0428 | Mejor fitness: 0.810401 | Promedio: 0.809876
[2026-05-13 12:47:48] Gen 0429 | Mejor fitness: 0.810401 | Promedio: 0.809915
[2026-05-13 12:47:48] Gen 0430 | Mejor fitness: 0.810401 | Promedio: 0.809856
[2026-05-13 12:47:48] Gen 0431 | Mejor fitness: 0.810401 | Promedio: 0.809818
[2026-05-13 12:47:48] Gen 0432 | Mejor fitness: 0.810401 | Promedio: 0.809855
[2026-05-13 12:47:48] Gen 0433 | Mejor fitness: 0.810401 | Promedio: 0.809792
[2026-05-13 12:47:48] Gen 0434 | Mejor fitness: 0.810401 | Promedio: 0.809816
[2026-05-13 12:47:48] Gen 0435 | Mejor fitness: 0.810401 | Promedio: 0.810017
[2026-05-13 12:47:48] Gen 0436 | Mejor fitness: 0.810401 | Promedio: 0.809666
[2026-05-13 12:47:48] Gen 0437 | Mejor fitness: 0.810401 | Promedio: 0.809838
[2026-05-13 12:47:48] Gen 0438 | Mejor fitness: 0.810401 | Promedio: 0.809704
[2026-05-13 12:47:48] Gen 0439 | Mejor fitness: 0.810401 | Promedio: 0.809899
[2026-05-13 12:47:48] Gen 0440 | Mejor fitness: 0.810401 | Promedio: 0.809728
[2026-05-13 12:47:48] Gen 0441 | Mejor fitness: 0.810401 | Promedio: 0.809543
[2026-05-13 12:47:48] Gen 0442 | Mejor fitness: 0.810401 | Promedio: 0.809789
[2026-05-13 12:47:48] Gen 0443 | Mejor fitness: 0.810401 | Promedio: 0.809762
[2026-05-13 12:47:48] Gen 0444 | Mejor fitness: 0.810401 | Promedio: 0.809592
[2026-05-13 12:47:48] Gen 0445 | Mejor fitness: 0.810401 | Promedio: 0.809785
[2026-05-13 12:47:48] Gen 0446 | Mejor fitness: 0.810401 | Promedio: 0.809699
[2026-05-13 12:47:48] Gen 0447 | Mejor fitness: 0.810401 | Promedio: 0.809969
[2026-05-13 12:47:48] Gen 0448 | Mejor fitness: 0.810401 | Promedio: 0.809871
[2026-05-13 12:47:48] Gen 0449 | Mejor fitness: 0.810401 | Promedio: 0.809845
[2026-05-13 12:47:48] Gen 0450 | Mejor fitness: 0.810401 | Promedio: 0.809714
[2026-05-13 12:47:48] Gen 0451 | Mejor fitness: 0.810401 | Promedio: 0.809910
[2026-05-13 12:47:48] Gen 0452 | Mejor fitness: 0.810401 | Promedio: 0.809798
[2026-05-13 12:47:48] Gen 0453 | Mejor fitness: 0.810401 | Promedio: 0.809654
[2026-05-13 12:47:48] Gen 0454 | Mejor fitness: 0.810401 | Promedio: 0.810071
[2026-05-13 12:47:48] Gen 0455 | Mejor fitness: 0.810401 | Promedio: 0.809952
[2026-05-13 12:47:48] Gen 0456 | Mejor fitness: 0.810401 | Promedio: 0.809741
[2026-05-13 12:47:48] Gen 0457 | Mejor fitness: 0.810401 | Promedio: 0.809764
[2026-05-13 12:47:48] Gen 0458 | Mejor fitness: 0.810401 | Promedio: 0.809710
[2026-05-13 12:47:48] Gen 0459 | Mejor fitness: 0.810401 | Promedio: 0.809695
[2026-05-13 12:47:48] Gen 0460 | Mejor fitness: 0.810401 | Promedio: 0.809765
[2026-05-13 12:47:48] Gen 0461 | Mejor fitness: 0.810401 | Promedio: 0.809818
[2026-05-13 12:47:48] Gen 0462 | Mejor fitness: 0.810401 | Promedio: 0.809699
[2026-05-13 12:47:48] Gen 0463 | Mejor fitness: 0.810401 | Promedio: 0.809948
[2026-05-13 12:47:48] Gen 0464 | Mejor fitness: 0.810401 | Promedio: 0.809599
[2026-05-13 12:47:48] Gen 0465 | Mejor fitness: 0.810401 | Promedio: 0.809705
[2026-05-13 12:47:48] Gen 0466 | Mejor fitness: 0.810401 | Promedio: 0.809617
[2026-05-13 12:47:48] Gen 0467 | Mejor fitness: 0.810401 | Promedio: 0.809819
[2026-05-13 12:47:48] Gen 0468 | Mejor fitness: 0.810401 | Promedio: 0.809657
[2026-05-13 12:47:48] Gen 0469 | Mejor fitness: 0.810401 | Promedio: 0.809945
[2026-05-13 12:47:48] Gen 0470 | Mejor fitness: 0.810401 | Promedio: 0.809922
[2026-05-13 12:47:48] Gen 0471 | Mejor fitness: 0.810401 | Promedio: 0.809759
[2026-05-13 12:47:48] Gen 0472 | Mejor fitness: 0.810401 | Promedio: 0.809724
[2026-05-13 12:47:48] Gen 0473 | Mejor fitness: 0.810401 | Promedio: 0.809793
[2026-05-13 12:47:48] Gen 0474 | Mejor fitness: 0.810401 | Promedio: 0.809721
[2026-05-13 12:47:48] Gen 0475 | Mejor fitness: 0.810401 | Promedio: 0.809867
[2026-05-13 12:47:48] Gen 0476 | Mejor fitness: 0.810401 | Promedio: 0.809702
[2026-05-13 12:47:48] Gen 0477 | Mejor fitness: 0.810401 | Promedio: 0.809732
[2026-05-13 12:47:48] Gen 0478 | Mejor fitness: 0.810401 | Promedio: 0.809863
[2026-05-13 12:47:48] Gen 0479 | Mejor fitness: 0.810401 | Promedio: 0.809759
[2026-05-13 12:47:48] Gen 0480 | Mejor fitness: 0.810401 | Promedio: 0.809670
[2026-05-13 12:47:48] Gen 0481 | Mejor fitness: 0.810401 | Promedio: 0.809995
[2026-05-13 12:47:48] Gen 0482 | Mejor fitness: 0.810401 | Promedio: 0.809793
[2026-05-13 12:47:48] Gen 0483 | Mejor fitness: 0.810401 | Promedio: 0.810032
[2026-05-13 12:47:48] Gen 0484 | Mejor fitness: 0.810401 | Promedio: 0.809724
[2026-05-13 12:47:48] Gen 0485 | Mejor fitness: 0.810401 | Promedio: 0.809596
[2026-05-13 12:47:48] Gen 0486 | Mejor fitness: 0.810401 | Promedio: 0.809855
[2026-05-13 12:47:48] Gen 0487 | Mejor fitness: 0.810401 | Promedio: 0.809792
[2026-05-13 12:47:48] Gen 0488 | Mejor fitness: 0.810401 | Promedio: 0.809993
[2026-05-13 12:47:48] Gen 0489 | Mejor fitness: 0.810401 | Promedio: 0.809526
[2026-05-13 12:47:48] Gen 0490 | Mejor fitness: 0.810401 | Promedio: 0.809831
[2026-05-13 12:47:48] Gen 0491 | Mejor fitness: 0.810401 | Promedio: 0.809843
[2026-05-13 12:47:48] Gen 0492 | Mejor fitness: 0.810401 | Promedio: 0.809938
[2026-05-13 12:47:48] Gen 0493 | Mejor fitness: 0.810401 | Promedio: 0.809698
[2026-05-13 12:47:48] Gen 0494 | Mejor fitness: 0.810401 | Promedio: 0.809907
[2026-05-13 12:47:48] Gen 0495 | Mejor fitness: 0.810401 | Promedio: 0.810135
[2026-05-13 12:47:48] Gen 0496 | Mejor fitness: 0.810401 | Promedio: 0.809496
[2026-05-13 12:47:48] Gen 0497 | Mejor fitness: 0.810401 | Promedio: 0.809775
[2026-05-13 12:47:48] Gen 0498 | Mejor fitness: 0.810401 | Promedio: 0.809917
[2026-05-13 12:47:48] Gen 0499 | Mejor fitness: 0.810401 | Promedio: 0.809933
[2026-05-13 12:47:48] Gen 0500 | Mejor fitness: 0.810401 | Promedio: 0.809905
[2026-05-13 12:47:48] --- Resultado final ---
[2026-05-13 12:47:48] Fitness final     : 0.810401
[2026-05-13 12:47:48]
[2026-05-13 12:47:48] Parámetros óptimos:
[2026-05-13 12:47:48]   Temp. Extrusión : 209.5 °C
[2026-05-13 12:47:48]   Temp. Cama      : 60.0 °C
[2026-05-13 12:47:48]   Velocidad       : 47.6 mm/s
[2026-05-13 12:47:48]   Altura de Capa  : 0.169 mm
[2026-05-13 12:47:48]   Relleno         : 40.3 %
[2026-05-13 12:47:48]   Ventilador      : 100.0 %
[2026-05-13 12:47:48]   Perímetros      : 5 u
[2026-05-13 12:47:48]
[2026-05-13 12:47:48] Desglose fitness:
[2026-05-13 12:47:48]   Calidad       : 0.7989
[2026-05-13 12:47:48]   Resistencia   : 0.8927
[2026-05-13 12:47:48]   Velocidad     : 0.7978
[2026-05-13 12:47:48]   Ahorro        : 0.5643
[2026-05-13 12:47:48]   Fitness       : 0.8104
[2026-05-13 12:47:48] =======================================================
