[2026-05-14 15:44:14] =======================================================
[2026-05-14 15:44:14] NUEVA EJECUCIÓN
[2026-05-14 15:44:14] Material          : ABS
[2026-05-14 15:44:14] Perfil            : Estético
[2026-05-14 15:44:14] Tamaño población  : 50
[2026-05-14 15:44:14] Generaciones      : 100
[2026-05-14 15:44:14] Tasa cruce        : 0.8
[2026-05-14 15:44:14] Tasa mutación     : 0.1
[2026-05-14 15:44:14] Torneo K          : 3
[2026-05-14 15:44:14] --- Evolución ---
[2026-05-14 15:44:14] Gen 0001 | Mejor fitness: 0.711259 | Promedio: 0.624871
[2026-05-14 15:44:14] Gen 0002 | Mejor fitness: 0.711555 | Promedio: 0.661843
[2026-05-14 15:44:14] Gen 0003 | Mejor fitness: 0.730498 | Promedio: 0.687359
[2026-05-14 15:44:14] Gen 0004 | Mejor fitness: 0.730498 | Promedio: 0.705424
[2026-05-14 15:44:14] Gen 0005 | Mejor fitness: 0.730498 | Promedio: 0.717243
[2026-05-14 15:44:14] Gen 0006 | Mejor fitness: 0.737260 | Promedio: 0.725403
[2026-05-14 15:44:14] Gen 0007 | Mejor fitness: 0.739094 | Promedio: 0.730069
[2026-05-14 15:44:14] Gen 0008 | Mejor fitness: 0.745645 | Promedio: 0.733831
[2026-05-14 15:44:14] Gen 0009 | Mejor fitness: 0.746394 | Promedio: 0.737578
[2026-05-14 15:44:14] Gen 0010 | Mejor fitness: 0.746499 | Promedio: 0.742042
[2026-05-14 15:44:14] Gen 0011 | Mejor fitness: 0.747350 | Promedio: 0.743897
[2026-05-14 15:44:14] Gen 0012 | Mejor fitness: 0.747555 | Promedio: 0.745045
[2026-05-14 15:44:14] Gen 0013 | Mejor fitness: 0.748299 | Promedio: 0.746358
[2026-05-14 15:44:14] Gen 0014 | Mejor fitness: 0.749031 | Promedio: 0.747106
[2026-05-14 15:44:14] Gen 0015 | Mejor fitness: 0.749351 | Promedio: 0.747026
[2026-05-14 15:44:14] Gen 0016 | Mejor fitness: 0.749351 | Promedio: 0.747941
[2026-05-14 15:44:14] Gen 0017 | Mejor fitness: 0.749351 | Promedio: 0.748413
[2026-05-14 15:44:14] Gen 0018 | Mejor fitness: 0.749354 | Promedio: 0.748112
[2026-05-14 15:44:14] Gen 0019 | Mejor fitness: 0.749617 | Promedio: 0.748678
[2026-05-14 15:44:14] Gen 0020 | Mejor fitness: 0.749790 | Promedio: 0.748153
[2026-05-14 15:44:14] Gen 0021 | Mejor fitness: 0.749979 | Promedio: 0.749239
[2026-05-14 15:44:14] Gen 0022 | Mejor fitness: 0.750141 | Promedio: 0.749188
[2026-05-14 15:44:14] Gen 0023 | Mejor fitness: 0.750141 | Promedio: 0.749196
[2026-05-14 15:44:14] Gen 0024 | Mejor fitness: 0.750141 | Promedio: 0.749255
[2026-05-14 15:44:14] Gen 0025 | Mejor fitness: 0.750141 | Promedio: 0.749702
[2026-05-14 15:44:14] Gen 0026 | Mejor fitness: 0.750192 | Promedio: 0.749331
[2026-05-14 15:44:14] Gen 0027 | Mejor fitness: 0.750192 | Promedio: 0.749598
[2026-05-14 15:44:14] Gen 0028 | Mejor fitness: 0.750192 | Promedio: 0.749843
[2026-05-14 15:44:14] Gen 0029 | Mejor fitness: 0.750232 | Promedio: 0.749670
[2026-05-14 15:44:14] Gen 0030 | Mejor fitness: 0.750252 | Promedio: 0.749057
[2026-05-14 15:44:14] Gen 0031 | Mejor fitness: 0.750252 | Promedio: 0.749352
[2026-05-14 15:44:14] Gen 0032 | Mejor fitness: 0.750252 | Promedio: 0.749245
[2026-05-14 15:44:14] Gen 0033 | Mejor fitness: 0.750258 | Promedio: 0.749717
[2026-05-14 15:44:14] Gen 0034 | Mejor fitness: 0.750258 | Promedio: 0.749959
[2026-05-14 15:44:14] Gen 0035 | Mejor fitness: 0.750258 | Promedio: 0.749498
[2026-05-14 15:44:14] Gen 0036 | Mejor fitness: 0.750260 | Promedio: 0.749306
[2026-05-14 15:44:14] Gen 0037 | Mejor fitness: 0.750266 | Promedio: 0.749361
[2026-05-14 15:44:14] Gen 0038 | Mejor fitness: 0.750266 | Promedio: 0.749587
[2026-05-14 15:44:14] Gen 0039 | Mejor fitness: 0.750270 | Promedio: 0.749324
[2026-05-14 15:44:14] Gen 0040 | Mejor fitness: 0.750270 | Promedio: 0.749615
[2026-05-14 15:44:14] Gen 0041 | Mejor fitness: 0.750270 | Promedio: 0.749671
[2026-05-14 15:44:14] Gen 0042 | Mejor fitness: 0.750270 | Promedio: 0.749707
[2026-05-14 15:44:14] Gen 0043 | Mejor fitness: 0.750273 | Promedio: 0.749695
[2026-05-14 15:44:14] Gen 0044 | Mejor fitness: 0.750273 | Promedio: 0.749253
[2026-05-14 15:44:14] Gen 0045 | Mejor fitness: 0.750273 | Promedio: 0.749803
[2026-05-14 15:44:14] Gen 0046 | Mejor fitness: 0.750273 | Promedio: 0.749882
[2026-05-14 15:44:14] Gen 0047 | Mejor fitness: 0.750273 | Promedio: 0.749447
[2026-05-14 15:44:14] Gen 0048 | Mejor fitness: 0.750273 | Promedio: 0.749534
[2026-05-14 15:44:14] Gen 0049 | Mejor fitness: 0.750273 | Promedio: 0.749329
[2026-05-14 15:44:14] Gen 0050 | Mejor fitness: 0.750273 | Promedio: 0.749403
[2026-05-14 15:44:14] Gen 0051 | Mejor fitness: 0.750273 | Promedio: 0.749462
[2026-05-14 15:44:14] Gen 0052 | Mejor fitness: 0.750273 | Promedio: 0.749379
[2026-05-14 15:44:14] Gen 0053 | Mejor fitness: 0.750273 | Promedio: 0.749619
[2026-05-14 15:44:14] Gen 0054 | Mejor fitness: 0.750274 | Promedio: 0.749696
[2026-05-14 15:44:14] Gen 0055 | Mejor fitness: 0.750274 | Promedio: 0.749549
[2026-05-14 15:44:14] Gen 0056 | Mejor fitness: 0.750274 | Promedio: 0.749560
[2026-05-14 15:44:14] Gen 0057 | Mejor fitness: 0.750274 | Promedio: 0.749515
[2026-05-14 15:44:14] Gen 0058 | Mejor fitness: 0.750274 | Promedio: 0.749967
[2026-05-14 15:44:14] Gen 0059 | Mejor fitness: 0.750274 | Promedio: 0.749525
[2026-05-14 15:44:14] Gen 0060 | Mejor fitness: 0.750274 | Promedio: 0.749179
[2026-05-14 15:44:14] Gen 0061 | Mejor fitness: 0.750274 | Promedio: 0.749951
[2026-05-14 15:44:14] Gen 0062 | Mejor fitness: 0.750274 | Promedio: 0.749290
[2026-05-14 15:44:14] Gen 0063 | Mejor fitness: 0.750274 | Promedio: 0.749878
[2026-05-14 15:44:14] Gen 0064 | Mejor fitness: 0.750274 | Promedio: 0.749938
[2026-05-14 15:44:14] Gen 0065 | Mejor fitness: 0.750274 | Promedio: 0.749651
[2026-05-14 15:44:14] Gen 0066 | Mejor fitness: 0.750274 | Promedio: 0.749526
[2026-05-14 15:44:14] Gen 0067 | Mejor fitness: 0.750274 | Promedio: 0.749936
[2026-05-14 15:44:14] Gen 0068 | Mejor fitness: 0.750274 | Promedio: 0.749481
[2026-05-14 15:44:14] Gen 0069 | Mejor fitness: 0.750274 | Promedio: 0.749638
[2026-05-14 15:44:14] Gen 0070 | Mejor fitness: 0.750274 | Promedio: 0.749272
[2026-05-14 15:44:14] Gen 0071 | Mejor fitness: 0.750274 | Promedio: 0.749684
[2026-05-14 15:44:14] Gen 0072 | Mejor fitness: 0.750274 | Promedio: 0.749742
[2026-05-14 15:44:14] Gen 0073 | Mejor fitness: 0.750274 | Promedio: 0.749122
[2026-05-14 15:44:14] Gen 0074 | Mejor fitness: 0.750274 | Promedio: 0.749696
[2026-05-14 15:44:14] Gen 0075 | Mejor fitness: 0.750274 | Promedio: 0.749988
[2026-05-14 15:44:14] Gen 0076 | Mejor fitness: 0.750274 | Promedio: 0.749547
[2026-05-14 15:44:14] Gen 0077 | Mejor fitness: 0.750274 | Promedio: 0.748982
[2026-05-14 15:44:14] Gen 0078 | Mejor fitness: 0.750274 | Promedio: 0.749423
[2026-05-14 15:44:14] Gen 0079 | Mejor fitness: 0.750274 | Promedio: 0.749765
[2026-05-14 15:44:14] Gen 0080 | Mejor fitness: 0.750274 | Promedio: 0.749888
[2026-05-14 15:44:14] Gen 0081 | Mejor fitness: 0.750274 | Promedio: 0.749671
[2026-05-14 15:44:14] Gen 0082 | Mejor fitness: 0.750274 | Promedio: 0.749734
[2026-05-14 15:44:14] Gen 0083 | Mejor fitness: 0.750274 | Promedio: 0.749958
[2026-05-14 15:44:14] Gen 0084 | Mejor fitness: 0.750274 | Promedio: 0.749132
[2026-05-14 15:44:14] Gen 0085 | Mejor fitness: 0.750274 | Promedio: 0.749573
[2026-05-14 15:44:14] Gen 0086 | Mejor fitness: 0.750274 | Promedio: 0.749554
[2026-05-14 15:44:14] Gen 0087 | Mejor fitness: 0.750274 | Promedio: 0.749649
[2026-05-14 15:44:14] Gen 0088 | Mejor fitness: 0.750274 | Promedio: 0.749659
[2026-05-14 15:44:14] Gen 0089 | Mejor fitness: 0.750274 | Promedio: 0.749427
[2026-05-14 15:44:14] Gen 0090 | Mejor fitness: 0.750274 | Promedio: 0.749198
[2026-05-14 15:44:14] Gen 0091 | Mejor fitness: 0.750274 | Promedio: 0.749740
[2026-05-14 15:44:14] Gen 0092 | Mejor fitness: 0.750274 | Promedio: 0.748707
[2026-05-14 15:44:14] Gen 0093 | Mejor fitness: 0.750274 | Promedio: 0.749743
[2026-05-14 15:44:14] Gen 0094 | Mejor fitness: 0.750274 | Promedio: 0.749737
[2026-05-14 15:44:14] Gen 0095 | Mejor fitness: 0.750274 | Promedio: 0.749629
[2026-05-14 15:44:14] Gen 0096 | Mejor fitness: 0.750274 | Promedio: 0.749535
[2026-05-14 15:44:14] Gen 0097 | Mejor fitness: 0.750274 | Promedio: 0.749395
[2026-05-14 15:44:14] Gen 0098 | Mejor fitness: 0.750274 | Promedio: 0.749655
[2026-05-14 15:44:14] Gen 0099 | Mejor fitness: 0.750274 | Promedio: 0.749575
[2026-05-14 15:44:14] Gen 0100 | Mejor fitness: 0.750274 | Promedio: 0.749296
[2026-05-14 15:44:14] --- Resultado final ---
[2026-05-14 15:44:14] Fitness final     : 0.750274
[2026-05-14 15:44:14]
[2026-05-14 15:44:14] Parámetros óptimos:
[2026-05-14 15:44:14]   Temp. Extrusión : 230.5 °C
[2026-05-14 15:44:14]   Temp. Cama      : 110.0 °C
[2026-05-14 15:44:14]   Velocidad       : 38.0 mm/s
[2026-05-14 15:44:14]   Altura de Capa  : 0.124 mm
[2026-05-14 15:44:14]   Relleno         : 13.5 %
[2026-05-14 15:44:14]   Ventilador      : 0.0 %
[2026-05-14 15:44:14]   Perímetros      : 2 u
[2026-05-14 15:44:14]
[2026-05-14 15:44:14] Desglose fitness:
[2026-05-14 15:44:14]   Calidad       : 0.8956
[2026-05-14 15:44:14]   Resistencia   : 0.5880
[2026-05-14 15:44:14]   Velocidad     : 0.4172
[2026-05-14 15:44:14]   Ahorro        : 0.9291
[2026-05-14 15:44:14]   Fitness       : 0.7503
[2026-05-14 15:44:14] =======================================================
