[2026-05-14 15:31:14] =======================================================
[2026-05-14 15:31:14] NUEVA EJECUCIÓN
[2026-05-14 15:31:14] Material          : PLA
[2026-05-14 15:31:14] Perfil            : Balanceado
[2026-05-14 15:31:14] Tamaño población  : 50
[2026-05-14 15:31:14] Generaciones      : 100
[2026-05-14 15:31:14] Tasa cruce        : 0.8
[2026-05-14 15:31:14] Tasa mutación     : 0.1
[2026-05-14 15:31:14] Torneo K          : 3
[2026-05-14 15:31:14] --- Evolución ---
[2026-05-14 15:31:14] Gen 0001 | Mejor fitness: 0.777466 | Promedio: 0.718905
[2026-05-14 15:31:14] Gen 0002 | Mejor fitness: 0.782948 | Promedio: 0.747552
[2026-05-14 15:31:14] Gen 0003 | Mejor fitness: 0.801762 | Promedio: 0.765895
[2026-05-14 15:31:14] Gen 0004 | Mejor fitness: 0.802126 | Promedio: 0.779005
[2026-05-14 15:31:14] Gen 0005 | Mejor fitness: 0.802794 | Promedio: 0.786524
[2026-05-14 15:31:14] Gen 0006 | Mejor fitness: 0.805399 | Promedio: 0.793875
[2026-05-14 15:31:14] Gen 0007 | Mejor fitness: 0.807273 | Promedio: 0.799908
[2026-05-14 15:31:14] Gen 0008 | Mejor fitness: 0.808879 | Promedio: 0.802182
[2026-05-14 15:31:14] Gen 0009 | Mejor fitness: 0.808879 | Promedio: 0.803763
[2026-05-14 15:31:14] Gen 0010 | Mejor fitness: 0.811722 | Promedio: 0.805288
[2026-05-14 15:31:14] Gen 0011 | Mejor fitness: 0.812738 | Promedio: 0.807959
[2026-05-14 15:31:14] Gen 0012 | Mejor fitness: 0.812738 | Promedio: 0.809175
[2026-05-14 15:31:14] Gen 0013 | Mejor fitness: 0.813737 | Promedio: 0.810654
[2026-05-14 15:31:14] Gen 0014 | Mejor fitness: 0.814797 | Promedio: 0.811989
[2026-05-14 15:31:14] Gen 0015 | Mejor fitness: 0.816847 | Promedio: 0.813187
[2026-05-14 15:31:14] Gen 0016 | Mejor fitness: 0.817658 | Promedio: 0.814017
[2026-05-14 15:31:14] Gen 0017 | Mejor fitness: 0.818618 | Promedio: 0.815330
[2026-05-14 15:31:14] Gen 0018 | Mejor fitness: 0.818672 | Promedio: 0.816496
[2026-05-14 15:31:14] Gen 0019 | Mejor fitness: 0.819019 | Promedio: 0.817025
[2026-05-14 15:31:14] Gen 0020 | Mejor fitness: 0.819019 | Promedio: 0.817690
[2026-05-14 15:31:14] Gen 0021 | Mejor fitness: 0.819107 | Promedio: 0.818099
[2026-05-14 15:31:14] Gen 0022 | Mejor fitness: 0.819327 | Promedio: 0.818454
[2026-05-14 15:31:14] Gen 0023 | Mejor fitness: 0.819477 | Promedio: 0.818788
[2026-05-14 15:31:14] Gen 0024 | Mejor fitness: 0.819477 | Promedio: 0.818726
[2026-05-14 15:31:14] Gen 0025 | Mejor fitness: 0.819686 | Promedio: 0.818928
[2026-05-14 15:31:14] Gen 0026 | Mejor fitness: 0.819686 | Promedio: 0.818812
[2026-05-14 15:31:14] Gen 0027 | Mejor fitness: 0.819845 | Promedio: 0.819120
[2026-05-14 15:31:14] Gen 0028 | Mejor fitness: 0.819926 | Promedio: 0.819297
[2026-05-14 15:31:14] Gen 0029 | Mejor fitness: 0.820036 | Promedio: 0.819486
[2026-05-14 15:31:14] Gen 0030 | Mejor fitness: 0.820354 | Promedio: 0.819485
[2026-05-14 15:31:14] Gen 0031 | Mejor fitness: 0.820354 | Promedio: 0.819397
[2026-05-14 15:31:14] Gen 0032 | Mejor fitness: 0.820461 | Promedio: 0.819767
[2026-05-14 15:31:14] Gen 0033 | Mejor fitness: 0.820462 | Promedio: 0.819832
[2026-05-14 15:31:14] Gen 0034 | Mejor fitness: 0.820479 | Promedio: 0.819755
[2026-05-14 15:31:14] Gen 0035 | Mejor fitness: 0.820479 | Promedio: 0.819840
[2026-05-14 15:31:14] Gen 0036 | Mejor fitness: 0.820479 | Promedio: 0.820089
[2026-05-14 15:31:14] Gen 0037 | Mejor fitness: 0.820479 | Promedio: 0.820121
[2026-05-14 15:31:14] Gen 0038 | Mejor fitness: 0.820480 | Promedio: 0.819773
[2026-05-14 15:31:14] Gen 0039 | Mejor fitness: 0.820485 | Promedio: 0.820034
[2026-05-14 15:31:14] Gen 0040 | Mejor fitness: 0.820485 | Promedio: 0.819929
[2026-05-14 15:31:14] Gen 0041 | Mejor fitness: 0.820489 | Promedio: 0.819801
[2026-05-14 15:31:14] Gen 0042 | Mejor fitness: 0.820489 | Promedio: 0.820010
[2026-05-14 15:31:14] Gen 0043 | Mejor fitness: 0.820489 | Promedio: 0.819861
[2026-05-14 15:31:14] Gen 0044 | Mejor fitness: 0.820489 | Promedio: 0.820112
[2026-05-14 15:31:14] Gen 0045 | Mejor fitness: 0.820494 | Promedio: 0.820162
[2026-05-14 15:31:14] Gen 0046 | Mejor fitness: 0.820494 | Promedio: 0.819901
[2026-05-14 15:31:14] Gen 0047 | Mejor fitness: 0.820494 | Promedio: 0.820288
[2026-05-14 15:31:14] Gen 0048 | Mejor fitness: 0.820494 | Promedio: 0.820137
[2026-05-14 15:31:14] Gen 0049 | Mejor fitness: 0.820494 | Promedio: 0.820173
[2026-05-14 15:31:14] Gen 0050 | Mejor fitness: 0.820494 | Promedio: 0.819953
[2026-05-14 15:31:14] Gen 0051 | Mejor fitness: 0.820494 | Promedio: 0.819947
[2026-05-14 15:31:14] Gen 0052 | Mejor fitness: 0.820494 | Promedio: 0.820216
[2026-05-14 15:31:14] Gen 0053 | Mejor fitness: 0.820495 | Promedio: 0.820132
[2026-05-14 15:31:14] Gen 0054 | Mejor fitness: 0.820495 | Promedio: 0.820219
[2026-05-14 15:31:14] Gen 0055 | Mejor fitness: 0.820495 | Promedio: 0.820157
[2026-05-14 15:31:14] Gen 0056 | Mejor fitness: 0.820495 | Promedio: 0.819815
[2026-05-14 15:31:14] Gen 0057 | Mejor fitness: 0.820495 | Promedio: 0.820090
[2026-05-14 15:31:14] Gen 0058 | Mejor fitness: 0.820495 | Promedio: 0.820042
[2026-05-14 15:31:14] Gen 0059 | Mejor fitness: 0.820495 | Promedio: 0.820239
[2026-05-14 15:31:14] Gen 0060 | Mejor fitness: 0.820495 | Promedio: 0.819886
[2026-05-14 15:31:14] Gen 0061 | Mejor fitness: 0.820495 | Promedio: 0.819894
[2026-05-14 15:31:14] Gen 0062 | Mejor fitness: 0.820495 | Promedio: 0.820175
[2026-05-14 15:31:14] Gen 0063 | Mejor fitness: 0.820495 | Promedio: 0.820228
[2026-05-14 15:31:14] Gen 0064 | Mejor fitness: 0.820530 | Promedio: 0.819941
[2026-05-14 15:31:14] Gen 0065 | Mejor fitness: 0.820530 | Promedio: 0.820118
[2026-05-14 15:31:14] Gen 0066 | Mejor fitness: 0.820530 | Promedio: 0.820115
[2026-05-14 15:31:14] Gen 0067 | Mejor fitness: 0.820530 | Promedio: 0.820196
[2026-05-14 15:31:14] Gen 0068 | Mejor fitness: 0.820530 | Promedio: 0.820030
[2026-05-14 15:31:14] Gen 0069 | Mejor fitness: 0.820530 | Promedio: 0.820255
[2026-05-14 15:31:14] Gen 0070 | Mejor fitness: 0.820530 | Promedio: 0.820036
[2026-05-14 15:31:14] Gen 0071 | Mejor fitness: 0.820530 | Promedio: 0.820196
[2026-05-14 15:31:14] Gen 0072 | Mejor fitness: 0.820530 | Promedio: 0.820091
[2026-05-14 15:31:14] Gen 0073 | Mejor fitness: 0.820530 | Promedio: 0.819925
[2026-05-14 15:31:14] Gen 0074 | Mejor fitness: 0.820530 | Promedio: 0.820067
[2026-05-14 15:31:14] Gen 0075 | Mejor fitness: 0.820530 | Promedio: 0.820277
[2026-05-14 15:31:14] Gen 0076 | Mejor fitness: 0.820530 | Promedio: 0.820047
[2026-05-14 15:31:14] Gen 0077 | Mejor fitness: 0.820530 | Promedio: 0.819812
[2026-05-14 15:31:14] Gen 0078 | Mejor fitness: 0.820530 | Promedio: 0.820185
[2026-05-14 15:31:14] Gen 0079 | Mejor fitness: 0.820530 | Promedio: 0.820139
[2026-05-14 15:31:14] Gen 0080 | Mejor fitness: 0.820530 | Promedio: 0.820045
[2026-05-14 15:31:14] Gen 0081 | Mejor fitness: 0.820530 | Promedio: 0.820350
[2026-05-14 15:31:14] Gen 0082 | Mejor fitness: 0.820530 | Promedio: 0.820039
[2026-05-14 15:31:14] Gen 0083 | Mejor fitness: 0.820530 | Promedio: 0.820195
[2026-05-14 15:31:14] Gen 0084 | Mejor fitness: 0.820530 | Promedio: 0.819816
[2026-05-14 15:31:14] Gen 0085 | Mejor fitness: 0.820530 | Promedio: 0.820010
[2026-05-14 15:31:14] Gen 0086 | Mejor fitness: 0.820530 | Promedio: 0.820017
[2026-05-14 15:31:14] Gen 0087 | Mejor fitness: 0.820530 | Promedio: 0.819990
[2026-05-14 15:31:14] Gen 0088 | Mejor fitness: 0.820530 | Promedio: 0.820104
[2026-05-14 15:31:14] Gen 0089 | Mejor fitness: 0.820530 | Promedio: 0.820222
[2026-05-14 15:31:14] Gen 0090 | Mejor fitness: 0.820530 | Promedio: 0.820233
[2026-05-14 15:31:14] Gen 0091 | Mejor fitness: 0.820530 | Promedio: 0.819985
[2026-05-14 15:31:14] Gen 0092 | Mejor fitness: 0.820530 | Promedio: 0.820135
[2026-05-14 15:31:14] Gen 0093 | Mejor fitness: 0.820530 | Promedio: 0.819944
[2026-05-14 15:31:14] Gen 0094 | Mejor fitness: 0.820530 | Promedio: 0.819960
[2026-05-14 15:31:14] Gen 0095 | Mejor fitness: 0.820530 | Promedio: 0.820233
[2026-05-14 15:31:14] Gen 0096 | Mejor fitness: 0.820530 | Promedio: 0.819772
[2026-05-14 15:31:14] Gen 0097 | Mejor fitness: 0.820530 | Promedio: 0.820110
[2026-05-14 15:31:14] Gen 0098 | Mejor fitness: 0.820530 | Promedio: 0.819846
[2026-05-14 15:31:14] Gen 0099 | Mejor fitness: 0.820530 | Promedio: 0.820099
[2026-05-14 15:31:14] Gen 0100 | Mejor fitness: 0.820530 | Promedio: 0.820133
[2026-05-14 15:31:14] --- Resultado final ---
[2026-05-14 15:31:14] Fitness final     : 0.820530
[2026-05-14 15:31:14]
[2026-05-14 15:31:14] Parámetros óptimos:
[2026-05-14 15:31:14]   Temp. Extrusión : 209.5 °C
[2026-05-14 15:31:14]   Temp. Cama      : 60.0 °C
[2026-05-14 15:31:14]   Velocidad       : 40.0 mm/s
[2026-05-14 15:31:14]   Altura de Capa  : 0.185 mm
[2026-05-14 15:31:14]   Relleno         : 16.1 %
[2026-05-14 15:31:14]   Ventilador      : 100.0 %
[2026-05-14 15:31:14]   Perímetros      : 3 u
[2026-05-14 15:31:14]
[2026-05-14 15:31:14] Desglose fitness:
[2026-05-14 15:31:14]   Calidad       : 0.8124
[2026-05-14 15:31:14]   Resistencia   : 0.7232
[2026-05-14 15:31:14]   Velocidad     : 0.8787
[2026-05-14 15:31:14]   Ahorro        : 0.8678
[2026-05-14 15:31:14]   Fitness       : 0.8205
[2026-05-14 15:31:14] =======================================================
