[2026-05-13 12:48:23] =======================================================
[2026-05-13 12:48:23] NUEVA EJECUCIÓN
[2026-05-13 12:48:23] Material          : ABS
[2026-05-13 12:48:23] Perfil            : Funcional
[2026-05-13 12:48:23] Tamaño población  : 200
[2026-05-13 12:48:23] Generaciones      : 500
[2026-05-13 12:48:23] Tasa cruce        : 0.8
[2026-05-13 12:48:23] Tasa mutación     : 0.1
[2026-05-13 12:48:23] Torneo K          : 3
[2026-05-13 12:48:23] --- Evolución ---
[2026-05-13 12:48:23] Gen 0001 | Mejor fitness: 0.769798 | Promedio: 0.689836
[2026-05-13 12:48:23] Gen 0002 | Mejor fitness: 0.783824 | Promedio: 0.735773
[2026-05-13 12:48:23] Gen 0003 | Mejor fitness: 0.800138 | Promedio: 0.753555
[2026-05-13 12:48:23] Gen 0004 | Mejor fitness: 0.803032 | Promedio: 0.770076
[2026-05-13 12:48:23] Gen 0005 | Mejor fitness: 0.803032 | Promedio: 0.783888
[2026-05-13 12:48:23] Gen 0006 | Mejor fitness: 0.806714 | Promedio: 0.792752
[2026-05-13 12:48:23] Gen 0007 | Mejor fitness: 0.806714 | Promedio: 0.798163
[2026-05-13 12:48:23] Gen 0008 | Mejor fitness: 0.807814 | Promedio: 0.801213
[2026-05-13 12:48:23] Gen 0009 | Mejor fitness: 0.808181 | Promedio: 0.803620
[2026-05-13 12:48:23] Gen 0010 | Mejor fitness: 0.809593 | Promedio: 0.805099
[2026-05-13 12:48:23] Gen 0011 | Mejor fitness: 0.809593 | Promedio: 0.806114
[2026-05-13 12:48:23] Gen 0012 | Mejor fitness: 0.809839 | Promedio: 0.807217
[2026-05-13 12:48:23] Gen 0013 | Mejor fitness: 0.810057 | Promedio: 0.807989
[2026-05-13 12:48:23] Gen 0014 | Mejor fitness: 0.810057 | Promedio: 0.808450
[2026-05-13 12:48:23] Gen 0015 | Mejor fitness: 0.810472 | Promedio: 0.808919
[2026-05-13 12:48:23] Gen 0016 | Mejor fitness: 0.810472 | Promedio: 0.809125
[2026-05-13 12:48:23] Gen 0017 | Mejor fitness: 0.810493 | Promedio: 0.809311
[2026-05-13 12:48:23] Gen 0018 | Mejor fitness: 0.810515 | Promedio: 0.809459
[2026-05-13 12:48:23] Gen 0019 | Mejor fitness: 0.810544 | Promedio: 0.809656
[2026-05-13 12:48:23] Gen 0020 | Mejor fitness: 0.810609 | Promedio: 0.809649
[2026-05-13 12:48:23] Gen 0021 | Mejor fitness: 0.810609 | Promedio: 0.809616
[2026-05-13 12:48:23] Gen 0022 | Mejor fitness: 0.810609 | Promedio: 0.809836
[2026-05-13 12:48:23] Gen 0023 | Mejor fitness: 0.810672 | Promedio: 0.809757
[2026-05-13 12:48:23] Gen 0024 | Mejor fitness: 0.810672 | Promedio: 0.809995
[2026-05-13 12:48:23] Gen 0025 | Mejor fitness: 0.810672 | Promedio: 0.809929
[2026-05-13 12:48:23] Gen 0026 | Mejor fitness: 0.810686 | Promedio: 0.809938
[2026-05-13 12:48:23] Gen 0027 | Mejor fitness: 0.810699 | Promedio: 0.810207
[2026-05-13 12:48:23] Gen 0028 | Mejor fitness: 0.810701 | Promedio: 0.809807
[2026-05-13 12:48:23] Gen 0029 | Mejor fitness: 0.810701 | Promedio: 0.809966
[2026-05-13 12:48:23] Gen 0030 | Mejor fitness: 0.810701 | Promedio: 0.810181
[2026-05-13 12:48:23] Gen 0031 | Mejor fitness: 0.810701 | Promedio: 0.810315
[2026-05-13 12:48:23] Gen 0032 | Mejor fitness: 0.810701 | Promedio: 0.809708
[2026-05-13 12:48:23] Gen 0033 | Mejor fitness: 0.810701 | Promedio: 0.810047
[2026-05-13 12:48:23] Gen 0034 | Mejor fitness: 0.810701 | Promedio: 0.809993
[2026-05-13 12:48:23] Gen 0035 | Mejor fitness: 0.810701 | Promedio: 0.810227
[2026-05-13 12:48:23] Gen 0036 | Mejor fitness: 0.810701 | Promedio: 0.810255
[2026-05-13 12:48:23] Gen 0037 | Mejor fitness: 0.810701 | Promedio: 0.810056
[2026-05-13 12:48:23] Gen 0038 | Mejor fitness: 0.810701 | Promedio: 0.809946
[2026-05-13 12:48:23] Gen 0039 | Mejor fitness: 0.810701 | Promedio: 0.810032
[2026-05-13 12:48:23] Gen 0040 | Mejor fitness: 0.810701 | Promedio: 0.809936
[2026-05-13 12:48:23] Gen 0041 | Mejor fitness: 0.810701 | Promedio: 0.810039
[2026-05-13 12:48:23] Gen 0042 | Mejor fitness: 0.810701 | Promedio: 0.810111
[2026-05-13 12:48:23] Gen 0043 | Mejor fitness: 0.810701 | Promedio: 0.810073
[2026-05-13 12:48:23] Gen 0044 | Mejor fitness: 0.810701 | Promedio: 0.810163
[2026-05-13 12:48:23] Gen 0045 | Mejor fitness: 0.810701 | Promedio: 0.810101
[2026-05-13 12:48:23] Gen 0046 | Mejor fitness: 0.810701 | Promedio: 0.810121
[2026-05-13 12:48:23] Gen 0047 | Mejor fitness: 0.810701 | Promedio: 0.810029
[2026-05-13 12:48:23] Gen 0048 | Mejor fitness: 0.810702 | Promedio: 0.810174
[2026-05-13 12:48:23] Gen 0049 | Mejor fitness: 0.810702 | Promedio: 0.809981
[2026-05-13 12:48:23] Gen 0050 | Mejor fitness: 0.810702 | Promedio: 0.809923
[2026-05-13 12:48:23] Gen 0051 | Mejor fitness: 0.810702 | Promedio: 0.810119
[2026-05-13 12:48:23] Gen 0052 | Mejor fitness: 0.810702 | Promedio: 0.810238
[2026-05-13 12:48:23] Gen 0053 | Mejor fitness: 0.810702 | Promedio: 0.810058
[2026-05-13 12:48:23] Gen 0054 | Mejor fitness: 0.810702 | Promedio: 0.810014
[2026-05-13 12:48:23] Gen 0055 | Mejor fitness: 0.810702 | Promedio: 0.810152
[2026-05-13 12:48:23] Gen 0056 | Mejor fitness: 0.810702 | Promedio: 0.810202
[2026-05-13 12:48:23] Gen 0057 | Mejor fitness: 0.810702 | Promedio: 0.810091
[2026-05-13 12:48:23] Gen 0058 | Mejor fitness: 0.810702 | Promedio: 0.810109
[2026-05-13 12:48:23] Gen 0059 | Mejor fitness: 0.810702 | Promedio: 0.810137
[2026-05-13 12:48:23] Gen 0060 | Mejor fitness: 0.810702 | Promedio: 0.810048
[2026-05-13 12:48:23] Gen 0061 | Mejor fitness: 0.810702 | Promedio: 0.810086
[2026-05-13 12:48:23] Gen 0062 | Mejor fitness: 0.810702 | Promedio: 0.810117
[2026-05-13 12:48:23] Gen 0063 | Mejor fitness: 0.810702 | Promedio: 0.810099
[2026-05-13 12:48:23] Gen 0064 | Mejor fitness: 0.810702 | Promedio: 0.809995
[2026-05-13 12:48:23] Gen 0065 | Mejor fitness: 0.810702 | Promedio: 0.810205
[2026-05-13 12:48:23] Gen 0066 | Mejor fitness: 0.810702 | Promedio: 0.810030
[2026-05-13 12:48:23] Gen 0067 | Mejor fitness: 0.810702 | Promedio: 0.809961
[2026-05-13 12:48:23] Gen 0068 | Mejor fitness: 0.810702 | Promedio: 0.810038
[2026-05-13 12:48:23] Gen 0069 | Mejor fitness: 0.810702 | Promedio: 0.809891
[2026-05-13 12:48:23] Gen 0070 | Mejor fitness: 0.810702 | Promedio: 0.810177
[2026-05-13 12:48:23] Gen 0071 | Mejor fitness: 0.810702 | Promedio: 0.810065
[2026-05-13 12:48:23] Gen 0072 | Mejor fitness: 0.810702 | Promedio: 0.810179
[2026-05-13 12:48:23] Gen 0073 | Mejor fitness: 0.810702 | Promedio: 0.810252
[2026-05-13 12:48:23] Gen 0074 | Mejor fitness: 0.810702 | Promedio: 0.810162
[2026-05-13 12:48:23] Gen 0075 | Mejor fitness: 0.810702 | Promedio: 0.810053
[2026-05-13 12:48:23] Gen 0076 | Mejor fitness: 0.810702 | Promedio: 0.810032
[2026-05-13 12:48:23] Gen 0077 | Mejor fitness: 0.810702 | Promedio: 0.810206
[2026-05-13 12:48:23] Gen 0078 | Mejor fitness: 0.810702 | Promedio: 0.810179
[2026-05-13 12:48:23] Gen 0079 | Mejor fitness: 0.810702 | Promedio: 0.810202
[2026-05-13 12:48:23] Gen 0080 | Mejor fitness: 0.810702 | Promedio: 0.810120
[2026-05-13 12:48:23] Gen 0081 | Mejor fitness: 0.810702 | Promedio: 0.810246
[2026-05-13 12:48:23] Gen 0082 | Mejor fitness: 0.810702 | Promedio: 0.810113
[2026-05-13 12:48:23] Gen 0083 | Mejor fitness: 0.810702 | Promedio: 0.810148
[2026-05-13 12:48:23] Gen 0084 | Mejor fitness: 0.810702 | Promedio: 0.809995
[2026-05-13 12:48:23] Gen 0085 | Mejor fitness: 0.810702 | Promedio: 0.810105
[2026-05-13 12:48:23] Gen 0086 | Mejor fitness: 0.810702 | Promedio: 0.810115
[2026-05-13 12:48:23] Gen 0087 | Mejor fitness: 0.810702 | Promedio: 0.810058
[2026-05-13 12:48:23] Gen 0088 | Mejor fitness: 0.810702 | Promedio: 0.810041
[2026-05-13 12:48:23] Gen 0089 | Mejor fitness: 0.810702 | Promedio: 0.810193
[2026-05-13 12:48:23] Gen 0090 | Mejor fitness: 0.810702 | Promedio: 0.810127
[2026-05-13 12:48:23] Gen 0091 | Mejor fitness: 0.810702 | Promedio: 0.810168
[2026-05-13 12:48:23] Gen 0092 | Mejor fitness: 0.810702 | Promedio: 0.810030
[2026-05-13 12:48:23] Gen 0093 | Mejor fitness: 0.810702 | Promedio: 0.810242
[2026-05-13 12:48:23] Gen 0094 | Mejor fitness: 0.810702 | Promedio: 0.810079
[2026-05-13 12:48:23] Gen 0095 | Mejor fitness: 0.810702 | Promedio: 0.810101
[2026-05-13 12:48:23] Gen 0096 | Mejor fitness: 0.810702 | Promedio: 0.810221
[2026-05-13 12:48:23] Gen 0097 | Mejor fitness: 0.810702 | Promedio: 0.810004
[2026-05-13 12:48:23] Gen 0098 | Mejor fitness: 0.810702 | Promedio: 0.810114
[2026-05-13 12:48:23] Gen 0099 | Mejor fitness: 0.810702 | Promedio: 0.810116
[2026-05-13 12:48:23] Gen 0100 | Mejor fitness: 0.810702 | Promedio: 0.810083
[2026-05-13 12:48:23] Gen 0101 | Mejor fitness: 0.810702 | Promedio: 0.810116
[2026-05-13 12:48:23] Gen 0102 | Mejor fitness: 0.810702 | Promedio: 0.810158
[2026-05-13 12:48:23] Gen 0103 | Mejor fitness: 0.810702 | Promedio: 0.810103
[2026-05-13 12:48:23] Gen 0104 | Mejor fitness: 0.810702 | Promedio: 0.810187
[2026-05-13 12:48:23] Gen 0105 | Mejor fitness: 0.810702 | Promedio: 0.810135
[2026-05-13 12:48:23] Gen 0106 | Mejor fitness: 0.810702 | Promedio: 0.810090
[2026-05-13 12:48:23] Gen 0107 | Mejor fitness: 0.810702 | Promedio: 0.810162
[2026-05-13 12:48:23] Gen 0108 | Mejor fitness: 0.810702 | Promedio: 0.810092
[2026-05-13 12:48:23] Gen 0109 | Mejor fitness: 0.810702 | Promedio: 0.809989
[2026-05-13 12:48:23] Gen 0110 | Mejor fitness: 0.810702 | Promedio: 0.810078
[2026-05-13 12:48:23] Gen 0111 | Mejor fitness: 0.810702 | Promedio: 0.810151
[2026-05-13 12:48:23] Gen 0112 | Mejor fitness: 0.810702 | Promedio: 0.810101
[2026-05-13 12:48:23] Gen 0113 | Mejor fitness: 0.810702 | Promedio: 0.810013
[2026-05-13 12:48:23] Gen 0114 | Mejor fitness: 0.810702 | Promedio: 0.810115
[2026-05-13 12:48:23] Gen 0115 | Mejor fitness: 0.810702 | Promedio: 0.810025
[2026-05-13 12:48:23] Gen 0116 | Mejor fitness: 0.810702 | Promedio: 0.809982
[2026-05-13 12:48:23] Gen 0117 | Mejor fitness: 0.810702 | Promedio: 0.810108
[2026-05-13 12:48:23] Gen 0118 | Mejor fitness: 0.810702 | Promedio: 0.810011
[2026-05-13 12:48:23] Gen 0119 | Mejor fitness: 0.810702 | Promedio: 0.810166
[2026-05-13 12:48:23] Gen 0120 | Mejor fitness: 0.810702 | Promedio: 0.810157
[2026-05-13 12:48:23] Gen 0121 | Mejor fitness: 0.810702 | Promedio: 0.810206
[2026-05-13 12:48:23] Gen 0122 | Mejor fitness: 0.810702 | Promedio: 0.810190
[2026-05-13 12:48:23] Gen 0123 | Mejor fitness: 0.810702 | Promedio: 0.809906
[2026-05-13 12:48:23] Gen 0124 | Mejor fitness: 0.810702 | Promedio: 0.810106
[2026-05-13 12:48:23] Gen 0125 | Mejor fitness: 0.810702 | Promedio: 0.810253
[2026-05-13 12:48:23] Gen 0126 | Mejor fitness: 0.810702 | Promedio: 0.810047
[2026-05-13 12:48:23] Gen 0127 | Mejor fitness: 0.810702 | Promedio: 0.810257
[2026-05-13 12:48:23] Gen 0128 | Mejor fitness: 0.810702 | Promedio: 0.810036
[2026-05-13 12:48:23] Gen 0129 | Mejor fitness: 0.810702 | Promedio: 0.810029
[2026-05-13 12:48:23] Gen 0130 | Mejor fitness: 0.810702 | Promedio: 0.810166
[2026-05-13 12:48:23] Gen 0131 | Mejor fitness: 0.810702 | Promedio: 0.810016
[2026-05-13 12:48:23] Gen 0132 | Mejor fitness: 0.810702 | Promedio: 0.810063
[2026-05-13 12:48:23] Gen 0133 | Mejor fitness: 0.810702 | Promedio: 0.810084
[2026-05-13 12:48:23] Gen 0134 | Mejor fitness: 0.810702 | Promedio: 0.810210
[2026-05-13 12:48:23] Gen 0135 | Mejor fitness: 0.810702 | Promedio: 0.809980
[2026-05-13 12:48:23] Gen 0136 | Mejor fitness: 0.810702 | Promedio: 0.810186
[2026-05-13 12:48:23] Gen 0137 | Mejor fitness: 0.810702 | Promedio: 0.810107
[2026-05-13 12:48:23] Gen 0138 | Mejor fitness: 0.810702 | Promedio: 0.810191
[2026-05-13 12:48:23] Gen 0139 | Mejor fitness: 0.810702 | Promedio: 0.810132
[2026-05-13 12:48:23] Gen 0140 | Mejor fitness: 0.810702 | Promedio: 0.810097
[2026-05-13 12:48:23] Gen 0141 | Mejor fitness: 0.810702 | Promedio: 0.810280
[2026-05-13 12:48:23] Gen 0142 | Mejor fitness: 0.810702 | Promedio: 0.809923
[2026-05-13 12:48:23] Gen 0143 | Mejor fitness: 0.810702 | Promedio: 0.809936
[2026-05-13 12:48:23] Gen 0144 | Mejor fitness: 0.810702 | Promedio: 0.810072
[2026-05-13 12:48:23] Gen 0145 | Mejor fitness: 0.810702 | Promedio: 0.810105
[2026-05-13 12:48:23] Gen 0146 | Mejor fitness: 0.810702 | Promedio: 0.810268
[2026-05-13 12:48:23] Gen 0147 | Mejor fitness: 0.810702 | Promedio: 0.810152
[2026-05-13 12:48:23] Gen 0148 | Mejor fitness: 0.810702 | Promedio: 0.809971
[2026-05-13 12:48:23] Gen 0149 | Mejor fitness: 0.810702 | Promedio: 0.810069
[2026-05-13 12:48:23] Gen 0150 | Mejor fitness: 0.810702 | Promedio: 0.810124
[2026-05-13 12:48:23] Gen 0151 | Mejor fitness: 0.810702 | Promedio: 0.809877
[2026-05-13 12:48:23] Gen 0152 | Mejor fitness: 0.810702 | Promedio: 0.809963
[2026-05-13 12:48:23] Gen 0153 | Mejor fitness: 0.810702 | Promedio: 0.809995
[2026-05-13 12:48:23] Gen 0154 | Mejor fitness: 0.810702 | Promedio: 0.810044
[2026-05-13 12:48:23] Gen 0155 | Mejor fitness: 0.810702 | Promedio: 0.810052
[2026-05-13 12:48:23] Gen 0156 | Mejor fitness: 0.810702 | Promedio: 0.810083
[2026-05-13 12:48:23] Gen 0157 | Mejor fitness: 0.810702 | Promedio: 0.810011
[2026-05-13 12:48:23] Gen 0158 | Mejor fitness: 0.810702 | Promedio: 0.810306
[2026-05-13 12:48:23] Gen 0159 | Mejor fitness: 0.810702 | Promedio: 0.810286
[2026-05-13 12:48:23] Gen 0160 | Mejor fitness: 0.810702 | Promedio: 0.809832
[2026-05-13 12:48:23] Gen 0161 | Mejor fitness: 0.810702 | Promedio: 0.810160
[2026-05-13 12:48:23] Gen 0162 | Mejor fitness: 0.810702 | Promedio: 0.810291
[2026-05-13 12:48:23] Gen 0163 | Mejor fitness: 0.810702 | Promedio: 0.809963
[2026-05-13 12:48:23] Gen 0164 | Mejor fitness: 0.810702 | Promedio: 0.809952
[2026-05-13 12:48:23] Gen 0165 | Mejor fitness: 0.810702 | Promedio: 0.810323
[2026-05-13 12:48:23] Gen 0166 | Mejor fitness: 0.810702 | Promedio: 0.810066
[2026-05-13 12:48:23] Gen 0167 | Mejor fitness: 0.810702 | Promedio: 0.810163
[2026-05-13 12:48:23] Gen 0168 | Mejor fitness: 0.810702 | Promedio: 0.810279
[2026-05-13 12:48:23] Gen 0169 | Mejor fitness: 0.810702 | Promedio: 0.809820
[2026-05-13 12:48:23] Gen 0170 | Mejor fitness: 0.810702 | Promedio: 0.810213
[2026-05-13 12:48:23] Gen 0171 | Mejor fitness: 0.810702 | Promedio: 0.810171
[2026-05-13 12:48:23] Gen 0172 | Mejor fitness: 0.810702 | Promedio: 0.810146
[2026-05-13 12:48:23] Gen 0173 | Mejor fitness: 0.810703 | Promedio: 0.810238
[2026-05-13 12:48:23] Gen 0174 | Mejor fitness: 0.810703 | Promedio: 0.810083
[2026-05-13 12:48:23] Gen 0175 | Mejor fitness: 0.810703 | Promedio: 0.810014
[2026-05-13 12:48:23] Gen 0176 | Mejor fitness: 0.810703 | Promedio: 0.810025
[2026-05-13 12:48:23] Gen 0177 | Mejor fitness: 0.810705 | Promedio: 0.810218
[2026-05-13 12:48:23] Gen 0178 | Mejor fitness: 0.810705 | Promedio: 0.810091
[2026-05-13 12:48:23] Gen 0179 | Mejor fitness: 0.810705 | Promedio: 0.810195
[2026-05-13 12:48:23] Gen 0180 | Mejor fitness: 0.810705 | Promedio: 0.809958
[2026-05-13 12:48:23] Gen 0181 | Mejor fitness: 0.810705 | Promedio: 0.810198
[2026-05-13 12:48:23] Gen 0182 | Mejor fitness: 0.810705 | Promedio: 0.810014
[2026-05-13 12:48:23] Gen 0183 | Mejor fitness: 0.810705 | Promedio: 0.810180
[2026-05-13 12:48:23] Gen 0184 | Mejor fitness: 0.810705 | Promedio: 0.810078
[2026-05-13 12:48:23] Gen 0185 | Mejor fitness: 0.810705 | Promedio: 0.809973
[2026-05-13 12:48:23] Gen 0186 | Mejor fitness: 0.810705 | Promedio: 0.810184
[2026-05-13 12:48:23] Gen 0187 | Mejor fitness: 0.810705 | Promedio: 0.810236
[2026-05-13 12:48:23] Gen 0188 | Mejor fitness: 0.810705 | Promedio: 0.810278
[2026-05-13 12:48:23] Gen 0189 | Mejor fitness: 0.810705 | Promedio: 0.810136
[2026-05-13 12:48:23] Gen 0190 | Mejor fitness: 0.810705 | Promedio: 0.810192
[2026-05-13 12:48:23] Gen 0191 | Mejor fitness: 0.810705 | Promedio: 0.810108
[2026-05-13 12:48:23] Gen 0192 | Mejor fitness: 0.810705 | Promedio: 0.810217
[2026-05-13 12:48:23] Gen 0193 | Mejor fitness: 0.810705 | Promedio: 0.810069
[2026-05-13 12:48:23] Gen 0194 | Mejor fitness: 0.810705 | Promedio: 0.809980
[2026-05-13 12:48:23] Gen 0195 | Mejor fitness: 0.810705 | Promedio: 0.810081
[2026-05-13 12:48:23] Gen 0196 | Mejor fitness: 0.810705 | Promedio: 0.810069
[2026-05-13 12:48:23] Gen 0197 | Mejor fitness: 0.810705 | Promedio: 0.810136
[2026-05-13 12:48:23] Gen 0198 | Mejor fitness: 0.810705 | Promedio: 0.810123
[2026-05-13 12:48:23] Gen 0199 | Mejor fitness: 0.810705 | Promedio: 0.810254
[2026-05-13 12:48:23] Gen 0200 | Mejor fitness: 0.810705 | Promedio: 0.810094
[2026-05-13 12:48:23] Gen 0201 | Mejor fitness: 0.810705 | Promedio: 0.810021
[2026-05-13 12:48:23] Gen 0202 | Mejor fitness: 0.810705 | Promedio: 0.809906
[2026-05-13 12:48:24] Gen 0203 | Mejor fitness: 0.810705 | Promedio: 0.810118
[2026-05-13 12:48:24] Gen 0204 | Mejor fitness: 0.810705 | Promedio: 0.810128
[2026-05-13 12:48:24] Gen 0205 | Mejor fitness: 0.810705 | Promedio: 0.809966
[2026-05-13 12:48:24] Gen 0206 | Mejor fitness: 0.810705 | Promedio: 0.810040
[2026-05-13 12:48:24] Gen 0207 | Mejor fitness: 0.810705 | Promedio: 0.810024
[2026-05-13 12:48:24] Gen 0208 | Mejor fitness: 0.810705 | Promedio: 0.810209
[2026-05-13 12:48:24] Gen 0209 | Mejor fitness: 0.810705 | Promedio: 0.810121
[2026-05-13 12:48:24] Gen 0210 | Mejor fitness: 0.810705 | Promedio: 0.810194
[2026-05-13 12:48:24] Gen 0211 | Mejor fitness: 0.810705 | Promedio: 0.810358
[2026-05-13 12:48:24] Gen 0212 | Mejor fitness: 0.810705 | Promedio: 0.810004
[2026-05-13 12:48:24] Gen 0213 | Mejor fitness: 0.810705 | Promedio: 0.810107
[2026-05-13 12:48:24] Gen 0214 | Mejor fitness: 0.810705 | Promedio: 0.810154
[2026-05-13 12:48:24] Gen 0215 | Mejor fitness: 0.810705 | Promedio: 0.810039
[2026-05-13 12:48:24] Gen 0216 | Mejor fitness: 0.810705 | Promedio: 0.810175
[2026-05-13 12:48:24] Gen 0217 | Mejor fitness: 0.810705 | Promedio: 0.810241
[2026-05-13 12:48:24] Gen 0218 | Mejor fitness: 0.810705 | Promedio: 0.810166
[2026-05-13 12:48:24] Gen 0219 | Mejor fitness: 0.810705 | Promedio: 0.809951
[2026-05-13 12:48:24] Gen 0220 | Mejor fitness: 0.810705 | Promedio: 0.810123
[2026-05-13 12:48:24] Gen 0221 | Mejor fitness: 0.810705 | Promedio: 0.809962
[2026-05-13 12:48:24] Gen 0222 | Mejor fitness: 0.810705 | Promedio: 0.810129
[2026-05-13 12:48:24] Gen 0223 | Mejor fitness: 0.810705 | Promedio: 0.810058
[2026-05-13 12:48:24] Gen 0224 | Mejor fitness: 0.810705 | Promedio: 0.810317
[2026-05-13 12:48:24] Gen 0225 | Mejor fitness: 0.810705 | Promedio: 0.810178
[2026-05-13 12:48:24] Gen 0226 | Mejor fitness: 0.810705 | Promedio: 0.810217
[2026-05-13 12:48:24] Gen 0227 | Mejor fitness: 0.810705 | Promedio: 0.810231
[2026-05-13 12:48:24] Gen 0228 | Mejor fitness: 0.810705 | Promedio: 0.810030
[2026-05-13 12:48:24] Gen 0229 | Mejor fitness: 0.810705 | Promedio: 0.809970
[2026-05-13 12:48:24] Gen 0230 | Mejor fitness: 0.810705 | Promedio: 0.810179
[2026-05-13 12:48:24] Gen 0231 | Mejor fitness: 0.810705 | Promedio: 0.810094
[2026-05-13 12:48:24] Gen 0232 | Mejor fitness: 0.810705 | Promedio: 0.810074
[2026-05-13 12:48:24] Gen 0233 | Mejor fitness: 0.810705 | Promedio: 0.809927
[2026-05-13 12:48:24] Gen 0234 | Mejor fitness: 0.810705 | Promedio: 0.810069
[2026-05-13 12:48:24] Gen 0235 | Mejor fitness: 0.810705 | Promedio: 0.810181
[2026-05-13 12:48:24] Gen 0236 | Mejor fitness: 0.810705 | Promedio: 0.810229
[2026-05-13 12:48:24] Gen 0237 | Mejor fitness: 0.810705 | Promedio: 0.810096
[2026-05-13 12:48:24] Gen 0238 | Mejor fitness: 0.810705 | Promedio: 0.810302
[2026-05-13 12:48:24] Gen 0239 | Mejor fitness: 0.810705 | Promedio: 0.810087
[2026-05-13 12:48:24] Gen 0240 | Mejor fitness: 0.810705 | Promedio: 0.810013
[2026-05-13 12:48:24] Gen 0241 | Mejor fitness: 0.810705 | Promedio: 0.810262
[2026-05-13 12:48:24] Gen 0242 | Mejor fitness: 0.810705 | Promedio: 0.810115
[2026-05-13 12:48:24] Gen 0243 | Mejor fitness: 0.810705 | Promedio: 0.810320
[2026-05-13 12:48:24] Gen 0244 | Mejor fitness: 0.810705 | Promedio: 0.810152
[2026-05-13 12:48:24] Gen 0245 | Mejor fitness: 0.810705 | Promedio: 0.810100
[2026-05-13 12:48:24] Gen 0246 | Mejor fitness: 0.810705 | Promedio: 0.810155
[2026-05-13 12:48:24] Gen 0247 | Mejor fitness: 0.810705 | Promedio: 0.810182
[2026-05-13 12:48:24] Gen 0248 | Mejor fitness: 0.810705 | Promedio: 0.810039
[2026-05-13 12:48:24] Gen 0249 | Mejor fitness: 0.810705 | Promedio: 0.809932
[2026-05-13 12:48:24] Gen 0250 | Mejor fitness: 0.810705 | Promedio: 0.810038
[2026-05-13 12:48:24] Gen 0251 | Mejor fitness: 0.810705 | Promedio: 0.810057
[2026-05-13 12:48:24] Gen 0252 | Mejor fitness: 0.810705 | Promedio: 0.809908
[2026-05-13 12:48:24] Gen 0253 | Mejor fitness: 0.810705 | Promedio: 0.809955
[2026-05-13 12:48:24] Gen 0254 | Mejor fitness: 0.810705 | Promedio: 0.810216
[2026-05-13 12:48:24] Gen 0255 | Mejor fitness: 0.810705 | Promedio: 0.810109
[2026-05-13 12:48:24] Gen 0256 | Mejor fitness: 0.810705 | Promedio: 0.810073
[2026-05-13 12:48:24] Gen 0257 | Mejor fitness: 0.810705 | Promedio: 0.810128
[2026-05-13 12:48:24] Gen 0258 | Mejor fitness: 0.810705 | Promedio: 0.810246
[2026-05-13 12:48:24] Gen 0259 | Mejor fitness: 0.810705 | Promedio: 0.809876
[2026-05-13 12:48:24] Gen 0260 | Mejor fitness: 0.810705 | Promedio: 0.810352
[2026-05-13 12:48:24] Gen 0261 | Mejor fitness: 0.810705 | Promedio: 0.810212
[2026-05-13 12:48:24] Gen 0262 | Mejor fitness: 0.810705 | Promedio: 0.809954
[2026-05-13 12:48:24] Gen 0263 | Mejor fitness: 0.810705 | Promedio: 0.810082
[2026-05-13 12:48:24] Gen 0264 | Mejor fitness: 0.810705 | Promedio: 0.810297
[2026-05-13 12:48:24] Gen 0265 | Mejor fitness: 0.810705 | Promedio: 0.810229
[2026-05-13 12:48:24] Gen 0266 | Mejor fitness: 0.810705 | Promedio: 0.810159
[2026-05-13 12:48:24] Gen 0267 | Mejor fitness: 0.810705 | Promedio: 0.810019
[2026-05-13 12:48:24] Gen 0268 | Mejor fitness: 0.810705 | Promedio: 0.809924
[2026-05-13 12:48:24] Gen 0269 | Mejor fitness: 0.810705 | Promedio: 0.810340
[2026-05-13 12:48:24] Gen 0270 | Mejor fitness: 0.810705 | Promedio: 0.810282
[2026-05-13 12:48:24] Gen 0271 | Mejor fitness: 0.810705 | Promedio: 0.810205
[2026-05-13 12:48:24] Gen 0272 | Mejor fitness: 0.810705 | Promedio: 0.809976
[2026-05-13 12:48:24] Gen 0273 | Mejor fitness: 0.810705 | Promedio: 0.810153
[2026-05-13 12:48:24] Gen 0274 | Mejor fitness: 0.810705 | Promedio: 0.809861
[2026-05-13 12:48:24] Gen 0275 | Mejor fitness: 0.810705 | Promedio: 0.810169
[2026-05-13 12:48:24] Gen 0276 | Mejor fitness: 0.810705 | Promedio: 0.810121
[2026-05-13 12:48:24] Gen 0277 | Mejor fitness: 0.810705 | Promedio: 0.810233
[2026-05-13 12:48:24] Gen 0278 | Mejor fitness: 0.810705 | Promedio: 0.809913
[2026-05-13 12:48:24] Gen 0279 | Mejor fitness: 0.810705 | Promedio: 0.810301
[2026-05-13 12:48:24] Gen 0280 | Mejor fitness: 0.810705 | Promedio: 0.810159
[2026-05-13 12:48:24] Gen 0281 | Mejor fitness: 0.810705 | Promedio: 0.810092
[2026-05-13 12:48:24] Gen 0282 | Mejor fitness: 0.810705 | Promedio: 0.809910
[2026-05-13 12:48:24] Gen 0283 | Mejor fitness: 0.810705 | Promedio: 0.810192
[2026-05-13 12:48:24] Gen 0284 | Mejor fitness: 0.810705 | Promedio: 0.810198
[2026-05-13 12:48:24] Gen 0285 | Mejor fitness: 0.810705 | Promedio: 0.810235
[2026-05-13 12:48:24] Gen 0286 | Mejor fitness: 0.810705 | Promedio: 0.810035
[2026-05-13 12:48:24] Gen 0287 | Mejor fitness: 0.810705 | Promedio: 0.810201
[2026-05-13 12:48:24] Gen 0288 | Mejor fitness: 0.810705 | Promedio: 0.810208
[2026-05-13 12:48:24] Gen 0289 | Mejor fitness: 0.810705 | Promedio: 0.810244
[2026-05-13 12:48:24] Gen 0290 | Mejor fitness: 0.810705 | Promedio: 0.810073
[2026-05-13 12:48:24] Gen 0291 | Mejor fitness: 0.810705 | Promedio: 0.810172
[2026-05-13 12:48:24] Gen 0292 | Mejor fitness: 0.810705 | Promedio: 0.810188
[2026-05-13 12:48:24] Gen 0293 | Mejor fitness: 0.810705 | Promedio: 0.810115
[2026-05-13 12:48:24] Gen 0294 | Mejor fitness: 0.810705 | Promedio: 0.810041
[2026-05-13 12:48:24] Gen 0295 | Mejor fitness: 0.810705 | Promedio: 0.810214
[2026-05-13 12:48:24] Gen 0296 | Mejor fitness: 0.810705 | Promedio: 0.810122
[2026-05-13 12:48:24] Gen 0297 | Mejor fitness: 0.810705 | Promedio: 0.810139
[2026-05-13 12:48:24] Gen 0298 | Mejor fitness: 0.810705 | Promedio: 0.810293
[2026-05-13 12:48:24] Gen 0299 | Mejor fitness: 0.810705 | Promedio: 0.810225
[2026-05-13 12:48:24] Gen 0300 | Mejor fitness: 0.810705 | Promedio: 0.810234
[2026-05-13 12:48:24] Gen 0301 | Mejor fitness: 0.810705 | Promedio: 0.810154
[2026-05-13 12:48:24] Gen 0302 | Mejor fitness: 0.810705 | Promedio: 0.810305
[2026-05-13 12:48:24] Gen 0303 | Mejor fitness: 0.810705 | Promedio: 0.810275
[2026-05-13 12:48:24] Gen 0304 | Mejor fitness: 0.810705 | Promedio: 0.809910
[2026-05-13 12:48:24] Gen 0305 | Mejor fitness: 0.810705 | Promedio: 0.810201
[2026-05-13 12:48:24] Gen 0306 | Mejor fitness: 0.810705 | Promedio: 0.810167
[2026-05-13 12:48:24] Gen 0307 | Mejor fitness: 0.810705 | Promedio: 0.809971
[2026-05-13 12:48:24] Gen 0308 | Mejor fitness: 0.810705 | Promedio: 0.810195
[2026-05-13 12:48:24] Gen 0309 | Mejor fitness: 0.810705 | Promedio: 0.810095
[2026-05-13 12:48:24] Gen 0310 | Mejor fitness: 0.810705 | Promedio: 0.810063
[2026-05-13 12:48:24] Gen 0311 | Mejor fitness: 0.810705 | Promedio: 0.810297
[2026-05-13 12:48:24] Gen 0312 | Mejor fitness: 0.810705 | Promedio: 0.810121
[2026-05-13 12:48:24] Gen 0313 | Mejor fitness: 0.810705 | Promedio: 0.810127
[2026-05-13 12:48:24] Gen 0314 | Mejor fitness: 0.810705 | Promedio: 0.810012
[2026-05-13 12:48:24] Gen 0315 | Mejor fitness: 0.810705 | Promedio: 0.810147
[2026-05-13 12:48:24] Gen 0316 | Mejor fitness: 0.810705 | Promedio: 0.810216
[2026-05-13 12:48:24] Gen 0317 | Mejor fitness: 0.810705 | Promedio: 0.810131
[2026-05-13 12:48:24] Gen 0318 | Mejor fitness: 0.810705 | Promedio: 0.810228
[2026-05-13 12:48:24] Gen 0319 | Mejor fitness: 0.810705 | Promedio: 0.809794
[2026-05-13 12:48:24] Gen 0320 | Mejor fitness: 0.810705 | Promedio: 0.809968
[2026-05-13 12:48:24] Gen 0321 | Mejor fitness: 0.810705 | Promedio: 0.810187
[2026-05-13 12:48:24] Gen 0322 | Mejor fitness: 0.810705 | Promedio: 0.810111
[2026-05-13 12:48:24] Gen 0323 | Mejor fitness: 0.810705 | Promedio: 0.810062
[2026-05-13 12:48:24] Gen 0324 | Mejor fitness: 0.810705 | Promedio: 0.809940
[2026-05-13 12:48:24] Gen 0325 | Mejor fitness: 0.810705 | Promedio: 0.810100
[2026-05-13 12:48:24] Gen 0326 | Mejor fitness: 0.810705 | Promedio: 0.810150
[2026-05-13 12:48:24] Gen 0327 | Mejor fitness: 0.810705 | Promedio: 0.810057
[2026-05-13 12:48:24] Gen 0328 | Mejor fitness: 0.810705 | Promedio: 0.810061
[2026-05-13 12:48:24] Gen 0329 | Mejor fitness: 0.810705 | Promedio: 0.810106
[2026-05-13 12:48:24] Gen 0330 | Mejor fitness: 0.810705 | Promedio: 0.810008
[2026-05-13 12:48:24] Gen 0331 | Mejor fitness: 0.810705 | Promedio: 0.810023
[2026-05-13 12:48:24] Gen 0332 | Mejor fitness: 0.810705 | Promedio: 0.810223
[2026-05-13 12:48:24] Gen 0333 | Mejor fitness: 0.810705 | Promedio: 0.810211
[2026-05-13 12:48:24] Gen 0334 | Mejor fitness: 0.810705 | Promedio: 0.810120
[2026-05-13 12:48:24] Gen 0335 | Mejor fitness: 0.810705 | Promedio: 0.810199
[2026-05-13 12:48:24] Gen 0336 | Mejor fitness: 0.810705 | Promedio: 0.810209
[2026-05-13 12:48:24] Gen 0337 | Mejor fitness: 0.810705 | Promedio: 0.810121
[2026-05-13 12:48:24] Gen 0338 | Mejor fitness: 0.810705 | Promedio: 0.810124
[2026-05-13 12:48:24] Gen 0339 | Mejor fitness: 0.810705 | Promedio: 0.810136
[2026-05-13 12:48:24] Gen 0340 | Mejor fitness: 0.810705 | Promedio: 0.810294
[2026-05-13 12:48:24] Gen 0341 | Mejor fitness: 0.810705 | Promedio: 0.809981
[2026-05-13 12:48:24] Gen 0342 | Mejor fitness: 0.810705 | Promedio: 0.810201
[2026-05-13 12:48:24] Gen 0343 | Mejor fitness: 0.810705 | Promedio: 0.810094
[2026-05-13 12:48:24] Gen 0344 | Mejor fitness: 0.810705 | Promedio: 0.810117
[2026-05-13 12:48:24] Gen 0345 | Mejor fitness: 0.810705 | Promedio: 0.810077
[2026-05-13 12:48:24] Gen 0346 | Mejor fitness: 0.810705 | Promedio: 0.810084
[2026-05-13 12:48:24] Gen 0347 | Mejor fitness: 0.810705 | Promedio: 0.810164
[2026-05-13 12:48:24] Gen 0348 | Mejor fitness: 0.810705 | Promedio: 0.810077
[2026-05-13 12:48:24] Gen 0349 | Mejor fitness: 0.810705 | Promedio: 0.809977
[2026-05-13 12:48:24] Gen 0350 | Mejor fitness: 0.810705 | Promedio: 0.809929
[2026-05-13 12:48:24] Gen 0351 | Mejor fitness: 0.810705 | Promedio: 0.810032
[2026-05-13 12:48:24] Gen 0352 | Mejor fitness: 0.810705 | Promedio: 0.810105
[2026-05-13 12:48:24] Gen 0353 | Mejor fitness: 0.810705 | Promedio: 0.809896
[2026-05-13 12:48:24] Gen 0354 | Mejor fitness: 0.810705 | Promedio: 0.809810
[2026-05-13 12:48:24] Gen 0355 | Mejor fitness: 0.810705 | Promedio: 0.809932
[2026-05-13 12:48:24] Gen 0356 | Mejor fitness: 0.810705 | Promedio: 0.810257
[2026-05-13 12:48:24] Gen 0357 | Mejor fitness: 0.810705 | Promedio: 0.810009
[2026-05-13 12:48:24] Gen 0358 | Mejor fitness: 0.810705 | Promedio: 0.810087
[2026-05-13 12:48:24] Gen 0359 | Mejor fitness: 0.810705 | Promedio: 0.810092
[2026-05-13 12:48:24] Gen 0360 | Mejor fitness: 0.810705 | Promedio: 0.810198
[2026-05-13 12:48:24] Gen 0361 | Mejor fitness: 0.810705 | Promedio: 0.810072
[2026-05-13 12:48:24] Gen 0362 | Mejor fitness: 0.810705 | Promedio: 0.810297
[2026-05-13 12:48:24] Gen 0363 | Mejor fitness: 0.810705 | Promedio: 0.810035
[2026-05-13 12:48:24] Gen 0364 | Mejor fitness: 0.810705 | Promedio: 0.810100
[2026-05-13 12:48:24] Gen 0365 | Mejor fitness: 0.810705 | Promedio: 0.810229
[2026-05-13 12:48:24] Gen 0366 | Mejor fitness: 0.810705 | Promedio: 0.810241
[2026-05-13 12:48:24] Gen 0367 | Mejor fitness: 0.810705 | Promedio: 0.810035
[2026-05-13 12:48:24] Gen 0368 | Mejor fitness: 0.810705 | Promedio: 0.810318
[2026-05-13 12:48:24] Gen 0369 | Mejor fitness: 0.810705 | Promedio: 0.810156
[2026-05-13 12:48:24] Gen 0370 | Mejor fitness: 0.810705 | Promedio: 0.810311
[2026-05-13 12:48:24] Gen 0371 | Mejor fitness: 0.810705 | Promedio: 0.810144
[2026-05-13 12:48:24] Gen 0372 | Mejor fitness: 0.810705 | Promedio: 0.810262
[2026-05-13 12:48:24] Gen 0373 | Mejor fitness: 0.810705 | Promedio: 0.810071
[2026-05-13 12:48:24] Gen 0374 | Mejor fitness: 0.810705 | Promedio: 0.810143
[2026-05-13 12:48:24] Gen 0375 | Mejor fitness: 0.810705 | Promedio: 0.810193
[2026-05-13 12:48:24] Gen 0376 | Mejor fitness: 0.810705 | Promedio: 0.810221
[2026-05-13 12:48:24] Gen 0377 | Mejor fitness: 0.810705 | Promedio: 0.810118
[2026-05-13 12:48:24] Gen 0378 | Mejor fitness: 0.810705 | Promedio: 0.810044
[2026-05-13 12:48:24] Gen 0379 | Mejor fitness: 0.810705 | Promedio: 0.810107
[2026-05-13 12:48:24] Gen 0380 | Mejor fitness: 0.810705 | Promedio: 0.810117
[2026-05-13 12:48:24] Gen 0381 | Mejor fitness: 0.810705 | Promedio: 0.810218
[2026-05-13 12:48:24] Gen 0382 | Mejor fitness: 0.810705 | Promedio: 0.810097
[2026-05-13 12:48:24] Gen 0383 | Mejor fitness: 0.810705 | Promedio: 0.810196
[2026-05-13 12:48:24] Gen 0384 | Mejor fitness: 0.810705 | Promedio: 0.809911
[2026-05-13 12:48:24] Gen 0385 | Mejor fitness: 0.810705 | Promedio: 0.810127
[2026-05-13 12:48:24] Gen 0386 | Mejor fitness: 0.810705 | Promedio: 0.810082
[2026-05-13 12:48:24] Gen 0387 | Mejor fitness: 0.810705 | Promedio: 0.810214
[2026-05-13 12:48:24] Gen 0388 | Mejor fitness: 0.810705 | Promedio: 0.810056
[2026-05-13 12:48:24] Gen 0389 | Mejor fitness: 0.810705 | Promedio: 0.809988
[2026-05-13 12:48:24] Gen 0390 | Mejor fitness: 0.810705 | Promedio: 0.810135
[2026-05-13 12:48:24] Gen 0391 | Mejor fitness: 0.810705 | Promedio: 0.810058
[2026-05-13 12:48:24] Gen 0392 | Mejor fitness: 0.810705 | Promedio: 0.810140
[2026-05-13 12:48:24] Gen 0393 | Mejor fitness: 0.810705 | Promedio: 0.809874
[2026-05-13 12:48:24] Gen 0394 | Mejor fitness: 0.810705 | Promedio: 0.810146
[2026-05-13 12:48:24] Gen 0395 | Mejor fitness: 0.810705 | Promedio: 0.809969
[2026-05-13 12:48:24] Gen 0396 | Mejor fitness: 0.810705 | Promedio: 0.810004
[2026-05-13 12:48:24] Gen 0397 | Mejor fitness: 0.810705 | Promedio: 0.809945
[2026-05-13 12:48:24] Gen 0398 | Mejor fitness: 0.810705 | Promedio: 0.810101
[2026-05-13 12:48:24] Gen 0399 | Mejor fitness: 0.810705 | Promedio: 0.810158
[2026-05-13 12:48:24] Gen 0400 | Mejor fitness: 0.810705 | Promedio: 0.810003
[2026-05-13 12:48:24] Gen 0401 | Mejor fitness: 0.810705 | Promedio: 0.810293
[2026-05-13 12:48:24] Gen 0402 | Mejor fitness: 0.810705 | Promedio: 0.810093
[2026-05-13 12:48:24] Gen 0403 | Mejor fitness: 0.810705 | Promedio: 0.810119
[2026-05-13 12:48:24] Gen 0404 | Mejor fitness: 0.810705 | Promedio: 0.810141
[2026-05-13 12:48:24] Gen 0405 | Mejor fitness: 0.810705 | Promedio: 0.810176
[2026-05-13 12:48:24] Gen 0406 | Mejor fitness: 0.810705 | Promedio: 0.810332
[2026-05-13 12:48:24] Gen 0407 | Mejor fitness: 0.810705 | Promedio: 0.809924
[2026-05-13 12:48:24] Gen 0408 | Mejor fitness: 0.810705 | Promedio: 0.810006
[2026-05-13 12:48:24] Gen 0409 | Mejor fitness: 0.810705 | Promedio: 0.810100
[2026-05-13 12:48:24] Gen 0410 | Mejor fitness: 0.810705 | Promedio: 0.810093
[2026-05-13 12:48:24] Gen 0411 | Mejor fitness: 0.810705 | Promedio: 0.810166
[2026-05-13 12:48:24] Gen 0412 | Mejor fitness: 0.810705 | Promedio: 0.810180
[2026-05-13 12:48:24] Gen 0413 | Mejor fitness: 0.810705 | Promedio: 0.809930
[2026-05-13 12:48:24] Gen 0414 | Mejor fitness: 0.810705 | Promedio: 0.810126
[2026-05-13 12:48:24] Gen 0415 | Mejor fitness: 0.810705 | Promedio: 0.810015
[2026-05-13 12:48:24] Gen 0416 | Mejor fitness: 0.810705 | Promedio: 0.810096
[2026-05-13 12:48:24] Gen 0417 | Mejor fitness: 0.810705 | Promedio: 0.810199
[2026-05-13 12:48:24] Gen 0418 | Mejor fitness: 0.810705 | Promedio: 0.810112
[2026-05-13 12:48:24] Gen 0419 | Mejor fitness: 0.810705 | Promedio: 0.810120
[2026-05-13 12:48:24] Gen 0420 | Mejor fitness: 0.810705 | Promedio: 0.810100
[2026-05-13 12:48:24] Gen 0421 | Mejor fitness: 0.810705 | Promedio: 0.809994
[2026-05-13 12:48:24] Gen 0422 | Mejor fitness: 0.810705 | Promedio: 0.810063
[2026-05-13 12:48:24] Gen 0423 | Mejor fitness: 0.810705 | Promedio: 0.810147
[2026-05-13 12:48:24] Gen 0424 | Mejor fitness: 0.810705 | Promedio: 0.810196
[2026-05-13 12:48:24] Gen 0425 | Mejor fitness: 0.810705 | Promedio: 0.810018
[2026-05-13 12:48:24] Gen 0426 | Mejor fitness: 0.810705 | Promedio: 0.810011
[2026-05-13 12:48:24] Gen 0427 | Mejor fitness: 0.810705 | Promedio: 0.810131
[2026-05-13 12:48:24] Gen 0428 | Mejor fitness: 0.810705 | Promedio: 0.810009
[2026-05-13 12:48:24] Gen 0429 | Mejor fitness: 0.810705 | Promedio: 0.810250
[2026-05-13 12:48:24] Gen 0430 | Mejor fitness: 0.810705 | Promedio: 0.810039
[2026-05-13 12:48:24] Gen 0431 | Mejor fitness: 0.810705 | Promedio: 0.810130
[2026-05-13 12:48:24] Gen 0432 | Mejor fitness: 0.810705 | Promedio: 0.810225
[2026-05-13 12:48:24] Gen 0433 | Mejor fitness: 0.810705 | Promedio: 0.810198
[2026-05-13 12:48:24] Gen 0434 | Mejor fitness: 0.810705 | Promedio: 0.809971
[2026-05-13 12:48:24] Gen 0435 | Mejor fitness: 0.810705 | Promedio: 0.810075
[2026-05-13 12:48:24] Gen 0436 | Mejor fitness: 0.810705 | Promedio: 0.809941
[2026-05-13 12:48:24] Gen 0437 | Mejor fitness: 0.810705 | Promedio: 0.810341
[2026-05-13 12:48:24] Gen 0438 | Mejor fitness: 0.810705 | Promedio: 0.810301
[2026-05-13 12:48:24] Gen 0439 | Mejor fitness: 0.810705 | Promedio: 0.810158
[2026-05-13 12:48:24] Gen 0440 | Mejor fitness: 0.810705 | Promedio: 0.810063
[2026-05-13 12:48:24] Gen 0441 | Mejor fitness: 0.810705 | Promedio: 0.810020
[2026-05-13 12:48:24] Gen 0442 | Mejor fitness: 0.810705 | Promedio: 0.809804
[2026-05-13 12:48:24] Gen 0443 | Mejor fitness: 0.810705 | Promedio: 0.810070
[2026-05-13 12:48:24] Gen 0444 | Mejor fitness: 0.810705 | Promedio: 0.810292
[2026-05-13 12:48:24] Gen 0445 | Mejor fitness: 0.810707 | Promedio: 0.810206
[2026-05-13 12:48:24] Gen 0446 | Mejor fitness: 0.810707 | Promedio: 0.810189
[2026-05-13 12:48:24] Gen 0447 | Mejor fitness: 0.810707 | Promedio: 0.810185
[2026-05-13 12:48:24] Gen 0448 | Mejor fitness: 0.810707 | Promedio: 0.809984
[2026-05-13 12:48:24] Gen 0449 | Mejor fitness: 0.810707 | Promedio: 0.810112
[2026-05-13 12:48:24] Gen 0450 | Mejor fitness: 0.810707 | Promedio: 0.810040
[2026-05-13 12:48:24] Gen 0451 | Mejor fitness: 0.810707 | Promedio: 0.810120
[2026-05-13 12:48:24] Gen 0452 | Mejor fitness: 0.810707 | Promedio: 0.809971
[2026-05-13 12:48:24] Gen 0453 | Mejor fitness: 0.810707 | Promedio: 0.810112
[2026-05-13 12:48:24] Gen 0454 | Mejor fitness: 0.810707 | Promedio: 0.810238
[2026-05-13 12:48:24] Gen 0455 | Mejor fitness: 0.810707 | Promedio: 0.810192
[2026-05-13 12:48:24] Gen 0456 | Mejor fitness: 0.810707 | Promedio: 0.809875
[2026-05-13 12:48:24] Gen 0457 | Mejor fitness: 0.810707 | Promedio: 0.809834
[2026-05-13 12:48:24] Gen 0458 | Mejor fitness: 0.810707 | Promedio: 0.810155
[2026-05-13 12:48:24] Gen 0459 | Mejor fitness: 0.810707 | Promedio: 0.810127
[2026-05-13 12:48:24] Gen 0460 | Mejor fitness: 0.810707 | Promedio: 0.809790
[2026-05-13 12:48:24] Gen 0461 | Mejor fitness: 0.810707 | Promedio: 0.809926
[2026-05-13 12:48:24] Gen 0462 | Mejor fitness: 0.810707 | Promedio: 0.809906
[2026-05-13 12:48:24] Gen 0463 | Mejor fitness: 0.810707 | Promedio: 0.810134
[2026-05-13 12:48:24] Gen 0464 | Mejor fitness: 0.810707 | Promedio: 0.810081
[2026-05-13 12:48:24] Gen 0465 | Mejor fitness: 0.810707 | Promedio: 0.810173
[2026-05-13 12:48:24] Gen 0466 | Mejor fitness: 0.810707 | Promedio: 0.810087
[2026-05-13 12:48:24] Gen 0467 | Mejor fitness: 0.810707 | Promedio: 0.810079
[2026-05-13 12:48:24] Gen 0468 | Mejor fitness: 0.810707 | Promedio: 0.809951
[2026-05-13 12:48:24] Gen 0469 | Mejor fitness: 0.810707 | Promedio: 0.810174
[2026-05-13 12:48:24] Gen 0470 | Mejor fitness: 0.810707 | Promedio: 0.810139
[2026-05-13 12:48:24] Gen 0471 | Mejor fitness: 0.810707 | Promedio: 0.809996
[2026-05-13 12:48:24] Gen 0472 | Mejor fitness: 0.810707 | Promedio: 0.810305
[2026-05-13 12:48:24] Gen 0473 | Mejor fitness: 0.810707 | Promedio: 0.810136
[2026-05-13 12:48:24] Gen 0474 | Mejor fitness: 0.810707 | Promedio: 0.810244
[2026-05-13 12:48:24] Gen 0475 | Mejor fitness: 0.810707 | Promedio: 0.810269
[2026-05-13 12:48:24] Gen 0476 | Mejor fitness: 0.810707 | Promedio: 0.810055
[2026-05-13 12:48:24] Gen 0477 | Mejor fitness: 0.810707 | Promedio: 0.810224
[2026-05-13 12:48:24] Gen 0478 | Mejor fitness: 0.810707 | Promedio: 0.810115
[2026-05-13 12:48:24] Gen 0479 | Mejor fitness: 0.810707 | Promedio: 0.809930
[2026-05-13 12:48:24] Gen 0480 | Mejor fitness: 0.810707 | Promedio: 0.809895
[2026-05-13 12:48:24] Gen 0481 | Mejor fitness: 0.810707 | Promedio: 0.810104
[2026-05-13 12:48:24] Gen 0482 | Mejor fitness: 0.810707 | Promedio: 0.810151
[2026-05-13 12:48:24] Gen 0483 | Mejor fitness: 0.810707 | Promedio: 0.810059
[2026-05-13 12:48:24] Gen 0484 | Mejor fitness: 0.810707 | Promedio: 0.810048
[2026-05-13 12:48:24] Gen 0485 | Mejor fitness: 0.810707 | Promedio: 0.810011
[2026-05-13 12:48:24] Gen 0486 | Mejor fitness: 0.810707 | Promedio: 0.810015
[2026-05-13 12:48:24] Gen 0487 | Mejor fitness: 0.810707 | Promedio: 0.810097
[2026-05-13 12:48:24] Gen 0488 | Mejor fitness: 0.810707 | Promedio: 0.810212
[2026-05-13 12:48:24] Gen 0489 | Mejor fitness: 0.810707 | Promedio: 0.810176
[2026-05-13 12:48:24] Gen 0490 | Mejor fitness: 0.810707 | Promedio: 0.810066
[2026-05-13 12:48:24] Gen 0491 | Mejor fitness: 0.810707 | Promedio: 0.810167
[2026-05-13 12:48:24] Gen 0492 | Mejor fitness: 0.810707 | Promedio: 0.810099
[2026-05-13 12:48:24] Gen 0493 | Mejor fitness: 0.810707 | Promedio: 0.810124
[2026-05-13 12:48:24] Gen 0494 | Mejor fitness: 0.810707 | Promedio: 0.810154
[2026-05-13 12:48:24] Gen 0495 | Mejor fitness: 0.810707 | Promedio: 0.810052
[2026-05-13 12:48:24] Gen 0496 | Mejor fitness: 0.810707 | Promedio: 0.810257
[2026-05-13 12:48:24] Gen 0497 | Mejor fitness: 0.810707 | Promedio: 0.810090
[2026-05-13 12:48:24] Gen 0498 | Mejor fitness: 0.810707 | Promedio: 0.810159
[2026-05-13 12:48:24] Gen 0499 | Mejor fitness: 0.810707 | Promedio: 0.810020
[2026-05-13 12:48:24] Gen 0500 | Mejor fitness: 0.810707 | Promedio: 0.810155
[2026-05-13 12:48:24] --- Resultado final ---
[2026-05-13 12:48:24] Fitness final     : 0.810707
[2026-05-13 12:48:24]
[2026-05-13 12:48:24] Parámetros óptimos:
[2026-05-13 12:48:24]   Temp. Extrusión : 239.5 °C
[2026-05-13 12:48:24]   Temp. Cama      : 110.0 °C
[2026-05-13 12:48:24]   Velocidad       : 38.2 mm/s
[2026-05-13 12:48:24]   Altura de Capa  : 0.163 mm
[2026-05-13 12:48:24]   Relleno         : 40.3 %
[2026-05-13 12:48:24]   Ventilador      : 0.0 %
[2026-05-13 12:48:24]   Perímetros      : 5 u
[2026-05-13 12:48:24]
[2026-05-13 12:48:24] Desglose fitness:
[2026-05-13 12:48:24]   Calidad       : 0.7969
[2026-05-13 12:48:24]   Resistencia   : 0.8928
[2026-05-13 12:48:24]   Velocidad     : 0.8024
[2026-05-13 12:48:24]   Ahorro        : 0.5639
[2026-05-13 12:48:24]   Fitness       : 0.8107
[2026-05-13 12:48:24] =======================================================
