[2026-05-13 12:48:34] =======================================================
[2026-05-13 12:48:34] NUEVA EJECUCIÓN
[2026-05-13 12:48:34] Material          : ABS
[2026-05-13 12:48:34] Perfil            : Rápido
[2026-05-13 12:48:34] Tamaño población  : 200
[2026-05-13 12:48:34] Generaciones      : 500
[2026-05-13 12:48:34] Tasa cruce        : 0.8
[2026-05-13 12:48:34] Tasa mutación     : 0.1
[2026-05-13 12:48:34] Torneo K          : 3
[2026-05-13 12:48:34] --- Evolución ---
[2026-05-13 12:48:34] Gen 0001 | Mejor fitness: 0.863186 | Promedio: 0.799237
[2026-05-13 12:48:34] Gen 0002 | Mejor fitness: 0.865153 | Promedio: 0.836305
[2026-05-13 12:48:34] Gen 0003 | Mejor fitness: 0.871721 | Promedio: 0.852053
[2026-05-13 12:48:34] Gen 0004 | Mejor fitness: 0.874240 | Promedio: 0.860341
[2026-05-13 12:48:34] Gen 0005 | Mejor fitness: 0.877550 | Promedio: 0.865606
[2026-05-13 12:48:34] Gen 0006 | Mejor fitness: 0.880217 | Promedio: 0.869830
[2026-05-13 12:48:34] Gen 0007 | Mejor fitness: 0.881011 | Promedio: 0.873415
[2026-05-13 12:48:34] Gen 0008 | Mejor fitness: 0.881846 | Promedio: 0.876192
[2026-05-13 12:48:34] Gen 0009 | Mejor fitness: 0.882525 | Promedio: 0.878490
[2026-05-13 12:48:34] Gen 0010 | Mejor fitness: 0.882542 | Promedio: 0.879971
[2026-05-13 12:48:34] Gen 0011 | Mejor fitness: 0.883209 | Promedio: 0.880964
[2026-05-13 12:48:34] Gen 0012 | Mejor fitness: 0.883265 | Promedio: 0.881607
[2026-05-13 12:48:34] Gen 0013 | Mejor fitness: 0.883444 | Promedio: 0.882142
[2026-05-13 12:48:34] Gen 0014 | Mejor fitness: 0.883661 | Promedio: 0.882558
[2026-05-13 12:48:34] Gen 0015 | Mejor fitness: 0.883721 | Promedio: 0.882905
[2026-05-13 12:48:34] Gen 0016 | Mejor fitness: 0.883721 | Promedio: 0.883182
[2026-05-13 12:48:34] Gen 0017 | Mejor fitness: 0.883774 | Promedio: 0.883170
[2026-05-13 12:48:34] Gen 0018 | Mejor fitness: 0.883817 | Promedio: 0.883199
[2026-05-13 12:48:34] Gen 0019 | Mejor fitness: 0.883830 | Promedio: 0.883490
[2026-05-13 12:48:34] Gen 0020 | Mejor fitness: 0.883864 | Promedio: 0.883366
[2026-05-13 12:48:34] Gen 0021 | Mejor fitness: 0.883864 | Promedio: 0.883569
[2026-05-13 12:48:34] Gen 0022 | Mejor fitness: 0.883875 | Promedio: 0.883640
[2026-05-13 12:48:34] Gen 0023 | Mejor fitness: 0.883881 | Promedio: 0.883600
[2026-05-13 12:48:34] Gen 0024 | Mejor fitness: 0.883882 | Promedio: 0.883553
[2026-05-13 12:48:34] Gen 0025 | Mejor fitness: 0.883886 | Promedio: 0.883536
[2026-05-13 12:48:34] Gen 0026 | Mejor fitness: 0.883886 | Promedio: 0.883665
[2026-05-13 12:48:34] Gen 0027 | Mejor fitness: 0.883887 | Promedio: 0.883598
[2026-05-13 12:48:34] Gen 0028 | Mejor fitness: 0.883887 | Promedio: 0.883652
[2026-05-13 12:48:34] Gen 0029 | Mejor fitness: 0.883887 | Promedio: 0.883638
[2026-05-13 12:48:34] Gen 0030 | Mejor fitness: 0.883888 | Promedio: 0.883597
[2026-05-13 12:48:34] Gen 0031 | Mejor fitness: 0.883888 | Promedio: 0.883533
[2026-05-13 12:48:34] Gen 0032 | Mejor fitness: 0.883888 | Promedio: 0.883665
[2026-05-13 12:48:34] Gen 0033 | Mejor fitness: 0.883888 | Promedio: 0.883715
[2026-05-13 12:48:34] Gen 0034 | Mejor fitness: 0.883888 | Promedio: 0.883714
[2026-05-13 12:48:34] Gen 0035 | Mejor fitness: 0.883888 | Promedio: 0.883755
[2026-05-13 12:48:34] Gen 0036 | Mejor fitness: 0.883888 | Promedio: 0.883699
[2026-05-13 12:48:34] Gen 0037 | Mejor fitness: 0.883890 | Promedio: 0.883693
[2026-05-13 12:48:34] Gen 0038 | Mejor fitness: 0.883890 | Promedio: 0.883587
[2026-05-13 12:48:34] Gen 0039 | Mejor fitness: 0.883890 | Promedio: 0.883710
[2026-05-13 12:48:34] Gen 0040 | Mejor fitness: 0.883890 | Promedio: 0.883589
[2026-05-13 12:48:34] Gen 0041 | Mejor fitness: 0.883890 | Promedio: 0.883645
[2026-05-13 12:48:34] Gen 0042 | Mejor fitness: 0.883890 | Promedio: 0.883538
[2026-05-13 12:48:34] Gen 0043 | Mejor fitness: 0.883890 | Promedio: 0.883639
[2026-05-13 12:48:34] Gen 0044 | Mejor fitness: 0.883890 | Promedio: 0.883468
[2026-05-13 12:48:34] Gen 0045 | Mejor fitness: 0.883890 | Promedio: 0.883553
[2026-05-13 12:48:34] Gen 0046 | Mejor fitness: 0.883890 | Promedio: 0.883710
[2026-05-13 12:48:34] Gen 0047 | Mejor fitness: 0.883890 | Promedio: 0.883660
[2026-05-13 12:48:34] Gen 0048 | Mejor fitness: 0.883890 | Promedio: 0.883683
[2026-05-13 12:48:34] Gen 0049 | Mejor fitness: 0.883890 | Promedio: 0.883524
[2026-05-13 12:48:34] Gen 0050 | Mejor fitness: 0.883890 | Promedio: 0.883636
[2026-05-13 12:48:34] Gen 0051 | Mejor fitness: 0.883890 | Promedio: 0.883545
[2026-05-13 12:48:34] Gen 0052 | Mejor fitness: 0.883890 | Promedio: 0.883610
[2026-05-13 12:48:34] Gen 0053 | Mejor fitness: 0.883890 | Promedio: 0.883663
[2026-05-13 12:48:34] Gen 0054 | Mejor fitness: 0.883890 | Promedio: 0.883730
[2026-05-13 12:48:34] Gen 0055 | Mejor fitness: 0.883890 | Promedio: 0.883722
[2026-05-13 12:48:34] Gen 0056 | Mejor fitness: 0.883890 | Promedio: 0.883450
[2026-05-13 12:48:34] Gen 0057 | Mejor fitness: 0.883890 | Promedio: 0.883694
[2026-05-13 12:48:34] Gen 0058 | Mejor fitness: 0.883890 | Promedio: 0.883636
[2026-05-13 12:48:34] Gen 0059 | Mejor fitness: 0.883892 | Promedio: 0.883616
[2026-05-13 12:48:34] Gen 0060 | Mejor fitness: 0.883892 | Promedio: 0.883553
[2026-05-13 12:48:34] Gen 0061 | Mejor fitness: 0.883892 | Promedio: 0.883565
[2026-05-13 12:48:34] Gen 0062 | Mejor fitness: 0.883892 | Promedio: 0.883511
[2026-05-13 12:48:34] Gen 0063 | Mejor fitness: 0.883892 | Promedio: 0.883554
[2026-05-13 12:48:34] Gen 0064 | Mejor fitness: 0.883892 | Promedio: 0.883654
[2026-05-13 12:48:34] Gen 0065 | Mejor fitness: 0.883892 | Promedio: 0.883416
[2026-05-13 12:48:34] Gen 0066 | Mejor fitness: 0.883892 | Promedio: 0.883612
[2026-05-13 12:48:34] Gen 0067 | Mejor fitness: 0.883892 | Promedio: 0.883707
[2026-05-13 12:48:34] Gen 0068 | Mejor fitness: 0.883892 | Promedio: 0.883674
[2026-05-13 12:48:34] Gen 0069 | Mejor fitness: 0.883892 | Promedio: 0.883638
[2026-05-13 12:48:34] Gen 0070 | Mejor fitness: 0.883892 | Promedio: 0.883696
[2026-05-13 12:48:34] Gen 0071 | Mejor fitness: 0.883892 | Promedio: 0.883473
[2026-05-13 12:48:34] Gen 0072 | Mejor fitness: 0.883892 | Promedio: 0.883577
[2026-05-13 12:48:34] Gen 0073 | Mejor fitness: 0.883892 | Promedio: 0.883613
[2026-05-13 12:48:34] Gen 0074 | Mejor fitness: 0.883892 | Promedio: 0.883622
[2026-05-13 12:48:34] Gen 0075 | Mejor fitness: 0.883892 | Promedio: 0.883592
[2026-05-13 12:48:34] Gen 0076 | Mejor fitness: 0.883892 | Promedio: 0.883726
[2026-05-13 12:48:34] Gen 0077 | Mejor fitness: 0.883892 | Promedio: 0.883657
[2026-05-13 12:48:34] Gen 0078 | Mejor fitness: 0.883892 | Promedio: 0.883630
[2026-05-13 12:48:34] Gen 0079 | Mejor fitness: 0.883892 | Promedio: 0.883487
[2026-05-13 12:48:34] Gen 0080 | Mejor fitness: 0.883892 | Promedio: 0.883608
[2026-05-13 12:48:34] Gen 0081 | Mejor fitness: 0.883892 | Promedio: 0.883625
[2026-05-13 12:48:34] Gen 0082 | Mejor fitness: 0.883892 | Promedio: 0.883528
[2026-05-13 12:48:34] Gen 0083 | Mejor fitness: 0.883892 | Promedio: 0.883640
[2026-05-13 12:48:34] Gen 0084 | Mejor fitness: 0.883892 | Promedio: 0.883664
[2026-05-13 12:48:34] Gen 0085 | Mejor fitness: 0.883892 | Promedio: 0.883682
[2026-05-13 12:48:34] Gen 0086 | Mejor fitness: 0.883892 | Promedio: 0.883739
[2026-05-13 12:48:34] Gen 0087 | Mejor fitness: 0.883892 | Promedio: 0.883574
[2026-05-13 12:48:34] Gen 0088 | Mejor fitness: 0.883892 | Promedio: 0.883547
[2026-05-13 12:48:34] Gen 0089 | Mejor fitness: 0.883892 | Promedio: 0.883365
[2026-05-13 12:48:34] Gen 0090 | Mejor fitness: 0.883892 | Promedio: 0.883602
[2026-05-13 12:48:34] Gen 0091 | Mejor fitness: 0.883892 | Promedio: 0.883528
[2026-05-13 12:48:34] Gen 0092 | Mejor fitness: 0.883892 | Promedio: 0.883621
[2026-05-13 12:48:34] Gen 0093 | Mejor fitness: 0.883892 | Promedio: 0.883655
[2026-05-13 12:48:34] Gen 0094 | Mejor fitness: 0.883892 | Promedio: 0.883569
[2026-05-13 12:48:34] Gen 0095 | Mejor fitness: 0.883892 | Promedio: 0.883495
[2026-05-13 12:48:34] Gen 0096 | Mejor fitness: 0.883892 | Promedio: 0.883664
[2026-05-13 12:48:34] Gen 0097 | Mejor fitness: 0.883892 | Promedio: 0.883686
[2026-05-13 12:48:34] Gen 0098 | Mejor fitness: 0.883892 | Promedio: 0.883718
[2026-05-13 12:48:34] Gen 0099 | Mejor fitness: 0.883892 | Promedio: 0.883693
[2026-05-13 12:48:34] Gen 0100 | Mejor fitness: 0.883892 | Promedio: 0.883688
[2026-05-13 12:48:34] Gen 0101 | Mejor fitness: 0.883892 | Promedio: 0.883684
[2026-05-13 12:48:34] Gen 0102 | Mejor fitness: 0.883892 | Promedio: 0.883672
[2026-05-13 12:48:34] Gen 0103 | Mejor fitness: 0.883892 | Promedio: 0.883555
[2026-05-13 12:48:34] Gen 0104 | Mejor fitness: 0.883892 | Promedio: 0.883714
[2026-05-13 12:48:34] Gen 0105 | Mejor fitness: 0.883892 | Promedio: 0.883672
[2026-05-13 12:48:34] Gen 0106 | Mejor fitness: 0.883892 | Promedio: 0.883665
[2026-05-13 12:48:34] Gen 0107 | Mejor fitness: 0.883892 | Promedio: 0.883739
[2026-05-13 12:48:34] Gen 0108 | Mejor fitness: 0.883892 | Promedio: 0.883510
[2026-05-13 12:48:34] Gen 0109 | Mejor fitness: 0.883892 | Promedio: 0.883628
[2026-05-13 12:48:34] Gen 0110 | Mejor fitness: 0.883892 | Promedio: 0.883657
[2026-05-13 12:48:34] Gen 0111 | Mejor fitness: 0.883892 | Promedio: 0.883661
[2026-05-13 12:48:34] Gen 0112 | Mejor fitness: 0.883892 | Promedio: 0.883697
[2026-05-13 12:48:34] Gen 0113 | Mejor fitness: 0.883892 | Promedio: 0.883581
[2026-05-13 12:48:34] Gen 0114 | Mejor fitness: 0.883892 | Promedio: 0.883514
[2026-05-13 12:48:34] Gen 0115 | Mejor fitness: 0.883892 | Promedio: 0.883567
[2026-05-13 12:48:34] Gen 0116 | Mejor fitness: 0.883892 | Promedio: 0.883596
[2026-05-13 12:48:34] Gen 0117 | Mejor fitness: 0.883892 | Promedio: 0.883722
[2026-05-13 12:48:34] Gen 0118 | Mejor fitness: 0.883892 | Promedio: 0.883696
[2026-05-13 12:48:34] Gen 0119 | Mejor fitness: 0.883892 | Promedio: 0.883753
[2026-05-13 12:48:34] Gen 0120 | Mejor fitness: 0.883892 | Promedio: 0.883625
[2026-05-13 12:48:34] Gen 0121 | Mejor fitness: 0.883892 | Promedio: 0.883717
[2026-05-13 12:48:34] Gen 0122 | Mejor fitness: 0.883892 | Promedio: 0.883548
[2026-05-13 12:48:34] Gen 0123 | Mejor fitness: 0.883892 | Promedio: 0.883750
[2026-05-13 12:48:34] Gen 0124 | Mejor fitness: 0.883892 | Promedio: 0.883675
[2026-05-13 12:48:34] Gen 0125 | Mejor fitness: 0.883892 | Promedio: 0.883635
[2026-05-13 12:48:34] Gen 0126 | Mejor fitness: 0.883892 | Promedio: 0.883747
[2026-05-13 12:48:34] Gen 0127 | Mejor fitness: 0.883892 | Promedio: 0.883573
[2026-05-13 12:48:34] Gen 0128 | Mejor fitness: 0.883892 | Promedio: 0.883569
[2026-05-13 12:48:34] Gen 0129 | Mejor fitness: 0.883892 | Promedio: 0.883703
[2026-05-13 12:48:34] Gen 0130 | Mejor fitness: 0.883892 | Promedio: 0.883609
[2026-05-13 12:48:34] Gen 0131 | Mejor fitness: 0.883892 | Promedio: 0.883572
[2026-05-13 12:48:34] Gen 0132 | Mejor fitness: 0.883892 | Promedio: 0.883555
[2026-05-13 12:48:34] Gen 0133 | Mejor fitness: 0.883892 | Promedio: 0.883502
[2026-05-13 12:48:34] Gen 0134 | Mejor fitness: 0.883892 | Promedio: 0.883769
[2026-05-13 12:48:34] Gen 0135 | Mejor fitness: 0.883892 | Promedio: 0.883678
[2026-05-13 12:48:34] Gen 0136 | Mejor fitness: 0.883892 | Promedio: 0.883614
[2026-05-13 12:48:34] Gen 0137 | Mejor fitness: 0.883892 | Promedio: 0.883720
[2026-05-13 12:48:34] Gen 0138 | Mejor fitness: 0.883892 | Promedio: 0.883591
[2026-05-13 12:48:34] Gen 0139 | Mejor fitness: 0.883892 | Promedio: 0.883746
[2026-05-13 12:48:34] Gen 0140 | Mejor fitness: 0.883892 | Promedio: 0.883512
[2026-05-13 12:48:34] Gen 0141 | Mejor fitness: 0.883892 | Promedio: 0.883732
[2026-05-13 12:48:34] Gen 0142 | Mejor fitness: 0.883892 | Promedio: 0.883710
[2026-05-13 12:48:34] Gen 0143 | Mejor fitness: 0.883892 | Promedio: 0.883666
[2026-05-13 12:48:34] Gen 0144 | Mejor fitness: 0.883892 | Promedio: 0.883700
[2026-05-13 12:48:34] Gen 0145 | Mejor fitness: 0.883892 | Promedio: 0.883711
[2026-05-13 12:48:34] Gen 0146 | Mejor fitness: 0.883892 | Promedio: 0.883532
[2026-05-13 12:48:34] Gen 0147 | Mejor fitness: 0.883892 | Promedio: 0.883519
[2026-05-13 12:48:34] Gen 0148 | Mejor fitness: 0.883892 | Promedio: 0.883617
[2026-05-13 12:48:34] Gen 0149 | Mejor fitness: 0.883892 | Promedio: 0.883624
[2026-05-13 12:48:34] Gen 0150 | Mejor fitness: 0.883892 | Promedio: 0.883554
[2026-05-13 12:48:34] Gen 0151 | Mejor fitness: 0.883892 | Promedio: 0.883727
[2026-05-13 12:48:34] Gen 0152 | Mejor fitness: 0.883892 | Promedio: 0.883661
[2026-05-13 12:48:34] Gen 0153 | Mejor fitness: 0.883892 | Promedio: 0.883622
[2026-05-13 12:48:34] Gen 0154 | Mejor fitness: 0.883892 | Promedio: 0.883692
[2026-05-13 12:48:34] Gen 0155 | Mejor fitness: 0.883892 | Promedio: 0.883662
[2026-05-13 12:48:34] Gen 0156 | Mejor fitness: 0.883892 | Promedio: 0.883589
[2026-05-13 12:48:34] Gen 0157 | Mejor fitness: 0.883892 | Promedio: 0.883715
[2026-05-13 12:48:34] Gen 0158 | Mejor fitness: 0.883892 | Promedio: 0.883663
[2026-05-13 12:48:34] Gen 0159 | Mejor fitness: 0.883892 | Promedio: 0.883542
[2026-05-13 12:48:34] Gen 0160 | Mejor fitness: 0.883892 | Promedio: 0.883707
[2026-05-13 12:48:34] Gen 0161 | Mejor fitness: 0.883892 | Promedio: 0.883584
[2026-05-13 12:48:34] Gen 0162 | Mejor fitness: 0.883892 | Promedio: 0.883579
[2026-05-13 12:48:34] Gen 0163 | Mejor fitness: 0.883892 | Promedio: 0.883638
[2026-05-13 12:48:34] Gen 0164 | Mejor fitness: 0.883892 | Promedio: 0.883690
[2026-05-13 12:48:34] Gen 0165 | Mejor fitness: 0.883892 | Promedio: 0.883559
[2026-05-13 12:48:34] Gen 0166 | Mejor fitness: 0.883892 | Promedio: 0.883579
[2026-05-13 12:48:34] Gen 0167 | Mejor fitness: 0.883892 | Promedio: 0.883654
[2026-05-13 12:48:34] Gen 0168 | Mejor fitness: 0.883892 | Promedio: 0.883722
[2026-05-13 12:48:34] Gen 0169 | Mejor fitness: 0.883892 | Promedio: 0.883591
[2026-05-13 12:48:34] Gen 0170 | Mejor fitness: 0.883892 | Promedio: 0.883649
[2026-05-13 12:48:34] Gen 0171 | Mejor fitness: 0.883892 | Promedio: 0.883587
[2026-05-13 12:48:34] Gen 0172 | Mejor fitness: 0.883892 | Promedio: 0.883590
[2026-05-13 12:48:34] Gen 0173 | Mejor fitness: 0.883892 | Promedio: 0.883605
[2026-05-13 12:48:34] Gen 0174 | Mejor fitness: 0.883892 | Promedio: 0.883634
[2026-05-13 12:48:34] Gen 0175 | Mejor fitness: 0.883892 | Promedio: 0.883556
[2026-05-13 12:48:34] Gen 0176 | Mejor fitness: 0.883892 | Promedio: 0.883674
[2026-05-13 12:48:34] Gen 0177 | Mejor fitness: 0.883892 | Promedio: 0.883693
[2026-05-13 12:48:34] Gen 0178 | Mejor fitness: 0.883892 | Promedio: 0.883678
[2026-05-13 12:48:34] Gen 0179 | Mejor fitness: 0.883892 | Promedio: 0.883671
[2026-05-13 12:48:34] Gen 0180 | Mejor fitness: 0.883892 | Promedio: 0.883592
[2026-05-13 12:48:34] Gen 0181 | Mejor fitness: 0.883892 | Promedio: 0.883731
[2026-05-13 12:48:34] Gen 0182 | Mejor fitness: 0.883892 | Promedio: 0.883683
[2026-05-13 12:48:34] Gen 0183 | Mejor fitness: 0.883892 | Promedio: 0.883648
[2026-05-13 12:48:34] Gen 0184 | Mejor fitness: 0.883892 | Promedio: 0.883692
[2026-05-13 12:48:34] Gen 0185 | Mejor fitness: 0.883892 | Promedio: 0.883448
[2026-05-13 12:48:34] Gen 0186 | Mejor fitness: 0.883892 | Promedio: 0.883685
[2026-05-13 12:48:34] Gen 0187 | Mejor fitness: 0.883892 | Promedio: 0.883588
[2026-05-13 12:48:34] Gen 0188 | Mejor fitness: 0.883892 | Promedio: 0.883541
[2026-05-13 12:48:34] Gen 0189 | Mejor fitness: 0.883892 | Promedio: 0.883570
[2026-05-13 12:48:35] Gen 0190 | Mejor fitness: 0.883892 | Promedio: 0.883565
[2026-05-13 12:48:35] Gen 0191 | Mejor fitness: 0.883892 | Promedio: 0.883709
[2026-05-13 12:48:35] Gen 0192 | Mejor fitness: 0.883892 | Promedio: 0.883587
[2026-05-13 12:48:35] Gen 0193 | Mejor fitness: 0.883892 | Promedio: 0.883586
[2026-05-13 12:48:35] Gen 0194 | Mejor fitness: 0.883892 | Promedio: 0.883721
[2026-05-13 12:48:35] Gen 0195 | Mejor fitness: 0.883892 | Promedio: 0.883536
[2026-05-13 12:48:35] Gen 0196 | Mejor fitness: 0.883892 | Promedio: 0.883674
[2026-05-13 12:48:35] Gen 0197 | Mejor fitness: 0.883892 | Promedio: 0.883665
[2026-05-13 12:48:35] Gen 0198 | Mejor fitness: 0.883892 | Promedio: 0.883620
[2026-05-13 12:48:35] Gen 0199 | Mejor fitness: 0.883892 | Promedio: 0.883637
[2026-05-13 12:48:35] Gen 0200 | Mejor fitness: 0.883892 | Promedio: 0.883569
[2026-05-13 12:48:35] Gen 0201 | Mejor fitness: 0.883892 | Promedio: 0.883622
[2026-05-13 12:48:35] Gen 0202 | Mejor fitness: 0.883892 | Promedio: 0.883711
[2026-05-13 12:48:35] Gen 0203 | Mejor fitness: 0.883892 | Promedio: 0.883668
[2026-05-13 12:48:35] Gen 0204 | Mejor fitness: 0.883892 | Promedio: 0.883680
[2026-05-13 12:48:35] Gen 0205 | Mejor fitness: 0.883892 | Promedio: 0.883659
[2026-05-13 12:48:35] Gen 0206 | Mejor fitness: 0.883892 | Promedio: 0.883628
[2026-05-13 12:48:35] Gen 0207 | Mejor fitness: 0.883892 | Promedio: 0.883623
[2026-05-13 12:48:35] Gen 0208 | Mejor fitness: 0.883892 | Promedio: 0.883534
[2026-05-13 12:48:35] Gen 0209 | Mejor fitness: 0.883892 | Promedio: 0.883690
[2026-05-13 12:48:35] Gen 0210 | Mejor fitness: 0.883892 | Promedio: 0.883662
[2026-05-13 12:48:35] Gen 0211 | Mejor fitness: 0.883892 | Promedio: 0.883556
[2026-05-13 12:48:35] Gen 0212 | Mejor fitness: 0.883892 | Promedio: 0.883537
[2026-05-13 12:48:35] Gen 0213 | Mejor fitness: 0.883892 | Promedio: 0.883516
[2026-05-13 12:48:35] Gen 0214 | Mejor fitness: 0.883892 | Promedio: 0.883555
[2026-05-13 12:48:35] Gen 0215 | Mejor fitness: 0.883892 | Promedio: 0.883610
[2026-05-13 12:48:35] Gen 0216 | Mejor fitness: 0.883892 | Promedio: 0.883633
[2026-05-13 12:48:35] Gen 0217 | Mejor fitness: 0.883892 | Promedio: 0.883722
[2026-05-13 12:48:35] Gen 0218 | Mejor fitness: 0.883892 | Promedio: 0.883605
[2026-05-13 12:48:35] Gen 0219 | Mejor fitness: 0.883892 | Promedio: 0.883572
[2026-05-13 12:48:35] Gen 0220 | Mejor fitness: 0.883892 | Promedio: 0.883631
[2026-05-13 12:48:35] Gen 0221 | Mejor fitness: 0.883892 | Promedio: 0.883641
[2026-05-13 12:48:35] Gen 0222 | Mejor fitness: 0.883892 | Promedio: 0.883670
[2026-05-13 12:48:35] Gen 0223 | Mejor fitness: 0.883892 | Promedio: 0.883679
[2026-05-13 12:48:35] Gen 0224 | Mejor fitness: 0.883892 | Promedio: 0.883689
[2026-05-13 12:48:35] Gen 0225 | Mejor fitness: 0.883892 | Promedio: 0.883539
[2026-05-13 12:48:35] Gen 0226 | Mejor fitness: 0.883892 | Promedio: 0.883685
[2026-05-13 12:48:35] Gen 0227 | Mejor fitness: 0.883892 | Promedio: 0.883655
[2026-05-13 12:48:35] Gen 0228 | Mejor fitness: 0.883892 | Promedio: 0.883729
[2026-05-13 12:48:35] Gen 0229 | Mejor fitness: 0.883892 | Promedio: 0.883740
[2026-05-13 12:48:35] Gen 0230 | Mejor fitness: 0.883892 | Promedio: 0.883501
[2026-05-13 12:48:35] Gen 0231 | Mejor fitness: 0.883892 | Promedio: 0.883607
[2026-05-13 12:48:35] Gen 0232 | Mejor fitness: 0.883892 | Promedio: 0.883579
[2026-05-13 12:48:35] Gen 0233 | Mejor fitness: 0.883892 | Promedio: 0.883638
[2026-05-13 12:48:35] Gen 0234 | Mejor fitness: 0.883892 | Promedio: 0.883592
[2026-05-13 12:48:35] Gen 0235 | Mejor fitness: 0.883892 | Promedio: 0.883666
[2026-05-13 12:48:35] Gen 0236 | Mejor fitness: 0.883892 | Promedio: 0.883645
[2026-05-13 12:48:35] Gen 0237 | Mejor fitness: 0.883892 | Promedio: 0.883715
[2026-05-13 12:48:35] Gen 0238 | Mejor fitness: 0.883892 | Promedio: 0.883637
[2026-05-13 12:48:35] Gen 0239 | Mejor fitness: 0.883892 | Promedio: 0.883669
[2026-05-13 12:48:35] Gen 0240 | Mejor fitness: 0.883892 | Promedio: 0.883684
[2026-05-13 12:48:35] Gen 0241 | Mejor fitness: 0.883892 | Promedio: 0.883535
[2026-05-13 12:48:35] Gen 0242 | Mejor fitness: 0.883892 | Promedio: 0.883652
[2026-05-13 12:48:35] Gen 0243 | Mejor fitness: 0.883892 | Promedio: 0.883552
[2026-05-13 12:48:35] Gen 0244 | Mejor fitness: 0.883892 | Promedio: 0.883340
[2026-05-13 12:48:35] Gen 0245 | Mejor fitness: 0.883892 | Promedio: 0.883660
[2026-05-13 12:48:35] Gen 0246 | Mejor fitness: 0.883892 | Promedio: 0.883528
[2026-05-13 12:48:35] Gen 0247 | Mejor fitness: 0.883892 | Promedio: 0.883725
[2026-05-13 12:48:35] Gen 0248 | Mejor fitness: 0.883892 | Promedio: 0.883616
[2026-05-13 12:48:35] Gen 0249 | Mejor fitness: 0.883892 | Promedio: 0.883578
[2026-05-13 12:48:35] Gen 0250 | Mejor fitness: 0.883892 | Promedio: 0.883657
[2026-05-13 12:48:35] Gen 0251 | Mejor fitness: 0.883892 | Promedio: 0.883596
[2026-05-13 12:48:35] Gen 0252 | Mejor fitness: 0.883892 | Promedio: 0.883575
[2026-05-13 12:48:35] Gen 0253 | Mejor fitness: 0.883892 | Promedio: 0.883626
[2026-05-13 12:48:35] Gen 0254 | Mejor fitness: 0.883892 | Promedio: 0.883698
[2026-05-13 12:48:35] Gen 0255 | Mejor fitness: 0.883892 | Promedio: 0.883728
[2026-05-13 12:48:35] Gen 0256 | Mejor fitness: 0.883892 | Promedio: 0.883680
[2026-05-13 12:48:35] Gen 0257 | Mejor fitness: 0.883892 | Promedio: 0.883486
[2026-05-13 12:48:35] Gen 0258 | Mejor fitness: 0.883892 | Promedio: 0.883682
[2026-05-13 12:48:35] Gen 0259 | Mejor fitness: 0.883892 | Promedio: 0.883724
[2026-05-13 12:48:35] Gen 0260 | Mejor fitness: 0.883892 | Promedio: 0.883672
[2026-05-13 12:48:35] Gen 0261 | Mejor fitness: 0.883892 | Promedio: 0.883651
[2026-05-13 12:48:35] Gen 0262 | Mejor fitness: 0.883892 | Promedio: 0.883631
[2026-05-13 12:48:35] Gen 0263 | Mejor fitness: 0.883892 | Promedio: 0.883703
[2026-05-13 12:48:35] Gen 0264 | Mejor fitness: 0.883892 | Promedio: 0.883666
[2026-05-13 12:48:35] Gen 0265 | Mejor fitness: 0.883892 | Promedio: 0.883648
[2026-05-13 12:48:35] Gen 0266 | Mejor fitness: 0.883892 | Promedio: 0.883431
[2026-05-13 12:48:35] Gen 0267 | Mejor fitness: 0.883892 | Promedio: 0.883525
[2026-05-13 12:48:35] Gen 0268 | Mejor fitness: 0.883892 | Promedio: 0.883592
[2026-05-13 12:48:35] Gen 0269 | Mejor fitness: 0.883892 | Promedio: 0.883554
[2026-05-13 12:48:35] Gen 0270 | Mejor fitness: 0.883892 | Promedio: 0.883681
[2026-05-13 12:48:35] Gen 0271 | Mejor fitness: 0.883892 | Promedio: 0.883541
[2026-05-13 12:48:35] Gen 0272 | Mejor fitness: 0.883892 | Promedio: 0.883645
[2026-05-13 12:48:35] Gen 0273 | Mejor fitness: 0.883892 | Promedio: 0.883717
[2026-05-13 12:48:35] Gen 0274 | Mejor fitness: 0.883892 | Promedio: 0.883676
[2026-05-13 12:48:35] Gen 0275 | Mejor fitness: 0.883892 | Promedio: 0.883604
[2026-05-13 12:48:35] Gen 0276 | Mejor fitness: 0.883892 | Promedio: 0.883727
[2026-05-13 12:48:35] Gen 0277 | Mejor fitness: 0.883892 | Promedio: 0.883659
[2026-05-13 12:48:35] Gen 0278 | Mejor fitness: 0.883892 | Promedio: 0.883652
[2026-05-13 12:48:35] Gen 0279 | Mejor fitness: 0.883892 | Promedio: 0.883696
[2026-05-13 12:48:35] Gen 0280 | Mejor fitness: 0.883892 | Promedio: 0.883657
[2026-05-13 12:48:35] Gen 0281 | Mejor fitness: 0.883892 | Promedio: 0.883607
[2026-05-13 12:48:35] Gen 0282 | Mejor fitness: 0.883892 | Promedio: 0.883646
[2026-05-13 12:48:35] Gen 0283 | Mejor fitness: 0.883892 | Promedio: 0.883574
[2026-05-13 12:48:35] Gen 0284 | Mejor fitness: 0.883892 | Promedio: 0.883664
[2026-05-13 12:48:35] Gen 0285 | Mejor fitness: 0.883892 | Promedio: 0.883613
[2026-05-13 12:48:35] Gen 0286 | Mejor fitness: 0.883892 | Promedio: 0.883435
[2026-05-13 12:48:35] Gen 0287 | Mejor fitness: 0.883892 | Promedio: 0.883533
[2026-05-13 12:48:35] Gen 0288 | Mejor fitness: 0.883892 | Promedio: 0.883561
[2026-05-13 12:48:35] Gen 0289 | Mejor fitness: 0.883892 | Promedio: 0.883637
[2026-05-13 12:48:35] Gen 0290 | Mejor fitness: 0.883892 | Promedio: 0.883732
[2026-05-13 12:48:35] Gen 0291 | Mejor fitness: 0.883892 | Promedio: 0.883536
[2026-05-13 12:48:35] Gen 0292 | Mejor fitness: 0.883892 | Promedio: 0.883681
[2026-05-13 12:48:35] Gen 0293 | Mejor fitness: 0.883892 | Promedio: 0.883652
[2026-05-13 12:48:35] Gen 0294 | Mejor fitness: 0.883892 | Promedio: 0.883691
[2026-05-13 12:48:35] Gen 0295 | Mejor fitness: 0.883892 | Promedio: 0.883603
[2026-05-13 12:48:35] Gen 0296 | Mejor fitness: 0.883892 | Promedio: 0.883711
[2026-05-13 12:48:35] Gen 0297 | Mejor fitness: 0.883892 | Promedio: 0.883559
[2026-05-13 12:48:35] Gen 0298 | Mejor fitness: 0.883892 | Promedio: 0.883621
[2026-05-13 12:48:35] Gen 0299 | Mejor fitness: 0.883892 | Promedio: 0.883524
[2026-05-13 12:48:35] Gen 0300 | Mejor fitness: 0.883892 | Promedio: 0.883507
[2026-05-13 12:48:35] Gen 0301 | Mejor fitness: 0.883892 | Promedio: 0.883599
[2026-05-13 12:48:35] Gen 0302 | Mejor fitness: 0.883892 | Promedio: 0.883632
[2026-05-13 12:48:35] Gen 0303 | Mejor fitness: 0.883892 | Promedio: 0.883638
[2026-05-13 12:48:35] Gen 0304 | Mejor fitness: 0.883892 | Promedio: 0.883502
[2026-05-13 12:48:35] Gen 0305 | Mejor fitness: 0.883892 | Promedio: 0.883616
[2026-05-13 12:48:35] Gen 0306 | Mejor fitness: 0.883892 | Promedio: 0.883582
[2026-05-13 12:48:35] Gen 0307 | Mejor fitness: 0.883892 | Promedio: 0.883710
[2026-05-13 12:48:35] Gen 0308 | Mejor fitness: 0.883892 | Promedio: 0.883727
[2026-05-13 12:48:35] Gen 0309 | Mejor fitness: 0.883892 | Promedio: 0.883690
[2026-05-13 12:48:35] Gen 0310 | Mejor fitness: 0.883892 | Promedio: 0.883686
[2026-05-13 12:48:35] Gen 0311 | Mejor fitness: 0.883892 | Promedio: 0.883715
[2026-05-13 12:48:35] Gen 0312 | Mejor fitness: 0.883892 | Promedio: 0.883684
[2026-05-13 12:48:35] Gen 0313 | Mejor fitness: 0.883892 | Promedio: 0.883632
[2026-05-13 12:48:35] Gen 0314 | Mejor fitness: 0.883892 | Promedio: 0.883560
[2026-05-13 12:48:35] Gen 0315 | Mejor fitness: 0.883892 | Promedio: 0.883585
[2026-05-13 12:48:35] Gen 0316 | Mejor fitness: 0.883892 | Promedio: 0.883671
[2026-05-13 12:48:35] Gen 0317 | Mejor fitness: 0.883892 | Promedio: 0.883589
[2026-05-13 12:48:35] Gen 0318 | Mejor fitness: 0.883892 | Promedio: 0.883550
[2026-05-13 12:48:35] Gen 0319 | Mejor fitness: 0.883892 | Promedio: 0.883593
[2026-05-13 12:48:35] Gen 0320 | Mejor fitness: 0.883892 | Promedio: 0.883506
[2026-05-13 12:48:35] Gen 0321 | Mejor fitness: 0.883892 | Promedio: 0.883671
[2026-05-13 12:48:35] Gen 0322 | Mejor fitness: 0.883892 | Promedio: 0.883702
[2026-05-13 12:48:35] Gen 0323 | Mejor fitness: 0.883892 | Promedio: 0.883705
[2026-05-13 12:48:35] Gen 0324 | Mejor fitness: 0.883892 | Promedio: 0.883595
[2026-05-13 12:48:35] Gen 0325 | Mejor fitness: 0.883892 | Promedio: 0.883558
[2026-05-13 12:48:35] Gen 0326 | Mejor fitness: 0.883892 | Promedio: 0.883607
[2026-05-13 12:48:35] Gen 0327 | Mejor fitness: 0.883892 | Promedio: 0.883598
[2026-05-13 12:48:35] Gen 0328 | Mejor fitness: 0.883892 | Promedio: 0.883564
[2026-05-13 12:48:35] Gen 0329 | Mejor fitness: 0.883892 | Promedio: 0.883608
[2026-05-13 12:48:35] Gen 0330 | Mejor fitness: 0.883892 | Promedio: 0.883470
[2026-05-13 12:48:35] Gen 0331 | Mejor fitness: 0.883892 | Promedio: 0.883591
[2026-05-13 12:48:35] Gen 0332 | Mejor fitness: 0.883892 | Promedio: 0.883703
[2026-05-13 12:48:35] Gen 0333 | Mejor fitness: 0.883892 | Promedio: 0.883592
[2026-05-13 12:48:35] Gen 0334 | Mejor fitness: 0.883892 | Promedio: 0.883632
[2026-05-13 12:48:35] Gen 0335 | Mejor fitness: 0.883892 | Promedio: 0.883663
[2026-05-13 12:48:35] Gen 0336 | Mejor fitness: 0.883892 | Promedio: 0.883677
[2026-05-13 12:48:35] Gen 0337 | Mejor fitness: 0.883892 | Promedio: 0.883654
[2026-05-13 12:48:35] Gen 0338 | Mejor fitness: 0.883892 | Promedio: 0.883654
[2026-05-13 12:48:35] Gen 0339 | Mejor fitness: 0.883892 | Promedio: 0.883559
[2026-05-13 12:48:35] Gen 0340 | Mejor fitness: 0.883892 | Promedio: 0.883649
[2026-05-13 12:48:35] Gen 0341 | Mejor fitness: 0.883892 | Promedio: 0.883623
[2026-05-13 12:48:35] Gen 0342 | Mejor fitness: 0.883892 | Promedio: 0.883577
[2026-05-13 12:48:35] Gen 0343 | Mejor fitness: 0.883892 | Promedio: 0.883578
[2026-05-13 12:48:35] Gen 0344 | Mejor fitness: 0.883892 | Promedio: 0.883551
[2026-05-13 12:48:35] Gen 0345 | Mejor fitness: 0.883892 | Promedio: 0.883647
[2026-05-13 12:48:35] Gen 0346 | Mejor fitness: 0.883892 | Promedio: 0.883558
[2026-05-13 12:48:35] Gen 0347 | Mejor fitness: 0.883892 | Promedio: 0.883589
[2026-05-13 12:48:35] Gen 0348 | Mejor fitness: 0.883892 | Promedio: 0.883684
[2026-05-13 12:48:35] Gen 0349 | Mejor fitness: 0.883892 | Promedio: 0.883507
[2026-05-13 12:48:35] Gen 0350 | Mejor fitness: 0.883892 | Promedio: 0.883690
[2026-05-13 12:48:35] Gen 0351 | Mejor fitness: 0.883892 | Promedio: 0.883603
[2026-05-13 12:48:35] Gen 0352 | Mejor fitness: 0.883892 | Promedio: 0.883660
[2026-05-13 12:48:35] Gen 0353 | Mejor fitness: 0.883892 | Promedio: 0.883664
[2026-05-13 12:48:35] Gen 0354 | Mejor fitness: 0.883892 | Promedio: 0.883643
[2026-05-13 12:48:35] Gen 0355 | Mejor fitness: 0.883892 | Promedio: 0.883609
[2026-05-13 12:48:35] Gen 0356 | Mejor fitness: 0.883892 | Promedio: 0.883611
[2026-05-13 12:48:35] Gen 0357 | Mejor fitness: 0.883892 | Promedio: 0.883689
[2026-05-13 12:48:35] Gen 0358 | Mejor fitness: 0.883892 | Promedio: 0.883529
[2026-05-13 12:48:35] Gen 0359 | Mejor fitness: 0.883892 | Promedio: 0.883638
[2026-05-13 12:48:35] Gen 0360 | Mejor fitness: 0.883892 | Promedio: 0.883600
[2026-05-13 12:48:35] Gen 0361 | Mejor fitness: 0.883892 | Promedio: 0.883673
[2026-05-13 12:48:35] Gen 0362 | Mejor fitness: 0.883892 | Promedio: 0.883705
[2026-05-13 12:48:35] Gen 0363 | Mejor fitness: 0.883892 | Promedio: 0.883659
[2026-05-13 12:48:35] Gen 0364 | Mejor fitness: 0.883892 | Promedio: 0.883743
[2026-05-13 12:48:35] Gen 0365 | Mejor fitness: 0.883892 | Promedio: 0.883597
[2026-05-13 12:48:35] Gen 0366 | Mejor fitness: 0.883892 | Promedio: 0.883727
[2026-05-13 12:48:35] Gen 0367 | Mejor fitness: 0.883892 | Promedio: 0.883580
[2026-05-13 12:48:35] Gen 0368 | Mejor fitness: 0.883892 | Promedio: 0.883725
[2026-05-13 12:48:35] Gen 0369 | Mejor fitness: 0.883892 | Promedio: 0.883724
[2026-05-13 12:48:35] Gen 0370 | Mejor fitness: 0.883892 | Promedio: 0.883788
[2026-05-13 12:48:35] Gen 0371 | Mejor fitness: 0.883892 | Promedio: 0.883683
[2026-05-13 12:48:35] Gen 0372 | Mejor fitness: 0.883892 | Promedio: 0.883692
[2026-05-13 12:48:35] Gen 0373 | Mejor fitness: 0.883892 | Promedio: 0.883710
[2026-05-13 12:48:35] Gen 0374 | Mejor fitness: 0.883892 | Promedio: 0.883605
[2026-05-13 12:48:35] Gen 0375 | Mejor fitness: 0.883892 | Promedio: 0.883645
[2026-05-13 12:48:35] Gen 0376 | Mejor fitness: 0.883892 | Promedio: 0.883652
[2026-05-13 12:48:35] Gen 0377 | Mejor fitness: 0.883892 | Promedio: 0.883679
[2026-05-13 12:48:35] Gen 0378 | Mejor fitness: 0.883892 | Promedio: 0.883724
[2026-05-13 12:48:35] Gen 0379 | Mejor fitness: 0.883892 | Promedio: 0.883682
[2026-05-13 12:48:35] Gen 0380 | Mejor fitness: 0.883892 | Promedio: 0.883679
[2026-05-13 12:48:35] Gen 0381 | Mejor fitness: 0.883892 | Promedio: 0.883603
[2026-05-13 12:48:35] Gen 0382 | Mejor fitness: 0.883892 | Promedio: 0.883623
[2026-05-13 12:48:35] Gen 0383 | Mejor fitness: 0.883892 | Promedio: 0.883644
[2026-05-13 12:48:35] Gen 0384 | Mejor fitness: 0.883892 | Promedio: 0.883708
[2026-05-13 12:48:35] Gen 0385 | Mejor fitness: 0.883892 | Promedio: 0.883609
[2026-05-13 12:48:35] Gen 0386 | Mejor fitness: 0.883892 | Promedio: 0.883693
[2026-05-13 12:48:35] Gen 0387 | Mejor fitness: 0.883892 | Promedio: 0.883629
[2026-05-13 12:48:35] Gen 0388 | Mejor fitness: 0.883892 | Promedio: 0.883753
[2026-05-13 12:48:35] Gen 0389 | Mejor fitness: 0.883892 | Promedio: 0.883686
[2026-05-13 12:48:35] Gen 0390 | Mejor fitness: 0.883892 | Promedio: 0.883705
[2026-05-13 12:48:35] Gen 0391 | Mejor fitness: 0.883892 | Promedio: 0.883598
[2026-05-13 12:48:35] Gen 0392 | Mejor fitness: 0.883892 | Promedio: 0.883691
[2026-05-13 12:48:35] Gen 0393 | Mejor fitness: 0.883892 | Promedio: 0.883672
[2026-05-13 12:48:35] Gen 0394 | Mejor fitness: 0.883892 | Promedio: 0.883523
[2026-05-13 12:48:35] Gen 0395 | Mejor fitness: 0.883892 | Promedio: 0.883634
[2026-05-13 12:48:35] Gen 0396 | Mejor fitness: 0.883892 | Promedio: 0.883627
[2026-05-13 12:48:35] Gen 0397 | Mejor fitness: 0.883892 | Promedio: 0.883474
[2026-05-13 12:48:35] Gen 0398 | Mejor fitness: 0.883892 | Promedio: 0.883640
[2026-05-13 12:48:35] Gen 0399 | Mejor fitness: 0.883892 | Promedio: 0.883685
[2026-05-13 12:48:35] Gen 0400 | Mejor fitness: 0.883892 | Promedio: 0.883542
[2026-05-13 12:48:35] Gen 0401 | Mejor fitness: 0.883892 | Promedio: 0.883596
[2026-05-13 12:48:35] Gen 0402 | Mejor fitness: 0.883892 | Promedio: 0.883684
[2026-05-13 12:48:35] Gen 0403 | Mejor fitness: 0.883892 | Promedio: 0.883603
[2026-05-13 12:48:35] Gen 0404 | Mejor fitness: 0.883892 | Promedio: 0.883646
[2026-05-13 12:48:35] Gen 0405 | Mejor fitness: 0.883892 | Promedio: 0.883616
[2026-05-13 12:48:35] Gen 0406 | Mejor fitness: 0.883892 | Promedio: 0.883658
[2026-05-13 12:48:35] Gen 0407 | Mejor fitness: 0.883892 | Promedio: 0.883563
[2026-05-13 12:48:35] Gen 0408 | Mejor fitness: 0.883892 | Promedio: 0.883729
[2026-05-13 12:48:35] Gen 0409 | Mejor fitness: 0.883892 | Promedio: 0.883524
[2026-05-13 12:48:35] Gen 0410 | Mejor fitness: 0.883892 | Promedio: 0.883703
[2026-05-13 12:48:35] Gen 0411 | Mejor fitness: 0.883892 | Promedio: 0.883595
[2026-05-13 12:48:35] Gen 0412 | Mejor fitness: 0.883892 | Promedio: 0.883730
[2026-05-13 12:48:35] Gen 0413 | Mejor fitness: 0.883892 | Promedio: 0.883643
[2026-05-13 12:48:35] Gen 0414 | Mejor fitness: 0.883892 | Promedio: 0.883558
[2026-05-13 12:48:35] Gen 0415 | Mejor fitness: 0.883892 | Promedio: 0.883600
[2026-05-13 12:48:35] Gen 0416 | Mejor fitness: 0.883892 | Promedio: 0.883584
[2026-05-13 12:48:35] Gen 0417 | Mejor fitness: 0.883892 | Promedio: 0.883499
[2026-05-13 12:48:35] Gen 0418 | Mejor fitness: 0.883892 | Promedio: 0.883635
[2026-05-13 12:48:35] Gen 0419 | Mejor fitness: 0.883892 | Promedio: 0.883560
[2026-05-13 12:48:35] Gen 0420 | Mejor fitness: 0.883892 | Promedio: 0.883616
[2026-05-13 12:48:35] Gen 0421 | Mejor fitness: 0.883892 | Promedio: 0.883664
[2026-05-13 12:48:35] Gen 0422 | Mejor fitness: 0.883892 | Promedio: 0.883608
[2026-05-13 12:48:35] Gen 0423 | Mejor fitness: 0.883892 | Promedio: 0.883677
[2026-05-13 12:48:35] Gen 0424 | Mejor fitness: 0.883892 | Promedio: 0.883692
[2026-05-13 12:48:35] Gen 0425 | Mejor fitness: 0.883892 | Promedio: 0.883660
[2026-05-13 12:48:35] Gen 0426 | Mejor fitness: 0.883892 | Promedio: 0.883691
[2026-05-13 12:48:35] Gen 0427 | Mejor fitness: 0.883892 | Promedio: 0.883610
[2026-05-13 12:48:35] Gen 0428 | Mejor fitness: 0.883892 | Promedio: 0.883578
[2026-05-13 12:48:35] Gen 0429 | Mejor fitness: 0.883892 | Promedio: 0.883707
[2026-05-13 12:48:35] Gen 0430 | Mejor fitness: 0.883892 | Promedio: 0.883581
[2026-05-13 12:48:35] Gen 0431 | Mejor fitness: 0.883892 | Promedio: 0.883679
[2026-05-13 12:48:35] Gen 0432 | Mejor fitness: 0.883892 | Promedio: 0.883695
[2026-05-13 12:48:35] Gen 0433 | Mejor fitness: 0.883892 | Promedio: 0.883560
[2026-05-13 12:48:35] Gen 0434 | Mejor fitness: 0.883892 | Promedio: 0.883704
[2026-05-13 12:48:35] Gen 0435 | Mejor fitness: 0.883892 | Promedio: 0.883678
[2026-05-13 12:48:35] Gen 0436 | Mejor fitness: 0.883892 | Promedio: 0.883635
[2026-05-13 12:48:35] Gen 0437 | Mejor fitness: 0.883892 | Promedio: 0.883519
[2026-05-13 12:48:35] Gen 0438 | Mejor fitness: 0.883892 | Promedio: 0.883631
[2026-05-13 12:48:35] Gen 0439 | Mejor fitness: 0.883892 | Promedio: 0.883709
[2026-05-13 12:48:35] Gen 0440 | Mejor fitness: 0.883892 | Promedio: 0.883673
[2026-05-13 12:48:35] Gen 0441 | Mejor fitness: 0.883892 | Promedio: 0.883624
[2026-05-13 12:48:35] Gen 0442 | Mejor fitness: 0.883892 | Promedio: 0.883637
[2026-05-13 12:48:35] Gen 0443 | Mejor fitness: 0.883892 | Promedio: 0.883657
[2026-05-13 12:48:35] Gen 0444 | Mejor fitness: 0.883892 | Promedio: 0.883606
[2026-05-13 12:48:35] Gen 0445 | Mejor fitness: 0.883892 | Promedio: 0.883691
[2026-05-13 12:48:35] Gen 0446 | Mejor fitness: 0.883892 | Promedio: 0.883671
[2026-05-13 12:48:35] Gen 0447 | Mejor fitness: 0.883892 | Promedio: 0.883724
[2026-05-13 12:48:35] Gen 0448 | Mejor fitness: 0.883892 | Promedio: 0.883678
[2026-05-13 12:48:35] Gen 0449 | Mejor fitness: 0.883892 | Promedio: 0.883671
[2026-05-13 12:48:35] Gen 0450 | Mejor fitness: 0.883892 | Promedio: 0.883605
[2026-05-13 12:48:35] Gen 0451 | Mejor fitness: 0.883892 | Promedio: 0.883620
[2026-05-13 12:48:35] Gen 0452 | Mejor fitness: 0.883892 | Promedio: 0.883712
[2026-05-13 12:48:35] Gen 0453 | Mejor fitness: 0.883892 | Promedio: 0.883617
[2026-05-13 12:48:35] Gen 0454 | Mejor fitness: 0.883892 | Promedio: 0.883691
[2026-05-13 12:48:35] Gen 0455 | Mejor fitness: 0.883892 | Promedio: 0.883724
[2026-05-13 12:48:35] Gen 0456 | Mejor fitness: 0.883892 | Promedio: 0.883738
[2026-05-13 12:48:35] Gen 0457 | Mejor fitness: 0.883892 | Promedio: 0.883741
[2026-05-13 12:48:35] Gen 0458 | Mejor fitness: 0.883892 | Promedio: 0.883493
[2026-05-13 12:48:35] Gen 0459 | Mejor fitness: 0.883892 | Promedio: 0.883596
[2026-05-13 12:48:35] Gen 0460 | Mejor fitness: 0.883892 | Promedio: 0.883713
[2026-05-13 12:48:35] Gen 0461 | Mejor fitness: 0.883892 | Promedio: 0.883623
[2026-05-13 12:48:35] Gen 0462 | Mejor fitness: 0.883892 | Promedio: 0.883712
[2026-05-13 12:48:35] Gen 0463 | Mejor fitness: 0.883892 | Promedio: 0.883590
[2026-05-13 12:48:35] Gen 0464 | Mejor fitness: 0.883892 | Promedio: 0.883540
[2026-05-13 12:48:35] Gen 0465 | Mejor fitness: 0.883892 | Promedio: 0.883504
[2026-05-13 12:48:35] Gen 0466 | Mejor fitness: 0.883892 | Promedio: 0.883617
[2026-05-13 12:48:35] Gen 0467 | Mejor fitness: 0.883892 | Promedio: 0.883644
[2026-05-13 12:48:35] Gen 0468 | Mejor fitness: 0.883892 | Promedio: 0.883671
[2026-05-13 12:48:35] Gen 0469 | Mejor fitness: 0.883892 | Promedio: 0.883555
[2026-05-13 12:48:35] Gen 0470 | Mejor fitness: 0.883892 | Promedio: 0.883648
[2026-05-13 12:48:35] Gen 0471 | Mejor fitness: 0.883892 | Promedio: 0.883632
[2026-05-13 12:48:35] Gen 0472 | Mejor fitness: 0.883892 | Promedio: 0.883592
[2026-05-13 12:48:35] Gen 0473 | Mejor fitness: 0.883892 | Promedio: 0.883626
[2026-05-13 12:48:35] Gen 0474 | Mejor fitness: 0.883892 | Promedio: 0.883545
[2026-05-13 12:48:35] Gen 0475 | Mejor fitness: 0.883892 | Promedio: 0.883549
[2026-05-13 12:48:35] Gen 0476 | Mejor fitness: 0.883892 | Promedio: 0.883514
[2026-05-13 12:48:35] Gen 0477 | Mejor fitness: 0.883892 | Promedio: 0.883735
[2026-05-13 12:48:35] Gen 0478 | Mejor fitness: 0.883892 | Promedio: 0.883757
[2026-05-13 12:48:35] Gen 0479 | Mejor fitness: 0.883892 | Promedio: 0.883499
[2026-05-13 12:48:35] Gen 0480 | Mejor fitness: 0.883892 | Promedio: 0.883648
[2026-05-13 12:48:35] Gen 0481 | Mejor fitness: 0.883892 | Promedio: 0.883638
[2026-05-13 12:48:35] Gen 0482 | Mejor fitness: 0.883892 | Promedio: 0.883639
[2026-05-13 12:48:35] Gen 0483 | Mejor fitness: 0.883892 | Promedio: 0.883679
[2026-05-13 12:48:35] Gen 0484 | Mejor fitness: 0.883892 | Promedio: 0.883636
[2026-05-13 12:48:35] Gen 0485 | Mejor fitness: 0.883892 | Promedio: 0.883624
[2026-05-13 12:48:35] Gen 0486 | Mejor fitness: 0.883892 | Promedio: 0.883641
[2026-05-13 12:48:35] Gen 0487 | Mejor fitness: 0.883892 | Promedio: 0.883531
[2026-05-13 12:48:35] Gen 0488 | Mejor fitness: 0.883892 | Promedio: 0.883677
[2026-05-13 12:48:35] Gen 0489 | Mejor fitness: 0.883892 | Promedio: 0.883642
[2026-05-13 12:48:35] Gen 0490 | Mejor fitness: 0.883892 | Promedio: 0.883669
[2026-05-13 12:48:35] Gen 0491 | Mejor fitness: 0.883892 | Promedio: 0.883706
[2026-05-13 12:48:35] Gen 0492 | Mejor fitness: 0.883892 | Promedio: 0.883559
[2026-05-13 12:48:35] Gen 0493 | Mejor fitness: 0.883892 | Promedio: 0.883589
[2026-05-13 12:48:35] Gen 0494 | Mejor fitness: 0.883892 | Promedio: 0.883571
[2026-05-13 12:48:35] Gen 0495 | Mejor fitness: 0.883892 | Promedio: 0.883659
[2026-05-13 12:48:35] Gen 0496 | Mejor fitness: 0.883892 | Promedio: 0.883656
[2026-05-13 12:48:35] Gen 0497 | Mejor fitness: 0.883892 | Promedio: 0.883484
[2026-05-13 12:48:35] Gen 0498 | Mejor fitness: 0.883892 | Promedio: 0.883652
[2026-05-13 12:48:35] Gen 0499 | Mejor fitness: 0.883892 | Promedio: 0.883609
[2026-05-13 12:48:35] Gen 0500 | Mejor fitness: 0.883892 | Promedio: 0.883644
[2026-05-13 12:48:35] --- Resultado final ---
[2026-05-13 12:48:35] Fitness final     : 0.883892
[2026-05-13 12:48:35]
[2026-05-13 12:48:35] Parámetros óptimos:
[2026-05-13 12:48:35]   Temp. Extrusión : 239.5 °C
[2026-05-13 12:48:35]   Temp. Cama      : 110.0 °C
[2026-05-13 12:48:35]   Velocidad       : 71.7 mm/s
[2026-05-13 12:48:35]   Altura de Capa  : 0.308 mm
[2026-05-13 12:48:35]   Relleno         : 11.4 %
[2026-05-13 12:48:35]   Ventilador      : 0.0 %
[2026-05-13 12:48:35]   Perímetros      : 2 u
[2026-05-13 12:48:35]
[2026-05-13 12:48:35] Desglose fitness:
[2026-05-13 12:48:35]   Calidad       : 0.4608
[2026-05-13 12:48:35]   Resistencia   : 0.6063
[2026-05-13 12:48:35]   Velocidad     : 0.9848
[2026-05-13 12:48:35]   Ahorro        : 0.9493
[2026-05-13 12:48:35]   Fitness       : 0.8839
[2026-05-13 12:48:35] =======================================================
