[2026-05-14 15:41:26] =======================================================
[2026-05-14 15:41:26] NUEVA EJECUCIÓN
[2026-05-14 15:41:26] Material          : PLA
[2026-05-14 15:41:26] Perfil            : Estético
[2026-05-14 15:41:26] Tamaño población  : 50
[2026-05-14 15:41:26] Generaciones      : 100
[2026-05-14 15:41:26] Tasa cruce        : 0.8
[2026-05-14 15:41:26] Tasa mutación     : 0.1
[2026-05-14 15:41:26] Torneo K          : 3
[2026-05-14 15:41:26] --- Evolución ---
[2026-05-14 15:41:26] Gen 0001 | Mejor fitness: 0.698915 | Promedio: 0.621014
[2026-05-14 15:41:26] Gen 0002 | Mejor fitness: 0.736567 | Promedio: 0.658437
[2026-05-14 15:41:26] Gen 0003 | Mejor fitness: 0.736567 | Promedio: 0.688630
[2026-05-14 15:41:26] Gen 0004 | Mejor fitness: 0.742774 | Promedio: 0.706752
[2026-05-14 15:41:26] Gen 0005 | Mejor fitness: 0.745831 | Promedio: 0.720727
[2026-05-14 15:41:26] Gen 0006 | Mejor fitness: 0.747192 | Promedio: 0.731804
[2026-05-14 15:41:26] Gen 0007 | Mejor fitness: 0.748546 | Promedio: 0.739631
[2026-05-14 15:41:26] Gen 0008 | Mejor fitness: 0.748546 | Promedio: 0.743940
[2026-05-14 15:41:26] Gen 0009 | Mejor fitness: 0.748875 | Promedio: 0.746395
[2026-05-14 15:41:26] Gen 0010 | Mejor fitness: 0.749543 | Promedio: 0.747573
[2026-05-14 15:41:26] Gen 0011 | Mejor fitness: 0.749543 | Promedio: 0.748024
[2026-05-14 15:41:26] Gen 0012 | Mejor fitness: 0.749688 | Promedio: 0.748334
[2026-05-14 15:41:26] Gen 0013 | Mejor fitness: 0.749894 | Promedio: 0.748656
[2026-05-14 15:41:26] Gen 0014 | Mejor fitness: 0.750107 | Promedio: 0.748750
[2026-05-14 15:41:26] Gen 0015 | Mejor fitness: 0.750107 | Promedio: 0.749211
[2026-05-14 15:41:26] Gen 0016 | Mejor fitness: 0.750107 | Promedio: 0.749470
[2026-05-14 15:41:26] Gen 0017 | Mejor fitness: 0.750107 | Promedio: 0.749293
[2026-05-14 15:41:26] Gen 0018 | Mejor fitness: 0.750107 | Promedio: 0.749181
[2026-05-14 15:41:26] Gen 0019 | Mejor fitness: 0.750107 | Promedio: 0.749307
[2026-05-14 15:41:26] Gen 0020 | Mejor fitness: 0.750108 | Promedio: 0.748939
[2026-05-14 15:41:26] Gen 0021 | Mejor fitness: 0.750108 | Promedio: 0.749844
[2026-05-14 15:41:26] Gen 0022 | Mejor fitness: 0.750120 | Promedio: 0.749287
[2026-05-14 15:41:26] Gen 0023 | Mejor fitness: 0.750120 | Promedio: 0.749796
[2026-05-14 15:41:26] Gen 0024 | Mejor fitness: 0.750124 | Promedio: 0.749703
[2026-05-14 15:41:26] Gen 0025 | Mejor fitness: 0.750124 | Promedio: 0.749532
[2026-05-14 15:41:26] Gen 0026 | Mejor fitness: 0.750124 | Promedio: 0.749595
[2026-05-14 15:41:26] Gen 0027 | Mejor fitness: 0.750187 | Promedio: 0.749459
[2026-05-14 15:41:26] Gen 0028 | Mejor fitness: 0.750187 | Promedio: 0.749256
[2026-05-14 15:41:26] Gen 0029 | Mejor fitness: 0.750187 | Promedio: 0.749502
[2026-05-14 15:41:26] Gen 0030 | Mejor fitness: 0.750187 | Promedio: 0.749539
[2026-05-14 15:41:26] Gen 0031 | Mejor fitness: 0.750286 | Promedio: 0.749772
[2026-05-14 15:41:26] Gen 0032 | Mejor fitness: 0.750286 | Promedio: 0.749623
[2026-05-14 15:41:26] Gen 0033 | Mejor fitness: 0.750286 | Promedio: 0.749416
[2026-05-14 15:41:26] Gen 0034 | Mejor fitness: 0.750286 | Promedio: 0.749800
[2026-05-14 15:41:26] Gen 0035 | Mejor fitness: 0.750288 | Promedio: 0.749362
[2026-05-14 15:41:26] Gen 0036 | Mejor fitness: 0.750288 | Promedio: 0.749738
[2026-05-14 15:41:26] Gen 0037 | Mejor fitness: 0.750289 | Promedio: 0.749347
[2026-05-14 15:41:26] Gen 0038 | Mejor fitness: 0.750289 | Promedio: 0.749818
[2026-05-14 15:41:26] Gen 0039 | Mejor fitness: 0.750289 | Promedio: 0.749202
[2026-05-14 15:41:26] Gen 0040 | Mejor fitness: 0.750289 | Promedio: 0.749535
[2026-05-14 15:41:26] Gen 0041 | Mejor fitness: 0.750289 | Promedio: 0.749820
[2026-05-14 15:41:26] Gen 0042 | Mejor fitness: 0.750289 | Promedio: 0.749405
[2026-05-14 15:41:26] Gen 0043 | Mejor fitness: 0.750289 | Promedio: 0.749782
[2026-05-14 15:41:26] Gen 0044 | Mejor fitness: 0.750289 | Promedio: 0.749805
[2026-05-14 15:41:26] Gen 0045 | Mejor fitness: 0.750289 | Promedio: 0.749976
[2026-05-14 15:41:26] Gen 0046 | Mejor fitness: 0.750289 | Promedio: 0.749988
[2026-05-14 15:41:26] Gen 0047 | Mejor fitness: 0.750289 | Promedio: 0.749658
[2026-05-14 15:41:26] Gen 0048 | Mejor fitness: 0.750289 | Promedio: 0.749627
[2026-05-14 15:41:26] Gen 0049 | Mejor fitness: 0.750289 | Promedio: 0.749912
[2026-05-14 15:41:26] Gen 0050 | Mejor fitness: 0.750289 | Promedio: 0.749941
[2026-05-14 15:41:26] Gen 0051 | Mejor fitness: 0.750289 | Promedio: 0.749628
[2026-05-14 15:41:26] Gen 0052 | Mejor fitness: 0.750289 | Promedio: 0.749061
[2026-05-14 15:41:26] Gen 0053 | Mejor fitness: 0.750289 | Promedio: 0.749542
[2026-05-14 15:41:26] Gen 0054 | Mejor fitness: 0.750289 | Promedio: 0.749480
[2026-05-14 15:41:26] Gen 0055 | Mejor fitness: 0.750289 | Promedio: 0.749630
[2026-05-14 15:41:26] Gen 0056 | Mejor fitness: 0.750289 | Promedio: 0.749032
[2026-05-14 15:41:26] Gen 0057 | Mejor fitness: 0.750289 | Promedio: 0.749688
[2026-05-14 15:41:26] Gen 0058 | Mejor fitness: 0.750289 | Promedio: 0.749881
[2026-05-14 15:41:26] Gen 0059 | Mejor fitness: 0.750289 | Promedio: 0.749715
[2026-05-14 15:41:26] Gen 0060 | Mejor fitness: 0.750289 | Promedio: 0.749712
[2026-05-14 15:41:26] Gen 0061 | Mejor fitness: 0.750289 | Promedio: 0.749472
[2026-05-14 15:41:26] Gen 0062 | Mejor fitness: 0.750289 | Promedio: 0.749710
[2026-05-14 15:41:26] Gen 0063 | Mejor fitness: 0.750289 | Promedio: 0.749979
[2026-05-14 15:41:26] Gen 0064 | Mejor fitness: 0.750289 | Promedio: 0.749143
[2026-05-14 15:41:26] Gen 0065 | Mejor fitness: 0.750289 | Promedio: 0.749554
[2026-05-14 15:41:26] Gen 0066 | Mejor fitness: 0.750289 | Promedio: 0.749895
[2026-05-14 15:41:26] Gen 0067 | Mejor fitness: 0.750289 | Promedio: 0.749881
[2026-05-14 15:41:26] Gen 0068 | Mejor fitness: 0.750289 | Promedio: 0.749758
[2026-05-14 15:41:26] Gen 0069 | Mejor fitness: 0.750289 | Promedio: 0.749090
[2026-05-14 15:41:26] Gen 0070 | Mejor fitness: 0.750289 | Promedio: 0.749659
[2026-05-14 15:41:26] Gen 0071 | Mejor fitness: 0.750289 | Promedio: 0.749542
[2026-05-14 15:41:26] Gen 0072 | Mejor fitness: 0.750289 | Promedio: 0.749582
[2026-05-14 15:41:26] Gen 0073 | Mejor fitness: 0.750289 | Promedio: 0.749809
[2026-05-14 15:41:26] Gen 0074 | Mejor fitness: 0.750289 | Promedio: 0.749533
[2026-05-14 15:41:26] Gen 0075 | Mejor fitness: 0.750289 | Promedio: 0.749513
[2026-05-14 15:41:26] Gen 0076 | Mejor fitness: 0.750289 | Promedio: 0.749774
[2026-05-14 15:41:26] Gen 0077 | Mejor fitness: 0.750289 | Promedio: 0.749441
[2026-05-14 15:41:26] Gen 0078 | Mejor fitness: 0.750289 | Promedio: 0.749421
[2026-05-14 15:41:26] Gen 0079 | Mejor fitness: 0.750289 | Promedio: 0.749473
[2026-05-14 15:41:26] Gen 0080 | Mejor fitness: 0.750289 | Promedio: 0.749533
[2026-05-14 15:41:26] Gen 0081 | Mejor fitness: 0.750289 | Promedio: 0.749629
[2026-05-14 15:41:26] Gen 0082 | Mejor fitness: 0.750289 | Promedio: 0.749853
[2026-05-14 15:41:26] Gen 0083 | Mejor fitness: 0.750289 | Promedio: 0.749916
[2026-05-14 15:41:26] Gen 0084 | Mejor fitness: 0.750289 | Promedio: 0.749576
[2026-05-14 15:41:26] Gen 0085 | Mejor fitness: 0.750289 | Promedio: 0.749737
[2026-05-14 15:41:26] Gen 0086 | Mejor fitness: 0.750289 | Promedio: 0.749975
[2026-05-14 15:41:26] Gen 0087 | Mejor fitness: 0.750289 | Promedio: 0.749491
[2026-05-14 15:41:26] Gen 0088 | Mejor fitness: 0.750289 | Promedio: 0.749854
[2026-05-14 15:41:26] Gen 0089 | Mejor fitness: 0.750289 | Promedio: 0.749816
[2026-05-14 15:41:26] Gen 0090 | Mejor fitness: 0.750289 | Promedio: 0.749739
[2026-05-14 15:41:26] Gen 0091 | Mejor fitness: 0.750289 | Promedio: 0.749571
[2026-05-14 15:41:26] Gen 0092 | Mejor fitness: 0.750289 | Promedio: 0.749498
[2026-05-14 15:41:26] Gen 0093 | Mejor fitness: 0.750289 | Promedio: 0.749469
[2026-05-14 15:41:26] Gen 0094 | Mejor fitness: 0.750289 | Promedio: 0.749844
[2026-05-14 15:41:26] Gen 0095 | Mejor fitness: 0.750289 | Promedio: 0.749560
[2026-05-14 15:41:26] Gen 0096 | Mejor fitness: 0.750289 | Promedio: 0.749681
[2026-05-14 15:41:26] Gen 0097 | Mejor fitness: 0.750289 | Promedio: 0.749160
[2026-05-14 15:41:26] Gen 0098 | Mejor fitness: 0.750289 | Promedio: 0.749704
[2026-05-14 15:41:26] Gen 0099 | Mejor fitness: 0.750289 | Promedio: 0.749749
[2026-05-14 15:41:26] Gen 0100 | Mejor fitness: 0.750289 | Promedio: 0.749810
[2026-05-14 15:41:26] --- Resultado final ---
[2026-05-14 15:41:26] Fitness final     : 0.750289
[2026-05-14 15:41:26]
[2026-05-14 15:41:26] Parámetros óptimos:
[2026-05-14 15:41:26]   Temp. Extrusión : 200.5 °C
[2026-05-14 15:41:26]   Temp. Cama      : 60.0 °C
[2026-05-14 15:41:26]   Velocidad       : 49.6 mm/s
[2026-05-14 15:41:26]   Altura de Capa  : 0.100 mm
[2026-05-14 15:41:26]   Relleno         : 13.6 %
[2026-05-14 15:41:26]   Ventilador      : 100.0 %
[2026-05-14 15:41:26]   Perímetros      : 2 u
[2026-05-14 15:41:26]
[2026-05-14 15:41:26] Desglose fitness:
[2026-05-14 15:41:26]   Calidad       : 0.8960
[2026-05-14 15:41:26]   Resistencia   : 0.5884
[2026-05-14 15:41:26]   Velocidad     : 0.4166
[2026-05-14 15:41:26]   Ahorro        : 0.9287
[2026-05-14 15:41:26]   Fitness       : 0.7503
[2026-05-14 15:41:26] =======================================================
