[2026-05-14 12:47:28] =======================================================
[2026-05-14 12:47:28] NUEVA EJECUCIÓN
[2026-05-14 12:47:28] Material          : PLA
[2026-05-14 12:47:28] Perfil            : Rápido
[2026-05-14 12:47:28] Tamaño población  : 200
[2026-05-14 12:47:28] Generaciones      : 500
[2026-05-14 12:47:28] Tasa cruce        : 0.8
[2026-05-14 12:47:28] Tasa mutación     : 0.1
[2026-05-14 12:47:28] Torneo K          : 3
[2026-05-14 12:47:28] --- Evolución ---
[2026-05-14 12:47:28] Gen 0001 | Mejor fitness: 0.885571 | Promedio: 0.850232
[2026-05-14 12:47:28] Gen 0002 | Mejor fitness: 0.891953 | Promedio: 0.866612
[2026-05-14 12:47:28] Gen 0003 | Mejor fitness: 0.895832 | Promedio: 0.877135
[2026-05-14 12:47:28] Gen 0004 | Mejor fitness: 0.897975 | Promedio: 0.884046
[2026-05-14 12:47:28] Gen 0005 | Mejor fitness: 0.902057 | Promedio: 0.890842
[2026-05-14 12:47:28] Gen 0006 | Mejor fitness: 0.902057 | Promedio: 0.894886
[2026-05-14 12:47:28] Gen 0007 | Mejor fitness: 0.903547 | Promedio: 0.897617
[2026-05-14 12:47:28] Gen 0008 | Mejor fitness: 0.904768 | Promedio: 0.899935
[2026-05-14 12:47:28] Gen 0009 | Mejor fitness: 0.905870 | Promedio: 0.901667
[2026-05-14 12:47:28] Gen 0010 | Mejor fitness: 0.905870 | Promedio: 0.902673
[2026-05-14 12:47:28] Gen 0011 | Mejor fitness: 0.906119 | Promedio: 0.903629
[2026-05-14 12:47:28] Gen 0012 | Mejor fitness: 0.906119 | Promedio: 0.904459
[2026-05-14 12:47:28] Gen 0013 | Mejor fitness: 0.906248 | Promedio: 0.905178
[2026-05-14 12:47:28] Gen 0014 | Mejor fitness: 0.906341 | Promedio: 0.905390
[2026-05-14 12:47:28] Gen 0015 | Mejor fitness: 0.906427 | Promedio: 0.905651
[2026-05-14 12:47:28] Gen 0016 | Mejor fitness: 0.906456 | Promedio: 0.905852
[2026-05-14 12:47:28] Gen 0017 | Mejor fitness: 0.906533 | Promedio: 0.905865
[2026-05-14 12:47:28] Gen 0018 | Mejor fitness: 0.906542 | Promedio: 0.906071
[2026-05-14 12:47:28] Gen 0019 | Mejor fitness: 0.906585 | Promedio: 0.906213
[2026-05-14 12:47:28] Gen 0020 | Mejor fitness: 0.906585 | Promedio: 0.906161
[2026-05-14 12:47:28] Gen 0021 | Mejor fitness: 0.906587 | Promedio: 0.906186
[2026-05-14 12:47:28] Gen 0022 | Mejor fitness: 0.906590 | Promedio: 0.906309
[2026-05-14 12:47:28] Gen 0023 | Mejor fitness: 0.906590 | Promedio: 0.906251
[2026-05-14 12:47:28] Gen 0024 | Mejor fitness: 0.906593 | Promedio: 0.906363
[2026-05-14 12:47:28] Gen 0025 | Mejor fitness: 0.906593 | Promedio: 0.906339
[2026-05-14 12:47:28] Gen 0026 | Mejor fitness: 0.906593 | Promedio: 0.906315
[2026-05-14 12:47:28] Gen 0027 | Mejor fitness: 0.906593 | Promedio: 0.906238
[2026-05-14 12:47:28] Gen 0028 | Mejor fitness: 0.906594 | Promedio: 0.906340
[2026-05-14 12:47:28] Gen 0029 | Mejor fitness: 0.906594 | Promedio: 0.906328
[2026-05-14 12:47:28] Gen 0030 | Mejor fitness: 0.906594 | Promedio: 0.906345
[2026-05-14 12:47:28] Gen 0031 | Mejor fitness: 0.906595 | Promedio: 0.906352
[2026-05-14 12:47:28] Gen 0032 | Mejor fitness: 0.906595 | Promedio: 0.906405
[2026-05-14 12:47:28] Gen 0033 | Mejor fitness: 0.906595 | Promedio: 0.906255
[2026-05-14 12:47:28] Gen 0034 | Mejor fitness: 0.906595 | Promedio: 0.906323
[2026-05-14 12:47:28] Gen 0035 | Mejor fitness: 0.906595 | Promedio: 0.906241
[2026-05-14 12:47:28] Gen 0036 | Mejor fitness: 0.906596 | Promedio: 0.906310
[2026-05-14 12:47:28] Gen 0037 | Mejor fitness: 0.906596 | Promedio: 0.906258
[2026-05-14 12:47:28] Gen 0038 | Mejor fitness: 0.906596 | Promedio: 0.906353
[2026-05-14 12:47:28] Gen 0039 | Mejor fitness: 0.906596 | Promedio: 0.906313
[2026-05-14 12:47:28] Gen 0040 | Mejor fitness: 0.906596 | Promedio: 0.906419
[2026-05-14 12:47:28] Gen 0041 | Mejor fitness: 0.906596 | Promedio: 0.906269
[2026-05-14 12:47:28] Gen 0042 | Mejor fitness: 0.906596 | Promedio: 0.906236
[2026-05-14 12:47:28] Gen 0043 | Mejor fitness: 0.906596 | Promedio: 0.906359
[2026-05-14 12:47:28] Gen 0044 | Mejor fitness: 0.906596 | Promedio: 0.906336
[2026-05-14 12:47:28] Gen 0045 | Mejor fitness: 0.906599 | Promedio: 0.906372
[2026-05-14 12:47:28] Gen 0046 | Mejor fitness: 0.906601 | Promedio: 0.906397
[2026-05-14 12:47:28] Gen 0047 | Mejor fitness: 0.906601 | Promedio: 0.906332
[2026-05-14 12:47:28] Gen 0048 | Mejor fitness: 0.906601 | Promedio: 0.906372
[2026-05-14 12:47:28] Gen 0049 | Mejor fitness: 0.906601 | Promedio: 0.906400
[2026-05-14 12:47:28] Gen 0050 | Mejor fitness: 0.906601 | Promedio: 0.906302
[2026-05-14 12:47:28] Gen 0051 | Mejor fitness: 0.906603 | Promedio: 0.906291
[2026-05-14 12:47:28] Gen 0052 | Mejor fitness: 0.906603 | Promedio: 0.906337
[2026-05-14 12:47:28] Gen 0053 | Mejor fitness: 0.906603 | Promedio: 0.906308
[2026-05-14 12:47:28] Gen 0054 | Mejor fitness: 0.906603 | Promedio: 0.906397
[2026-05-14 12:47:28] Gen 0055 | Mejor fitness: 0.906603 | Promedio: 0.906373
[2026-05-14 12:47:28] Gen 0056 | Mejor fitness: 0.906603 | Promedio: 0.906384
[2026-05-14 12:47:28] Gen 0057 | Mejor fitness: 0.906603 | Promedio: 0.906358
[2026-05-14 12:47:28] Gen 0058 | Mejor fitness: 0.906603 | Promedio: 0.906419
[2026-05-14 12:47:28] Gen 0059 | Mejor fitness: 0.906603 | Promedio: 0.906354
[2026-05-14 12:47:28] Gen 0060 | Mejor fitness: 0.906603 | Promedio: 0.906430
[2026-05-14 12:47:28] Gen 0061 | Mejor fitness: 0.906603 | Promedio: 0.906349
[2026-05-14 12:47:28] Gen 0062 | Mejor fitness: 0.906603 | Promedio: 0.906401
[2026-05-14 12:47:28] Gen 0063 | Mejor fitness: 0.906603 | Promedio: 0.906392
[2026-05-14 12:47:28] Gen 0064 | Mejor fitness: 0.906603 | Promedio: 0.906405
[2026-05-14 12:47:28] Gen 0065 | Mejor fitness: 0.906603 | Promedio: 0.906183
[2026-05-14 12:47:28] Gen 0066 | Mejor fitness: 0.906603 | Promedio: 0.906277
[2026-05-14 12:47:28] Gen 0067 | Mejor fitness: 0.906603 | Promedio: 0.906319
[2026-05-14 12:47:28] Gen 0068 | Mejor fitness: 0.906603 | Promedio: 0.906373
[2026-05-14 12:47:28] Gen 0069 | Mejor fitness: 0.906603 | Promedio: 0.906269
[2026-05-14 12:47:28] Gen 0070 | Mejor fitness: 0.906603 | Promedio: 0.906418
[2026-05-14 12:47:28] Gen 0071 | Mejor fitness: 0.906603 | Promedio: 0.906344
[2026-05-14 12:47:28] Gen 0072 | Mejor fitness: 0.906603 | Promedio: 0.906428
[2026-05-14 12:47:28] Gen 0073 | Mejor fitness: 0.906603 | Promedio: 0.906110
[2026-05-14 12:47:28] Gen 0074 | Mejor fitness: 0.906603 | Promedio: 0.906428
[2026-05-14 12:47:28] Gen 0075 | Mejor fitness: 0.906603 | Promedio: 0.906408
[2026-05-14 12:47:28] Gen 0076 | Mejor fitness: 0.906603 | Promedio: 0.906313
[2026-05-14 12:47:28] Gen 0077 | Mejor fitness: 0.906603 | Promedio: 0.906455
[2026-05-14 12:47:28] Gen 0078 | Mejor fitness: 0.906603 | Promedio: 0.906334
[2026-05-14 12:47:28] Gen 0079 | Mejor fitness: 0.906603 | Promedio: 0.906405
[2026-05-14 12:47:28] Gen 0080 | Mejor fitness: 0.906603 | Promedio: 0.906290
[2026-05-14 12:47:28] Gen 0081 | Mejor fitness: 0.906603 | Promedio: 0.906342
[2026-05-14 12:47:28] Gen 0082 | Mejor fitness: 0.906603 | Promedio: 0.906298
[2026-05-14 12:47:28] Gen 0083 | Mejor fitness: 0.906603 | Promedio: 0.906269
[2026-05-14 12:47:28] Gen 0084 | Mejor fitness: 0.906603 | Promedio: 0.906388
[2026-05-14 12:47:28] Gen 0085 | Mejor fitness: 0.906603 | Promedio: 0.906427
[2026-05-14 12:47:28] Gen 0086 | Mejor fitness: 0.906603 | Promedio: 0.906368
[2026-05-14 12:47:28] Gen 0087 | Mejor fitness: 0.906603 | Promedio: 0.906363
[2026-05-14 12:47:28] Gen 0088 | Mejor fitness: 0.906603 | Promedio: 0.906338
[2026-05-14 12:47:28] Gen 0089 | Mejor fitness: 0.906603 | Promedio: 0.906359
[2026-05-14 12:47:28] Gen 0090 | Mejor fitness: 0.906603 | Promedio: 0.906411
[2026-05-14 12:47:28] Gen 0091 | Mejor fitness: 0.906603 | Promedio: 0.906378
[2026-05-14 12:47:28] Gen 0092 | Mejor fitness: 0.906603 | Promedio: 0.906400
[2026-05-14 12:47:28] Gen 0093 | Mejor fitness: 0.906603 | Promedio: 0.906337
[2026-05-14 12:47:28] Gen 0094 | Mejor fitness: 0.906603 | Promedio: 0.906368
[2026-05-14 12:47:28] Gen 0095 | Mejor fitness: 0.906603 | Promedio: 0.906410
[2026-05-14 12:47:28] Gen 0096 | Mejor fitness: 0.906603 | Promedio: 0.906371
[2026-05-14 12:47:28] Gen 0097 | Mejor fitness: 0.906604 | Promedio: 0.906391
[2026-05-14 12:47:28] Gen 0098 | Mejor fitness: 0.906604 | Promedio: 0.906364
[2026-05-14 12:47:28] Gen 0099 | Mejor fitness: 0.906604 | Promedio: 0.906372
[2026-05-14 12:47:28] Gen 0100 | Mejor fitness: 0.906604 | Promedio: 0.906250
[2026-05-14 12:47:28] Gen 0101 | Mejor fitness: 0.906604 | Promedio: 0.906417
[2026-05-14 12:47:28] Gen 0102 | Mejor fitness: 0.906604 | Promedio: 0.906313
[2026-05-14 12:47:28] Gen 0103 | Mejor fitness: 0.906604 | Promedio: 0.906446
[2026-05-14 12:47:28] Gen 0104 | Mejor fitness: 0.906604 | Promedio: 0.906447
[2026-05-14 12:47:28] Gen 0105 | Mejor fitness: 0.906604 | Promedio: 0.906401
[2026-05-14 12:47:28] Gen 0106 | Mejor fitness: 0.906604 | Promedio: 0.906426
[2026-05-14 12:47:28] Gen 0107 | Mejor fitness: 0.906604 | Promedio: 0.906309
[2026-05-14 12:47:28] Gen 0108 | Mejor fitness: 0.906604 | Promedio: 0.906214
[2026-05-14 12:47:28] Gen 0109 | Mejor fitness: 0.906604 | Promedio: 0.906269
[2026-05-14 12:47:28] Gen 0110 | Mejor fitness: 0.906604 | Promedio: 0.906399
[2026-05-14 12:47:28] Gen 0111 | Mejor fitness: 0.906604 | Promedio: 0.906225
[2026-05-14 12:47:28] Gen 0112 | Mejor fitness: 0.906604 | Promedio: 0.906318
[2026-05-14 12:47:28] Gen 0113 | Mejor fitness: 0.906604 | Promedio: 0.906274
[2026-05-14 12:47:28] Gen 0114 | Mejor fitness: 0.906604 | Promedio: 0.906330
[2026-05-14 12:47:28] Gen 0115 | Mejor fitness: 0.906604 | Promedio: 0.906359
[2026-05-14 12:47:28] Gen 0116 | Mejor fitness: 0.906604 | Promedio: 0.906375
[2026-05-14 12:47:28] Gen 0117 | Mejor fitness: 0.906604 | Promedio: 0.906370
[2026-05-14 12:47:28] Gen 0118 | Mejor fitness: 0.906604 | Promedio: 0.906328
[2026-05-14 12:47:28] Gen 0119 | Mejor fitness: 0.906604 | Promedio: 0.906388
[2026-05-14 12:47:28] Gen 0120 | Mejor fitness: 0.906604 | Promedio: 0.906330
[2026-05-14 12:47:28] Gen 0121 | Mejor fitness: 0.906604 | Promedio: 0.906370
[2026-05-14 12:47:28] Gen 0122 | Mejor fitness: 0.906604 | Promedio: 0.906387
[2026-05-14 12:47:28] Gen 0123 | Mejor fitness: 0.906604 | Promedio: 0.906345
[2026-05-14 12:47:28] Gen 0124 | Mejor fitness: 0.906604 | Promedio: 0.906366
[2026-05-14 12:47:28] Gen 0125 | Mejor fitness: 0.906604 | Promedio: 0.906322
[2026-05-14 12:47:28] Gen 0126 | Mejor fitness: 0.906604 | Promedio: 0.906306
[2026-05-14 12:47:28] Gen 0127 | Mejor fitness: 0.906604 | Promedio: 0.906413
[2026-05-14 12:47:28] Gen 0128 | Mejor fitness: 0.906604 | Promedio: 0.906394
[2026-05-14 12:47:28] Gen 0129 | Mejor fitness: 0.906604 | Promedio: 0.906387
[2026-05-14 12:47:28] Gen 0130 | Mejor fitness: 0.906604 | Promedio: 0.906295
[2026-05-14 12:47:28] Gen 0131 | Mejor fitness: 0.906604 | Promedio: 0.906221
[2026-05-14 12:47:28] Gen 0132 | Mejor fitness: 0.906604 | Promedio: 0.906299
[2026-05-14 12:47:28] Gen 0133 | Mejor fitness: 0.906604 | Promedio: 0.906338
[2026-05-14 12:47:28] Gen 0134 | Mejor fitness: 0.906604 | Promedio: 0.906448
[2026-05-14 12:47:28] Gen 0135 | Mejor fitness: 0.906604 | Promedio: 0.906470
[2026-05-14 12:47:28] Gen 0136 | Mejor fitness: 0.906604 | Promedio: 0.906438
[2026-05-14 12:47:28] Gen 0137 | Mejor fitness: 0.906604 | Promedio: 0.906393
[2026-05-14 12:47:28] Gen 0138 | Mejor fitness: 0.906604 | Promedio: 0.906218
[2026-05-14 12:47:28] Gen 0139 | Mejor fitness: 0.906604 | Promedio: 0.906422
[2026-05-14 12:47:28] Gen 0140 | Mejor fitness: 0.906604 | Promedio: 0.906312
[2026-05-14 12:47:28] Gen 0141 | Mejor fitness: 0.906604 | Promedio: 0.906407
[2026-05-14 12:47:28] Gen 0142 | Mejor fitness: 0.906605 | Promedio: 0.906418
[2026-05-14 12:47:28] Gen 0143 | Mejor fitness: 0.906605 | Promedio: 0.906434
[2026-05-14 12:47:28] Gen 0144 | Mejor fitness: 0.906605 | Promedio: 0.906265
[2026-05-14 12:47:28] Gen 0145 | Mejor fitness: 0.906605 | Promedio: 0.906299
[2026-05-14 12:47:28] Gen 0146 | Mejor fitness: 0.906605 | Promedio: 0.906340
[2026-05-14 12:47:28] Gen 0147 | Mejor fitness: 0.906605 | Promedio: 0.906250
[2026-05-14 12:47:28] Gen 0148 | Mejor fitness: 0.906605 | Promedio: 0.906384
[2026-05-14 12:47:28] Gen 0149 | Mejor fitness: 0.906605 | Promedio: 0.906379
[2026-05-14 12:47:28] Gen 0150 | Mejor fitness: 0.906605 | Promedio: 0.906330
[2026-05-14 12:47:28] Gen 0151 | Mejor fitness: 0.906605 | Promedio: 0.906355
[2026-05-14 12:47:28] Gen 0152 | Mejor fitness: 0.906605 | Promedio: 0.906376
[2026-05-14 12:47:28] Gen 0153 | Mejor fitness: 0.906605 | Promedio: 0.906322
[2026-05-14 12:47:28] Gen 0154 | Mejor fitness: 0.906605 | Promedio: 0.906289
[2026-05-14 12:47:28] Gen 0155 | Mejor fitness: 0.906605 | Promedio: 0.906321
[2026-05-14 12:47:28] Gen 0156 | Mejor fitness: 0.906605 | Promedio: 0.906344
[2026-05-14 12:47:28] Gen 0157 | Mejor fitness: 0.906605 | Promedio: 0.906343
[2026-05-14 12:47:28] Gen 0158 | Mejor fitness: 0.906605 | Promedio: 0.906325
[2026-05-14 12:47:28] Gen 0159 | Mejor fitness: 0.906605 | Promedio: 0.906256
[2026-05-14 12:47:28] Gen 0160 | Mejor fitness: 0.906605 | Promedio: 0.906173
[2026-05-14 12:47:28] Gen 0161 | Mejor fitness: 0.906605 | Promedio: 0.906379
[2026-05-14 12:47:28] Gen 0162 | Mejor fitness: 0.906605 | Promedio: 0.906283
[2026-05-14 12:47:28] Gen 0163 | Mejor fitness: 0.906605 | Promedio: 0.906347
[2026-05-14 12:47:28] Gen 0164 | Mejor fitness: 0.906605 | Promedio: 0.906410
[2026-05-14 12:47:28] Gen 0165 | Mejor fitness: 0.906605 | Promedio: 0.906368
[2026-05-14 12:47:28] Gen 0166 | Mejor fitness: 0.906605 | Promedio: 0.906385
[2026-05-14 12:47:28] Gen 0167 | Mejor fitness: 0.906605 | Promedio: 0.906383
[2026-05-14 12:47:28] Gen 0168 | Mejor fitness: 0.906605 | Promedio: 0.906292
[2026-05-14 12:47:28] Gen 0169 | Mejor fitness: 0.906605 | Promedio: 0.906264
[2026-05-14 12:47:28] Gen 0170 | Mejor fitness: 0.906605 | Promedio: 0.906359
[2026-05-14 12:47:28] Gen 0171 | Mejor fitness: 0.906605 | Promedio: 0.906425
[2026-05-14 12:47:29] Gen 0172 | Mejor fitness: 0.906605 | Promedio: 0.906355
[2026-05-14 12:47:29] Gen 0173 | Mejor fitness: 0.906605 | Promedio: 0.906258
[2026-05-14 12:47:29] Gen 0174 | Mejor fitness: 0.906605 | Promedio: 0.906467
[2026-05-14 12:47:29] Gen 0175 | Mejor fitness: 0.906605 | Promedio: 0.906356
[2026-05-14 12:47:29] Gen 0176 | Mejor fitness: 0.906605 | Promedio: 0.906287
[2026-05-14 12:47:29] Gen 0177 | Mejor fitness: 0.906605 | Promedio: 0.906253
[2026-05-14 12:47:29] Gen 0178 | Mejor fitness: 0.906605 | Promedio: 0.906198
[2026-05-14 12:47:29] Gen 0179 | Mejor fitness: 0.906605 | Promedio: 0.906301
[2026-05-14 12:47:29] Gen 0180 | Mejor fitness: 0.906605 | Promedio: 0.906370
[2026-05-14 12:47:29] Gen 0181 | Mejor fitness: 0.906605 | Promedio: 0.906273
[2026-05-14 12:47:29] Gen 0182 | Mejor fitness: 0.906605 | Promedio: 0.906209
[2026-05-14 12:47:29] Gen 0183 | Mejor fitness: 0.906605 | Promedio: 0.906411
[2026-05-14 12:47:29] Gen 0184 | Mejor fitness: 0.906605 | Promedio: 0.906321
[2026-05-14 12:47:29] Gen 0185 | Mejor fitness: 0.906605 | Promedio: 0.906318
[2026-05-14 12:47:29] Gen 0186 | Mejor fitness: 0.906605 | Promedio: 0.906338
[2026-05-14 12:47:29] Gen 0187 | Mejor fitness: 0.906605 | Promedio: 0.906384
[2026-05-14 12:47:29] Gen 0188 | Mejor fitness: 0.906605 | Promedio: 0.906295
[2026-05-14 12:47:29] Gen 0189 | Mejor fitness: 0.906605 | Promedio: 0.906400
[2026-05-14 12:47:29] Gen 0190 | Mejor fitness: 0.906605 | Promedio: 0.906408
[2026-05-14 12:47:29] Gen 0191 | Mejor fitness: 0.906605 | Promedio: 0.906409
[2026-05-14 12:47:29] Gen 0192 | Mejor fitness: 0.906605 | Promedio: 0.906388
[2026-05-14 12:47:29] Gen 0193 | Mejor fitness: 0.906605 | Promedio: 0.906273
[2026-05-14 12:47:29] Gen 0194 | Mejor fitness: 0.906605 | Promedio: 0.906178
[2026-05-14 12:47:29] Gen 0195 | Mejor fitness: 0.906605 | Promedio: 0.906387
[2026-05-14 12:47:29] Gen 0196 | Mejor fitness: 0.906605 | Promedio: 0.906290
[2026-05-14 12:47:29] Gen 0197 | Mejor fitness: 0.906605 | Promedio: 0.906397
[2026-05-14 12:47:29] Gen 0198 | Mejor fitness: 0.906605 | Promedio: 0.906364
[2026-05-14 12:47:29] Gen 0199 | Mejor fitness: 0.906605 | Promedio: 0.906414
[2026-05-14 12:47:29] Gen 0200 | Mejor fitness: 0.906605 | Promedio: 0.906345
[2026-05-14 12:47:29] Gen 0201 | Mejor fitness: 0.906605 | Promedio: 0.906381
[2026-05-14 12:47:29] Gen 0202 | Mejor fitness: 0.906605 | Promedio: 0.906359
[2026-05-14 12:47:29] Gen 0203 | Mejor fitness: 0.906605 | Promedio: 0.906153
[2026-05-14 12:47:29] Gen 0204 | Mejor fitness: 0.906605 | Promedio: 0.906365
[2026-05-14 12:47:29] Gen 0205 | Mejor fitness: 0.906605 | Promedio: 0.906303
[2026-05-14 12:47:29] Gen 0206 | Mejor fitness: 0.906605 | Promedio: 0.906356
[2026-05-14 12:47:29] Gen 0207 | Mejor fitness: 0.906605 | Promedio: 0.906354
[2026-05-14 12:47:29] Gen 0208 | Mejor fitness: 0.906605 | Promedio: 0.906375
[2026-05-14 12:47:29] Gen 0209 | Mejor fitness: 0.906605 | Promedio: 0.906325
[2026-05-14 12:47:29] Gen 0210 | Mejor fitness: 0.906605 | Promedio: 0.906368
[2026-05-14 12:47:29] Gen 0211 | Mejor fitness: 0.906605 | Promedio: 0.906293
[2026-05-14 12:47:29] Gen 0212 | Mejor fitness: 0.906605 | Promedio: 0.906352
[2026-05-14 12:47:29] Gen 0213 | Mejor fitness: 0.906605 | Promedio: 0.906248
[2026-05-14 12:47:29] Gen 0214 | Mejor fitness: 0.906605 | Promedio: 0.906240
[2026-05-14 12:47:29] Gen 0215 | Mejor fitness: 0.906605 | Promedio: 0.906393
[2026-05-14 12:47:29] Gen 0216 | Mejor fitness: 0.906605 | Promedio: 0.906296
[2026-05-14 12:47:29] Gen 0217 | Mejor fitness: 0.906605 | Promedio: 0.906303
[2026-05-14 12:47:29] Gen 0218 | Mejor fitness: 0.906605 | Promedio: 0.906270
[2026-05-14 12:47:29] Gen 0219 | Mejor fitness: 0.906605 | Promedio: 0.906224
[2026-05-14 12:47:29] Gen 0220 | Mejor fitness: 0.906605 | Promedio: 0.906429
[2026-05-14 12:47:29] Gen 0221 | Mejor fitness: 0.906605 | Promedio: 0.906438
[2026-05-14 12:47:29] Gen 0222 | Mejor fitness: 0.906605 | Promedio: 0.906368
[2026-05-14 12:47:29] Gen 0223 | Mejor fitness: 0.906605 | Promedio: 0.906416
[2026-05-14 12:47:29] Gen 0224 | Mejor fitness: 0.906605 | Promedio: 0.906417
[2026-05-14 12:47:29] Gen 0225 | Mejor fitness: 0.906605 | Promedio: 0.906398
[2026-05-14 12:47:29] Gen 0226 | Mejor fitness: 0.906605 | Promedio: 0.906414
[2026-05-14 12:47:29] Gen 0227 | Mejor fitness: 0.906605 | Promedio: 0.906388
[2026-05-14 12:47:29] Gen 0228 | Mejor fitness: 0.906605 | Promedio: 0.906281
[2026-05-14 12:47:29] Gen 0229 | Mejor fitness: 0.906605 | Promedio: 0.906396
[2026-05-14 12:47:29] Gen 0230 | Mejor fitness: 0.906605 | Promedio: 0.906373
[2026-05-14 12:47:29] Gen 0231 | Mejor fitness: 0.906605 | Promedio: 0.906386
[2026-05-14 12:47:29] Gen 0232 | Mejor fitness: 0.906605 | Promedio: 0.906385
[2026-05-14 12:47:29] Gen 0233 | Mejor fitness: 0.906605 | Promedio: 0.906329
[2026-05-14 12:47:29] Gen 0234 | Mejor fitness: 0.906605 | Promedio: 0.906352
[2026-05-14 12:47:29] Gen 0235 | Mejor fitness: 0.906605 | Promedio: 0.906226
[2026-05-14 12:47:29] Gen 0236 | Mejor fitness: 0.906605 | Promedio: 0.906279
[2026-05-14 12:47:29] Gen 0237 | Mejor fitness: 0.906605 | Promedio: 0.906303
[2026-05-14 12:47:29] Gen 0238 | Mejor fitness: 0.906605 | Promedio: 0.906338
[2026-05-14 12:47:29] Gen 0239 | Mejor fitness: 0.906605 | Promedio: 0.906263
[2026-05-14 12:47:29] Gen 0240 | Mejor fitness: 0.906605 | Promedio: 0.906343
[2026-05-14 12:47:29] Gen 0241 | Mejor fitness: 0.906605 | Promedio: 0.906352
[2026-05-14 12:47:29] Gen 0242 | Mejor fitness: 0.906605 | Promedio: 0.906305
[2026-05-14 12:47:29] Gen 0243 | Mejor fitness: 0.906605 | Promedio: 0.906364
[2026-05-14 12:47:29] Gen 0244 | Mejor fitness: 0.906605 | Promedio: 0.906481
[2026-05-14 12:47:29] Gen 0245 | Mejor fitness: 0.906605 | Promedio: 0.906299
[2026-05-14 12:47:29] Gen 0246 | Mejor fitness: 0.906605 | Promedio: 0.906366
[2026-05-14 12:47:29] Gen 0247 | Mejor fitness: 0.906605 | Promedio: 0.906326
[2026-05-14 12:47:29] Gen 0248 | Mejor fitness: 0.906605 | Promedio: 0.906421
[2026-05-14 12:47:29] Gen 0249 | Mejor fitness: 0.906605 | Promedio: 0.906363
[2026-05-14 12:47:29] Gen 0250 | Mejor fitness: 0.906605 | Promedio: 0.906462
[2026-05-14 12:47:29] Gen 0251 | Mejor fitness: 0.906605 | Promedio: 0.906406
[2026-05-14 12:47:29] Gen 0252 | Mejor fitness: 0.906605 | Promedio: 0.906339
[2026-05-14 12:47:29] Gen 0253 | Mejor fitness: 0.906605 | Promedio: 0.906265
[2026-05-14 12:47:29] Gen 0254 | Mejor fitness: 0.906605 | Promedio: 0.906298
[2026-05-14 12:47:29] Gen 0255 | Mejor fitness: 0.906605 | Promedio: 0.906315
[2026-05-14 12:47:29] Gen 0256 | Mejor fitness: 0.906605 | Promedio: 0.906131
[2026-05-14 12:47:29] Gen 0257 | Mejor fitness: 0.906605 | Promedio: 0.906296
[2026-05-14 12:47:29] Gen 0258 | Mejor fitness: 0.906605 | Promedio: 0.906393
[2026-05-14 12:47:29] Gen 0259 | Mejor fitness: 0.906605 | Promedio: 0.906407
[2026-05-14 12:47:29] Gen 0260 | Mejor fitness: 0.906605 | Promedio: 0.906342
[2026-05-14 12:47:29] Gen 0261 | Mejor fitness: 0.906605 | Promedio: 0.906405
[2026-05-14 12:47:29] Gen 0262 | Mejor fitness: 0.906605 | Promedio: 0.906354
[2026-05-14 12:47:29] Gen 0263 | Mejor fitness: 0.906605 | Promedio: 0.906454
[2026-05-14 12:47:29] Gen 0264 | Mejor fitness: 0.906605 | Promedio: 0.906306
[2026-05-14 12:47:29] Gen 0265 | Mejor fitness: 0.906605 | Promedio: 0.906358
[2026-05-14 12:47:29] Gen 0266 | Mejor fitness: 0.906605 | Promedio: 0.906358
[2026-05-14 12:47:29] Gen 0267 | Mejor fitness: 0.906605 | Promedio: 0.906376
[2026-05-14 12:47:29] Gen 0268 | Mejor fitness: 0.906605 | Promedio: 0.906323
[2026-05-14 12:47:29] Gen 0269 | Mejor fitness: 0.906605 | Promedio: 0.906372
[2026-05-14 12:47:29] Gen 0270 | Mejor fitness: 0.906605 | Promedio: 0.906325
[2026-05-14 12:47:29] Gen 0271 | Mejor fitness: 0.906605 | Promedio: 0.906381
[2026-05-14 12:47:29] Gen 0272 | Mejor fitness: 0.906605 | Promedio: 0.906419
[2026-05-14 12:47:29] Gen 0273 | Mejor fitness: 0.906605 | Promedio: 0.906231
[2026-05-14 12:47:29] Gen 0274 | Mejor fitness: 0.906605 | Promedio: 0.906349
[2026-05-14 12:47:29] Gen 0275 | Mejor fitness: 0.906605 | Promedio: 0.906289
[2026-05-14 12:47:29] Gen 0276 | Mejor fitness: 0.906605 | Promedio: 0.906264
[2026-05-14 12:47:29] Gen 0277 | Mejor fitness: 0.906605 | Promedio: 0.906391
[2026-05-14 12:47:29] Gen 0278 | Mejor fitness: 0.906605 | Promedio: 0.906315
[2026-05-14 12:47:29] Gen 0279 | Mejor fitness: 0.906605 | Promedio: 0.906357
[2026-05-14 12:47:29] Gen 0280 | Mejor fitness: 0.906605 | Promedio: 0.906445
[2026-05-14 12:47:29] Gen 0281 | Mejor fitness: 0.906605 | Promedio: 0.906363
[2026-05-14 12:47:29] Gen 0282 | Mejor fitness: 0.906605 | Promedio: 0.906266
[2026-05-14 12:47:29] Gen 0283 | Mejor fitness: 0.906605 | Promedio: 0.906383
[2026-05-14 12:47:29] Gen 0284 | Mejor fitness: 0.906605 | Promedio: 0.906345
[2026-05-14 12:47:29] Gen 0285 | Mejor fitness: 0.906605 | Promedio: 0.906214
[2026-05-14 12:47:29] Gen 0286 | Mejor fitness: 0.906605 | Promedio: 0.906378
[2026-05-14 12:47:29] Gen 0287 | Mejor fitness: 0.906605 | Promedio: 0.906304
[2026-05-14 12:47:29] Gen 0288 | Mejor fitness: 0.906605 | Promedio: 0.906401
[2026-05-14 12:47:29] Gen 0289 | Mejor fitness: 0.906605 | Promedio: 0.906379
[2026-05-14 12:47:29] Gen 0290 | Mejor fitness: 0.906605 | Promedio: 0.906345
[2026-05-14 12:47:29] Gen 0291 | Mejor fitness: 0.906605 | Promedio: 0.906330
[2026-05-14 12:47:29] Gen 0292 | Mejor fitness: 0.906605 | Promedio: 0.906297
[2026-05-14 12:47:29] Gen 0293 | Mejor fitness: 0.906605 | Promedio: 0.906377
[2026-05-14 12:47:29] Gen 0294 | Mejor fitness: 0.906605 | Promedio: 0.906330
[2026-05-14 12:47:29] Gen 0295 | Mejor fitness: 0.906605 | Promedio: 0.906338
[2026-05-14 12:47:29] Gen 0296 | Mejor fitness: 0.906605 | Promedio: 0.906340
[2026-05-14 12:47:29] Gen 0297 | Mejor fitness: 0.906605 | Promedio: 0.906339
[2026-05-14 12:47:29] Gen 0298 | Mejor fitness: 0.906605 | Promedio: 0.906369
[2026-05-14 12:47:29] Gen 0299 | Mejor fitness: 0.906605 | Promedio: 0.906332
[2026-05-14 12:47:29] Gen 0300 | Mejor fitness: 0.906605 | Promedio: 0.906349
[2026-05-14 12:47:29] Gen 0301 | Mejor fitness: 0.906605 | Promedio: 0.906403
[2026-05-14 12:47:29] Gen 0302 | Mejor fitness: 0.906605 | Promedio: 0.906464
[2026-05-14 12:47:29] Gen 0303 | Mejor fitness: 0.906605 | Promedio: 0.906445
[2026-05-14 12:47:29] Gen 0304 | Mejor fitness: 0.906605 | Promedio: 0.906335
[2026-05-14 12:47:29] Gen 0305 | Mejor fitness: 0.906605 | Promedio: 0.906264
[2026-05-14 12:47:29] Gen 0306 | Mejor fitness: 0.906605 | Promedio: 0.906264
[2026-05-14 12:47:29] Gen 0307 | Mejor fitness: 0.906605 | Promedio: 0.906339
[2026-05-14 12:47:29] Gen 0308 | Mejor fitness: 0.906605 | Promedio: 0.906233
[2026-05-14 12:47:29] Gen 0309 | Mejor fitness: 0.906605 | Promedio: 0.906456
[2026-05-14 12:47:29] Gen 0310 | Mejor fitness: 0.906605 | Promedio: 0.906385
[2026-05-14 12:47:29] Gen 0311 | Mejor fitness: 0.906605 | Promedio: 0.906416
[2026-05-14 12:47:29] Gen 0312 | Mejor fitness: 0.906605 | Promedio: 0.906265
[2026-05-14 12:47:29] Gen 0313 | Mejor fitness: 0.906605 | Promedio: 0.906294
[2026-05-14 12:47:29] Gen 0314 | Mejor fitness: 0.906605 | Promedio: 0.906356
[2026-05-14 12:47:29] Gen 0315 | Mejor fitness: 0.906605 | Promedio: 0.906312
[2026-05-14 12:47:29] Gen 0316 | Mejor fitness: 0.906605 | Promedio: 0.906371
[2026-05-14 12:47:29] Gen 0317 | Mejor fitness: 0.906605 | Promedio: 0.906299
[2026-05-14 12:47:29] Gen 0318 | Mejor fitness: 0.906605 | Promedio: 0.906289
[2026-05-14 12:47:29] Gen 0319 | Mejor fitness: 0.906605 | Promedio: 0.906337
[2026-05-14 12:47:29] Gen 0320 | Mejor fitness: 0.906605 | Promedio: 0.906381
[2026-05-14 12:47:29] Gen 0321 | Mejor fitness: 0.906605 | Promedio: 0.906299
[2026-05-14 12:47:29] Gen 0322 | Mejor fitness: 0.906605 | Promedio: 0.906267
[2026-05-14 12:47:29] Gen 0323 | Mejor fitness: 0.906605 | Promedio: 0.906327
[2026-05-14 12:47:29] Gen 0324 | Mejor fitness: 0.906605 | Promedio: 0.906361
[2026-05-14 12:47:29] Gen 0325 | Mejor fitness: 0.906605 | Promedio: 0.906482
[2026-05-14 12:47:29] Gen 0326 | Mejor fitness: 0.906605 | Promedio: 0.906448
[2026-05-14 12:47:29] Gen 0327 | Mejor fitness: 0.906605 | Promedio: 0.906238
[2026-05-14 12:47:29] Gen 0328 | Mejor fitness: 0.906605 | Promedio: 0.906380
[2026-05-14 12:47:29] Gen 0329 | Mejor fitness: 0.906605 | Promedio: 0.906326
[2026-05-14 12:47:29] Gen 0330 | Mejor fitness: 0.906605 | Promedio: 0.906418
[2026-05-14 12:47:29] Gen 0331 | Mejor fitness: 0.906605 | Promedio: 0.906358
[2026-05-14 12:47:29] Gen 0332 | Mejor fitness: 0.906605 | Promedio: 0.906234
[2026-05-14 12:47:29] Gen 0333 | Mejor fitness: 0.906605 | Promedio: 0.906314
[2026-05-14 12:47:29] Gen 0334 | Mejor fitness: 0.906605 | Promedio: 0.906212
[2026-05-14 12:47:29] Gen 0335 | Mejor fitness: 0.906605 | Promedio: 0.906363
[2026-05-14 12:47:29] Gen 0336 | Mejor fitness: 0.906605 | Promedio: 0.906414
[2026-05-14 12:47:29] Gen 0337 | Mejor fitness: 0.906605 | Promedio: 0.906433
[2026-05-14 12:47:29] Gen 0338 | Mejor fitness: 0.906605 | Promedio: 0.906412
[2026-05-14 12:47:29] Gen 0339 | Mejor fitness: 0.906605 | Promedio: 0.906308
[2026-05-14 12:47:29] Gen 0340 | Mejor fitness: 0.906605 | Promedio: 0.906341
[2026-05-14 12:47:29] Gen 0341 | Mejor fitness: 0.906605 | Promedio: 0.906399
[2026-05-14 12:47:29] Gen 0342 | Mejor fitness: 0.906605 | Promedio: 0.906370
[2026-05-14 12:47:29] Gen 0343 | Mejor fitness: 0.906605 | Promedio: 0.906339
[2026-05-14 12:47:29] Gen 0344 | Mejor fitness: 0.906605 | Promedio: 0.906287
[2026-05-14 12:47:29] Gen 0345 | Mejor fitness: 0.906605 | Promedio: 0.906350
[2026-05-14 12:47:29] Gen 0346 | Mejor fitness: 0.906605 | Promedio: 0.906348
[2026-05-14 12:47:29] Gen 0347 | Mejor fitness: 0.906605 | Promedio: 0.906360
[2026-05-14 12:47:29] Gen 0348 | Mejor fitness: 0.906605 | Promedio: 0.906366
[2026-05-14 12:47:29] Gen 0349 | Mejor fitness: 0.906605 | Promedio: 0.906316
[2026-05-14 12:47:29] Gen 0350 | Mejor fitness: 0.906605 | Promedio: 0.906414
[2026-05-14 12:47:29] Gen 0351 | Mejor fitness: 0.906605 | Promedio: 0.906284
[2026-05-14 12:47:29] Gen 0352 | Mejor fitness: 0.906605 | Promedio: 0.906430
[2026-05-14 12:47:29] Gen 0353 | Mejor fitness: 0.906605 | Promedio: 0.906404
[2026-05-14 12:47:29] Gen 0354 | Mejor fitness: 0.906605 | Promedio: 0.906410
[2026-05-14 12:47:29] Gen 0355 | Mejor fitness: 0.906605 | Promedio: 0.906323
[2026-05-14 12:47:29] Gen 0356 | Mejor fitness: 0.906605 | Promedio: 0.906356
[2026-05-14 12:47:29] Gen 0357 | Mejor fitness: 0.906605 | Promedio: 0.906386
[2026-05-14 12:47:29] Gen 0358 | Mejor fitness: 0.906605 | Promedio: 0.906441
[2026-05-14 12:47:29] Gen 0359 | Mejor fitness: 0.906605 | Promedio: 0.906255
[2026-05-14 12:47:29] Gen 0360 | Mejor fitness: 0.906605 | Promedio: 0.906286
[2026-05-14 12:47:29] Gen 0361 | Mejor fitness: 0.906605 | Promedio: 0.906261
[2026-05-14 12:47:29] Gen 0362 | Mejor fitness: 0.906605 | Promedio: 0.906297
[2026-05-14 12:47:29] Gen 0363 | Mejor fitness: 0.906605 | Promedio: 0.906255
[2026-05-14 12:47:29] Gen 0364 | Mejor fitness: 0.906605 | Promedio: 0.906393
[2026-05-14 12:47:29] Gen 0365 | Mejor fitness: 0.906605 | Promedio: 0.906374
[2026-05-14 12:47:29] Gen 0366 | Mejor fitness: 0.906605 | Promedio: 0.906353
[2026-05-14 12:47:29] Gen 0367 | Mejor fitness: 0.906605 | Promedio: 0.906405
[2026-05-14 12:47:29] Gen 0368 | Mejor fitness: 0.906605 | Promedio: 0.906165
[2026-05-14 12:47:29] Gen 0369 | Mejor fitness: 0.906605 | Promedio: 0.906264
[2026-05-14 12:47:29] Gen 0370 | Mejor fitness: 0.906605 | Promedio: 0.906412
[2026-05-14 12:47:29] Gen 0371 | Mejor fitness: 0.906605 | Promedio: 0.906346
[2026-05-14 12:47:29] Gen 0372 | Mejor fitness: 0.906605 | Promedio: 0.906406
[2026-05-14 12:47:29] Gen 0373 | Mejor fitness: 0.906605 | Promedio: 0.906357
[2026-05-14 12:47:29] Gen 0374 | Mejor fitness: 0.906605 | Promedio: 0.906436
[2026-05-14 12:47:29] Gen 0375 | Mejor fitness: 0.906605 | Promedio: 0.906432
[2026-05-14 12:47:29] Gen 0376 | Mejor fitness: 0.906605 | Promedio: 0.906380
[2026-05-14 12:47:29] Gen 0377 | Mejor fitness: 0.906605 | Promedio: 0.906281
[2026-05-14 12:47:29] Gen 0378 | Mejor fitness: 0.906605 | Promedio: 0.906471
[2026-05-14 12:47:29] Gen 0379 | Mejor fitness: 0.906605 | Promedio: 0.906382
[2026-05-14 12:47:29] Gen 0380 | Mejor fitness: 0.906605 | Promedio: 0.906412
[2026-05-14 12:47:29] Gen 0381 | Mejor fitness: 0.906605 | Promedio: 0.906472
[2026-05-14 12:47:29] Gen 0382 | Mejor fitness: 0.906605 | Promedio: 0.906417
[2026-05-14 12:47:29] Gen 0383 | Mejor fitness: 0.906605 | Promedio: 0.906484
[2026-05-14 12:47:29] Gen 0384 | Mejor fitness: 0.906605 | Promedio: 0.906378
[2026-05-14 12:47:29] Gen 0385 | Mejor fitness: 0.906605 | Promedio: 0.906404
[2026-05-14 12:47:29] Gen 0386 | Mejor fitness: 0.906605 | Promedio: 0.906265
[2026-05-14 12:47:29] Gen 0387 | Mejor fitness: 0.906605 | Promedio: 0.906377
[2026-05-14 12:47:29] Gen 0388 | Mejor fitness: 0.906605 | Promedio: 0.906310
[2026-05-14 12:47:29] Gen 0389 | Mejor fitness: 0.906605 | Promedio: 0.906311
[2026-05-14 12:47:29] Gen 0390 | Mejor fitness: 0.906605 | Promedio: 0.906400
[2026-05-14 12:47:29] Gen 0391 | Mejor fitness: 0.906605 | Promedio: 0.906467
[2026-05-14 12:47:29] Gen 0392 | Mejor fitness: 0.906605 | Promedio: 0.906365
[2026-05-14 12:47:29] Gen 0393 | Mejor fitness: 0.906605 | Promedio: 0.906287
[2026-05-14 12:47:29] Gen 0394 | Mejor fitness: 0.906605 | Promedio: 0.906369
[2026-05-14 12:47:29] Gen 0395 | Mejor fitness: 0.906605 | Promedio: 0.906390
[2026-05-14 12:47:29] Gen 0396 | Mejor fitness: 0.906605 | Promedio: 0.906406
[2026-05-14 12:47:29] Gen 0397 | Mejor fitness: 0.906605 | Promedio: 0.906312
[2026-05-14 12:47:29] Gen 0398 | Mejor fitness: 0.906605 | Promedio: 0.906343
[2026-05-14 12:47:29] Gen 0399 | Mejor fitness: 0.906605 | Promedio: 0.906354
[2026-05-14 12:47:29] Gen 0400 | Mejor fitness: 0.906605 | Promedio: 0.906392
[2026-05-14 12:47:29] Gen 0401 | Mejor fitness: 0.906605 | Promedio: 0.906225
[2026-05-14 12:47:29] Gen 0402 | Mejor fitness: 0.906605 | Promedio: 0.906354
[2026-05-14 12:47:29] Gen 0403 | Mejor fitness: 0.906605 | Promedio: 0.906434
[2026-05-14 12:47:29] Gen 0404 | Mejor fitness: 0.906605 | Promedio: 0.906319
[2026-05-14 12:47:29] Gen 0405 | Mejor fitness: 0.906605 | Promedio: 0.906351
[2026-05-14 12:47:29] Gen 0406 | Mejor fitness: 0.906605 | Promedio: 0.906247
[2026-05-14 12:47:29] Gen 0407 | Mejor fitness: 0.906605 | Promedio: 0.906441
[2026-05-14 12:47:29] Gen 0408 | Mejor fitness: 0.906605 | Promedio: 0.906401
[2026-05-14 12:47:29] Gen 0409 | Mejor fitness: 0.906605 | Promedio: 0.906435
[2026-05-14 12:47:29] Gen 0410 | Mejor fitness: 0.906605 | Promedio: 0.906345
[2026-05-14 12:47:29] Gen 0411 | Mejor fitness: 0.906605 | Promedio: 0.906320
[2026-05-14 12:47:29] Gen 0412 | Mejor fitness: 0.906605 | Promedio: 0.906397
[2026-05-14 12:47:29] Gen 0413 | Mejor fitness: 0.906605 | Promedio: 0.906318
[2026-05-14 12:47:29] Gen 0414 | Mejor fitness: 0.906605 | Promedio: 0.906326
[2026-05-14 12:47:29] Gen 0415 | Mejor fitness: 0.906605 | Promedio: 0.906444
[2026-05-14 12:47:29] Gen 0416 | Mejor fitness: 0.906605 | Promedio: 0.906360
[2026-05-14 12:47:29] Gen 0417 | Mejor fitness: 0.906605 | Promedio: 0.906392
[2026-05-14 12:47:29] Gen 0418 | Mejor fitness: 0.906605 | Promedio: 0.906346
[2026-05-14 12:47:29] Gen 0419 | Mejor fitness: 0.906605 | Promedio: 0.906356
[2026-05-14 12:47:29] Gen 0420 | Mejor fitness: 0.906605 | Promedio: 0.906432
[2026-05-14 12:47:29] Gen 0421 | Mejor fitness: 0.906605 | Promedio: 0.906427
[2026-05-14 12:47:29] Gen 0422 | Mejor fitness: 0.906605 | Promedio: 0.906303
[2026-05-14 12:47:29] Gen 0423 | Mejor fitness: 0.906605 | Promedio: 0.906318
[2026-05-14 12:47:29] Gen 0424 | Mejor fitness: 0.906605 | Promedio: 0.906412
[2026-05-14 12:47:29] Gen 0425 | Mejor fitness: 0.906605 | Promedio: 0.906384
[2026-05-14 12:47:29] Gen 0426 | Mejor fitness: 0.906605 | Promedio: 0.906429
[2026-05-14 12:47:29] Gen 0427 | Mejor fitness: 0.906605 | Promedio: 0.906441
[2026-05-14 12:47:29] Gen 0428 | Mejor fitness: 0.906605 | Promedio: 0.906352
[2026-05-14 12:47:29] Gen 0429 | Mejor fitness: 0.906605 | Promedio: 0.906358
[2026-05-14 12:47:29] Gen 0430 | Mejor fitness: 0.906605 | Promedio: 0.906421
[2026-05-14 12:47:29] Gen 0431 | Mejor fitness: 0.906605 | Promedio: 0.906278
[2026-05-14 12:47:29] Gen 0432 | Mejor fitness: 0.906605 | Promedio: 0.906324
[2026-05-14 12:47:29] Gen 0433 | Mejor fitness: 0.906605 | Promedio: 0.906275
[2026-05-14 12:47:29] Gen 0434 | Mejor fitness: 0.906605 | Promedio: 0.906461
[2026-05-14 12:47:29] Gen 0435 | Mejor fitness: 0.906605 | Promedio: 0.906427
[2026-05-14 12:47:29] Gen 0436 | Mejor fitness: 0.906605 | Promedio: 0.906300
[2026-05-14 12:47:29] Gen 0437 | Mejor fitness: 0.906605 | Promedio: 0.906174
[2026-05-14 12:47:29] Gen 0438 | Mejor fitness: 0.906605 | Promedio: 0.906440
[2026-05-14 12:47:29] Gen 0439 | Mejor fitness: 0.906605 | Promedio: 0.906318
[2026-05-14 12:47:29] Gen 0440 | Mejor fitness: 0.906605 | Promedio: 0.906324
[2026-05-14 12:47:29] Gen 0441 | Mejor fitness: 0.906605 | Promedio: 0.906439
[2026-05-14 12:47:29] Gen 0442 | Mejor fitness: 0.906605 | Promedio: 0.906359
[2026-05-14 12:47:29] Gen 0443 | Mejor fitness: 0.906605 | Promedio: 0.906409
[2026-05-14 12:47:29] Gen 0444 | Mejor fitness: 0.906605 | Promedio: 0.906405
[2026-05-14 12:47:29] Gen 0445 | Mejor fitness: 0.906605 | Promedio: 0.906413
[2026-05-14 12:47:29] Gen 0446 | Mejor fitness: 0.906605 | Promedio: 0.906376
[2026-05-14 12:47:29] Gen 0447 | Mejor fitness: 0.906605 | Promedio: 0.906444
[2026-05-14 12:47:29] Gen 0448 | Mejor fitness: 0.906605 | Promedio: 0.906309
[2026-05-14 12:47:29] Gen 0449 | Mejor fitness: 0.906605 | Promedio: 0.906292
[2026-05-14 12:47:29] Gen 0450 | Mejor fitness: 0.906605 | Promedio: 0.906322
[2026-05-14 12:47:29] Gen 0451 | Mejor fitness: 0.906605 | Promedio: 0.906353
[2026-05-14 12:47:29] Gen 0452 | Mejor fitness: 0.906605 | Promedio: 0.906339
[2026-05-14 12:47:29] Gen 0453 | Mejor fitness: 0.906605 | Promedio: 0.906343
[2026-05-14 12:47:29] Gen 0454 | Mejor fitness: 0.906605 | Promedio: 0.906412
[2026-05-14 12:47:29] Gen 0455 | Mejor fitness: 0.906605 | Promedio: 0.906365
[2026-05-14 12:47:29] Gen 0456 | Mejor fitness: 0.906605 | Promedio: 0.906393
[2026-05-14 12:47:29] Gen 0457 | Mejor fitness: 0.906605 | Promedio: 0.906145
[2026-05-14 12:47:29] Gen 0458 | Mejor fitness: 0.906605 | Promedio: 0.906360
[2026-05-14 12:47:29] Gen 0459 | Mejor fitness: 0.906605 | Promedio: 0.906228
[2026-05-14 12:47:29] Gen 0460 | Mejor fitness: 0.906605 | Promedio: 0.906340
[2026-05-14 12:47:29] Gen 0461 | Mejor fitness: 0.906605 | Promedio: 0.906309
[2026-05-14 12:47:29] Gen 0462 | Mejor fitness: 0.906605 | Promedio: 0.906363
[2026-05-14 12:47:29] Gen 0463 | Mejor fitness: 0.906605 | Promedio: 0.906438
[2026-05-14 12:47:29] Gen 0464 | Mejor fitness: 0.906605 | Promedio: 0.906300
[2026-05-14 12:47:29] Gen 0465 | Mejor fitness: 0.906605 | Promedio: 0.906427
[2026-05-14 12:47:29] Gen 0466 | Mejor fitness: 0.906605 | Promedio: 0.906418
[2026-05-14 12:47:29] Gen 0467 | Mejor fitness: 0.906605 | Promedio: 0.906287
[2026-05-14 12:47:29] Gen 0468 | Mejor fitness: 0.906605 | Promedio: 0.906360
[2026-05-14 12:47:29] Gen 0469 | Mejor fitness: 0.906605 | Promedio: 0.906414
[2026-05-14 12:47:29] Gen 0470 | Mejor fitness: 0.906605 | Promedio: 0.906409
[2026-05-14 12:47:29] Gen 0471 | Mejor fitness: 0.906605 | Promedio: 0.906355
[2026-05-14 12:47:29] Gen 0472 | Mejor fitness: 0.906605 | Promedio: 0.906427
[2026-05-14 12:47:29] Gen 0473 | Mejor fitness: 0.906605 | Promedio: 0.906348
[2026-05-14 12:47:29] Gen 0474 | Mejor fitness: 0.906605 | Promedio: 0.906395
[2026-05-14 12:47:29] Gen 0475 | Mejor fitness: 0.906605 | Promedio: 0.906347
[2026-05-14 12:47:29] Gen 0476 | Mejor fitness: 0.906605 | Promedio: 0.906419
[2026-05-14 12:47:29] Gen 0477 | Mejor fitness: 0.906605 | Promedio: 0.906219
[2026-05-14 12:47:29] Gen 0478 | Mejor fitness: 0.906605 | Promedio: 0.906382
[2026-05-14 12:47:29] Gen 0479 | Mejor fitness: 0.906605 | Promedio: 0.906341
[2026-05-14 12:47:29] Gen 0480 | Mejor fitness: 0.906605 | Promedio: 0.906421
[2026-05-14 12:47:29] Gen 0481 | Mejor fitness: 0.906605 | Promedio: 0.906327
[2026-05-14 12:47:29] Gen 0482 | Mejor fitness: 0.906605 | Promedio: 0.906358
[2026-05-14 12:47:29] Gen 0483 | Mejor fitness: 0.906605 | Promedio: 0.906342
[2026-05-14 12:47:29] Gen 0484 | Mejor fitness: 0.906605 | Promedio: 0.906373
[2026-05-14 12:47:29] Gen 0485 | Mejor fitness: 0.906605 | Promedio: 0.906360
[2026-05-14 12:47:29] Gen 0486 | Mejor fitness: 0.906605 | Promedio: 0.906419
[2026-05-14 12:47:29] Gen 0487 | Mejor fitness: 0.906605 | Promedio: 0.906453
[2026-05-14 12:47:29] Gen 0488 | Mejor fitness: 0.906605 | Promedio: 0.906352
[2026-05-14 12:47:29] Gen 0489 | Mejor fitness: 0.906605 | Promedio: 0.906402
[2026-05-14 12:47:29] Gen 0490 | Mejor fitness: 0.906605 | Promedio: 0.906314
[2026-05-14 12:47:29] Gen 0491 | Mejor fitness: 0.906605 | Promedio: 0.906362
[2026-05-14 12:47:29] Gen 0492 | Mejor fitness: 0.906605 | Promedio: 0.906324
[2026-05-14 12:47:29] Gen 0493 | Mejor fitness: 0.906605 | Promedio: 0.906296
[2026-05-14 12:47:29] Gen 0494 | Mejor fitness: 0.906605 | Promedio: 0.906359
[2026-05-14 12:47:29] Gen 0495 | Mejor fitness: 0.906605 | Promedio: 0.906354
[2026-05-14 12:47:29] Gen 0496 | Mejor fitness: 0.906605 | Promedio: 0.906241
[2026-05-14 12:47:29] Gen 0497 | Mejor fitness: 0.906605 | Promedio: 0.906277
[2026-05-14 12:47:29] Gen 0498 | Mejor fitness: 0.906605 | Promedio: 0.906361
[2026-05-14 12:47:29] Gen 0499 | Mejor fitness: 0.906605 | Promedio: 0.906366
[2026-05-14 12:47:29] Gen 0500 | Mejor fitness: 0.906605 | Promedio: 0.906420
[2026-05-14 12:47:29] --- Resultado final ---
[2026-05-14 12:47:29] Fitness final     : 0.906605
[2026-05-14 12:47:29]
[2026-05-14 12:47:29] Parámetros óptimos:
[2026-05-14 12:47:29]   Temp. Extrusión : 209.5 °C
[2026-05-14 12:47:29]   Temp. Cama      : 60.0 °C
[2026-05-14 12:47:29]   Velocidad       : 70.9 mm/s
[2026-05-14 12:47:29]   Altura de Capa  : 0.253 mm
[2026-05-14 12:47:29]   Relleno         : 11.4 %
[2026-05-14 12:47:29]   Ventilador      : 100.0 %
[2026-05-14 12:47:29]   Perímetros      : 2 u
[2026-05-14 12:47:29]
[2026-05-14 12:47:29] Desglose fitness:
[2026-05-14 12:47:29]   Calidad       : 0.6045
[2026-05-14 12:47:29]   Resistencia   : 0.6067
[2026-05-14 12:47:29]   Velocidad     : 1.0015
[2026-05-14 12:47:29]   Ahorro        : 0.9492
[2026-05-14 12:47:29]   Fitness       : 0.9066
[2026-05-14 12:47:29] =======================================================
