[2026-05-05 16:53:52] =======================================================
[2026-05-05 16:53:52] NUEVA EJECUCIÓN
[2026-05-05 16:53:52] Material          : PLA
[2026-05-05 16:53:52] Perfil            : Rápido
[2026-05-05 16:53:52] Tamaño población  : 50
[2026-05-05 16:53:52] Generaciones      : 100
[2026-05-05 16:53:52] Tasa cruce        : 0.8
[2026-05-05 16:53:52] Tasa mutación     : 0.1
[2026-05-05 16:53:52] Torneo K          : 3
[2026-05-05 16:53:52] --- Evolución ---
[2026-05-05 16:53:52] Gen 0001 | Mejor fitness: 0.870244 | Promedio: 0.820570
[2026-05-05 16:53:52] Gen 0002 | Mejor fitness: 0.871118 | Promedio: 0.844065
[2026-05-05 16:53:52] Gen 0003 | Mejor fitness: 0.871874 | Promedio: 0.858131
[2026-05-05 16:53:52] Gen 0004 | Mejor fitness: 0.873693 | Promedio: 0.866327
[2026-05-05 16:53:52] Gen 0005 | Mejor fitness: 0.874666 | Promedio: 0.871272
[2026-05-05 16:53:52] Gen 0006 | Mejor fitness: 0.876138 | Promedio: 0.873113
[2026-05-05 16:53:52] Gen 0007 | Mejor fitness: 0.877229 | Promedio: 0.874459
[2026-05-05 16:53:52] Gen 0008 | Mejor fitness: 0.878131 | Promedio: 0.875313
[2026-05-05 16:53:52] Gen 0009 | Mejor fitness: 0.878362 | Promedio: 0.876487
[2026-05-05 16:53:52] Gen 0010 | Mejor fitness: 0.878457 | Promedio: 0.877216
[2026-05-05 16:53:52] Gen 0011 | Mejor fitness: 0.879063 | Promedio: 0.877735
[2026-05-05 16:53:52] Gen 0012 | Mejor fitness: 0.879063 | Promedio: 0.877963
[2026-05-05 16:53:52] Gen 0013 | Mejor fitness: 0.879697 | Promedio: 0.878329
[2026-05-05 16:53:52] Gen 0014 | Mejor fitness: 0.880160 | Promedio: 0.878933
[2026-05-05 16:53:52] Gen 0015 | Mejor fitness: 0.880595 | Promedio: 0.879044
[2026-05-05 16:53:52] Gen 0016 | Mejor fitness: 0.880989 | Promedio: 0.879741
[2026-05-05 16:53:52] Gen 0017 | Mejor fitness: 0.881618 | Promedio: 0.879813
[2026-05-05 16:53:52] Gen 0018 | Mejor fitness: 0.881618 | Promedio: 0.880582
[2026-05-05 16:53:52] Gen 0019 | Mejor fitness: 0.881618 | Promedio: 0.880616
[2026-05-05 16:53:52] Gen 0020 | Mejor fitness: 0.881849 | Promedio: 0.880900
[2026-05-05 16:53:52] Gen 0021 | Mejor fitness: 0.882145 | Promedio: 0.881457
[2026-05-05 16:53:52] Gen 0022 | Mejor fitness: 0.882610 | Promedio: 0.881554
[2026-05-05 16:53:52] Gen 0023 | Mejor fitness: 0.883080 | Promedio: 0.881756
[2026-05-05 16:53:52] Gen 0024 | Mejor fitness: 0.883518 | Promedio: 0.881860
[2026-05-05 16:53:52] Gen 0025 | Mejor fitness: 0.883518 | Promedio: 0.882474
[2026-05-05 16:53:52] Gen 0026 | Mejor fitness: 0.883545 | Promedio: 0.882744
[2026-05-05 16:53:52] Gen 0027 | Mejor fitness: 0.883557 | Promedio: 0.883139
[2026-05-05 16:53:52] Gen 0028 | Mejor fitness: 0.883557 | Promedio: 0.883356
[2026-05-05 16:53:52] Gen 0029 | Mejor fitness: 0.883557 | Promedio: 0.883230
[2026-05-05 16:53:52] Gen 0030 | Mejor fitness: 0.883559 | Promedio: 0.883353
[2026-05-05 16:53:52] Gen 0031 | Mejor fitness: 0.883559 | Promedio: 0.883391
[2026-05-05 16:53:52] Gen 0032 | Mejor fitness: 0.883559 | Promedio: 0.883199
[2026-05-05 16:53:52] Gen 0033 | Mejor fitness: 0.883559 | Promedio: 0.883328
[2026-05-05 16:53:52] Gen 0034 | Mejor fitness: 0.883559 | Promedio: 0.883320
[2026-05-05 16:53:52] Gen 0035 | Mejor fitness: 0.883560 | Promedio: 0.883353
[2026-05-05 16:53:52] Gen 0036 | Mejor fitness: 0.883560 | Promedio: 0.883312
[2026-05-05 16:53:52] Gen 0037 | Mejor fitness: 0.883560 | Promedio: 0.883382
[2026-05-05 16:53:52] Gen 0038 | Mejor fitness: 0.883560 | Promedio: 0.883246
[2026-05-05 16:53:52] Gen 0039 | Mejor fitness: 0.883560 | Promedio: 0.883414
[2026-05-05 16:53:52] Gen 0040 | Mejor fitness: 0.883560 | Promedio: 0.883376
[2026-05-05 16:53:52] Gen 0041 | Mejor fitness: 0.883560 | Promedio: 0.883312
[2026-05-05 16:53:52] Gen 0042 | Mejor fitness: 0.883560 | Promedio: 0.883222
[2026-05-05 16:53:52] Gen 0043 | Mejor fitness: 0.883561 | Promedio: 0.883428
[2026-05-05 16:53:52] Gen 0044 | Mejor fitness: 0.883561 | Promedio: 0.882707
[2026-05-05 16:53:52] Gen 0045 | Mejor fitness: 0.883561 | Promedio: 0.883417
[2026-05-05 16:53:52] Gen 0046 | Mejor fitness: 0.883565 | Promedio: 0.883319
[2026-05-05 16:53:52] Gen 0047 | Mejor fitness: 0.883565 | Promedio: 0.883154
[2026-05-05 16:53:52] Gen 0048 | Mejor fitness: 0.883565 | Promedio: 0.883151
[2026-05-05 16:53:52] Gen 0049 | Mejor fitness: 0.883565 | Promedio: 0.883219
[2026-05-05 16:53:52] Gen 0050 | Mejor fitness: 0.883565 | Promedio: 0.883341
[2026-05-05 16:53:52] Gen 0051 | Mejor fitness: 0.883565 | Promedio: 0.883379
[2026-05-05 16:53:52] Gen 0052 | Mejor fitness: 0.883565 | Promedio: 0.883378
[2026-05-05 16:53:52] Gen 0053 | Mejor fitness: 0.883565 | Promedio: 0.883371
[2026-05-05 16:53:52] Gen 0054 | Mejor fitness: 0.883565 | Promedio: 0.883365
[2026-05-05 16:53:52] Gen 0055 | Mejor fitness: 0.883565 | Promedio: 0.883477
[2026-05-05 16:53:52] Gen 0056 | Mejor fitness: 0.883565 | Promedio: 0.883383
[2026-05-05 16:53:52] Gen 0057 | Mejor fitness: 0.883565 | Promedio: 0.883391
[2026-05-05 16:53:52] Gen 0058 | Mejor fitness: 0.883565 | Promedio: 0.883272
[2026-05-05 16:53:52] Gen 0059 | Mejor fitness: 0.883565 | Promedio: 0.883461
[2026-05-05 16:53:52] Gen 0060 | Mejor fitness: 0.883565 | Promedio: 0.883293
[2026-05-05 16:53:52] Gen 0061 | Mejor fitness: 0.883565 | Promedio: 0.883298
[2026-05-05 16:53:52] Gen 0062 | Mejor fitness: 0.883566 | Promedio: 0.883430
[2026-05-05 16:53:52] Gen 0063 | Mejor fitness: 0.883566 | Promedio: 0.883335
[2026-05-05 16:53:52] Gen 0064 | Mejor fitness: 0.883566 | Promedio: 0.883346
[2026-05-05 16:53:52] Gen 0065 | Mejor fitness: 0.883566 | Promedio: 0.883313
[2026-05-05 16:53:52] Gen 0066 | Mejor fitness: 0.883566 | Promedio: 0.883295
[2026-05-05 16:53:52] Gen 0067 | Mejor fitness: 0.883566 | Promedio: 0.883355
[2026-05-05 16:53:52] Gen 0068 | Mejor fitness: 0.883566 | Promedio: 0.883193
[2026-05-05 16:53:52] Gen 0069 | Mejor fitness: 0.883566 | Promedio: 0.883429
[2026-05-05 16:53:52] Gen 0070 | Mejor fitness: 0.883566 | Promedio: 0.883479
[2026-05-05 16:53:52] Gen 0071 | Mejor fitness: 0.883566 | Promedio: 0.883164
[2026-05-05 16:53:52] Gen 0072 | Mejor fitness: 0.883566 | Promedio: 0.883538
[2026-05-05 16:53:52] Gen 0073 | Mejor fitness: 0.883566 | Promedio: 0.883383
[2026-05-05 16:53:52] Gen 0074 | Mejor fitness: 0.883566 | Promedio: 0.883451
[2026-05-05 16:53:52] Gen 0075 | Mejor fitness: 0.883566 | Promedio: 0.883406
[2026-05-05 16:53:52] Gen 0076 | Mejor fitness: 0.883566 | Promedio: 0.883310
[2026-05-05 16:53:52] Gen 0077 | Mejor fitness: 0.883566 | Promedio: 0.883477
[2026-05-05 16:53:52] Gen 0078 | Mejor fitness: 0.883566 | Promedio: 0.882987
[2026-05-05 16:53:52] Gen 0079 | Mejor fitness: 0.883566 | Promedio: 0.883333
[2026-05-05 16:53:52] Gen 0080 | Mejor fitness: 0.883566 | Promedio: 0.883215
[2026-05-05 16:53:52] Gen 0081 | Mejor fitness: 0.883566 | Promedio: 0.883415
[2026-05-05 16:53:52] Gen 0082 | Mejor fitness: 0.883566 | Promedio: 0.883370
[2026-05-05 16:53:52] Gen 0083 | Mejor fitness: 0.883566 | Promedio: 0.883434
[2026-05-05 16:53:52] Gen 0084 | Mejor fitness: 0.883568 | Promedio: 0.883146
[2026-05-05 16:53:52] Gen 0085 | Mejor fitness: 0.883568 | Promedio: 0.883370
[2026-05-05 16:53:52] Gen 0086 | Mejor fitness: 0.883568 | Promedio: 0.883299
[2026-05-05 16:53:52] Gen 0087 | Mejor fitness: 0.883568 | Promedio: 0.883381
[2026-05-05 16:53:52] Gen 0088 | Mejor fitness: 0.883568 | Promedio: 0.883219
[2026-05-05 16:53:52] Gen 0089 | Mejor fitness: 0.883568 | Promedio: 0.883439
[2026-05-05 16:53:52] Gen 0090 | Mejor fitness: 0.883568 | Promedio: 0.883343
[2026-05-05 16:53:52] Gen 0091 | Mejor fitness: 0.883568 | Promedio: 0.883237
[2026-05-05 16:53:52] Gen 0092 | Mejor fitness: 0.883568 | Promedio: 0.883411
[2026-05-05 16:53:52] Gen 0093 | Mejor fitness: 0.883568 | Promedio: 0.883468
[2026-05-05 16:53:52] Gen 0094 | Mejor fitness: 0.883568 | Promedio: 0.883396
[2026-05-05 16:53:52] Gen 0095 | Mejor fitness: 0.883568 | Promedio: 0.883261
[2026-05-05 16:53:52] Gen 0096 | Mejor fitness: 0.883568 | Promedio: 0.883427
[2026-05-05 16:53:52] Gen 0097 | Mejor fitness: 0.883568 | Promedio: 0.883393
[2026-05-05 16:53:52] Gen 0098 | Mejor fitness: 0.883568 | Promedio: 0.883246
[2026-05-05 16:53:52] Gen 0099 | Mejor fitness: 0.883568 | Promedio: 0.883347
[2026-05-05 16:53:52] Gen 0100 | Mejor fitness: 0.883568 | Promedio: 0.883396
[2026-05-05 16:53:52] --- Resultado final ---
[2026-05-05 16:53:52] Fitness final     : 0.883568
[2026-05-05 16:53:52]
[2026-05-05 16:53:52] Parámetros óptimos:
[2026-05-05 16:53:52]   Temp. Extrusión : 209.5 °C
[2026-05-05 16:53:52]   Temp. Cama      : 60.0 °C
[2026-05-05 16:53:52]   Velocidad       : 89.2 mm/s
[2026-05-05 16:53:52]   Altura de Capa  : 0.320 mm
[2026-05-05 16:53:52]   Relleno         : 11.4 %
[2026-05-05 16:53:52]   Ventilador      : 100.0 %
[2026-05-05 16:53:52]   Perímetros      : 2 u
[2026-05-05 16:53:52]
[2026-05-05 16:53:52] Desglose fitness:
[2026-05-05 16:53:52]   Calidad       : 0.4504
[2026-05-05 16:53:52]   Resistencia   : 0.6069
[2026-05-05 16:53:52]   Velocidad     : 0.9862
[2026-05-05 16:53:52]   Ahorro        : 0.9491
[2026-05-05 16:53:52]   Fitness       : 0.8836
[2026-05-05 16:53:52] =======================================================
