[2026-05-14 15:44:50] =======================================================
[2026-05-14 15:44:50] NUEVA EJECUCIÓN
[2026-05-14 15:44:50] Material          : PETG
[2026-05-14 15:44:50] Perfil            : Balanceado
[2026-05-14 15:44:50] Tamaño población  : 50
[2026-05-14 15:44:50] Generaciones      : 100
[2026-05-14 15:44:50] Tasa cruce        : 0.8
[2026-05-14 15:44:50] Tasa mutación     : 0.1
[2026-05-14 15:44:50] Torneo K          : 3
[2026-05-14 15:44:50] --- Evolución ---
[2026-05-14 15:44:50] Gen 0001 | Mejor fitness: 0.711585 | Promedio: 0.663794
[2026-05-14 15:44:50] Gen 0002 | Mejor fitness: 0.717427 | Promedio: 0.688299
[2026-05-14 15:44:50] Gen 0003 | Mejor fitness: 0.734610 | Promedio: 0.702609
[2026-05-14 15:44:50] Gen 0004 | Mejor fitness: 0.736566 | Promedio: 0.717218
[2026-05-14 15:44:50] Gen 0005 | Mejor fitness: 0.736566 | Promedio: 0.728578
[2026-05-14 15:44:50] Gen 0006 | Mejor fitness: 0.739587 | Promedio: 0.734246
[2026-05-14 15:44:50] Gen 0007 | Mejor fitness: 0.739640 | Promedio: 0.735907
[2026-05-14 15:44:50] Gen 0008 | Mejor fitness: 0.741774 | Promedio: 0.737944
[2026-05-14 15:44:50] Gen 0009 | Mejor fitness: 0.743062 | Promedio: 0.739327
[2026-05-14 15:44:50] Gen 0010 | Mejor fitness: 0.743548 | Promedio: 0.740541
[2026-05-14 15:44:50] Gen 0011 | Mejor fitness: 0.743721 | Promedio: 0.741437
[2026-05-14 15:44:50] Gen 0012 | Mejor fitness: 0.743815 | Promedio: 0.741711
[2026-05-14 15:44:50] Gen 0013 | Mejor fitness: 0.743816 | Promedio: 0.742600
[2026-05-14 15:44:50] Gen 0014 | Mejor fitness: 0.743900 | Promedio: 0.743277
[2026-05-14 15:44:50] Gen 0015 | Mejor fitness: 0.744055 | Promedio: 0.743219
[2026-05-14 15:44:50] Gen 0016 | Mejor fitness: 0.744221 | Promedio: 0.743708
[2026-05-14 15:44:50] Gen 0017 | Mejor fitness: 0.744373 | Promedio: 0.743720
[2026-05-14 15:44:50] Gen 0018 | Mejor fitness: 0.744373 | Promedio: 0.743979
[2026-05-14 15:44:50] Gen 0019 | Mejor fitness: 0.744373 | Promedio: 0.743745
[2026-05-14 15:44:50] Gen 0020 | Mejor fitness: 0.744373 | Promedio: 0.743873
[2026-05-14 15:44:50] Gen 0021 | Mejor fitness: 0.744415 | Promedio: 0.743815
[2026-05-14 15:44:50] Gen 0022 | Mejor fitness: 0.744478 | Promedio: 0.743817
[2026-05-14 15:44:50] Gen 0023 | Mejor fitness: 0.744478 | Promedio: 0.743821
[2026-05-14 15:44:50] Gen 0024 | Mejor fitness: 0.744498 | Promedio: 0.743477
[2026-05-14 15:44:50] Gen 0025 | Mejor fitness: 0.744498 | Promedio: 0.744159
[2026-05-14 15:44:50] Gen 0026 | Mejor fitness: 0.744498 | Promedio: 0.744312
[2026-05-14 15:44:50] Gen 0027 | Mejor fitness: 0.744531 | Promedio: 0.744137
[2026-05-14 15:44:50] Gen 0028 | Mejor fitness: 0.744531 | Promedio: 0.744099
[2026-05-14 15:44:50] Gen 0029 | Mejor fitness: 0.744581 | Promedio: 0.744057
[2026-05-14 15:44:50] Gen 0030 | Mejor fitness: 0.744584 | Promedio: 0.744203
[2026-05-14 15:44:50] Gen 0031 | Mejor fitness: 0.744587 | Promedio: 0.744242
[2026-05-14 15:44:50] Gen 0032 | Mejor fitness: 0.744587 | Promedio: 0.744232
[2026-05-14 15:44:50] Gen 0033 | Mejor fitness: 0.744587 | Promedio: 0.743944
[2026-05-14 15:44:50] Gen 0034 | Mejor fitness: 0.744587 | Promedio: 0.744222
[2026-05-14 15:44:50] Gen 0035 | Mejor fitness: 0.744587 | Promedio: 0.744002
[2026-05-14 15:44:50] Gen 0036 | Mejor fitness: 0.744587 | Promedio: 0.744321
[2026-05-14 15:44:50] Gen 0037 | Mejor fitness: 0.744587 | Promedio: 0.744254
[2026-05-14 15:44:50] Gen 0038 | Mejor fitness: 0.744589 | Promedio: 0.743951
[2026-05-14 15:44:50] Gen 0039 | Mejor fitness: 0.744591 | Promedio: 0.743985
[2026-05-14 15:44:50] Gen 0040 | Mejor fitness: 0.744603 | Promedio: 0.744111
[2026-05-14 15:44:50] Gen 0041 | Mejor fitness: 0.744603 | Promedio: 0.744546
[2026-05-14 15:44:50] Gen 0042 | Mejor fitness: 0.744607 | Promedio: 0.744386
[2026-05-14 15:44:50] Gen 0043 | Mejor fitness: 0.744607 | Promedio: 0.744035
[2026-05-14 15:44:50] Gen 0044 | Mejor fitness: 0.744607 | Promedio: 0.744348
[2026-05-14 15:44:50] Gen 0045 | Mejor fitness: 0.744607 | Promedio: 0.743828
[2026-05-14 15:44:50] Gen 0046 | Mejor fitness: 0.744607 | Promedio: 0.744432
[2026-05-14 15:44:50] Gen 0047 | Mejor fitness: 0.744607 | Promedio: 0.744261
[2026-05-14 15:44:50] Gen 0048 | Mejor fitness: 0.744607 | Promedio: 0.744032
[2026-05-14 15:44:50] Gen 0049 | Mejor fitness: 0.744607 | Promedio: 0.743986
[2026-05-14 15:44:50] Gen 0050 | Mejor fitness: 0.744607 | Promedio: 0.744121
[2026-05-14 15:44:50] Gen 0051 | Mejor fitness: 0.744607 | Promedio: 0.743766
[2026-05-14 15:44:50] Gen 0052 | Mejor fitness: 0.744607 | Promedio: 0.744327
[2026-05-14 15:44:50] Gen 0053 | Mejor fitness: 0.744607 | Promedio: 0.744444
[2026-05-14 15:44:50] Gen 0054 | Mejor fitness: 0.744607 | Promedio: 0.744298
[2026-05-14 15:44:50] Gen 0055 | Mejor fitness: 0.744607 | Promedio: 0.744039
[2026-05-14 15:44:50] Gen 0056 | Mejor fitness: 0.744607 | Promedio: 0.744235
[2026-05-14 15:44:50] Gen 0057 | Mejor fitness: 0.744607 | Promedio: 0.743879
[2026-05-14 15:44:50] Gen 0058 | Mejor fitness: 0.744607 | Promedio: 0.744077
[2026-05-14 15:44:50] Gen 0059 | Mejor fitness: 0.744607 | Promedio: 0.744300
[2026-05-14 15:44:50] Gen 0060 | Mejor fitness: 0.744607 | Promedio: 0.744296
[2026-05-14 15:44:50] Gen 0061 | Mejor fitness: 0.744607 | Promedio: 0.744268
[2026-05-14 15:44:50] Gen 0062 | Mejor fitness: 0.744607 | Promedio: 0.743922
[2026-05-14 15:44:50] Gen 0063 | Mejor fitness: 0.744607 | Promedio: 0.743640
[2026-05-14 15:44:50] Gen 0064 | Mejor fitness: 0.744607 | Promedio: 0.744299
[2026-05-14 15:44:50] Gen 0065 | Mejor fitness: 0.744607 | Promedio: 0.744269
[2026-05-14 15:44:50] Gen 0066 | Mejor fitness: 0.744607 | Promedio: 0.744148
[2026-05-14 15:44:50] Gen 0067 | Mejor fitness: 0.744607 | Promedio: 0.744169
[2026-05-14 15:44:50] Gen 0068 | Mejor fitness: 0.744607 | Promedio: 0.743903
[2026-05-14 15:44:50] Gen 0069 | Mejor fitness: 0.744607 | Promedio: 0.744446
[2026-05-14 15:44:50] Gen 0070 | Mejor fitness: 0.744607 | Promedio: 0.743698
[2026-05-14 15:44:50] Gen 0071 | Mejor fitness: 0.744607 | Promedio: 0.744245
[2026-05-14 15:44:50] Gen 0072 | Mejor fitness: 0.744607 | Promedio: 0.744266
[2026-05-14 15:44:50] Gen 0073 | Mejor fitness: 0.744607 | Promedio: 0.743881
[2026-05-14 15:44:50] Gen 0074 | Mejor fitness: 0.744607 | Promedio: 0.744185
[2026-05-14 15:44:50] Gen 0075 | Mejor fitness: 0.744607 | Promedio: 0.743957
[2026-05-14 15:44:50] Gen 0076 | Mejor fitness: 0.744607 | Promedio: 0.744237
[2026-05-14 15:44:50] Gen 0077 | Mejor fitness: 0.744607 | Promedio: 0.744213
[2026-05-14 15:44:50] Gen 0078 | Mejor fitness: 0.744607 | Promedio: 0.743921
[2026-05-14 15:44:50] Gen 0079 | Mejor fitness: 0.744607 | Promedio: 0.744197
[2026-05-14 15:44:50] Gen 0080 | Mejor fitness: 0.744607 | Promedio: 0.744271
[2026-05-14 15:44:50] Gen 0081 | Mejor fitness: 0.744607 | Promedio: 0.744239
[2026-05-14 15:44:50] Gen 0082 | Mejor fitness: 0.744607 | Promedio: 0.744410
[2026-05-14 15:44:50] Gen 0083 | Mejor fitness: 0.744607 | Promedio: 0.744174
[2026-05-14 15:44:50] Gen 0084 | Mejor fitness: 0.744607 | Promedio: 0.743967
[2026-05-14 15:44:50] Gen 0085 | Mejor fitness: 0.744607 | Promedio: 0.744473
[2026-05-14 15:44:50] Gen 0086 | Mejor fitness: 0.744607 | Promedio: 0.744152
[2026-05-14 15:44:50] Gen 0087 | Mejor fitness: 0.744607 | Promedio: 0.744245
[2026-05-14 15:44:50] Gen 0088 | Mejor fitness: 0.744607 | Promedio: 0.743967
[2026-05-14 15:44:50] Gen 0089 | Mejor fitness: 0.744607 | Promedio: 0.744341
[2026-05-14 15:44:50] Gen 0090 | Mejor fitness: 0.744607 | Promedio: 0.744037
[2026-05-14 15:44:50] Gen 0091 | Mejor fitness: 0.744607 | Promedio: 0.744379
[2026-05-14 15:44:50] Gen 0092 | Mejor fitness: 0.744607 | Promedio: 0.744264
[2026-05-14 15:44:50] Gen 0093 | Mejor fitness: 0.744607 | Promedio: 0.744266
[2026-05-14 15:44:50] Gen 0094 | Mejor fitness: 0.744607 | Promedio: 0.744246
[2026-05-14 15:44:50] Gen 0095 | Mejor fitness: 0.744607 | Promedio: 0.744258
[2026-05-14 15:44:50] Gen 0096 | Mejor fitness: 0.744607 | Promedio: 0.744232
[2026-05-14 15:44:50] Gen 0097 | Mejor fitness: 0.744607 | Promedio: 0.744251
[2026-05-14 15:44:50] Gen 0098 | Mejor fitness: 0.744607 | Promedio: 0.744178
[2026-05-14 15:44:50] Gen 0099 | Mejor fitness: 0.744607 | Promedio: 0.743941
[2026-05-14 15:44:50] Gen 0100 | Mejor fitness: 0.744607 | Promedio: 0.743869
[2026-05-14 15:44:50] --- Resultado final ---
[2026-05-14 15:44:50] Fitness final     : 0.744607
[2026-05-14 15:44:50]
[2026-05-14 15:44:50] Parámetros óptimos:
[2026-05-14 15:44:50]   Temp. Extrusión : 239.7 °C
[2026-05-14 15:44:50]   Temp. Cama      : 90.0 °C
[2026-05-14 15:44:50]   Velocidad       : 62.1 mm/s
[2026-05-14 15:44:50]   Altura de Capa  : 0.256 mm
[2026-05-14 15:44:50]   Relleno         : 16.1 %
[2026-05-14 15:44:50]   Ventilador      : 35.0 %
[2026-05-14 15:44:50]   Perímetros      : 3 u
[2026-05-14 15:44:50]
[2026-05-14 15:44:50] Desglose fitness:
[2026-05-14 15:44:50]   Calidad       : 0.5529
[2026-05-14 15:44:50]   Resistencia   : 0.7243
[2026-05-14 15:44:50]   Velocidad     : 0.8343
[2026-05-14 15:44:50]   Ahorro        : 0.8670
[2026-05-14 15:44:50]   Fitness       : 0.7446
[2026-05-14 15:44:50] =======================================================
