[2026-05-14 15:43:21] =======================================================
[2026-05-14 15:43:21] NUEVA EJECUCIÓN
[2026-05-14 15:43:21] Material          : PLA
[2026-05-14 15:43:21] Perfil            : Funcional
[2026-05-14 15:43:21] Tamaño población  : 50
[2026-05-14 15:43:21] Generaciones      : 100
[2026-05-14 15:43:21] Tasa cruce        : 0.8
[2026-05-14 15:43:21] Tasa mutación     : 0.1
[2026-05-14 15:43:21] Torneo K          : 3
[2026-05-14 15:43:21] --- Evolución ---
[2026-05-14 15:43:21] Gen 0001 | Mejor fitness: 0.728243 | Promedio: 0.643252
[2026-05-14 15:43:21] Gen 0002 | Mejor fitness: 0.733478 | Promedio: 0.696905
[2026-05-14 15:43:21] Gen 0003 | Mejor fitness: 0.746255 | Promedio: 0.718705
[2026-05-14 15:43:21] Gen 0004 | Mejor fitness: 0.752802 | Promedio: 0.732206
[2026-05-14 15:43:21] Gen 0005 | Mejor fitness: 0.754058 | Promedio: 0.742427
[2026-05-14 15:43:21] Gen 0006 | Mejor fitness: 0.758519 | Promedio: 0.747941
[2026-05-14 15:43:21] Gen 0007 | Mejor fitness: 0.758519 | Promedio: 0.752024
[2026-05-14 15:43:21] Gen 0008 | Mejor fitness: 0.760425 | Promedio: 0.754642
[2026-05-14 15:43:21] Gen 0009 | Mejor fitness: 0.760816 | Promedio: 0.757208
[2026-05-14 15:43:21] Gen 0010 | Mejor fitness: 0.761586 | Promedio: 0.758931
[2026-05-14 15:43:21] Gen 0011 | Mejor fitness: 0.762843 | Promedio: 0.759389
[2026-05-14 15:43:21] Gen 0012 | Mejor fitness: 0.762843 | Promedio: 0.760010
[2026-05-14 15:43:21] Gen 0013 | Mejor fitness: 0.764872 | Promedio: 0.761413
[2026-05-14 15:43:21] Gen 0014 | Mejor fitness: 0.765851 | Promedio: 0.762042
[2026-05-14 15:43:21] Gen 0015 | Mejor fitness: 0.769167 | Promedio: 0.763661
[2026-05-14 15:43:21] Gen 0016 | Mejor fitness: 0.769167 | Promedio: 0.765183
[2026-05-14 15:43:21] Gen 0017 | Mejor fitness: 0.769425 | Promedio: 0.766863
[2026-05-14 15:43:21] Gen 0018 | Mejor fitness: 0.771057 | Promedio: 0.768017
[2026-05-14 15:43:21] Gen 0019 | Mejor fitness: 0.771057 | Promedio: 0.768628
[2026-05-14 15:43:21] Gen 0020 | Mejor fitness: 0.771253 | Promedio: 0.769394
[2026-05-14 15:43:21] Gen 0021 | Mejor fitness: 0.771302 | Promedio: 0.770272
[2026-05-14 15:43:21] Gen 0022 | Mejor fitness: 0.771340 | Promedio: 0.770400
[2026-05-14 15:43:21] Gen 0023 | Mejor fitness: 0.771469 | Promedio: 0.770928
[2026-05-14 15:43:21] Gen 0024 | Mejor fitness: 0.771469 | Promedio: 0.770464
[2026-05-14 15:43:21] Gen 0025 | Mejor fitness: 0.771574 | Promedio: 0.770460
[2026-05-14 15:43:21] Gen 0026 | Mejor fitness: 0.771574 | Promedio: 0.770540
[2026-05-14 15:43:21] Gen 0027 | Mejor fitness: 0.771574 | Promedio: 0.771138
[2026-05-14 15:43:21] Gen 0028 | Mejor fitness: 0.771653 | Promedio: 0.771151
[2026-05-14 15:43:21] Gen 0029 | Mejor fitness: 0.771692 | Promedio: 0.771116
[2026-05-14 15:43:21] Gen 0030 | Mejor fitness: 0.771692 | Promedio: 0.770672
[2026-05-14 15:43:21] Gen 0031 | Mejor fitness: 0.771692 | Promedio: 0.771263
[2026-05-14 15:43:21] Gen 0032 | Mejor fitness: 0.771692 | Promedio: 0.771014
[2026-05-14 15:43:21] Gen 0033 | Mejor fitness: 0.771709 | Promedio: 0.771145
[2026-05-14 15:43:21] Gen 0034 | Mejor fitness: 0.771873 | Promedio: 0.770910
[2026-05-14 15:43:21] Gen 0035 | Mejor fitness: 0.771880 | Promedio: 0.771392
[2026-05-14 15:43:21] Gen 0036 | Mejor fitness: 0.771880 | Promedio: 0.771552
[2026-05-14 15:43:21] Gen 0037 | Mejor fitness: 0.771880 | Promedio: 0.770922
[2026-05-14 15:43:21] Gen 0038 | Mejor fitness: 0.771881 | Promedio: 0.771271
[2026-05-14 15:43:21] Gen 0039 | Mejor fitness: 0.771881 | Promedio: 0.771097
[2026-05-14 15:43:21] Gen 0040 | Mejor fitness: 0.771882 | Promedio: 0.771037
[2026-05-14 15:43:21] Gen 0041 | Mejor fitness: 0.771882 | Promedio: 0.771159
[2026-05-14 15:43:21] Gen 0042 | Mejor fitness: 0.771884 | Promedio: 0.771466
[2026-05-14 15:43:21] Gen 0043 | Mejor fitness: 0.771884 | Promedio: 0.771546
[2026-05-14 15:43:21] Gen 0044 | Mejor fitness: 0.771884 | Promedio: 0.771325
[2026-05-14 15:43:21] Gen 0045 | Mejor fitness: 0.771886 | Promedio: 0.771347
[2026-05-14 15:43:21] Gen 0046 | Mejor fitness: 0.771886 | Promedio: 0.771264
[2026-05-14 15:43:21] Gen 0047 | Mejor fitness: 0.771886 | Promedio: 0.771623
[2026-05-14 15:43:21] Gen 0048 | Mejor fitness: 0.771886 | Promedio: 0.771177
[2026-05-14 15:43:21] Gen 0049 | Mejor fitness: 0.771886 | Promedio: 0.771501
[2026-05-14 15:43:21] Gen 0050 | Mejor fitness: 0.771886 | Promedio: 0.770884
[2026-05-14 15:43:21] Gen 0051 | Mejor fitness: 0.771886 | Promedio: 0.771106
[2026-05-14 15:43:21] Gen 0052 | Mejor fitness: 0.771886 | Promedio: 0.771223
[2026-05-14 15:43:21] Gen 0053 | Mejor fitness: 0.771886 | Promedio: 0.771405
[2026-05-14 15:43:21] Gen 0054 | Mejor fitness: 0.771886 | Promedio: 0.771714
[2026-05-14 15:43:21] Gen 0055 | Mejor fitness: 0.771886 | Promedio: 0.771373
[2026-05-14 15:43:21] Gen 0056 | Mejor fitness: 0.771886 | Promedio: 0.771152
[2026-05-14 15:43:21] Gen 0057 | Mejor fitness: 0.771886 | Promedio: 0.771160
[2026-05-14 15:43:21] Gen 0058 | Mejor fitness: 0.771886 | Promedio: 0.770885
[2026-05-14 15:43:21] Gen 0059 | Mejor fitness: 0.771886 | Promedio: 0.771011
[2026-05-14 15:43:21] Gen 0060 | Mejor fitness: 0.771886 | Promedio: 0.771440
[2026-05-14 15:43:21] Gen 0061 | Mejor fitness: 0.771886 | Promedio: 0.771070
[2026-05-14 15:43:21] Gen 0062 | Mejor fitness: 0.771886 | Promedio: 0.771501
[2026-05-14 15:43:21] Gen 0063 | Mejor fitness: 0.771886 | Promedio: 0.771259
[2026-05-14 15:43:21] Gen 0064 | Mejor fitness: 0.771886 | Promedio: 0.771193
[2026-05-14 15:43:21] Gen 0065 | Mejor fitness: 0.771886 | Promedio: 0.771293
[2026-05-14 15:43:21] Gen 0066 | Mejor fitness: 0.771886 | Promedio: 0.771045
[2026-05-14 15:43:21] Gen 0067 | Mejor fitness: 0.771886 | Promedio: 0.770965
[2026-05-14 15:43:21] Gen 0068 | Mejor fitness: 0.771886 | Promedio: 0.771337
[2026-05-14 15:43:21] Gen 0069 | Mejor fitness: 0.771890 | Promedio: 0.771622
[2026-05-14 15:43:21] Gen 0070 | Mejor fitness: 0.771890 | Promedio: 0.771127
[2026-05-14 15:43:21] Gen 0071 | Mejor fitness: 0.771890 | Promedio: 0.770842
[2026-05-14 15:43:21] Gen 0072 | Mejor fitness: 0.771890 | Promedio: 0.770988
[2026-05-14 15:43:21] Gen 0073 | Mejor fitness: 0.771890 | Promedio: 0.771517
[2026-05-14 15:43:21] Gen 0074 | Mejor fitness: 0.771890 | Promedio: 0.771250
[2026-05-14 15:43:21] Gen 0075 | Mejor fitness: 0.771890 | Promedio: 0.771372
[2026-05-14 15:43:21] Gen 0076 | Mejor fitness: 0.771890 | Promedio: 0.771533
[2026-05-14 15:43:21] Gen 0077 | Mejor fitness: 0.771890 | Promedio: 0.771656
[2026-05-14 15:43:21] Gen 0078 | Mejor fitness: 0.771890 | Promedio: 0.771122
[2026-05-14 15:43:21] Gen 0079 | Mejor fitness: 0.771890 | Promedio: 0.771151
[2026-05-14 15:43:21] Gen 0080 | Mejor fitness: 0.771890 | Promedio: 0.771363
[2026-05-14 15:43:21] Gen 0081 | Mejor fitness: 0.771890 | Promedio: 0.771174
[2026-05-14 15:43:21] Gen 0082 | Mejor fitness: 0.771890 | Promedio: 0.771332
[2026-05-14 15:43:21] Gen 0083 | Mejor fitness: 0.771890 | Promedio: 0.771655
[2026-05-14 15:43:21] Gen 0084 | Mejor fitness: 0.771890 | Promedio: 0.771265
[2026-05-14 15:43:21] Gen 0085 | Mejor fitness: 0.771890 | Promedio: 0.771085
[2026-05-14 15:43:21] Gen 0086 | Mejor fitness: 0.771890 | Promedio: 0.770804
[2026-05-14 15:43:21] Gen 0087 | Mejor fitness: 0.771890 | Promedio: 0.771454
[2026-05-14 15:43:21] Gen 0088 | Mejor fitness: 0.771890 | Promedio: 0.771307
[2026-05-14 15:43:21] Gen 0089 | Mejor fitness: 0.771890 | Promedio: 0.771622
[2026-05-14 15:43:21] Gen 0090 | Mejor fitness: 0.771890 | Promedio: 0.771266
[2026-05-14 15:43:21] Gen 0091 | Mejor fitness: 0.771890 | Promedio: 0.771464
[2026-05-14 15:43:21] Gen 0092 | Mejor fitness: 0.771890 | Promedio: 0.771408
[2026-05-14 15:43:21] Gen 0093 | Mejor fitness: 0.771890 | Promedio: 0.771413
[2026-05-14 15:43:21] Gen 0094 | Mejor fitness: 0.771890 | Promedio: 0.771001
[2026-05-14 15:43:21] Gen 0095 | Mejor fitness: 0.771890 | Promedio: 0.771351
[2026-05-14 15:43:21] Gen 0096 | Mejor fitness: 0.771890 | Promedio: 0.771457
[2026-05-14 15:43:21] Gen 0097 | Mejor fitness: 0.771890 | Promedio: 0.771145
[2026-05-14 15:43:21] Gen 0098 | Mejor fitness: 0.771890 | Promedio: 0.771418
[2026-05-14 15:43:21] Gen 0099 | Mejor fitness: 0.771890 | Promedio: 0.770737
[2026-05-14 15:43:21] Gen 0100 | Mejor fitness: 0.771890 | Promedio: 0.771635
[2026-05-14 15:43:21] --- Resultado final ---
[2026-05-14 15:43:21] Fitness final     : 0.771890
[2026-05-14 15:43:21]
[2026-05-14 15:43:21] Parámetros óptimos:
[2026-05-14 15:43:21]   Temp. Extrusión : 209.5 °C
[2026-05-14 15:43:21]   Temp. Cama      : 60.0 °C
[2026-05-14 15:43:21]   Velocidad       : 61.5 mm/s
[2026-05-14 15:43:21]   Altura de Capa  : 0.179 mm
[2026-05-14 15:43:21]   Relleno         : 40.2 %
[2026-05-14 15:43:21]   Ventilador      : 100.0 %
[2026-05-14 15:43:21]   Perímetros      : 5 u
[2026-05-14 15:43:21]
[2026-05-14 15:43:21] Desglose fitness:
[2026-05-14 15:43:21]   Calidad       : 0.7362
[2026-05-14 15:43:21]   Resistencia   : 0.8925
[2026-05-14 15:43:21]   Velocidad     : 0.6246
[2026-05-14 15:43:21]   Ahorro        : 0.5647
[2026-05-14 15:43:21]   Fitness       : 0.7719
[2026-05-14 15:43:21] =======================================================
