[2026-05-14 15:40:04] =======================================================
[2026-05-14 15:40:04] NUEVA EJECUCIÓN
[2026-05-14 15:40:04] Material          : PLA
[2026-05-14 15:40:04] Perfil            : Balanceado
[2026-05-14 15:40:04] Tamaño población  : 50
[2026-05-14 15:40:04] Generaciones      : 100
[2026-05-14 15:40:04] Tasa cruce        : 0.8
[2026-05-14 15:40:04] Tasa mutación     : 0.1
[2026-05-14 15:40:04] Torneo K          : 3
[2026-05-14 15:40:04] --- Evolución ---
[2026-05-14 15:40:04] Gen 0001 | Mejor fitness: 0.704061 | Promedio: 0.657049
[2026-05-14 15:40:04] Gen 0002 | Mejor fitness: 0.735748 | Promedio: 0.678657
[2026-05-14 15:40:04] Gen 0003 | Mejor fitness: 0.736805 | Promedio: 0.701321
[2026-05-14 15:40:04] Gen 0004 | Mejor fitness: 0.741061 | Promedio: 0.715568
[2026-05-14 15:40:04] Gen 0005 | Mejor fitness: 0.741061 | Promedio: 0.727068
[2026-05-14 15:40:04] Gen 0006 | Mejor fitness: 0.741061 | Promedio: 0.736380
[2026-05-14 15:40:04] Gen 0007 | Mejor fitness: 0.742046 | Promedio: 0.738392
[2026-05-14 15:40:04] Gen 0008 | Mejor fitness: 0.742046 | Promedio: 0.739470
[2026-05-14 15:40:04] Gen 0009 | Mejor fitness: 0.742473 | Promedio: 0.740036
[2026-05-14 15:40:04] Gen 0010 | Mejor fitness: 0.743571 | Promedio: 0.740914
[2026-05-14 15:40:04] Gen 0011 | Mejor fitness: 0.743571 | Promedio: 0.741601
[2026-05-14 15:40:04] Gen 0012 | Mejor fitness: 0.744184 | Promedio: 0.741923
[2026-05-14 15:40:04] Gen 0013 | Mejor fitness: 0.744334 | Promedio: 0.742533
[2026-05-14 15:40:04] Gen 0014 | Mejor fitness: 0.744334 | Promedio: 0.743059
[2026-05-14 15:40:04] Gen 0015 | Mejor fitness: 0.744436 | Promedio: 0.743838
[2026-05-14 15:40:04] Gen 0016 | Mejor fitness: 0.744514 | Promedio: 0.743643
[2026-05-14 15:40:04] Gen 0017 | Mejor fitness: 0.744545 | Promedio: 0.744089
[2026-05-14 15:40:04] Gen 0018 | Mejor fitness: 0.744581 | Promedio: 0.744112
[2026-05-14 15:40:04] Gen 0019 | Mejor fitness: 0.744581 | Promedio: 0.744030
[2026-05-14 15:40:04] Gen 0020 | Mejor fitness: 0.744581 | Promedio: 0.744085
[2026-05-14 15:40:04] Gen 0021 | Mejor fitness: 0.744581 | Promedio: 0.744201
[2026-05-14 15:40:04] Gen 0022 | Mejor fitness: 0.744587 | Promedio: 0.743919
[2026-05-14 15:40:04] Gen 0023 | Mejor fitness: 0.744592 | Promedio: 0.744046
[2026-05-14 15:40:04] Gen 0024 | Mejor fitness: 0.744593 | Promedio: 0.744222
[2026-05-14 15:40:04] Gen 0025 | Mejor fitness: 0.744593 | Promedio: 0.744126
[2026-05-14 15:40:04] Gen 0026 | Mejor fitness: 0.744593 | Promedio: 0.744086
[2026-05-14 15:40:04] Gen 0027 | Mejor fitness: 0.744593 | Promedio: 0.744288
[2026-05-14 15:40:04] Gen 0028 | Mejor fitness: 0.744593 | Promedio: 0.743989
[2026-05-14 15:40:04] Gen 0029 | Mejor fitness: 0.744593 | Promedio: 0.744301
[2026-05-14 15:40:04] Gen 0030 | Mejor fitness: 0.744593 | Promedio: 0.744062
[2026-05-14 15:40:04] Gen 0031 | Mejor fitness: 0.744593 | Promedio: 0.744176
[2026-05-14 15:40:04] Gen 0032 | Mejor fitness: 0.744593 | Promedio: 0.744240
[2026-05-14 15:40:04] Gen 0033 | Mejor fitness: 0.744594 | Promedio: 0.744312
[2026-05-14 15:40:04] Gen 0034 | Mejor fitness: 0.744594 | Promedio: 0.744477
[2026-05-14 15:40:04] Gen 0035 | Mejor fitness: 0.744594 | Promedio: 0.744353
[2026-05-14 15:40:04] Gen 0036 | Mejor fitness: 0.744594 | Promedio: 0.744224
[2026-05-14 15:40:04] Gen 0037 | Mejor fitness: 0.744595 | Promedio: 0.744189
[2026-05-14 15:40:04] Gen 0038 | Mejor fitness: 0.744595 | Promedio: 0.744396
[2026-05-14 15:40:04] Gen 0039 | Mejor fitness: 0.744595 | Promedio: 0.744283
[2026-05-14 15:40:04] Gen 0040 | Mejor fitness: 0.744595 | Promedio: 0.744145
[2026-05-14 15:40:04] Gen 0041 | Mejor fitness: 0.744596 | Promedio: 0.743907
[2026-05-14 15:40:04] Gen 0042 | Mejor fitness: 0.744596 | Promedio: 0.744159
[2026-05-14 15:40:04] Gen 0043 | Mejor fitness: 0.744596 | Promedio: 0.744333
[2026-05-14 15:40:04] Gen 0044 | Mejor fitness: 0.744596 | Promedio: 0.744414
[2026-05-14 15:40:04] Gen 0045 | Mejor fitness: 0.744596 | Promedio: 0.744326
[2026-05-14 15:40:04] Gen 0046 | Mejor fitness: 0.744596 | Promedio: 0.744235
[2026-05-14 15:40:04] Gen 0047 | Mejor fitness: 0.744596 | Promedio: 0.744403
[2026-05-14 15:40:04] Gen 0048 | Mejor fitness: 0.744597 | Promedio: 0.744244
[2026-05-14 15:40:04] Gen 0049 | Mejor fitness: 0.744597 | Promedio: 0.744229
[2026-05-14 15:40:04] Gen 0050 | Mejor fitness: 0.744597 | Promedio: 0.744090
[2026-05-14 15:40:04] Gen 0051 | Mejor fitness: 0.744597 | Promedio: 0.744103
[2026-05-14 15:40:04] Gen 0052 | Mejor fitness: 0.744597 | Promedio: 0.744100
[2026-05-14 15:40:04] Gen 0053 | Mejor fitness: 0.744597 | Promedio: 0.744030
[2026-05-14 15:40:04] Gen 0054 | Mejor fitness: 0.744597 | Promedio: 0.743904
[2026-05-14 15:40:04] Gen 0055 | Mejor fitness: 0.744597 | Promedio: 0.744093
[2026-05-14 15:40:04] Gen 0056 | Mejor fitness: 0.744597 | Promedio: 0.744211
[2026-05-14 15:40:04] Gen 0057 | Mejor fitness: 0.744597 | Promedio: 0.744096
[2026-05-14 15:40:04] Gen 0058 | Mejor fitness: 0.744597 | Promedio: 0.744482
[2026-05-14 15:40:04] Gen 0059 | Mejor fitness: 0.744597 | Promedio: 0.744129
[2026-05-14 15:40:04] Gen 0060 | Mejor fitness: 0.744597 | Promedio: 0.744125
[2026-05-14 15:40:04] Gen 0061 | Mejor fitness: 0.744597 | Promedio: 0.743966
[2026-05-14 15:40:04] Gen 0062 | Mejor fitness: 0.744597 | Promedio: 0.744360
[2026-05-14 15:40:04] Gen 0063 | Mejor fitness: 0.744597 | Promedio: 0.744006
[2026-05-14 15:40:04] Gen 0064 | Mejor fitness: 0.744597 | Promedio: 0.744314
[2026-05-14 15:40:04] Gen 0065 | Mejor fitness: 0.744597 | Promedio: 0.743883
[2026-05-14 15:40:04] Gen 0066 | Mejor fitness: 0.744597 | Promedio: 0.744194
[2026-05-14 15:40:04] Gen 0067 | Mejor fitness: 0.744597 | Promedio: 0.744311
[2026-05-14 15:40:04] Gen 0068 | Mejor fitness: 0.744597 | Promedio: 0.743912
[2026-05-14 15:40:04] Gen 0069 | Mejor fitness: 0.744597 | Promedio: 0.744193
[2026-05-14 15:40:04] Gen 0070 | Mejor fitness: 0.744597 | Promedio: 0.744273
[2026-05-14 15:40:04] Gen 0071 | Mejor fitness: 0.744597 | Promedio: 0.744190
[2026-05-14 15:40:04] Gen 0072 | Mejor fitness: 0.744597 | Promedio: 0.744179
[2026-05-14 15:40:04] Gen 0073 | Mejor fitness: 0.744597 | Promedio: 0.744286
[2026-05-14 15:40:04] Gen 0074 | Mejor fitness: 0.744597 | Promedio: 0.744396
[2026-05-14 15:40:04] Gen 0075 | Mejor fitness: 0.744597 | Promedio: 0.744175
[2026-05-14 15:40:04] Gen 0076 | Mejor fitness: 0.744597 | Promedio: 0.744282
[2026-05-14 15:40:04] Gen 0077 | Mejor fitness: 0.744597 | Promedio: 0.744240
[2026-05-14 15:40:04] Gen 0078 | Mejor fitness: 0.744597 | Promedio: 0.744027
[2026-05-14 15:40:04] Gen 0079 | Mejor fitness: 0.744597 | Promedio: 0.744228
[2026-05-14 15:40:04] Gen 0080 | Mejor fitness: 0.744597 | Promedio: 0.744109
[2026-05-14 15:40:04] Gen 0081 | Mejor fitness: 0.744597 | Promedio: 0.743960
[2026-05-14 15:40:04] Gen 0082 | Mejor fitness: 0.744598 | Promedio: 0.744096
[2026-05-14 15:40:04] Gen 0083 | Mejor fitness: 0.744598 | Promedio: 0.744174
[2026-05-14 15:40:04] Gen 0084 | Mejor fitness: 0.744598 | Promedio: 0.744014
[2026-05-14 15:40:04] Gen 0085 | Mejor fitness: 0.744598 | Promedio: 0.744203
[2026-05-14 15:40:04] Gen 0086 | Mejor fitness: 0.744598 | Promedio: 0.744277
[2026-05-14 15:40:04] Gen 0087 | Mejor fitness: 0.744598 | Promedio: 0.743911
[2026-05-14 15:40:04] Gen 0088 | Mejor fitness: 0.744598 | Promedio: 0.744259
[2026-05-14 15:40:04] Gen 0089 | Mejor fitness: 0.744598 | Promedio: 0.744327
[2026-05-14 15:40:04] Gen 0090 | Mejor fitness: 0.744598 | Promedio: 0.744400
[2026-05-14 15:40:04] Gen 0091 | Mejor fitness: 0.744598 | Promedio: 0.744361
[2026-05-14 15:40:04] Gen 0092 | Mejor fitness: 0.744598 | Promedio: 0.744108
[2026-05-14 15:40:04] Gen 0093 | Mejor fitness: 0.744598 | Promedio: 0.744340
[2026-05-14 15:40:04] Gen 0094 | Mejor fitness: 0.744598 | Promedio: 0.744232
[2026-05-14 15:40:04] Gen 0095 | Mejor fitness: 0.744598 | Promedio: 0.744334
[2026-05-14 15:40:04] Gen 0096 | Mejor fitness: 0.744598 | Promedio: 0.744128
[2026-05-14 15:40:04] Gen 0097 | Mejor fitness: 0.744598 | Promedio: 0.743917
[2026-05-14 15:40:04] Gen 0098 | Mejor fitness: 0.744598 | Promedio: 0.744045
[2026-05-14 15:40:04] Gen 0099 | Mejor fitness: 0.744598 | Promedio: 0.744356
[2026-05-14 15:40:04] Gen 0100 | Mejor fitness: 0.744598 | Promedio: 0.744412
[2026-05-14 15:40:04] --- Resultado final ---
[2026-05-14 15:40:04] Fitness final     : 0.744598
[2026-05-14 15:40:04]
[2026-05-14 15:40:04] Parámetros óptimos:
[2026-05-14 15:40:04]   Temp. Extrusión : 209.5 °C
[2026-05-14 15:40:04]   Temp. Cama      : 60.0 °C
[2026-05-14 15:40:04]   Velocidad       : 78.3 mm/s
[2026-05-14 15:40:04]   Altura de Capa  : 0.249 mm
[2026-05-14 15:40:04]   Relleno         : 16.1 %
[2026-05-14 15:40:04]   Ventilador      : 100.0 %
[2026-05-14 15:40:04]   Perímetros      : 3 u
[2026-05-14 15:40:04]
[2026-05-14 15:40:04] Desglose fitness:
[2026-05-14 15:40:04]   Calidad       : 0.5530
[2026-05-14 15:40:04]   Resistencia   : 0.7237
[2026-05-14 15:40:04]   Velocidad     : 0.8342
[2026-05-14 15:40:04]   Ahorro        : 0.8675
[2026-05-14 15:40:04]   Fitness       : 0.7446
[2026-05-14 15:40:04] =======================================================
