[2026-05-14 15:43:06] =======================================================
[2026-05-14 15:43:06] NUEVA EJECUCIÓN
[2026-05-14 15:43:06] Material          : PLA
[2026-05-14 15:43:06] Perfil            : Estético
[2026-05-14 15:43:06] Tamaño población  : 50
[2026-05-14 15:43:06] Generaciones      : 100
[2026-05-14 15:43:06] Tasa cruce        : 0.8
[2026-05-14 15:43:06] Tasa mutación     : 0.1
[2026-05-14 15:43:06] Torneo K          : 3
[2026-05-14 15:43:06] --- Evolución ---
[2026-05-14 15:43:06] Gen 0001 | Mejor fitness: 0.692380 | Promedio: 0.616659
[2026-05-14 15:43:06] Gen 0002 | Mejor fitness: 0.702771 | Promedio: 0.655958
[2026-05-14 15:43:06] Gen 0003 | Mejor fitness: 0.712196 | Promedio: 0.680749
[2026-05-14 15:43:06] Gen 0004 | Mejor fitness: 0.716162 | Promedio: 0.695464
[2026-05-14 15:43:06] Gen 0005 | Mejor fitness: 0.726625 | Promedio: 0.703917
[2026-05-14 15:43:06] Gen 0006 | Mejor fitness: 0.726722 | Promedio: 0.711374
[2026-05-14 15:43:06] Gen 0007 | Mejor fitness: 0.733075 | Promedio: 0.717389
[2026-05-14 15:43:06] Gen 0008 | Mejor fitness: 0.734714 | Promedio: 0.724383
[2026-05-14 15:43:06] Gen 0009 | Mejor fitness: 0.737095 | Promedio: 0.726480
[2026-05-14 15:43:06] Gen 0010 | Mejor fitness: 0.740223 | Promedio: 0.731442
[2026-05-14 15:43:06] Gen 0011 | Mejor fitness: 0.741297 | Promedio: 0.735105
[2026-05-14 15:43:06] Gen 0012 | Mejor fitness: 0.742148 | Promedio: 0.737515
[2026-05-14 15:43:06] Gen 0013 | Mejor fitness: 0.745557 | Promedio: 0.738978
[2026-05-14 15:43:06] Gen 0014 | Mejor fitness: 0.745576 | Promedio: 0.741016
[2026-05-14 15:43:06] Gen 0015 | Mejor fitness: 0.747098 | Promedio: 0.742382
[2026-05-14 15:43:06] Gen 0016 | Mejor fitness: 0.748257 | Promedio: 0.743593
[2026-05-14 15:43:06] Gen 0017 | Mejor fitness: 0.748528 | Promedio: 0.745117
[2026-05-14 15:43:06] Gen 0018 | Mejor fitness: 0.748562 | Promedio: 0.746414
[2026-05-14 15:43:06] Gen 0019 | Mejor fitness: 0.749293 | Promedio: 0.747492
[2026-05-14 15:43:06] Gen 0020 | Mejor fitness: 0.749900 | Promedio: 0.747818
[2026-05-14 15:43:06] Gen 0021 | Mejor fitness: 0.749900 | Promedio: 0.748302
[2026-05-14 15:43:06] Gen 0022 | Mejor fitness: 0.749900 | Promedio: 0.748515
[2026-05-14 15:43:06] Gen 0023 | Mejor fitness: 0.749933 | Promedio: 0.748656
[2026-05-14 15:43:06] Gen 0024 | Mejor fitness: 0.749933 | Promedio: 0.749169
[2026-05-14 15:43:06] Gen 0025 | Mejor fitness: 0.749984 | Promedio: 0.749246
[2026-05-14 15:43:06] Gen 0026 | Mejor fitness: 0.749999 | Promedio: 0.749072
[2026-05-14 15:43:06] Gen 0027 | Mejor fitness: 0.750053 | Promedio: 0.748733
[2026-05-14 15:43:06] Gen 0028 | Mejor fitness: 0.750053 | Promedio: 0.748610
[2026-05-14 15:43:06] Gen 0029 | Mejor fitness: 0.750053 | Promedio: 0.749363
[2026-05-14 15:43:06] Gen 0030 | Mejor fitness: 0.750064 | Promedio: 0.749470
[2026-05-14 15:43:06] Gen 0031 | Mejor fitness: 0.750094 | Promedio: 0.749692
[2026-05-14 15:43:06] Gen 0032 | Mejor fitness: 0.750231 | Promedio: 0.749651
[2026-05-14 15:43:06] Gen 0033 | Mejor fitness: 0.750231 | Promedio: 0.749633
[2026-05-14 15:43:06] Gen 0034 | Mejor fitness: 0.750261 | Promedio: 0.749078
[2026-05-14 15:43:06] Gen 0035 | Mejor fitness: 0.750261 | Promedio: 0.749351
[2026-05-14 15:43:06] Gen 0036 | Mejor fitness: 0.750261 | Promedio: 0.749623
[2026-05-14 15:43:06] Gen 0037 | Mejor fitness: 0.750261 | Promedio: 0.749474
[2026-05-14 15:43:06] Gen 0038 | Mejor fitness: 0.750261 | Promedio: 0.749655
[2026-05-14 15:43:06] Gen 0039 | Mejor fitness: 0.750261 | Promedio: 0.749799
[2026-05-14 15:43:06] Gen 0040 | Mejor fitness: 0.750264 | Promedio: 0.749761
[2026-05-14 15:43:06] Gen 0041 | Mejor fitness: 0.750264 | Promedio: 0.749801
[2026-05-14 15:43:06] Gen 0042 | Mejor fitness: 0.750264 | Promedio: 0.749675
[2026-05-14 15:43:06] Gen 0043 | Mejor fitness: 0.750264 | Promedio: 0.749104
[2026-05-14 15:43:06] Gen 0044 | Mejor fitness: 0.750264 | Promedio: 0.749547
[2026-05-14 15:43:06] Gen 0045 | Mejor fitness: 0.750264 | Promedio: 0.749609
[2026-05-14 15:43:06] Gen 0046 | Mejor fitness: 0.750264 | Promedio: 0.749566
[2026-05-14 15:43:06] Gen 0047 | Mejor fitness: 0.750268 | Promedio: 0.749874
[2026-05-14 15:43:06] Gen 0048 | Mejor fitness: 0.750268 | Promedio: 0.749520
[2026-05-14 15:43:06] Gen 0049 | Mejor fitness: 0.750268 | Promedio: 0.749800
[2026-05-14 15:43:06] Gen 0050 | Mejor fitness: 0.750268 | Promedio: 0.749647
[2026-05-14 15:43:06] Gen 0051 | Mejor fitness: 0.750269 | Promedio: 0.750029
[2026-05-14 15:43:06] Gen 0052 | Mejor fitness: 0.750269 | Promedio: 0.750036
[2026-05-14 15:43:06] Gen 0053 | Mejor fitness: 0.750269 | Promedio: 0.749338
[2026-05-14 15:43:06] Gen 0054 | Mejor fitness: 0.750269 | Promedio: 0.749455
[2026-05-14 15:43:06] Gen 0055 | Mejor fitness: 0.750269 | Promedio: 0.749640
[2026-05-14 15:43:06] Gen 0056 | Mejor fitness: 0.750269 | Promedio: 0.749677
[2026-05-14 15:43:06] Gen 0057 | Mejor fitness: 0.750269 | Promedio: 0.749403
[2026-05-14 15:43:06] Gen 0058 | Mejor fitness: 0.750269 | Promedio: 0.749693
[2026-05-14 15:43:06] Gen 0059 | Mejor fitness: 0.750277 | Promedio: 0.749870
[2026-05-14 15:43:06] Gen 0060 | Mejor fitness: 0.750277 | Promedio: 0.749243
[2026-05-14 15:43:06] Gen 0061 | Mejor fitness: 0.750278 | Promedio: 0.749551
[2026-05-14 15:43:06] Gen 0062 | Mejor fitness: 0.750279 | Promedio: 0.749966
[2026-05-14 15:43:06] Gen 0063 | Mejor fitness: 0.750279 | Promedio: 0.749599
[2026-05-14 15:43:06] Gen 0064 | Mejor fitness: 0.750279 | Promedio: 0.749735
[2026-05-14 15:43:06] Gen 0065 | Mejor fitness: 0.750279 | Promedio: 0.749239
[2026-05-14 15:43:06] Gen 0066 | Mejor fitness: 0.750279 | Promedio: 0.749887
[2026-05-14 15:43:06] Gen 0067 | Mejor fitness: 0.750279 | Promedio: 0.749905
[2026-05-14 15:43:06] Gen 0068 | Mejor fitness: 0.750279 | Promedio: 0.749464
[2026-05-14 15:43:06] Gen 0069 | Mejor fitness: 0.750279 | Promedio: 0.749558
[2026-05-14 15:43:06] Gen 0070 | Mejor fitness: 0.750279 | Promedio: 0.749750
[2026-05-14 15:43:06] Gen 0071 | Mejor fitness: 0.750279 | Promedio: 0.749109
[2026-05-14 15:43:06] Gen 0072 | Mejor fitness: 0.750279 | Promedio: 0.749707
[2026-05-14 15:43:06] Gen 0073 | Mejor fitness: 0.750279 | Promedio: 0.749329
[2026-05-14 15:43:06] Gen 0074 | Mejor fitness: 0.750279 | Promedio: 0.749968
[2026-05-14 15:43:06] Gen 0075 | Mejor fitness: 0.750279 | Promedio: 0.749831
[2026-05-14 15:43:06] Gen 0076 | Mejor fitness: 0.750279 | Promedio: 0.749329
[2026-05-14 15:43:06] Gen 0077 | Mejor fitness: 0.750279 | Promedio: 0.749471
[2026-05-14 15:43:06] Gen 0078 | Mejor fitness: 0.750279 | Promedio: 0.749900
[2026-05-14 15:43:06] Gen 0079 | Mejor fitness: 0.750279 | Promedio: 0.749481
[2026-05-14 15:43:06] Gen 0080 | Mejor fitness: 0.750279 | Promedio: 0.749815
[2026-05-14 15:43:06] Gen 0081 | Mejor fitness: 0.750279 | Promedio: 0.749659
[2026-05-14 15:43:06] Gen 0082 | Mejor fitness: 0.750279 | Promedio: 0.749072
[2026-05-14 15:43:06] Gen 0083 | Mejor fitness: 0.750279 | Promedio: 0.749560
[2026-05-14 15:43:06] Gen 0084 | Mejor fitness: 0.750279 | Promedio: 0.749790
[2026-05-14 15:43:06] Gen 0085 | Mejor fitness: 0.750279 | Promedio: 0.749707
[2026-05-14 15:43:06] Gen 0086 | Mejor fitness: 0.750279 | Promedio: 0.749797
[2026-05-14 15:43:06] Gen 0087 | Mejor fitness: 0.750279 | Promedio: 0.749385
[2026-05-14 15:43:06] Gen 0088 | Mejor fitness: 0.750279 | Promedio: 0.749627
[2026-05-14 15:43:06] Gen 0089 | Mejor fitness: 0.750279 | Promedio: 0.749775
[2026-05-14 15:43:06] Gen 0090 | Mejor fitness: 0.750279 | Promedio: 0.749910
[2026-05-14 15:43:06] Gen 0091 | Mejor fitness: 0.750279 | Promedio: 0.749614
[2026-05-14 15:43:06] Gen 0092 | Mejor fitness: 0.750279 | Promedio: 0.749709
[2026-05-14 15:43:06] Gen 0093 | Mejor fitness: 0.750279 | Promedio: 0.749444
[2026-05-14 15:43:06] Gen 0094 | Mejor fitness: 0.750279 | Promedio: 0.749847
[2026-05-14 15:43:06] Gen 0095 | Mejor fitness: 0.750279 | Promedio: 0.749410
[2026-05-14 15:43:06] Gen 0096 | Mejor fitness: 0.750279 | Promedio: 0.749696
[2026-05-14 15:43:06] Gen 0097 | Mejor fitness: 0.750279 | Promedio: 0.749667
[2026-05-14 15:43:06] Gen 0098 | Mejor fitness: 0.750279 | Promedio: 0.749498
[2026-05-14 15:43:06] Gen 0099 | Mejor fitness: 0.750279 | Promedio: 0.749776
[2026-05-14 15:43:06] Gen 0100 | Mejor fitness: 0.750279 | Promedio: 0.749532
[2026-05-14 15:43:06] --- Resultado final ---
[2026-05-14 15:43:06] Fitness final     : 0.750279
[2026-05-14 15:43:06]
[2026-05-14 15:43:06] Parámetros óptimos:
[2026-05-14 15:43:06]   Temp. Extrusión : 200.5 °C
[2026-05-14 15:43:06]   Temp. Cama      : 60.0 °C
[2026-05-14 15:43:06]   Velocidad       : 49.6 mm/s
[2026-05-14 15:43:06]   Altura de Capa  : 0.125 mm
[2026-05-14 15:43:06]   Relleno         : 13.6 %
[2026-05-14 15:43:06]   Ventilador      : 100.0 %
[2026-05-14 15:43:06]   Perímetros      : 2 u
[2026-05-14 15:43:06]
[2026-05-14 15:43:06] Desglose fitness:
[2026-05-14 15:43:06]   Calidad       : 0.8950
[2026-05-14 15:43:06]   Resistencia   : 0.5883
[2026-05-14 15:43:06]   Velocidad     : 0.4185
[2026-05-14 15:43:06]   Ahorro        : 0.9289
[2026-05-14 15:43:06]   Fitness       : 0.7503
[2026-05-14 15:43:06] =======================================================
