[2026-05-14 15:38:17] =======================================================
[2026-05-14 15:38:17] NUEVA EJECUCIÓN
[2026-05-14 15:38:17] Material          : PLA
[2026-05-14 15:38:17] Perfil            : Rápido
[2026-05-14 15:38:17] Tamaño población  : 50
[2026-05-14 15:38:17] Generaciones      : 100
[2026-05-14 15:38:17] Tasa cruce        : 0.8
[2026-05-14 15:38:17] Tasa mutación     : 0.1
[2026-05-14 15:38:17] Torneo K          : 3
[2026-05-14 15:38:17] --- Evolución ---
[2026-05-14 15:38:17] Gen 0001 | Mejor fitness: 0.821613 | Promedio: 0.690230
[2026-05-14 15:38:17] Gen 0002 | Mejor fitness: 0.830434 | Promedio: 0.768229
[2026-05-14 15:38:17] Gen 0003 | Mejor fitness: 0.830434 | Promedio: 0.804547
[2026-05-14 15:38:17] Gen 0004 | Mejor fitness: 0.838802 | Promedio: 0.822080
[2026-05-14 15:38:17] Gen 0005 | Mejor fitness: 0.847535 | Promedio: 0.828119
[2026-05-14 15:38:17] Gen 0006 | Mejor fitness: 0.850373 | Promedio: 0.837165
[2026-05-14 15:38:17] Gen 0007 | Mejor fitness: 0.857292 | Promedio: 0.842628
[2026-05-14 15:38:17] Gen 0008 | Mejor fitness: 0.857957 | Promedio: 0.847092
[2026-05-14 15:38:17] Gen 0009 | Mejor fitness: 0.863617 | Promedio: 0.851665
[2026-05-14 15:38:17] Gen 0010 | Mejor fitness: 0.863617 | Promedio: 0.855599
[2026-05-14 15:38:17] Gen 0011 | Mejor fitness: 0.865553 | Promedio: 0.857985
[2026-05-14 15:38:17] Gen 0012 | Mejor fitness: 0.873798 | Promedio: 0.860419
[2026-05-14 15:38:17] Gen 0013 | Mejor fitness: 0.873798 | Promedio: 0.864462
[2026-05-14 15:38:17] Gen 0014 | Mejor fitness: 0.873798 | Promedio: 0.868131
[2026-05-14 15:38:17] Gen 0015 | Mejor fitness: 0.876580 | Promedio: 0.871243
[2026-05-14 15:38:17] Gen 0016 | Mejor fitness: 0.876580 | Promedio: 0.872774
[2026-05-14 15:38:17] Gen 0017 | Mejor fitness: 0.877389 | Promedio: 0.873739
[2026-05-14 15:38:17] Gen 0018 | Mejor fitness: 0.878137 | Promedio: 0.875585
[2026-05-14 15:38:17] Gen 0019 | Mejor fitness: 0.879051 | Promedio: 0.876420
[2026-05-14 15:38:17] Gen 0020 | Mejor fitness: 0.879063 | Promedio: 0.877114
[2026-05-14 15:38:17] Gen 0021 | Mejor fitness: 0.879440 | Promedio: 0.877506
[2026-05-14 15:38:17] Gen 0022 | Mejor fitness: 0.880905 | Promedio: 0.878145
[2026-05-14 15:38:17] Gen 0023 | Mejor fitness: 0.880991 | Promedio: 0.878545
[2026-05-14 15:38:17] Gen 0024 | Mejor fitness: 0.881894 | Promedio: 0.879102
[2026-05-14 15:38:17] Gen 0025 | Mejor fitness: 0.881894 | Promedio: 0.880328
[2026-05-14 15:38:17] Gen 0026 | Mejor fitness: 0.881894 | Promedio: 0.880218
[2026-05-14 15:38:17] Gen 0027 | Mejor fitness: 0.882409 | Promedio: 0.880745
[2026-05-14 15:38:17] Gen 0028 | Mejor fitness: 0.882409 | Promedio: 0.881087
[2026-05-14 15:38:17] Gen 0029 | Mejor fitness: 0.882409 | Promedio: 0.880805
[2026-05-14 15:38:17] Gen 0030 | Mejor fitness: 0.882409 | Promedio: 0.881098
[2026-05-14 15:38:17] Gen 0031 | Mejor fitness: 0.882409 | Promedio: 0.881715
[2026-05-14 15:38:17] Gen 0032 | Mejor fitness: 0.882409 | Promedio: 0.881857
[2026-05-14 15:38:17] Gen 0033 | Mejor fitness: 0.882409 | Promedio: 0.881533
[2026-05-14 15:38:17] Gen 0034 | Mejor fitness: 0.882409 | Promedio: 0.881953
[2026-05-14 15:38:17] Gen 0035 | Mejor fitness: 0.882409 | Promedio: 0.881417
[2026-05-14 15:38:17] Gen 0036 | Mejor fitness: 0.882409 | Promedio: 0.881786
[2026-05-14 15:38:17] Gen 0037 | Mejor fitness: 0.882409 | Promedio: 0.881766
[2026-05-14 15:38:17] Gen 0038 | Mejor fitness: 0.882417 | Promedio: 0.881939
[2026-05-14 15:38:17] Gen 0039 | Mejor fitness: 0.882417 | Promedio: 0.881963
[2026-05-14 15:38:17] Gen 0040 | Mejor fitness: 0.882417 | Promedio: 0.881971
[2026-05-14 15:38:17] Gen 0041 | Mejor fitness: 0.882417 | Promedio: 0.881675
[2026-05-14 15:38:17] Gen 0042 | Mejor fitness: 0.882417 | Promedio: 0.881957
[2026-05-14 15:38:17] Gen 0043 | Mejor fitness: 0.882417 | Promedio: 0.881903
[2026-05-14 15:38:17] Gen 0044 | Mejor fitness: 0.882417 | Promedio: 0.882000
[2026-05-14 15:38:17] Gen 0045 | Mejor fitness: 0.882417 | Promedio: 0.881972
[2026-05-14 15:38:17] Gen 0046 | Mejor fitness: 0.882417 | Promedio: 0.881934
[2026-05-14 15:38:17] Gen 0047 | Mejor fitness: 0.882417 | Promedio: 0.881820
[2026-05-14 15:38:17] Gen 0048 | Mejor fitness: 0.882417 | Promedio: 0.881908
[2026-05-14 15:38:17] Gen 0049 | Mejor fitness: 0.882417 | Promedio: 0.881615
[2026-05-14 15:38:17] Gen 0050 | Mejor fitness: 0.882417 | Promedio: 0.882042
[2026-05-14 15:38:17] Gen 0051 | Mejor fitness: 0.882417 | Promedio: 0.881986
[2026-05-14 15:38:17] Gen 0052 | Mejor fitness: 0.882417 | Promedio: 0.882255
[2026-05-14 15:38:17] Gen 0053 | Mejor fitness: 0.882417 | Promedio: 0.881971
[2026-05-14 15:38:17] Gen 0054 | Mejor fitness: 0.882417 | Promedio: 0.881787
[2026-05-14 15:38:17] Gen 0055 | Mejor fitness: 0.882417 | Promedio: 0.882130
[2026-05-14 15:38:17] Gen 0056 | Mejor fitness: 0.882417 | Promedio: 0.881322
[2026-05-14 15:38:17] Gen 0057 | Mejor fitness: 0.882418 | Promedio: 0.881674
[2026-05-14 15:38:17] Gen 0058 | Mejor fitness: 0.882418 | Promedio: 0.881908
[2026-05-14 15:38:17] Gen 0059 | Mejor fitness: 0.882418 | Promedio: 0.882040
[2026-05-14 15:38:17] Gen 0060 | Mejor fitness: 0.882418 | Promedio: 0.881506
[2026-05-14 15:38:17] Gen 0061 | Mejor fitness: 0.882418 | Promedio: 0.881935
[2026-05-14 15:38:17] Gen 0062 | Mejor fitness: 0.882420 | Promedio: 0.881969
[2026-05-14 15:38:17] Gen 0063 | Mejor fitness: 0.882420 | Promedio: 0.881729
[2026-05-14 15:38:17] Gen 0064 | Mejor fitness: 0.882420 | Promedio: 0.881266
[2026-05-14 15:38:17] Gen 0065 | Mejor fitness: 0.882420 | Promedio: 0.881836
[2026-05-14 15:38:17] Gen 0066 | Mejor fitness: 0.882420 | Promedio: 0.881854
[2026-05-14 15:38:17] Gen 0067 | Mejor fitness: 0.882420 | Promedio: 0.881736
[2026-05-14 15:38:17] Gen 0068 | Mejor fitness: 0.882420 | Promedio: 0.881574
[2026-05-14 15:38:17] Gen 0069 | Mejor fitness: 0.882420 | Promedio: 0.881925
[2026-05-14 15:38:17] Gen 0070 | Mejor fitness: 0.882420 | Promedio: 0.881931
[2026-05-14 15:38:17] Gen 0071 | Mejor fitness: 0.882420 | Promedio: 0.882032
[2026-05-14 15:38:17] Gen 0072 | Mejor fitness: 0.882420 | Promedio: 0.881690
[2026-05-14 15:38:17] Gen 0073 | Mejor fitness: 0.882420 | Promedio: 0.881290
[2026-05-14 15:38:17] Gen 0074 | Mejor fitness: 0.882420 | Promedio: 0.881958
[2026-05-14 15:38:17] Gen 0075 | Mejor fitness: 0.882420 | Promedio: 0.881538
[2026-05-14 15:38:17] Gen 0076 | Mejor fitness: 0.882420 | Promedio: 0.881784
[2026-05-14 15:38:17] Gen 0077 | Mejor fitness: 0.882420 | Promedio: 0.881718
[2026-05-14 15:38:17] Gen 0078 | Mejor fitness: 0.882420 | Promedio: 0.881840
[2026-05-14 15:38:17] Gen 0079 | Mejor fitness: 0.882420 | Promedio: 0.881739
[2026-05-14 15:38:17] Gen 0080 | Mejor fitness: 0.882420 | Promedio: 0.881674
[2026-05-14 15:38:17] Gen 0081 | Mejor fitness: 0.882420 | Promedio: 0.881992
[2026-05-14 15:38:17] Gen 0082 | Mejor fitness: 0.882420 | Promedio: 0.881908
[2026-05-14 15:38:17] Gen 0083 | Mejor fitness: 0.882420 | Promedio: 0.881799
[2026-05-14 15:38:17] Gen 0084 | Mejor fitness: 0.882420 | Promedio: 0.881903
[2026-05-14 15:38:17] Gen 0085 | Mejor fitness: 0.882420 | Promedio: 0.881453
[2026-05-14 15:38:17] Gen 0086 | Mejor fitness: 0.882420 | Promedio: 0.881921
[2026-05-14 15:38:17] Gen 0087 | Mejor fitness: 0.882420 | Promedio: 0.882063
[2026-05-14 15:38:17] Gen 0088 | Mejor fitness: 0.882420 | Promedio: 0.881629
[2026-05-14 15:38:17] Gen 0089 | Mejor fitness: 0.882420 | Promedio: 0.881646
[2026-05-14 15:38:17] Gen 0090 | Mejor fitness: 0.882420 | Promedio: 0.881467
[2026-05-14 15:38:17] Gen 0091 | Mejor fitness: 0.882420 | Promedio: 0.881897
[2026-05-14 15:38:17] Gen 0092 | Mejor fitness: 0.882420 | Promedio: 0.882083
[2026-05-14 15:38:17] Gen 0093 | Mejor fitness: 0.882420 | Promedio: 0.881568
[2026-05-14 15:38:17] Gen 0094 | Mejor fitness: 0.882420 | Promedio: 0.881673
[2026-05-14 15:38:17] Gen 0095 | Mejor fitness: 0.882420 | Promedio: 0.881747
[2026-05-14 15:38:17] Gen 0096 | Mejor fitness: 0.882420 | Promedio: 0.881328
[2026-05-14 15:38:17] Gen 0097 | Mejor fitness: 0.882420 | Promedio: 0.881715
[2026-05-14 15:38:17] Gen 0098 | Mejor fitness: 0.882420 | Promedio: 0.881920
[2026-05-14 15:38:17] Gen 0099 | Mejor fitness: 0.882420 | Promedio: 0.881732
[2026-05-14 15:38:17] Gen 0100 | Mejor fitness: 0.882420 | Promedio: 0.881611
[2026-05-14 15:38:17] --- Resultado final ---
[2026-05-14 15:38:17] Fitness final     : 0.882420
[2026-05-14 15:38:17]
[2026-05-14 15:38:17] Parámetros óptimos:
[2026-05-14 15:38:17]   Temp. Extrusión : 209.5 °C
[2026-05-14 15:38:17]   Temp. Cama      : 60.0 °C
[2026-05-14 15:38:17]   Velocidad       : 100.0 mm/s
[2026-05-14 15:38:17]   Altura de Capa  : 0.350 mm
[2026-05-14 15:38:17]   Relleno         : 11.4 %
[2026-05-14 15:38:17]   Ventilador      : 100.0 %
[2026-05-14 15:38:17]   Perímetros      : 2 u
[2026-05-14 15:38:17]
[2026-05-14 15:38:17] Desglose fitness:
[2026-05-14 15:38:17]   Calidad       : 0.3700
[2026-05-14 15:38:17]   Resistencia   : 0.6063
[2026-05-14 15:38:17]   Velocidad     : 1.0000
[2026-05-14 15:38:17]   Ahorro        : 0.9493
[2026-05-14 15:38:17]   Fitness       : 0.8824
[2026-05-14 15:38:17] =======================================================
