[2026-05-05 16:53:41] =======================================================
[2026-05-05 16:53:41] NUEVA EJECUCIÓN
[2026-05-05 16:53:41] Material          : PLA
[2026-05-05 16:53:41] Perfil            : Balanceado
[2026-05-05 16:53:41] Tamaño población  : 50
[2026-05-05 16:53:41] Generaciones      : 100
[2026-05-05 16:53:41] Tasa cruce        : 0.8
[2026-05-05 16:53:41] Tasa mutación     : 0.1
[2026-05-05 16:53:41] Torneo K          : 3
[2026-05-05 16:53:41] --- Evolución ---
[2026-05-05 16:53:41] Gen 0001 | Mejor fitness: 0.772810 | Promedio: 0.707141
[2026-05-05 16:53:41] Gen 0002 | Mejor fitness: 0.773878 | Promedio: 0.739543
[2026-05-05 16:53:41] Gen 0003 | Mejor fitness: 0.773878 | Promedio: 0.756234
[2026-05-05 16:53:41] Gen 0004 | Mejor fitness: 0.779170 | Promedio: 0.767303
[2026-05-05 16:53:41] Gen 0005 | Mejor fitness: 0.781262 | Promedio: 0.772159
[2026-05-05 16:53:41] Gen 0006 | Mejor fitness: 0.784821 | Promedio: 0.775945
[2026-05-05 16:53:41] Gen 0007 | Mejor fitness: 0.788976 | Promedio: 0.779149
[2026-05-05 16:53:41] Gen 0008 | Mejor fitness: 0.789580 | Promedio: 0.782962
[2026-05-05 16:53:41] Gen 0009 | Mejor fitness: 0.789950 | Promedio: 0.786329
[2026-05-05 16:53:41] Gen 0010 | Mejor fitness: 0.790023 | Promedio: 0.788003
[2026-05-05 16:53:41] Gen 0011 | Mejor fitness: 0.791548 | Promedio: 0.789009
[2026-05-05 16:53:41] Gen 0012 | Mejor fitness: 0.793409 | Promedio: 0.789846
[2026-05-05 16:53:41] Gen 0013 | Mejor fitness: 0.794411 | Promedio: 0.790672
[2026-05-05 16:53:41] Gen 0014 | Mejor fitness: 0.795361 | Promedio: 0.791669
[2026-05-05 16:53:41] Gen 0015 | Mejor fitness: 0.796887 | Promedio: 0.792942
[2026-05-05 16:53:41] Gen 0016 | Mejor fitness: 0.796887 | Promedio: 0.794446
[2026-05-05 16:53:41] Gen 0017 | Mejor fitness: 0.797508 | Promedio: 0.795609
[2026-05-05 16:53:41] Gen 0018 | Mejor fitness: 0.797786 | Promedio: 0.795819
[2026-05-05 16:53:41] Gen 0019 | Mejor fitness: 0.797833 | Promedio: 0.796869
[2026-05-05 16:53:41] Gen 0020 | Mejor fitness: 0.798067 | Promedio: 0.797261
[2026-05-05 16:53:41] Gen 0021 | Mejor fitness: 0.798124 | Promedio: 0.797164
[2026-05-05 16:53:41] Gen 0022 | Mejor fitness: 0.798165 | Promedio: 0.797522
[2026-05-05 16:53:41] Gen 0023 | Mejor fitness: 0.798248 | Promedio: 0.797706
[2026-05-05 16:53:41] Gen 0024 | Mejor fitness: 0.798368 | Promedio: 0.797587
[2026-05-05 16:53:41] Gen 0025 | Mejor fitness: 0.798384 | Promedio: 0.797654
[2026-05-05 16:53:41] Gen 0026 | Mejor fitness: 0.798434 | Promedio: 0.797631
[2026-05-05 16:53:41] Gen 0027 | Mejor fitness: 0.798434 | Promedio: 0.797790
[2026-05-05 16:53:41] Gen 0028 | Mejor fitness: 0.798456 | Promedio: 0.797970
[2026-05-05 16:53:41] Gen 0029 | Mejor fitness: 0.798473 | Promedio: 0.798002
[2026-05-05 16:53:41] Gen 0030 | Mejor fitness: 0.798476 | Promedio: 0.797873
[2026-05-05 16:53:41] Gen 0031 | Mejor fitness: 0.798476 | Promedio: 0.797920
[2026-05-05 16:53:41] Gen 0032 | Mejor fitness: 0.798477 | Promedio: 0.798081
[2026-05-05 16:53:41] Gen 0033 | Mejor fitness: 0.798477 | Promedio: 0.798013
[2026-05-05 16:53:41] Gen 0034 | Mejor fitness: 0.798477 | Promedio: 0.798245
[2026-05-05 16:53:41] Gen 0035 | Mejor fitness: 0.798477 | Promedio: 0.797737
[2026-05-05 16:53:41] Gen 0036 | Mejor fitness: 0.798477 | Promedio: 0.798074
[2026-05-05 16:53:41] Gen 0037 | Mejor fitness: 0.798477 | Promedio: 0.797995
[2026-05-05 16:53:41] Gen 0038 | Mejor fitness: 0.798477 | Promedio: 0.797790
[2026-05-05 16:53:41] Gen 0039 | Mejor fitness: 0.798477 | Promedio: 0.797845
[2026-05-05 16:53:41] Gen 0040 | Mejor fitness: 0.798477 | Promedio: 0.798122
[2026-05-05 16:53:41] Gen 0041 | Mejor fitness: 0.798477 | Promedio: 0.797966
[2026-05-05 16:53:41] Gen 0042 | Mejor fitness: 0.798478 | Promedio: 0.797880
[2026-05-05 16:53:41] Gen 0043 | Mejor fitness: 0.798478 | Promedio: 0.797529
[2026-05-05 16:53:41] Gen 0044 | Mejor fitness: 0.798478 | Promedio: 0.797996
[2026-05-05 16:53:41] Gen 0045 | Mejor fitness: 0.798478 | Promedio: 0.798118
[2026-05-05 16:53:41] Gen 0046 | Mejor fitness: 0.798478 | Promedio: 0.798200
[2026-05-05 16:53:41] Gen 0047 | Mejor fitness: 0.798478 | Promedio: 0.798295
[2026-05-05 16:53:41] Gen 0048 | Mejor fitness: 0.798478 | Promedio: 0.798122
[2026-05-05 16:53:41] Gen 0049 | Mejor fitness: 0.798478 | Promedio: 0.798078
[2026-05-05 16:53:41] Gen 0050 | Mejor fitness: 0.798478 | Promedio: 0.798083
[2026-05-05 16:53:41] Gen 0051 | Mejor fitness: 0.798478 | Promedio: 0.797777
[2026-05-05 16:53:41] Gen 0052 | Mejor fitness: 0.798478 | Promedio: 0.798171
[2026-05-05 16:53:41] Gen 0053 | Mejor fitness: 0.798478 | Promedio: 0.797750
[2026-05-05 16:53:41] Gen 0054 | Mejor fitness: 0.798478 | Promedio: 0.797994
[2026-05-05 16:53:41] Gen 0055 | Mejor fitness: 0.798478 | Promedio: 0.797750
[2026-05-05 16:53:41] Gen 0056 | Mejor fitness: 0.798478 | Promedio: 0.798144
[2026-05-05 16:53:41] Gen 0057 | Mejor fitness: 0.798478 | Promedio: 0.797985
[2026-05-05 16:53:41] Gen 0058 | Mejor fitness: 0.798478 | Promedio: 0.798181
[2026-05-05 16:53:41] Gen 0059 | Mejor fitness: 0.798478 | Promedio: 0.798023
[2026-05-05 16:53:41] Gen 0060 | Mejor fitness: 0.798478 | Promedio: 0.798017
[2026-05-05 16:53:41] Gen 0061 | Mejor fitness: 0.798478 | Promedio: 0.797819
[2026-05-05 16:53:41] Gen 0062 | Mejor fitness: 0.798478 | Promedio: 0.797985
[2026-05-05 16:53:41] Gen 0063 | Mejor fitness: 0.798478 | Promedio: 0.797743
[2026-05-05 16:53:41] Gen 0064 | Mejor fitness: 0.798478 | Promedio: 0.797848
[2026-05-05 16:53:41] Gen 0065 | Mejor fitness: 0.798478 | Promedio: 0.798070
[2026-05-05 16:53:41] Gen 0066 | Mejor fitness: 0.798478 | Promedio: 0.798306
[2026-05-05 16:53:41] Gen 0067 | Mejor fitness: 0.798478 | Promedio: 0.797887
[2026-05-05 16:53:41] Gen 0068 | Mejor fitness: 0.798478 | Promedio: 0.798116
[2026-05-05 16:53:41] Gen 0069 | Mejor fitness: 0.798478 | Promedio: 0.798048
[2026-05-05 16:53:41] Gen 0070 | Mejor fitness: 0.798478 | Promedio: 0.797845
[2026-05-05 16:53:41] Gen 0071 | Mejor fitness: 0.798478 | Promedio: 0.797880
[2026-05-05 16:53:41] Gen 0072 | Mejor fitness: 0.798478 | Promedio: 0.798217
[2026-05-05 16:53:41] Gen 0073 | Mejor fitness: 0.798478 | Promedio: 0.798121
[2026-05-05 16:53:41] Gen 0074 | Mejor fitness: 0.798478 | Promedio: 0.798087
[2026-05-05 16:53:41] Gen 0075 | Mejor fitness: 0.798478 | Promedio: 0.798183
[2026-05-05 16:53:41] Gen 0076 | Mejor fitness: 0.798484 | Promedio: 0.797544
[2026-05-05 16:53:41] Gen 0077 | Mejor fitness: 0.798484 | Promedio: 0.797752
[2026-05-05 16:53:41] Gen 0078 | Mejor fitness: 0.798484 | Promedio: 0.798298
[2026-05-05 16:53:41] Gen 0079 | Mejor fitness: 0.798484 | Promedio: 0.798054
[2026-05-05 16:53:41] Gen 0080 | Mejor fitness: 0.798484 | Promedio: 0.798013
[2026-05-05 16:53:41] Gen 0081 | Mejor fitness: 0.798484 | Promedio: 0.798025
[2026-05-05 16:53:41] Gen 0082 | Mejor fitness: 0.798484 | Promedio: 0.797988
[2026-05-05 16:53:41] Gen 0083 | Mejor fitness: 0.798484 | Promedio: 0.798041
[2026-05-05 16:53:41] Gen 0084 | Mejor fitness: 0.798484 | Promedio: 0.798236
[2026-05-05 16:53:41] Gen 0085 | Mejor fitness: 0.798484 | Promedio: 0.798011
[2026-05-05 16:53:41] Gen 0086 | Mejor fitness: 0.798484 | Promedio: 0.797893
[2026-05-05 16:53:41] Gen 0087 | Mejor fitness: 0.798484 | Promedio: 0.798086
[2026-05-05 16:53:41] Gen 0088 | Mejor fitness: 0.798484 | Promedio: 0.798226
[2026-05-05 16:53:41] Gen 0089 | Mejor fitness: 0.798484 | Promedio: 0.798211
[2026-05-05 16:53:41] Gen 0090 | Mejor fitness: 0.798484 | Promedio: 0.798265
[2026-05-05 16:53:41] Gen 0091 | Mejor fitness: 0.798484 | Promedio: 0.798157
[2026-05-05 16:53:41] Gen 0092 | Mejor fitness: 0.798484 | Promedio: 0.798051
[2026-05-05 16:53:41] Gen 0093 | Mejor fitness: 0.798484 | Promedio: 0.798031
[2026-05-05 16:53:41] Gen 0094 | Mejor fitness: 0.798484 | Promedio: 0.798154
[2026-05-05 16:53:41] Gen 0095 | Mejor fitness: 0.798484 | Promedio: 0.798052
[2026-05-05 16:53:41] Gen 0096 | Mejor fitness: 0.798484 | Promedio: 0.798070
[2026-05-05 16:53:41] Gen 0097 | Mejor fitness: 0.798484 | Promedio: 0.798188
[2026-05-05 16:53:41] Gen 0098 | Mejor fitness: 0.798484 | Promedio: 0.798161
[2026-05-05 16:53:41] Gen 0099 | Mejor fitness: 0.798484 | Promedio: 0.798259
[2026-05-05 16:53:41] Gen 0100 | Mejor fitness: 0.798484 | Promedio: 0.798184
[2026-05-05 16:53:41] --- Resultado final ---
[2026-05-05 16:53:41] Fitness final     : 0.798484
[2026-05-05 16:53:41]
[2026-05-05 16:53:41] Parámetros óptimos:
[2026-05-05 16:53:41]   Temp. Extrusión : 209.5 °C
[2026-05-05 16:53:41]   Temp. Cama      : 60.0 °C
[2026-05-05 16:53:41]   Velocidad       : 52.2 mm/s
[2026-05-05 16:53:41]   Altura de Capa  : 0.187 mm
[2026-05-05 16:53:41]   Relleno         : 16.1 %
[2026-05-05 16:53:41]   Ventilador      : 100.0 %
[2026-05-05 16:53:41]   Perímetros      : 3 u
[2026-05-05 16:53:41]
[2026-05-05 16:53:41] Desglose fitness:
[2026-05-05 16:53:41]   Calidad       : 0.7597
[2026-05-05 16:53:41]   Resistencia   : 0.7238
[2026-05-05 16:53:41]   Velocidad     : 0.8429
[2026-05-05 16:53:41]   Ahorro        : 0.8675
[2026-05-05 16:53:41]   Fitness       : 0.7985
[2026-05-05 16:53:41] =======================================================
