[2026-05-07 18:58:06] =======================================================
[2026-05-07 18:58:06] NUEVA EJECUCIÓN
[2026-05-07 18:58:06] Material          : ABS
[2026-05-07 18:58:06] Perfil            : Funcional
[2026-05-07 18:58:06] Tamaño población  : 50
[2026-05-07 18:58:06] Generaciones      : 100
[2026-05-07 18:58:06] Tasa cruce        : 0.8
[2026-05-07 18:58:06] Tasa mutación     : 0.1
[2026-05-07 18:58:06] Torneo K          : 3
[2026-05-07 18:58:06] --- Evolución ---
[2026-05-07 18:58:06] Gen 0001 | Mejor fitness: 0.767853 | Promedio: 0.692327
[2026-05-07 18:58:06] Gen 0002 | Mejor fitness: 0.770154 | Promedio: 0.737484
[2026-05-07 18:58:06] Gen 0003 | Mejor fitness: 0.782862 | Promedio: 0.750264
[2026-05-07 18:58:06] Gen 0004 | Mejor fitness: 0.782862 | Promedio: 0.765794
[2026-05-07 18:58:06] Gen 0005 | Mejor fitness: 0.793028 | Promedio: 0.774584
[2026-05-07 18:58:06] Gen 0006 | Mejor fitness: 0.801201 | Promedio: 0.781385
[2026-05-07 18:58:06] Gen 0007 | Mejor fitness: 0.801201 | Promedio: 0.784716
[2026-05-07 18:58:06] Gen 0008 | Mejor fitness: 0.801882 | Promedio: 0.790185
[2026-05-07 18:58:06] Gen 0009 | Mejor fitness: 0.806341 | Promedio: 0.795919
[2026-05-07 18:58:06] Gen 0010 | Mejor fitness: 0.808109 | Promedio: 0.799891
[2026-05-07 18:58:06] Gen 0011 | Mejor fitness: 0.808109 | Promedio: 0.803221
[2026-05-07 18:58:06] Gen 0012 | Mejor fitness: 0.809129 | Promedio: 0.805300
[2026-05-07 18:58:06] Gen 0013 | Mejor fitness: 0.809129 | Promedio: 0.806451
[2026-05-07 18:58:06] Gen 0014 | Mejor fitness: 0.809183 | Promedio: 0.807616
[2026-05-07 18:58:06] Gen 0015 | Mejor fitness: 0.809421 | Promedio: 0.807883
[2026-05-07 18:58:06] Gen 0016 | Mejor fitness: 0.809799 | Promedio: 0.807887
[2026-05-07 18:58:06] Gen 0017 | Mejor fitness: 0.809865 | Promedio: 0.808532
[2026-05-07 18:58:06] Gen 0018 | Mejor fitness: 0.810180 | Promedio: 0.809001
[2026-05-07 18:58:06] Gen 0019 | Mejor fitness: 0.810180 | Promedio: 0.809075
[2026-05-07 18:58:06] Gen 0020 | Mejor fitness: 0.810292 | Promedio: 0.809228
[2026-05-07 18:58:06] Gen 0021 | Mejor fitness: 0.810336 | Promedio: 0.809099
[2026-05-07 18:58:06] Gen 0022 | Mejor fitness: 0.810427 | Promedio: 0.809472
[2026-05-07 18:58:06] Gen 0023 | Mejor fitness: 0.810462 | Promedio: 0.809874
[2026-05-07 18:58:06] Gen 0024 | Mejor fitness: 0.810469 | Promedio: 0.810038
[2026-05-07 18:58:06] Gen 0025 | Mejor fitness: 0.810511 | Promedio: 0.809767
[2026-05-07 18:58:06] Gen 0026 | Mejor fitness: 0.810514 | Promedio: 0.810022
[2026-05-07 18:58:06] Gen 0027 | Mejor fitness: 0.810519 | Promedio: 0.810340
[2026-05-07 18:58:06] Gen 0028 | Mejor fitness: 0.810523 | Promedio: 0.810041
[2026-05-07 18:58:06] Gen 0029 | Mejor fitness: 0.810523 | Promedio: 0.809685
[2026-05-07 18:58:06] Gen 0030 | Mejor fitness: 0.810523 | Promedio: 0.810211
[2026-05-07 18:58:06] Gen 0031 | Mejor fitness: 0.810523 | Promedio: 0.809885
[2026-05-07 18:58:06] Gen 0032 | Mejor fitness: 0.810529 | Promedio: 0.809827
[2026-05-07 18:58:06] Gen 0033 | Mejor fitness: 0.810529 | Promedio: 0.810128
[2026-05-07 18:58:06] Gen 0034 | Mejor fitness: 0.810529 | Promedio: 0.809630
[2026-05-07 18:58:06] Gen 0035 | Mejor fitness: 0.810533 | Promedio: 0.809745
[2026-05-07 18:58:06] Gen 0036 | Mejor fitness: 0.810533 | Promedio: 0.809740
[2026-05-07 18:58:06] Gen 0037 | Mejor fitness: 0.810533 | Promedio: 0.809875
[2026-05-07 18:58:06] Gen 0038 | Mejor fitness: 0.810534 | Promedio: 0.810078
[2026-05-07 18:58:06] Gen 0039 | Mejor fitness: 0.810534 | Promedio: 0.809948
[2026-05-07 18:58:06] Gen 0040 | Mejor fitness: 0.810534 | Promedio: 0.810227
[2026-05-07 18:58:06] Gen 0041 | Mejor fitness: 0.810534 | Promedio: 0.810299
[2026-05-07 18:58:06] Gen 0042 | Mejor fitness: 0.810534 | Promedio: 0.809875
[2026-05-07 18:58:06] Gen 0043 | Mejor fitness: 0.810534 | Promedio: 0.809528
[2026-05-07 18:58:06] Gen 0044 | Mejor fitness: 0.810534 | Promedio: 0.810268
[2026-05-07 18:58:06] Gen 0045 | Mejor fitness: 0.810534 | Promedio: 0.810110
[2026-05-07 18:58:06] Gen 0046 | Mejor fitness: 0.810534 | Promedio: 0.809968
[2026-05-07 18:58:06] Gen 0047 | Mejor fitness: 0.810535 | Promedio: 0.809980
[2026-05-07 18:58:06] Gen 0048 | Mejor fitness: 0.810621 | Promedio: 0.809696
[2026-05-07 18:58:06] Gen 0049 | Mejor fitness: 0.810621 | Promedio: 0.809727
[2026-05-07 18:58:06] Gen 0050 | Mejor fitness: 0.810621 | Promedio: 0.809913
[2026-05-07 18:58:06] Gen 0051 | Mejor fitness: 0.810622 | Promedio: 0.809631
[2026-05-07 18:58:06] Gen 0052 | Mejor fitness: 0.810622 | Promedio: 0.810147
[2026-05-07 18:58:06] Gen 0053 | Mejor fitness: 0.810622 | Promedio: 0.810181
[2026-05-07 18:58:06] Gen 0054 | Mejor fitness: 0.810622 | Promedio: 0.810217
[2026-05-07 18:58:06] Gen 0055 | Mejor fitness: 0.810622 | Promedio: 0.810232
[2026-05-07 18:58:06] Gen 0056 | Mejor fitness: 0.810622 | Promedio: 0.810215
[2026-05-07 18:58:06] Gen 0057 | Mejor fitness: 0.810623 | Promedio: 0.810012
[2026-05-07 18:58:06] Gen 0058 | Mejor fitness: 0.810623 | Promedio: 0.810292
[2026-05-07 18:58:06] Gen 0059 | Mejor fitness: 0.810623 | Promedio: 0.810021
[2026-05-07 18:58:06] Gen 0060 | Mejor fitness: 0.810623 | Promedio: 0.810127
[2026-05-07 18:58:06] Gen 0061 | Mejor fitness: 0.810623 | Promedio: 0.810082
[2026-05-07 18:58:06] Gen 0062 | Mejor fitness: 0.810623 | Promedio: 0.810017
[2026-05-07 18:58:06] Gen 0063 | Mejor fitness: 0.810623 | Promedio: 0.810133
[2026-05-07 18:58:06] Gen 0064 | Mejor fitness: 0.810623 | Promedio: 0.810007
[2026-05-07 18:58:06] Gen 0065 | Mejor fitness: 0.810623 | Promedio: 0.809773
[2026-05-07 18:58:06] Gen 0066 | Mejor fitness: 0.810623 | Promedio: 0.810251
[2026-05-07 18:58:06] Gen 0067 | Mejor fitness: 0.810623 | Promedio: 0.809609
[2026-05-07 18:58:06] Gen 0068 | Mejor fitness: 0.810623 | Promedio: 0.810057
[2026-05-07 18:58:06] Gen 0069 | Mejor fitness: 0.810623 | Promedio: 0.810199
[2026-05-07 18:58:06] Gen 0070 | Mejor fitness: 0.810623 | Promedio: 0.810313
[2026-05-07 18:58:06] Gen 0071 | Mejor fitness: 0.810623 | Promedio: 0.810084
[2026-05-07 18:58:06] Gen 0072 | Mejor fitness: 0.810623 | Promedio: 0.809608
[2026-05-07 18:58:06] Gen 0073 | Mejor fitness: 0.810623 | Promedio: 0.809763
[2026-05-07 18:58:06] Gen 0074 | Mejor fitness: 0.810623 | Promedio: 0.809601
[2026-05-07 18:58:06] Gen 0075 | Mejor fitness: 0.810623 | Promedio: 0.810134
[2026-05-07 18:58:06] Gen 0076 | Mejor fitness: 0.810623 | Promedio: 0.810036
[2026-05-07 18:58:06] Gen 0077 | Mejor fitness: 0.810623 | Promedio: 0.810175
[2026-05-07 18:58:06] Gen 0078 | Mejor fitness: 0.810623 | Promedio: 0.810036
[2026-05-07 18:58:06] Gen 0079 | Mejor fitness: 0.810623 | Promedio: 0.810125
[2026-05-07 18:58:06] Gen 0080 | Mejor fitness: 0.810623 | Promedio: 0.810190
[2026-05-07 18:58:06] Gen 0081 | Mejor fitness: 0.810623 | Promedio: 0.810094
[2026-05-07 18:58:06] Gen 0082 | Mejor fitness: 0.810623 | Promedio: 0.810312
[2026-05-07 18:58:06] Gen 0083 | Mejor fitness: 0.810623 | Promedio: 0.810088
[2026-05-07 18:58:06] Gen 0084 | Mejor fitness: 0.810623 | Promedio: 0.810133
[2026-05-07 18:58:06] Gen 0085 | Mejor fitness: 0.810623 | Promedio: 0.809716
[2026-05-07 18:58:06] Gen 0086 | Mejor fitness: 0.810623 | Promedio: 0.809580
[2026-05-07 18:58:06] Gen 0087 | Mejor fitness: 0.810623 | Promedio: 0.809906
[2026-05-07 18:58:06] Gen 0088 | Mejor fitness: 0.810623 | Promedio: 0.810120
[2026-05-07 18:58:06] Gen 0089 | Mejor fitness: 0.810623 | Promedio: 0.809921
[2026-05-07 18:58:06] Gen 0090 | Mejor fitness: 0.810623 | Promedio: 0.810133
[2026-05-07 18:58:06] Gen 0091 | Mejor fitness: 0.810623 | Promedio: 0.810219
[2026-05-07 18:58:06] Gen 0092 | Mejor fitness: 0.810623 | Promedio: 0.810475
[2026-05-07 18:58:06] Gen 0093 | Mejor fitness: 0.810623 | Promedio: 0.809977
[2026-05-07 18:58:06] Gen 0094 | Mejor fitness: 0.810623 | Promedio: 0.809664
[2026-05-07 18:58:06] Gen 0095 | Mejor fitness: 0.810623 | Promedio: 0.810379
[2026-05-07 18:58:06] Gen 0096 | Mejor fitness: 0.810623 | Promedio: 0.810157
[2026-05-07 18:58:06] Gen 0097 | Mejor fitness: 0.810623 | Promedio: 0.810311
[2026-05-07 18:58:06] Gen 0098 | Mejor fitness: 0.810623 | Promedio: 0.810156
[2026-05-07 18:58:06] Gen 0099 | Mejor fitness: 0.810623 | Promedio: 0.809566
[2026-05-07 18:58:06] Gen 0100 | Mejor fitness: 0.810623 | Promedio: 0.810121
[2026-05-07 18:58:06] --- Resultado final ---
[2026-05-07 18:58:06] Fitness final     : 0.810623
[2026-05-07 18:58:06]
[2026-05-07 18:58:06] Parámetros óptimos:
[2026-05-07 18:58:06]   Temp. Extrusión : 239.5 °C
[2026-05-07 18:58:06]   Temp. Cama      : 110.0 °C
[2026-05-07 18:58:06]   Velocidad       : 38.2 mm/s
[2026-05-07 18:58:06]   Altura de Capa  : 0.163 mm
[2026-05-07 18:58:06]   Relleno         : 40.2 %
[2026-05-07 18:58:06]   Ventilador      : 0.0 %
[2026-05-07 18:58:06]   Perímetros      : 5 u
[2026-05-07 18:58:06]
[2026-05-07 18:58:06] Desglose fitness:
[2026-05-07 18:58:06]   Calidad       : 0.7968
[2026-05-07 18:58:06]   Resistencia   : 0.8925
[2026-05-07 18:58:06]   Velocidad     : 0.8025
[2026-05-07 18:58:06]   Ahorro        : 0.5643
[2026-05-07 18:58:06]   Fitness       : 0.8106
[2026-05-07 18:58:06] =======================================================
