[2026-05-14 15:44:27] =======================================================
[2026-05-14 15:44:27] NUEVA EJECUCIÓN
[2026-05-14 15:44:27] Material          : ABS
[2026-05-14 15:44:27] Perfil            : Rápido
[2026-05-14 15:44:27] Tamaño población  : 50
[2026-05-14 15:44:27] Generaciones      : 100
[2026-05-14 15:44:27] Tasa cruce        : 0.8
[2026-05-14 15:44:27] Tasa mutación     : 0.1
[2026-05-14 15:44:27] Torneo K          : 3
[2026-05-14 15:44:27] --- Evolución ---
[2026-05-14 15:44:27] Gen 0001 | Mejor fitness: 0.818598 | Promedio: 0.698607
[2026-05-14 15:44:27] Gen 0002 | Mejor fitness: 0.830962 | Promedio: 0.750904
[2026-05-14 15:44:27] Gen 0003 | Mejor fitness: 0.849121 | Promedio: 0.792763
[2026-05-14 15:44:27] Gen 0004 | Mejor fitness: 0.849121 | Promedio: 0.822502
[2026-05-14 15:44:27] Gen 0005 | Mejor fitness: 0.856048 | Promedio: 0.835632
[2026-05-14 15:44:27] Gen 0006 | Mejor fitness: 0.858660 | Promedio: 0.843593
[2026-05-14 15:44:27] Gen 0007 | Mejor fitness: 0.863723 | Promedio: 0.850792
[2026-05-14 15:44:27] Gen 0008 | Mejor fitness: 0.865360 | Promedio: 0.855676
[2026-05-14 15:44:27] Gen 0009 | Mejor fitness: 0.868811 | Promedio: 0.858952
[2026-05-14 15:44:27] Gen 0010 | Mejor fitness: 0.869141 | Promedio: 0.863544
[2026-05-14 15:44:27] Gen 0011 | Mejor fitness: 0.871443 | Promedio: 0.866020
[2026-05-14 15:44:27] Gen 0012 | Mejor fitness: 0.874163 | Promedio: 0.867843
[2026-05-14 15:44:27] Gen 0013 | Mejor fitness: 0.874163 | Promedio: 0.869436
[2026-05-14 15:44:27] Gen 0014 | Mejor fitness: 0.874163 | Promedio: 0.870392
[2026-05-14 15:44:27] Gen 0015 | Mejor fitness: 0.874946 | Promedio: 0.871964
[2026-05-14 15:44:27] Gen 0016 | Mejor fitness: 0.875866 | Promedio: 0.873199
[2026-05-14 15:44:27] Gen 0017 | Mejor fitness: 0.877011 | Promedio: 0.873724
[2026-05-14 15:44:27] Gen 0018 | Mejor fitness: 0.877257 | Promedio: 0.875057
[2026-05-14 15:44:27] Gen 0019 | Mejor fitness: 0.878275 | Promedio: 0.876115
[2026-05-14 15:44:27] Gen 0020 | Mejor fitness: 0.879058 | Promedio: 0.877305
[2026-05-14 15:44:27] Gen 0021 | Mejor fitness: 0.879676 | Promedio: 0.877515
[2026-05-14 15:44:27] Gen 0022 | Mejor fitness: 0.880804 | Promedio: 0.878419
[2026-05-14 15:44:27] Gen 0023 | Mejor fitness: 0.881091 | Promedio: 0.879192
[2026-05-14 15:44:27] Gen 0024 | Mejor fitness: 0.881682 | Promedio: 0.879721
[2026-05-14 15:44:27] Gen 0025 | Mejor fitness: 0.881682 | Promedio: 0.879720
[2026-05-14 15:44:27] Gen 0026 | Mejor fitness: 0.881682 | Promedio: 0.880526
[2026-05-14 15:44:27] Gen 0027 | Mejor fitness: 0.881935 | Promedio: 0.880541
[2026-05-14 15:44:27] Gen 0028 | Mejor fitness: 0.882136 | Promedio: 0.881092
[2026-05-14 15:44:27] Gen 0029 | Mejor fitness: 0.882136 | Promedio: 0.881128
[2026-05-14 15:44:27] Gen 0030 | Mejor fitness: 0.882260 | Promedio: 0.880975
[2026-05-14 15:44:27] Gen 0031 | Mejor fitness: 0.882323 | Promedio: 0.881665
[2026-05-14 15:44:27] Gen 0032 | Mejor fitness: 0.882323 | Promedio: 0.881861
[2026-05-14 15:44:27] Gen 0033 | Mejor fitness: 0.882353 | Promedio: 0.881861
[2026-05-14 15:44:27] Gen 0034 | Mejor fitness: 0.882353 | Promedio: 0.882166
[2026-05-14 15:44:27] Gen 0035 | Mejor fitness: 0.882353 | Promedio: 0.881800
[2026-05-14 15:44:27] Gen 0036 | Mejor fitness: 0.882355 | Promedio: 0.881646
[2026-05-14 15:44:27] Gen 0037 | Mejor fitness: 0.882395 | Promedio: 0.881782
[2026-05-14 15:44:27] Gen 0038 | Mejor fitness: 0.882410 | Promedio: 0.881824
[2026-05-14 15:44:27] Gen 0039 | Mejor fitness: 0.882410 | Promedio: 0.881941
[2026-05-14 15:44:27] Gen 0040 | Mejor fitness: 0.882412 | Promedio: 0.881854
[2026-05-14 15:44:27] Gen 0041 | Mejor fitness: 0.882412 | Promedio: 0.881699
[2026-05-14 15:44:27] Gen 0042 | Mejor fitness: 0.882415 | Promedio: 0.881804
[2026-05-14 15:44:27] Gen 0043 | Mejor fitness: 0.882415 | Promedio: 0.881357
[2026-05-14 15:44:27] Gen 0044 | Mejor fitness: 0.882415 | Promedio: 0.881635
[2026-05-14 15:44:27] Gen 0045 | Mejor fitness: 0.882415 | Promedio: 0.881906
[2026-05-14 15:44:27] Gen 0046 | Mejor fitness: 0.882415 | Promedio: 0.882140
[2026-05-14 15:44:27] Gen 0047 | Mejor fitness: 0.882415 | Promedio: 0.882138
[2026-05-14 15:44:27] Gen 0048 | Mejor fitness: 0.882415 | Promedio: 0.881734
[2026-05-14 15:44:27] Gen 0049 | Mejor fitness: 0.882415 | Promedio: 0.881503
[2026-05-14 15:44:27] Gen 0050 | Mejor fitness: 0.882415 | Promedio: 0.881901
[2026-05-14 15:44:27] Gen 0051 | Mejor fitness: 0.882415 | Promedio: 0.881317
[2026-05-14 15:44:27] Gen 0052 | Mejor fitness: 0.882415 | Promedio: 0.881421
[2026-05-14 15:44:27] Gen 0053 | Mejor fitness: 0.882415 | Promedio: 0.881760
[2026-05-14 15:44:27] Gen 0054 | Mejor fitness: 0.882415 | Promedio: 0.882131
[2026-05-14 15:44:27] Gen 0055 | Mejor fitness: 0.882415 | Promedio: 0.881430
[2026-05-14 15:44:27] Gen 0056 | Mejor fitness: 0.882415 | Promedio: 0.881996
[2026-05-14 15:44:27] Gen 0057 | Mejor fitness: 0.882415 | Promedio: 0.881809
[2026-05-14 15:44:27] Gen 0058 | Mejor fitness: 0.882415 | Promedio: 0.881593
[2026-05-14 15:44:27] Gen 0059 | Mejor fitness: 0.882415 | Promedio: 0.881400
[2026-05-14 15:44:27] Gen 0060 | Mejor fitness: 0.882415 | Promedio: 0.882145
[2026-05-14 15:44:27] Gen 0061 | Mejor fitness: 0.882415 | Promedio: 0.881471
[2026-05-14 15:44:27] Gen 0062 | Mejor fitness: 0.882415 | Promedio: 0.882113
[2026-05-14 15:44:27] Gen 0063 | Mejor fitness: 0.882415 | Promedio: 0.882118
[2026-05-14 15:44:27] Gen 0064 | Mejor fitness: 0.882415 | Promedio: 0.881779
[2026-05-14 15:44:27] Gen 0065 | Mejor fitness: 0.882415 | Promedio: 0.881819
[2026-05-14 15:44:27] Gen 0066 | Mejor fitness: 0.882415 | Promedio: 0.881634
[2026-05-14 15:44:27] Gen 0067 | Mejor fitness: 0.882415 | Promedio: 0.881416
[2026-05-14 15:44:27] Gen 0068 | Mejor fitness: 0.882415 | Promedio: 0.881650
[2026-05-14 15:44:27] Gen 0069 | Mejor fitness: 0.882415 | Promedio: 0.881896
[2026-05-14 15:44:27] Gen 0070 | Mejor fitness: 0.882415 | Promedio: 0.882134
[2026-05-14 15:44:27] Gen 0071 | Mejor fitness: 0.882415 | Promedio: 0.881466
[2026-05-14 15:44:27] Gen 0072 | Mejor fitness: 0.882415 | Promedio: 0.881619
[2026-05-14 15:44:27] Gen 0073 | Mejor fitness: 0.882415 | Promedio: 0.881609
[2026-05-14 15:44:27] Gen 0074 | Mejor fitness: 0.882415 | Promedio: 0.881866
[2026-05-14 15:44:27] Gen 0075 | Mejor fitness: 0.882415 | Promedio: 0.881018
[2026-05-14 15:44:27] Gen 0076 | Mejor fitness: 0.882416 | Promedio: 0.881728
[2026-05-14 15:44:27] Gen 0077 | Mejor fitness: 0.882416 | Promedio: 0.882051
[2026-05-14 15:44:27] Gen 0078 | Mejor fitness: 0.882416 | Promedio: 0.881959
[2026-05-14 15:44:27] Gen 0079 | Mejor fitness: 0.882416 | Promedio: 0.881745
[2026-05-14 15:44:27] Gen 0080 | Mejor fitness: 0.882416 | Promedio: 0.881919
[2026-05-14 15:44:27] Gen 0081 | Mejor fitness: 0.882416 | Promedio: 0.881660
[2026-05-14 15:44:27] Gen 0082 | Mejor fitness: 0.882416 | Promedio: 0.881764
[2026-05-14 15:44:27] Gen 0083 | Mejor fitness: 0.882416 | Promedio: 0.881506
[2026-05-14 15:44:27] Gen 0084 | Mejor fitness: 0.882416 | Promedio: 0.881971
[2026-05-14 15:44:27] Gen 0085 | Mejor fitness: 0.882416 | Promedio: 0.882133
[2026-05-14 15:44:27] Gen 0086 | Mejor fitness: 0.882416 | Promedio: 0.881577
[2026-05-14 15:44:27] Gen 0087 | Mejor fitness: 0.882416 | Promedio: 0.881719
[2026-05-14 15:44:27] Gen 0088 | Mejor fitness: 0.882416 | Promedio: 0.881590
[2026-05-14 15:44:27] Gen 0089 | Mejor fitness: 0.882416 | Promedio: 0.881691
[2026-05-14 15:44:27] Gen 0090 | Mejor fitness: 0.882416 | Promedio: 0.881774
[2026-05-14 15:44:27] Gen 0091 | Mejor fitness: 0.882416 | Promedio: 0.882081
[2026-05-14 15:44:27] Gen 0092 | Mejor fitness: 0.882416 | Promedio: 0.882009
[2026-05-14 15:44:27] Gen 0093 | Mejor fitness: 0.882416 | Promedio: 0.881882
[2026-05-14 15:44:27] Gen 0094 | Mejor fitness: 0.882416 | Promedio: 0.881574
[2026-05-14 15:44:27] Gen 0095 | Mejor fitness: 0.882416 | Promedio: 0.882072
[2026-05-14 15:44:27] Gen 0096 | Mejor fitness: 0.882416 | Promedio: 0.881800
[2026-05-14 15:44:27] Gen 0097 | Mejor fitness: 0.882416 | Promedio: 0.882031
[2026-05-14 15:44:27] Gen 0098 | Mejor fitness: 0.882416 | Promedio: 0.882146
[2026-05-14 15:44:27] Gen 0099 | Mejor fitness: 0.882416 | Promedio: 0.882260
[2026-05-14 15:44:27] Gen 0100 | Mejor fitness: 0.882416 | Promedio: 0.881362
[2026-05-14 15:44:27] --- Resultado final ---
[2026-05-14 15:44:27] Fitness final     : 0.882416
[2026-05-14 15:44:27]
[2026-05-14 15:44:27] Parámetros óptimos:
[2026-05-14 15:44:27]   Temp. Extrusión : 239.5 °C
[2026-05-14 15:44:27]   Temp. Cama      : 110.0 °C
[2026-05-14 15:44:27]   Velocidad       : 80.0 mm/s
[2026-05-14 15:44:27]   Altura de Capa  : 0.320 mm
[2026-05-14 15:44:27]   Relleno         : 11.4 %
[2026-05-14 15:44:27]   Ventilador      : 0.0 %
[2026-05-14 15:44:27]   Perímetros      : 2 u
[2026-05-14 15:44:27]
[2026-05-14 15:44:27] Desglose fitness:
[2026-05-14 15:44:27]   Calidad       : 0.3701
[2026-05-14 15:44:27]   Resistencia   : 0.6067
[2026-05-14 15:44:27]   Velocidad     : 1.0000
[2026-05-14 15:44:27]   Ahorro        : 0.9491
[2026-05-14 15:44:27]   Fitness       : 0.8824
[2026-05-14 15:44:27] =======================================================
