[2026-05-14 15:37:24] =======================================================
[2026-05-14 15:37:24] NUEVA EJECUCIÓN
[2026-05-14 15:37:24] Material          : PLA
[2026-05-14 15:37:24] Perfil            : Rápido
[2026-05-14 15:37:24] Tamaño población  : 50
[2026-05-14 15:37:24] Generaciones      : 100
[2026-05-14 15:37:24] Tasa cruce        : 0.8
[2026-05-14 15:37:24] Tasa mutación     : 0.1
[2026-05-14 15:37:24] Torneo K          : 3
[2026-05-14 15:37:24] --- Evolución ---
[2026-05-14 15:37:24] Gen 0001 | Mejor fitness: 0.842208 | Promedio: 0.705444
[2026-05-14 15:37:24] Gen 0002 | Mejor fitness: 0.842208 | Promedio: 0.762609
[2026-05-14 15:37:24] Gen 0003 | Mejor fitness: 0.855419 | Promedio: 0.800285
[2026-05-14 15:37:24] Gen 0004 | Mejor fitness: 0.855419 | Promedio: 0.826235
[2026-05-14 15:37:24] Gen 0005 | Mejor fitness: 0.865187 | Promedio: 0.845105
[2026-05-14 15:37:24] Gen 0006 | Mejor fitness: 0.867362 | Promedio: 0.855459
[2026-05-14 15:37:24] Gen 0007 | Mejor fitness: 0.868224 | Promedio: 0.860128
[2026-05-14 15:37:24] Gen 0008 | Mejor fitness: 0.870793 | Promedio: 0.864430
[2026-05-14 15:37:24] Gen 0009 | Mejor fitness: 0.870793 | Promedio: 0.866621
[2026-05-14 15:37:24] Gen 0010 | Mejor fitness: 0.872111 | Promedio: 0.868573
[2026-05-14 15:37:24] Gen 0011 | Mejor fitness: 0.872886 | Promedio: 0.870087
[2026-05-14 15:37:24] Gen 0012 | Mejor fitness: 0.873420 | Promedio: 0.871094
[2026-05-14 15:37:24] Gen 0013 | Mejor fitness: 0.874245 | Promedio: 0.872311
[2026-05-14 15:37:24] Gen 0014 | Mejor fitness: 0.874535 | Promedio: 0.872061
[2026-05-14 15:37:24] Gen 0015 | Mejor fitness: 0.875401 | Promedio: 0.873652
[2026-05-14 15:37:24] Gen 0016 | Mejor fitness: 0.876650 | Promedio: 0.874183
[2026-05-14 15:37:24] Gen 0017 | Mejor fitness: 0.876743 | Promedio: 0.874532
[2026-05-14 15:37:24] Gen 0018 | Mejor fitness: 0.878095 | Promedio: 0.875043
[2026-05-14 15:37:24] Gen 0019 | Mejor fitness: 0.878351 | Promedio: 0.874829
[2026-05-14 15:37:24] Gen 0020 | Mejor fitness: 0.878884 | Promedio: 0.876287
[2026-05-14 15:37:24] Gen 0021 | Mejor fitness: 0.878905 | Promedio: 0.877017
[2026-05-14 15:37:24] Gen 0022 | Mejor fitness: 0.878905 | Promedio: 0.877685
[2026-05-14 15:37:24] Gen 0023 | Mejor fitness: 0.879696 | Promedio: 0.878388
[2026-05-14 15:37:24] Gen 0024 | Mejor fitness: 0.879742 | Promedio: 0.878316
[2026-05-14 15:37:24] Gen 0025 | Mejor fitness: 0.880400 | Promedio: 0.878978
[2026-05-14 15:37:24] Gen 0026 | Mejor fitness: 0.880584 | Promedio: 0.879356
[2026-05-14 15:37:24] Gen 0027 | Mejor fitness: 0.881522 | Promedio: 0.879280
[2026-05-14 15:37:24] Gen 0028 | Mejor fitness: 0.881581 | Promedio: 0.879123
[2026-05-14 15:37:24] Gen 0029 | Mejor fitness: 0.881754 | Promedio: 0.879667
[2026-05-14 15:37:24] Gen 0030 | Mejor fitness: 0.881946 | Promedio: 0.880201
[2026-05-14 15:37:24] Gen 0031 | Mejor fitness: 0.882000 | Promedio: 0.881117
[2026-05-14 15:37:24] Gen 0032 | Mejor fitness: 0.882216 | Promedio: 0.881238
[2026-05-14 15:37:24] Gen 0033 | Mejor fitness: 0.882216 | Promedio: 0.881107
[2026-05-14 15:37:24] Gen 0034 | Mejor fitness: 0.882364 | Promedio: 0.881547
[2026-05-14 15:37:24] Gen 0035 | Mejor fitness: 0.882364 | Promedio: 0.881600
[2026-05-14 15:37:24] Gen 0036 | Mejor fitness: 0.882390 | Promedio: 0.882018
[2026-05-14 15:37:24] Gen 0037 | Mejor fitness: 0.882390 | Promedio: 0.881753
[2026-05-14 15:37:24] Gen 0038 | Mejor fitness: 0.882399 | Promedio: 0.881660
[2026-05-14 15:37:24] Gen 0039 | Mejor fitness: 0.882399 | Promedio: 0.881455
[2026-05-14 15:37:24] Gen 0040 | Mejor fitness: 0.882399 | Promedio: 0.881897
[2026-05-14 15:37:24] Gen 0041 | Mejor fitness: 0.882399 | Promedio: 0.881827
[2026-05-14 15:37:24] Gen 0042 | Mejor fitness: 0.882404 | Promedio: 0.881852
[2026-05-14 15:37:24] Gen 0043 | Mejor fitness: 0.882404 | Promedio: 0.882139
[2026-05-14 15:37:24] Gen 0044 | Mejor fitness: 0.882404 | Promedio: 0.881705
[2026-05-14 15:37:24] Gen 0045 | Mejor fitness: 0.882414 | Promedio: 0.881544
[2026-05-14 15:37:24] Gen 0046 | Mejor fitness: 0.882414 | Promedio: 0.882043
[2026-05-14 15:37:24] Gen 0047 | Mejor fitness: 0.882419 | Promedio: 0.881913
[2026-05-14 15:37:24] Gen 0048 | Mejor fitness: 0.882419 | Promedio: 0.880810
[2026-05-14 15:37:24] Gen 0049 | Mejor fitness: 0.882419 | Promedio: 0.881757
[2026-05-14 15:37:24] Gen 0050 | Mejor fitness: 0.882419 | Promedio: 0.881839
[2026-05-14 15:37:24] Gen 0051 | Mejor fitness: 0.882419 | Promedio: 0.882094
[2026-05-14 15:37:24] Gen 0052 | Mejor fitness: 0.882419 | Promedio: 0.881383
[2026-05-14 15:37:24] Gen 0053 | Mejor fitness: 0.882419 | Promedio: 0.882127
[2026-05-14 15:37:24] Gen 0054 | Mejor fitness: 0.882419 | Promedio: 0.882027
[2026-05-14 15:37:24] Gen 0055 | Mejor fitness: 0.882419 | Promedio: 0.881700
[2026-05-14 15:37:24] Gen 0056 | Mejor fitness: 0.882419 | Promedio: 0.881860
[2026-05-14 15:37:24] Gen 0057 | Mejor fitness: 0.882419 | Promedio: 0.882111
[2026-05-14 15:37:24] Gen 0058 | Mejor fitness: 0.882419 | Promedio: 0.881852
[2026-05-14 15:37:24] Gen 0059 | Mejor fitness: 0.882419 | Promedio: 0.881341
[2026-05-14 15:37:24] Gen 0060 | Mejor fitness: 0.882419 | Promedio: 0.881785
[2026-05-14 15:37:24] Gen 0061 | Mejor fitness: 0.882419 | Promedio: 0.881804
[2026-05-14 15:37:24] Gen 0062 | Mejor fitness: 0.882419 | Promedio: 0.881957
[2026-05-14 15:37:24] Gen 0063 | Mejor fitness: 0.882419 | Promedio: 0.882227
[2026-05-14 15:37:24] Gen 0064 | Mejor fitness: 0.882419 | Promedio: 0.881733
[2026-05-14 15:37:24] Gen 0065 | Mejor fitness: 0.882419 | Promedio: 0.881556
[2026-05-14 15:37:24] Gen 0066 | Mejor fitness: 0.882419 | Promedio: 0.881914
[2026-05-14 15:37:24] Gen 0067 | Mejor fitness: 0.882419 | Promedio: 0.882039
[2026-05-14 15:37:24] Gen 0068 | Mejor fitness: 0.882419 | Promedio: 0.881453
[2026-05-14 15:37:24] Gen 0069 | Mejor fitness: 0.882419 | Promedio: 0.882201
[2026-05-14 15:37:24] Gen 0070 | Mejor fitness: 0.882419 | Promedio: 0.881463
[2026-05-14 15:37:24] Gen 0071 | Mejor fitness: 0.882419 | Promedio: 0.881692
[2026-05-14 15:37:24] Gen 0072 | Mejor fitness: 0.882419 | Promedio: 0.881794
[2026-05-14 15:37:24] Gen 0073 | Mejor fitness: 0.882419 | Promedio: 0.882109
[2026-05-14 15:37:24] Gen 0074 | Mejor fitness: 0.882419 | Promedio: 0.881970
[2026-05-14 15:37:24] Gen 0075 | Mejor fitness: 0.882419 | Promedio: 0.881421
[2026-05-14 15:37:24] Gen 0076 | Mejor fitness: 0.882419 | Promedio: 0.881781
[2026-05-14 15:37:24] Gen 0077 | Mejor fitness: 0.882419 | Promedio: 0.881707
[2026-05-14 15:37:24] Gen 0078 | Mejor fitness: 0.882419 | Promedio: 0.881507
[2026-05-14 15:37:24] Gen 0079 | Mejor fitness: 0.882419 | Promedio: 0.882075
[2026-05-14 15:37:24] Gen 0080 | Mejor fitness: 0.882419 | Promedio: 0.881704
[2026-05-14 15:37:24] Gen 0081 | Mejor fitness: 0.882419 | Promedio: 0.881339
[2026-05-14 15:37:24] Gen 0082 | Mejor fitness: 0.882419 | Promedio: 0.881812
[2026-05-14 15:37:24] Gen 0083 | Mejor fitness: 0.882419 | Promedio: 0.881660
[2026-05-14 15:37:24] Gen 0084 | Mejor fitness: 0.882419 | Promedio: 0.881873
[2026-05-14 15:37:24] Gen 0085 | Mejor fitness: 0.882419 | Promedio: 0.882084
[2026-05-14 15:37:24] Gen 0086 | Mejor fitness: 0.882419 | Promedio: 0.882109
[2026-05-14 15:37:24] Gen 0087 | Mejor fitness: 0.882419 | Promedio: 0.882209
[2026-05-14 15:37:24] Gen 0088 | Mejor fitness: 0.882419 | Promedio: 0.881844
[2026-05-14 15:37:24] Gen 0089 | Mejor fitness: 0.882419 | Promedio: 0.881693
[2026-05-14 15:37:24] Gen 0090 | Mejor fitness: 0.882419 | Promedio: 0.882207
[2026-05-14 15:37:24] Gen 0091 | Mejor fitness: 0.882419 | Promedio: 0.881914
[2026-05-14 15:37:24] Gen 0092 | Mejor fitness: 0.882419 | Promedio: 0.882056
[2026-05-14 15:37:24] Gen 0093 | Mejor fitness: 0.882419 | Promedio: 0.881762
[2026-05-14 15:37:24] Gen 0094 | Mejor fitness: 0.882419 | Promedio: 0.881712
[2026-05-14 15:37:24] Gen 0095 | Mejor fitness: 0.882419 | Promedio: 0.881800
[2026-05-14 15:37:24] Gen 0096 | Mejor fitness: 0.882419 | Promedio: 0.881444
[2026-05-14 15:37:24] Gen 0097 | Mejor fitness: 0.882419 | Promedio: 0.881727
[2026-05-14 15:37:24] Gen 0098 | Mejor fitness: 0.882419 | Promedio: 0.881561
[2026-05-14 15:37:24] Gen 0099 | Mejor fitness: 0.882419 | Promedio: 0.881872
[2026-05-14 15:37:24] Gen 0100 | Mejor fitness: 0.882419 | Promedio: 0.881879
[2026-05-14 15:37:24] --- Resultado final ---
[2026-05-14 15:37:24] Fitness final     : 0.882419
[2026-05-14 15:37:24]
[2026-05-14 15:37:24] Parámetros óptimos:
[2026-05-14 15:37:24]   Temp. Extrusión : 209.5 °C
[2026-05-14 15:37:24]   Temp. Cama      : 60.0 °C
[2026-05-14 15:37:24]   Velocidad       : 100.0 mm/s
[2026-05-14 15:37:24]   Altura de Capa  : 0.350 mm
[2026-05-14 15:37:24]   Relleno         : 11.4 %
[2026-05-14 15:37:24]   Ventilador      : 100.0 %
[2026-05-14 15:37:24]   Perímetros      : 2 u
[2026-05-14 15:37:24]
[2026-05-14 15:37:24] Desglose fitness:
[2026-05-14 15:37:24]   Calidad       : 0.3700
[2026-05-14 15:37:24]   Resistencia   : 0.6061
[2026-05-14 15:37:24]   Velocidad     : 1.0000
[2026-05-14 15:37:24]   Ahorro        : 0.9494
[2026-05-14 15:37:24]   Fitness       : 0.8824
[2026-05-14 15:37:24] =======================================================
