[2026-05-13 12:47:58] =======================================================
[2026-05-13 12:47:58] NUEVA EJECUCIÓN
[2026-05-13 12:47:58] Material          : PLA
[2026-05-13 12:47:58] Perfil            : Estético
[2026-05-13 12:47:58] Tamaño población  : 200
[2026-05-13 12:47:58] Generaciones      : 500
[2026-05-13 12:47:58] Tasa cruce        : 0.8
[2026-05-13 12:47:58] Tasa mutación     : 0.1
[2026-05-13 12:47:58] Torneo K          : 3
[2026-05-13 12:47:58] --- Evolución ---
[2026-05-13 12:47:58] Gen 0001 | Mejor fitness: 0.780098 | Promedio: 0.660755
[2026-05-13 12:47:58] Gen 0002 | Mejor fitness: 0.780098 | Promedio: 0.701407
[2026-05-13 12:47:58] Gen 0003 | Mejor fitness: 0.797296 | Promedio: 0.731852
[2026-05-13 12:47:58] Gen 0004 | Mejor fitness: 0.804227 | Promedio: 0.755365
[2026-05-13 12:47:58] Gen 0005 | Mejor fitness: 0.804227 | Promedio: 0.771094
[2026-05-13 12:47:58] Gen 0006 | Mejor fitness: 0.804227 | Promedio: 0.783615
[2026-05-13 12:47:58] Gen 0007 | Mejor fitness: 0.810840 | Promedio: 0.793321
[2026-05-13 12:47:58] Gen 0008 | Mejor fitness: 0.810840 | Promedio: 0.798712
[2026-05-13 12:47:58] Gen 0009 | Mejor fitness: 0.813049 | Promedio: 0.802853
[2026-05-13 12:47:58] Gen 0010 | Mejor fitness: 0.814573 | Promedio: 0.805832
[2026-05-13 12:47:58] Gen 0011 | Mejor fitness: 0.814937 | Promedio: 0.808866
[2026-05-13 12:47:58] Gen 0012 | Mejor fitness: 0.814937 | Promedio: 0.811151
[2026-05-13 12:47:58] Gen 0013 | Mejor fitness: 0.815188 | Promedio: 0.812787
[2026-05-13 12:47:58] Gen 0014 | Mejor fitness: 0.815927 | Promedio: 0.813567
[2026-05-13 12:47:58] Gen 0015 | Mejor fitness: 0.816140 | Promedio: 0.814316
[2026-05-13 12:47:58] Gen 0016 | Mejor fitness: 0.816619 | Promedio: 0.814595
[2026-05-13 12:47:58] Gen 0017 | Mejor fitness: 0.816647 | Promedio: 0.814846
[2026-05-13 12:47:58] Gen 0018 | Mejor fitness: 0.816647 | Promedio: 0.815377
[2026-05-13 12:47:58] Gen 0019 | Mejor fitness: 0.816647 | Promedio: 0.815478
[2026-05-13 12:47:58] Gen 0020 | Mejor fitness: 0.816651 | Promedio: 0.815806
[2026-05-13 12:47:58] Gen 0021 | Mejor fitness: 0.816653 | Promedio: 0.815829
[2026-05-13 12:47:58] Gen 0022 | Mejor fitness: 0.816653 | Promedio: 0.815716
[2026-05-13 12:47:58] Gen 0023 | Mejor fitness: 0.816653 | Promedio: 0.815934
[2026-05-13 12:47:58] Gen 0024 | Mejor fitness: 0.816653 | Promedio: 0.815933
[2026-05-13 12:47:58] Gen 0025 | Mejor fitness: 0.816653 | Promedio: 0.815829
[2026-05-13 12:47:58] Gen 0026 | Mejor fitness: 0.816654 | Promedio: 0.815844
[2026-05-13 12:47:58] Gen 0027 | Mejor fitness: 0.816654 | Promedio: 0.815859
[2026-05-13 12:47:58] Gen 0028 | Mejor fitness: 0.816654 | Promedio: 0.815961
[2026-05-13 12:47:58] Gen 0029 | Mejor fitness: 0.816654 | Promedio: 0.816061
[2026-05-13 12:47:58] Gen 0030 | Mejor fitness: 0.816654 | Promedio: 0.815973
[2026-05-13 12:47:58] Gen 0031 | Mejor fitness: 0.816654 | Promedio: 0.815842
[2026-05-13 12:47:58] Gen 0032 | Mejor fitness: 0.816660 | Promedio: 0.816021
[2026-05-13 12:47:58] Gen 0033 | Mejor fitness: 0.816660 | Promedio: 0.816000
[2026-05-13 12:47:58] Gen 0034 | Mejor fitness: 0.816661 | Promedio: 0.816040
[2026-05-13 12:47:58] Gen 0035 | Mejor fitness: 0.816661 | Promedio: 0.816095
[2026-05-13 12:47:58] Gen 0036 | Mejor fitness: 0.816661 | Promedio: 0.816033
[2026-05-13 12:47:58] Gen 0037 | Mejor fitness: 0.816661 | Promedio: 0.815940
[2026-05-13 12:47:58] Gen 0038 | Mejor fitness: 0.816661 | Promedio: 0.816049
[2026-05-13 12:47:58] Gen 0039 | Mejor fitness: 0.816661 | Promedio: 0.816008
[2026-05-13 12:47:58] Gen 0040 | Mejor fitness: 0.816661 | Promedio: 0.815927
[2026-05-13 12:47:58] Gen 0041 | Mejor fitness: 0.816661 | Promedio: 0.815802
[2026-05-13 12:47:58] Gen 0042 | Mejor fitness: 0.816661 | Promedio: 0.816077
[2026-05-13 12:47:58] Gen 0043 | Mejor fitness: 0.816661 | Promedio: 0.816019
[2026-05-13 12:47:58] Gen 0044 | Mejor fitness: 0.816661 | Promedio: 0.815983
[2026-05-13 12:47:58] Gen 0045 | Mejor fitness: 0.816661 | Promedio: 0.816043
[2026-05-13 12:47:58] Gen 0046 | Mejor fitness: 0.816666 | Promedio: 0.815944
[2026-05-13 12:47:58] Gen 0047 | Mejor fitness: 0.816666 | Promedio: 0.816043
[2026-05-13 12:47:58] Gen 0048 | Mejor fitness: 0.816666 | Promedio: 0.816064
[2026-05-13 12:47:58] Gen 0049 | Mejor fitness: 0.816666 | Promedio: 0.816032
[2026-05-13 12:47:58] Gen 0050 | Mejor fitness: 0.816666 | Promedio: 0.816044
[2026-05-13 12:47:58] Gen 0051 | Mejor fitness: 0.816666 | Promedio: 0.815997
[2026-05-13 12:47:58] Gen 0052 | Mejor fitness: 0.816666 | Promedio: 0.816002
[2026-05-13 12:47:58] Gen 0053 | Mejor fitness: 0.816666 | Promedio: 0.816049
[2026-05-13 12:47:58] Gen 0054 | Mejor fitness: 0.816666 | Promedio: 0.816049
[2026-05-13 12:47:58] Gen 0055 | Mejor fitness: 0.816666 | Promedio: 0.815935
[2026-05-13 12:47:58] Gen 0056 | Mejor fitness: 0.816666 | Promedio: 0.815997
[2026-05-13 12:47:58] Gen 0057 | Mejor fitness: 0.816666 | Promedio: 0.815973
[2026-05-13 12:47:58] Gen 0058 | Mejor fitness: 0.816666 | Promedio: 0.816030
[2026-05-13 12:47:58] Gen 0059 | Mejor fitness: 0.816666 | Promedio: 0.816115
[2026-05-13 12:47:58] Gen 0060 | Mejor fitness: 0.816666 | Promedio: 0.815936
[2026-05-13 12:47:58] Gen 0061 | Mejor fitness: 0.816666 | Promedio: 0.815875
[2026-05-13 12:47:58] Gen 0062 | Mejor fitness: 0.816666 | Promedio: 0.816145
[2026-05-13 12:47:58] Gen 0063 | Mejor fitness: 0.816666 | Promedio: 0.815831
[2026-05-13 12:47:58] Gen 0064 | Mejor fitness: 0.816666 | Promedio: 0.815755
[2026-05-13 12:47:58] Gen 0065 | Mejor fitness: 0.816666 | Promedio: 0.816041
[2026-05-13 12:47:58] Gen 0066 | Mejor fitness: 0.816666 | Promedio: 0.816123
[2026-05-13 12:47:58] Gen 0067 | Mejor fitness: 0.816666 | Promedio: 0.816049
[2026-05-13 12:47:58] Gen 0068 | Mejor fitness: 0.816666 | Promedio: 0.815718
[2026-05-13 12:47:58] Gen 0069 | Mejor fitness: 0.816666 | Promedio: 0.816034
[2026-05-13 12:47:58] Gen 0070 | Mejor fitness: 0.816666 | Promedio: 0.816165
[2026-05-13 12:47:58] Gen 0071 | Mejor fitness: 0.816666 | Promedio: 0.815770
[2026-05-13 12:47:58] Gen 0072 | Mejor fitness: 0.816666 | Promedio: 0.815997
[2026-05-13 12:47:58] Gen 0073 | Mejor fitness: 0.816666 | Promedio: 0.815971
[2026-05-13 12:47:58] Gen 0074 | Mejor fitness: 0.816666 | Promedio: 0.816047
[2026-05-13 12:47:58] Gen 0075 | Mejor fitness: 0.816666 | Promedio: 0.816034
[2026-05-13 12:47:58] Gen 0076 | Mejor fitness: 0.816666 | Promedio: 0.815940
[2026-05-13 12:47:58] Gen 0077 | Mejor fitness: 0.816666 | Promedio: 0.815910
[2026-05-13 12:47:58] Gen 0078 | Mejor fitness: 0.816666 | Promedio: 0.816062
[2026-05-13 12:47:58] Gen 0079 | Mejor fitness: 0.816666 | Promedio: 0.815997
[2026-05-13 12:47:58] Gen 0080 | Mejor fitness: 0.816666 | Promedio: 0.815943
[2026-05-13 12:47:58] Gen 0081 | Mejor fitness: 0.816666 | Promedio: 0.816002
[2026-05-13 12:47:58] Gen 0082 | Mejor fitness: 0.816666 | Promedio: 0.816003
[2026-05-13 12:47:58] Gen 0083 | Mejor fitness: 0.816666 | Promedio: 0.815961
[2026-05-13 12:47:58] Gen 0084 | Mejor fitness: 0.816668 | Promedio: 0.816031
[2026-05-13 12:47:58] Gen 0085 | Mejor fitness: 0.816668 | Promedio: 0.815950
[2026-05-13 12:47:58] Gen 0086 | Mejor fitness: 0.816668 | Promedio: 0.816092
[2026-05-13 12:47:58] Gen 0087 | Mejor fitness: 0.816668 | Promedio: 0.816141
[2026-05-13 12:47:58] Gen 0088 | Mejor fitness: 0.816668 | Promedio: 0.816145
[2026-05-13 12:47:58] Gen 0089 | Mejor fitness: 0.816668 | Promedio: 0.816181
[2026-05-13 12:47:58] Gen 0090 | Mejor fitness: 0.816668 | Promedio: 0.815982
[2026-05-13 12:47:58] Gen 0091 | Mejor fitness: 0.816668 | Promedio: 0.815908
[2026-05-13 12:47:58] Gen 0092 | Mejor fitness: 0.816668 | Promedio: 0.815929
[2026-05-13 12:47:58] Gen 0093 | Mejor fitness: 0.816668 | Promedio: 0.815916
[2026-05-13 12:47:58] Gen 0094 | Mejor fitness: 0.816668 | Promedio: 0.815926
[2026-05-13 12:47:58] Gen 0095 | Mejor fitness: 0.816668 | Promedio: 0.816001
[2026-05-13 12:47:58] Gen 0096 | Mejor fitness: 0.816668 | Promedio: 0.816125
[2026-05-13 12:47:58] Gen 0097 | Mejor fitness: 0.816668 | Promedio: 0.816234
[2026-05-13 12:47:58] Gen 0098 | Mejor fitness: 0.816668 | Promedio: 0.816037
[2026-05-13 12:47:58] Gen 0099 | Mejor fitness: 0.816668 | Promedio: 0.815803
[2026-05-13 12:47:58] Gen 0100 | Mejor fitness: 0.816668 | Promedio: 0.816053
[2026-05-13 12:47:58] Gen 0101 | Mejor fitness: 0.816668 | Promedio: 0.816098
[2026-05-13 12:47:58] Gen 0102 | Mejor fitness: 0.816668 | Promedio: 0.816121
[2026-05-13 12:47:58] Gen 0103 | Mejor fitness: 0.816668 | Promedio: 0.816127
[2026-05-13 12:47:58] Gen 0104 | Mejor fitness: 0.816668 | Promedio: 0.815979
[2026-05-13 12:47:58] Gen 0105 | Mejor fitness: 0.816668 | Promedio: 0.816016
[2026-05-13 12:47:58] Gen 0106 | Mejor fitness: 0.816668 | Promedio: 0.816158
[2026-05-13 12:47:58] Gen 0107 | Mejor fitness: 0.816668 | Promedio: 0.815948
[2026-05-13 12:47:58] Gen 0108 | Mejor fitness: 0.816668 | Promedio: 0.816139
[2026-05-13 12:47:58] Gen 0109 | Mejor fitness: 0.816668 | Promedio: 0.815896
[2026-05-13 12:47:58] Gen 0110 | Mejor fitness: 0.816668 | Promedio: 0.816163
[2026-05-13 12:47:58] Gen 0111 | Mejor fitness: 0.816668 | Promedio: 0.816063
[2026-05-13 12:47:58] Gen 0112 | Mejor fitness: 0.816668 | Promedio: 0.815985
[2026-05-13 12:47:58] Gen 0113 | Mejor fitness: 0.816668 | Promedio: 0.816050
[2026-05-13 12:47:58] Gen 0114 | Mejor fitness: 0.816668 | Promedio: 0.816048
[2026-05-13 12:47:58] Gen 0115 | Mejor fitness: 0.816668 | Promedio: 0.815862
[2026-05-13 12:47:58] Gen 0116 | Mejor fitness: 0.816668 | Promedio: 0.816115
[2026-05-13 12:47:58] Gen 0117 | Mejor fitness: 0.816668 | Promedio: 0.816051
[2026-05-13 12:47:58] Gen 0118 | Mejor fitness: 0.816668 | Promedio: 0.815823
[2026-05-13 12:47:58] Gen 0119 | Mejor fitness: 0.816668 | Promedio: 0.816047
[2026-05-13 12:47:58] Gen 0120 | Mejor fitness: 0.816668 | Promedio: 0.815914
[2026-05-13 12:47:58] Gen 0121 | Mejor fitness: 0.816668 | Promedio: 0.816045
[2026-05-13 12:47:58] Gen 0122 | Mejor fitness: 0.816668 | Promedio: 0.815960
[2026-05-13 12:47:58] Gen 0123 | Mejor fitness: 0.816668 | Promedio: 0.816000
[2026-05-13 12:47:58] Gen 0124 | Mejor fitness: 0.816668 | Promedio: 0.816043
[2026-05-13 12:47:58] Gen 0125 | Mejor fitness: 0.816668 | Promedio: 0.815885
[2026-05-13 12:47:58] Gen 0126 | Mejor fitness: 0.816668 | Promedio: 0.815971
[2026-05-13 12:47:58] Gen 0127 | Mejor fitness: 0.816668 | Promedio: 0.815899
[2026-05-13 12:47:58] Gen 0128 | Mejor fitness: 0.816668 | Promedio: 0.816012
[2026-05-13 12:47:58] Gen 0129 | Mejor fitness: 0.816668 | Promedio: 0.815829
[2026-05-13 12:47:58] Gen 0130 | Mejor fitness: 0.816668 | Promedio: 0.816173
[2026-05-13 12:47:58] Gen 0131 | Mejor fitness: 0.816668 | Promedio: 0.816123
[2026-05-13 12:47:58] Gen 0132 | Mejor fitness: 0.816668 | Promedio: 0.815824
[2026-05-13 12:47:58] Gen 0133 | Mejor fitness: 0.816668 | Promedio: 0.816031
[2026-05-13 12:47:58] Gen 0134 | Mejor fitness: 0.816668 | Promedio: 0.815915
[2026-05-13 12:47:58] Gen 0135 | Mejor fitness: 0.816668 | Promedio: 0.815849
[2026-05-13 12:47:58] Gen 0136 | Mejor fitness: 0.816668 | Promedio: 0.815987
[2026-05-13 12:47:58] Gen 0137 | Mejor fitness: 0.816668 | Promedio: 0.816071
[2026-05-13 12:47:58] Gen 0138 | Mejor fitness: 0.816668 | Promedio: 0.816024
[2026-05-13 12:47:58] Gen 0139 | Mejor fitness: 0.816668 | Promedio: 0.815877
[2026-05-13 12:47:58] Gen 0140 | Mejor fitness: 0.816668 | Promedio: 0.816046
[2026-05-13 12:47:58] Gen 0141 | Mejor fitness: 0.816668 | Promedio: 0.815964
[2026-05-13 12:47:58] Gen 0142 | Mejor fitness: 0.816668 | Promedio: 0.816050
[2026-05-13 12:47:58] Gen 0143 | Mejor fitness: 0.816668 | Promedio: 0.816195
[2026-05-13 12:47:58] Gen 0144 | Mejor fitness: 0.816668 | Promedio: 0.815907
[2026-05-13 12:47:58] Gen 0145 | Mejor fitness: 0.816668 | Promedio: 0.816073
[2026-05-13 12:47:58] Gen 0146 | Mejor fitness: 0.816668 | Promedio: 0.815993
[2026-05-13 12:47:58] Gen 0147 | Mejor fitness: 0.816668 | Promedio: 0.815957
[2026-05-13 12:47:58] Gen 0148 | Mejor fitness: 0.816668 | Promedio: 0.815988
[2026-05-13 12:47:58] Gen 0149 | Mejor fitness: 0.816668 | Promedio: 0.815997
[2026-05-13 12:47:58] Gen 0150 | Mejor fitness: 0.816668 | Promedio: 0.816136
[2026-05-13 12:47:58] Gen 0151 | Mejor fitness: 0.816668 | Promedio: 0.815932
[2026-05-13 12:47:58] Gen 0152 | Mejor fitness: 0.816668 | Promedio: 0.815978
[2026-05-13 12:47:58] Gen 0153 | Mejor fitness: 0.816668 | Promedio: 0.815888
[2026-05-13 12:47:58] Gen 0154 | Mejor fitness: 0.816668 | Promedio: 0.815964
[2026-05-13 12:47:58] Gen 0155 | Mejor fitness: 0.816668 | Promedio: 0.815844
[2026-05-13 12:47:58] Gen 0156 | Mejor fitness: 0.816668 | Promedio: 0.815983
[2026-05-13 12:47:58] Gen 0157 | Mejor fitness: 0.816668 | Promedio: 0.816163
[2026-05-13 12:47:58] Gen 0158 | Mejor fitness: 0.816668 | Promedio: 0.815931
[2026-05-13 12:47:58] Gen 0159 | Mejor fitness: 0.816668 | Promedio: 0.815862
[2026-05-13 12:47:58] Gen 0160 | Mejor fitness: 0.816668 | Promedio: 0.816045
[2026-05-13 12:47:58] Gen 0161 | Mejor fitness: 0.816668 | Promedio: 0.816239
[2026-05-13 12:47:58] Gen 0162 | Mejor fitness: 0.816668 | Promedio: 0.815999
[2026-05-13 12:47:58] Gen 0163 | Mejor fitness: 0.816668 | Promedio: 0.816277
[2026-05-13 12:47:58] Gen 0164 | Mejor fitness: 0.816668 | Promedio: 0.815940
[2026-05-13 12:47:58] Gen 0165 | Mejor fitness: 0.816668 | Promedio: 0.816147
[2026-05-13 12:47:58] Gen 0166 | Mejor fitness: 0.816668 | Promedio: 0.816038
[2026-05-13 12:47:58] Gen 0167 | Mejor fitness: 0.816668 | Promedio: 0.816022
[2026-05-13 12:47:58] Gen 0168 | Mejor fitness: 0.816668 | Promedio: 0.816058
[2026-05-13 12:47:58] Gen 0169 | Mejor fitness: 0.816668 | Promedio: 0.816025
[2026-05-13 12:47:58] Gen 0170 | Mejor fitness: 0.816668 | Promedio: 0.816034
[2026-05-13 12:47:58] Gen 0171 | Mejor fitness: 0.816668 | Promedio: 0.815913
[2026-05-13 12:47:58] Gen 0172 | Mejor fitness: 0.816668 | Promedio: 0.815881
[2026-05-13 12:47:58] Gen 0173 | Mejor fitness: 0.816668 | Promedio: 0.815917
[2026-05-13 12:47:58] Gen 0174 | Mejor fitness: 0.816668 | Promedio: 0.816039
[2026-05-13 12:47:58] Gen 0175 | Mejor fitness: 0.816668 | Promedio: 0.815968
[2026-05-13 12:47:58] Gen 0176 | Mejor fitness: 0.816668 | Promedio: 0.816104
[2026-05-13 12:47:58] Gen 0177 | Mejor fitness: 0.816668 | Promedio: 0.815985
[2026-05-13 12:47:58] Gen 0178 | Mejor fitness: 0.816668 | Promedio: 0.815932
[2026-05-13 12:47:58] Gen 0179 | Mejor fitness: 0.816668 | Promedio: 0.816205
[2026-05-13 12:47:58] Gen 0180 | Mejor fitness: 0.816668 | Promedio: 0.816033
[2026-05-13 12:47:58] Gen 0181 | Mejor fitness: 0.816668 | Promedio: 0.816060
[2026-05-13 12:47:58] Gen 0182 | Mejor fitness: 0.816668 | Promedio: 0.816219
[2026-05-13 12:47:58] Gen 0183 | Mejor fitness: 0.816668 | Promedio: 0.816050
[2026-05-13 12:47:58] Gen 0184 | Mejor fitness: 0.816668 | Promedio: 0.816308
[2026-05-13 12:47:58] Gen 0185 | Mejor fitness: 0.816668 | Promedio: 0.816340
[2026-05-13 12:47:58] Gen 0186 | Mejor fitness: 0.816668 | Promedio: 0.815959
[2026-05-13 12:47:58] Gen 0187 | Mejor fitness: 0.816668 | Promedio: 0.816017
[2026-05-13 12:47:58] Gen 0188 | Mejor fitness: 0.816668 | Promedio: 0.815899
[2026-05-13 12:47:58] Gen 0189 | Mejor fitness: 0.816668 | Promedio: 0.816054
[2026-05-13 12:47:58] Gen 0190 | Mejor fitness: 0.816668 | Promedio: 0.816029
[2026-05-13 12:47:58] Gen 0191 | Mejor fitness: 0.816668 | Promedio: 0.815995
[2026-05-13 12:47:58] Gen 0192 | Mejor fitness: 0.816668 | Promedio: 0.816201
[2026-05-13 12:47:58] Gen 0193 | Mejor fitness: 0.816668 | Promedio: 0.815982
[2026-05-13 12:47:58] Gen 0194 | Mejor fitness: 0.816668 | Promedio: 0.816014
[2026-05-13 12:47:58] Gen 0195 | Mejor fitness: 0.816668 | Promedio: 0.815889
[2026-05-13 12:47:58] Gen 0196 | Mejor fitness: 0.816668 | Promedio: 0.815994
[2026-05-13 12:47:58] Gen 0197 | Mejor fitness: 0.816668 | Promedio: 0.816014
[2026-05-13 12:47:58] Gen 0198 | Mejor fitness: 0.816668 | Promedio: 0.816056
[2026-05-13 12:47:58] Gen 0199 | Mejor fitness: 0.816668 | Promedio: 0.815963
[2026-05-13 12:47:58] Gen 0200 | Mejor fitness: 0.816668 | Promedio: 0.815961
[2026-05-13 12:47:58] Gen 0201 | Mejor fitness: 0.816668 | Promedio: 0.816039
[2026-05-13 12:47:58] Gen 0202 | Mejor fitness: 0.816668 | Promedio: 0.816016
[2026-05-13 12:47:58] Gen 0203 | Mejor fitness: 0.816668 | Promedio: 0.815883
[2026-05-13 12:47:58] Gen 0204 | Mejor fitness: 0.816668 | Promedio: 0.815769
[2026-05-13 12:47:58] Gen 0205 | Mejor fitness: 0.816668 | Promedio: 0.816002
[2026-05-13 12:47:58] Gen 0206 | Mejor fitness: 0.816668 | Promedio: 0.816039
[2026-05-13 12:47:58] Gen 0207 | Mejor fitness: 0.816668 | Promedio: 0.816046
[2026-05-13 12:47:58] Gen 0208 | Mejor fitness: 0.816668 | Promedio: 0.816002
[2026-05-13 12:47:58] Gen 0209 | Mejor fitness: 0.816668 | Promedio: 0.816008
[2026-05-13 12:47:58] Gen 0210 | Mejor fitness: 0.816668 | Promedio: 0.815873
[2026-05-13 12:47:58] Gen 0211 | Mejor fitness: 0.816668 | Promedio: 0.815928
[2026-05-13 12:47:58] Gen 0212 | Mejor fitness: 0.816668 | Promedio: 0.816087
[2026-05-13 12:47:58] Gen 0213 | Mejor fitness: 0.816668 | Promedio: 0.816108
[2026-05-13 12:47:58] Gen 0214 | Mejor fitness: 0.816668 | Promedio: 0.816045
[2026-05-13 12:47:58] Gen 0215 | Mejor fitness: 0.816668 | Promedio: 0.816104
[2026-05-13 12:47:58] Gen 0216 | Mejor fitness: 0.816668 | Promedio: 0.816000
[2026-05-13 12:47:58] Gen 0217 | Mejor fitness: 0.816668 | Promedio: 0.815875
[2026-05-13 12:47:58] Gen 0218 | Mejor fitness: 0.816668 | Promedio: 0.815771
[2026-05-13 12:47:58] Gen 0219 | Mejor fitness: 0.816668 | Promedio: 0.815983
[2026-05-13 12:47:58] Gen 0220 | Mejor fitness: 0.816668 | Promedio: 0.816026
[2026-05-13 12:47:58] Gen 0221 | Mejor fitness: 0.816668 | Promedio: 0.816070
[2026-05-13 12:47:58] Gen 0222 | Mejor fitness: 0.816668 | Promedio: 0.815807
[2026-05-13 12:47:58] Gen 0223 | Mejor fitness: 0.816668 | Promedio: 0.815967
[2026-05-13 12:47:58] Gen 0224 | Mejor fitness: 0.816668 | Promedio: 0.816055
[2026-05-13 12:47:58] Gen 0225 | Mejor fitness: 0.816668 | Promedio: 0.816027
[2026-05-13 12:47:58] Gen 0226 | Mejor fitness: 0.816668 | Promedio: 0.815932
[2026-05-13 12:47:58] Gen 0227 | Mejor fitness: 0.816668 | Promedio: 0.815982
[2026-05-13 12:47:58] Gen 0228 | Mejor fitness: 0.816668 | Promedio: 0.816089
[2026-05-13 12:47:58] Gen 0229 | Mejor fitness: 0.816668 | Promedio: 0.815885
[2026-05-13 12:47:58] Gen 0230 | Mejor fitness: 0.816668 | Promedio: 0.816223
[2026-05-13 12:47:58] Gen 0231 | Mejor fitness: 0.816668 | Promedio: 0.815969
[2026-05-13 12:47:58] Gen 0232 | Mejor fitness: 0.816668 | Promedio: 0.816003
[2026-05-13 12:47:58] Gen 0233 | Mejor fitness: 0.816668 | Promedio: 0.816096
[2026-05-13 12:47:58] Gen 0234 | Mejor fitness: 0.816668 | Promedio: 0.815913
[2026-05-13 12:47:58] Gen 0235 | Mejor fitness: 0.816668 | Promedio: 0.816034
[2026-05-13 12:47:58] Gen 0236 | Mejor fitness: 0.816668 | Promedio: 0.815878
[2026-05-13 12:47:58] Gen 0237 | Mejor fitness: 0.816668 | Promedio: 0.815959
[2026-05-13 12:47:58] Gen 0238 | Mejor fitness: 0.816668 | Promedio: 0.816031
[2026-05-13 12:47:58] Gen 0239 | Mejor fitness: 0.816668 | Promedio: 0.816042
[2026-05-13 12:47:58] Gen 0240 | Mejor fitness: 0.816668 | Promedio: 0.816126
[2026-05-13 12:47:58] Gen 0241 | Mejor fitness: 0.816668 | Promedio: 0.816157
[2026-05-13 12:47:58] Gen 0242 | Mejor fitness: 0.816668 | Promedio: 0.816043
[2026-05-13 12:47:58] Gen 0243 | Mejor fitness: 0.816668 | Promedio: 0.816078
[2026-05-13 12:47:58] Gen 0244 | Mejor fitness: 0.816668 | Promedio: 0.815779
[2026-05-13 12:47:58] Gen 0245 | Mejor fitness: 0.816668 | Promedio: 0.816104
[2026-05-13 12:47:58] Gen 0246 | Mejor fitness: 0.816668 | Promedio: 0.816030
[2026-05-13 12:47:58] Gen 0247 | Mejor fitness: 0.816668 | Promedio: 0.816066
[2026-05-13 12:47:58] Gen 0248 | Mejor fitness: 0.816668 | Promedio: 0.816035
[2026-05-13 12:47:58] Gen 0249 | Mejor fitness: 0.816668 | Promedio: 0.815641
[2026-05-13 12:47:58] Gen 0250 | Mejor fitness: 0.816668 | Promedio: 0.816073
[2026-05-13 12:47:58] Gen 0251 | Mejor fitness: 0.816668 | Promedio: 0.816026
[2026-05-13 12:47:58] Gen 0252 | Mejor fitness: 0.816668 | Promedio: 0.816101
[2026-05-13 12:47:58] Gen 0253 | Mejor fitness: 0.816668 | Promedio: 0.815869
[2026-05-13 12:47:58] Gen 0254 | Mejor fitness: 0.816668 | Promedio: 0.816029
[2026-05-13 12:47:58] Gen 0255 | Mejor fitness: 0.816668 | Promedio: 0.816087
[2026-05-13 12:47:58] Gen 0256 | Mejor fitness: 0.816668 | Promedio: 0.815918
[2026-05-13 12:47:58] Gen 0257 | Mejor fitness: 0.816668 | Promedio: 0.816076
[2026-05-13 12:47:58] Gen 0258 | Mejor fitness: 0.816668 | Promedio: 0.816183
[2026-05-13 12:47:58] Gen 0259 | Mejor fitness: 0.816668 | Promedio: 0.816056
[2026-05-13 12:47:58] Gen 0260 | Mejor fitness: 0.816668 | Promedio: 0.815881
[2026-05-13 12:47:58] Gen 0261 | Mejor fitness: 0.816668 | Promedio: 0.815789
[2026-05-13 12:47:58] Gen 0262 | Mejor fitness: 0.816668 | Promedio: 0.816097
[2026-05-13 12:47:58] Gen 0263 | Mejor fitness: 0.816668 | Promedio: 0.815859
[2026-05-13 12:47:58] Gen 0264 | Mejor fitness: 0.816668 | Promedio: 0.815916
[2026-05-13 12:47:58] Gen 0265 | Mejor fitness: 0.816668 | Promedio: 0.815935
[2026-05-13 12:47:58] Gen 0266 | Mejor fitness: 0.816668 | Promedio: 0.815808
[2026-05-13 12:47:58] Gen 0267 | Mejor fitness: 0.816668 | Promedio: 0.816106
[2026-05-13 12:47:58] Gen 0268 | Mejor fitness: 0.816668 | Promedio: 0.816107
[2026-05-13 12:47:58] Gen 0269 | Mejor fitness: 0.816668 | Promedio: 0.816048
[2026-05-13 12:47:58] Gen 0270 | Mejor fitness: 0.816668 | Promedio: 0.816005
[2026-05-13 12:47:58] Gen 0271 | Mejor fitness: 0.816668 | Promedio: 0.816078
[2026-05-13 12:47:58] Gen 0272 | Mejor fitness: 0.816668 | Promedio: 0.816217
[2026-05-13 12:47:58] Gen 0273 | Mejor fitness: 0.816668 | Promedio: 0.815961
[2026-05-13 12:47:58] Gen 0274 | Mejor fitness: 0.816668 | Promedio: 0.815950
[2026-05-13 12:47:58] Gen 0275 | Mejor fitness: 0.816668 | Promedio: 0.815891
[2026-05-13 12:47:58] Gen 0276 | Mejor fitness: 0.816668 | Promedio: 0.816162
[2026-05-13 12:47:58] Gen 0277 | Mejor fitness: 0.816668 | Promedio: 0.815901
[2026-05-13 12:47:58] Gen 0278 | Mejor fitness: 0.816668 | Promedio: 0.816182
[2026-05-13 12:47:58] Gen 0279 | Mejor fitness: 0.816668 | Promedio: 0.815976
[2026-05-13 12:47:58] Gen 0280 | Mejor fitness: 0.816668 | Promedio: 0.815948
[2026-05-13 12:47:58] Gen 0281 | Mejor fitness: 0.816668 | Promedio: 0.816053
[2026-05-13 12:47:58] Gen 0282 | Mejor fitness: 0.816668 | Promedio: 0.816057
[2026-05-13 12:47:58] Gen 0283 | Mejor fitness: 0.816668 | Promedio: 0.815935
[2026-05-13 12:47:58] Gen 0284 | Mejor fitness: 0.816668 | Promedio: 0.815974
[2026-05-13 12:47:58] Gen 0285 | Mejor fitness: 0.816668 | Promedio: 0.816082
[2026-05-13 12:47:58] Gen 0286 | Mejor fitness: 0.816668 | Promedio: 0.815874
[2026-05-13 12:47:58] Gen 0287 | Mejor fitness: 0.816668 | Promedio: 0.816025
[2026-05-13 12:47:59] Gen 0288 | Mejor fitness: 0.816668 | Promedio: 0.816250
[2026-05-13 12:47:59] Gen 0289 | Mejor fitness: 0.816668 | Promedio: 0.816200
[2026-05-13 12:47:59] Gen 0290 | Mejor fitness: 0.816668 | Promedio: 0.816204
[2026-05-13 12:47:59] Gen 0291 | Mejor fitness: 0.816668 | Promedio: 0.816079
[2026-05-13 12:47:59] Gen 0292 | Mejor fitness: 0.816668 | Promedio: 0.816224
[2026-05-13 12:47:59] Gen 0293 | Mejor fitness: 0.816668 | Promedio: 0.815862
[2026-05-13 12:47:59] Gen 0294 | Mejor fitness: 0.816668 | Promedio: 0.816142
[2026-05-13 12:47:59] Gen 0295 | Mejor fitness: 0.816668 | Promedio: 0.815860
[2026-05-13 12:47:59] Gen 0296 | Mejor fitness: 0.816668 | Promedio: 0.816119
[2026-05-13 12:47:59] Gen 0297 | Mejor fitness: 0.816668 | Promedio: 0.816172
[2026-05-13 12:47:59] Gen 0298 | Mejor fitness: 0.816668 | Promedio: 0.816013
[2026-05-13 12:47:59] Gen 0299 | Mejor fitness: 0.816668 | Promedio: 0.816022
[2026-05-13 12:47:59] Gen 0300 | Mejor fitness: 0.816668 | Promedio: 0.815933
[2026-05-13 12:47:59] Gen 0301 | Mejor fitness: 0.816668 | Promedio: 0.816053
[2026-05-13 12:47:59] Gen 0302 | Mejor fitness: 0.816668 | Promedio: 0.815973
[2026-05-13 12:47:59] Gen 0303 | Mejor fitness: 0.816668 | Promedio: 0.815909
[2026-05-13 12:47:59] Gen 0304 | Mejor fitness: 0.816668 | Promedio: 0.816069
[2026-05-13 12:47:59] Gen 0305 | Mejor fitness: 0.816668 | Promedio: 0.816083
[2026-05-13 12:47:59] Gen 0306 | Mejor fitness: 0.816668 | Promedio: 0.816103
[2026-05-13 12:47:59] Gen 0307 | Mejor fitness: 0.816668 | Promedio: 0.815972
[2026-05-13 12:47:59] Gen 0308 | Mejor fitness: 0.816668 | Promedio: 0.816058
[2026-05-13 12:47:59] Gen 0309 | Mejor fitness: 0.816668 | Promedio: 0.815844
[2026-05-13 12:47:59] Gen 0310 | Mejor fitness: 0.816668 | Promedio: 0.816020
[2026-05-13 12:47:59] Gen 0311 | Mejor fitness: 0.816668 | Promedio: 0.815987
[2026-05-13 12:47:59] Gen 0312 | Mejor fitness: 0.816668 | Promedio: 0.815975
[2026-05-13 12:47:59] Gen 0313 | Mejor fitness: 0.816668 | Promedio: 0.815950
[2026-05-13 12:47:59] Gen 0314 | Mejor fitness: 0.816668 | Promedio: 0.816098
[2026-05-13 12:47:59] Gen 0315 | Mejor fitness: 0.816668 | Promedio: 0.815941
[2026-05-13 12:47:59] Gen 0316 | Mejor fitness: 0.816668 | Promedio: 0.816114
[2026-05-13 12:47:59] Gen 0317 | Mejor fitness: 0.816668 | Promedio: 0.816066
[2026-05-13 12:47:59] Gen 0318 | Mejor fitness: 0.816668 | Promedio: 0.815724
[2026-05-13 12:47:59] Gen 0319 | Mejor fitness: 0.816668 | Promedio: 0.816047
[2026-05-13 12:47:59] Gen 0320 | Mejor fitness: 0.816668 | Promedio: 0.816086
[2026-05-13 12:47:59] Gen 0321 | Mejor fitness: 0.816668 | Promedio: 0.815878
[2026-05-13 12:47:59] Gen 0322 | Mejor fitness: 0.816668 | Promedio: 0.816048
[2026-05-13 12:47:59] Gen 0323 | Mejor fitness: 0.816668 | Promedio: 0.816048
[2026-05-13 12:47:59] Gen 0324 | Mejor fitness: 0.816668 | Promedio: 0.815824
[2026-05-13 12:47:59] Gen 0325 | Mejor fitness: 0.816668 | Promedio: 0.816130
[2026-05-13 12:47:59] Gen 0326 | Mejor fitness: 0.816668 | Promedio: 0.815948
[2026-05-13 12:47:59] Gen 0327 | Mejor fitness: 0.816668 | Promedio: 0.815925
[2026-05-13 12:47:59] Gen 0328 | Mejor fitness: 0.816668 | Promedio: 0.815937
[2026-05-13 12:47:59] Gen 0329 | Mejor fitness: 0.816668 | Promedio: 0.815765
[2026-05-13 12:47:59] Gen 0330 | Mejor fitness: 0.816668 | Promedio: 0.816024
[2026-05-13 12:47:59] Gen 0331 | Mejor fitness: 0.816668 | Promedio: 0.815985
[2026-05-13 12:47:59] Gen 0332 | Mejor fitness: 0.816668 | Promedio: 0.815946
[2026-05-13 12:47:59] Gen 0333 | Mejor fitness: 0.816668 | Promedio: 0.816118
[2026-05-13 12:47:59] Gen 0334 | Mejor fitness: 0.816668 | Promedio: 0.816061
[2026-05-13 12:47:59] Gen 0335 | Mejor fitness: 0.816668 | Promedio: 0.815897
[2026-05-13 12:47:59] Gen 0336 | Mejor fitness: 0.816668 | Promedio: 0.815951
[2026-05-13 12:47:59] Gen 0337 | Mejor fitness: 0.816668 | Promedio: 0.816146
[2026-05-13 12:47:59] Gen 0338 | Mejor fitness: 0.816668 | Promedio: 0.815969
[2026-05-13 12:47:59] Gen 0339 | Mejor fitness: 0.816668 | Promedio: 0.816034
[2026-05-13 12:47:59] Gen 0340 | Mejor fitness: 0.816668 | Promedio: 0.816035
[2026-05-13 12:47:59] Gen 0341 | Mejor fitness: 0.816668 | Promedio: 0.816055
[2026-05-13 12:47:59] Gen 0342 | Mejor fitness: 0.816668 | Promedio: 0.815980
[2026-05-13 12:47:59] Gen 0343 | Mejor fitness: 0.816668 | Promedio: 0.816061
[2026-05-13 12:47:59] Gen 0344 | Mejor fitness: 0.816668 | Promedio: 0.815809
[2026-05-13 12:47:59] Gen 0345 | Mejor fitness: 0.816668 | Promedio: 0.816184
[2026-05-13 12:47:59] Gen 0346 | Mejor fitness: 0.816668 | Promedio: 0.815944
[2026-05-13 12:47:59] Gen 0347 | Mejor fitness: 0.816668 | Promedio: 0.815917
[2026-05-13 12:47:59] Gen 0348 | Mejor fitness: 0.816668 | Promedio: 0.816034
[2026-05-13 12:47:59] Gen 0349 | Mejor fitness: 0.816668 | Promedio: 0.815922
[2026-05-13 12:47:59] Gen 0350 | Mejor fitness: 0.816668 | Promedio: 0.816117
[2026-05-13 12:47:59] Gen 0351 | Mejor fitness: 0.816668 | Promedio: 0.816132
[2026-05-13 12:47:59] Gen 0352 | Mejor fitness: 0.816668 | Promedio: 0.815718
[2026-05-13 12:47:59] Gen 0353 | Mejor fitness: 0.816668 | Promedio: 0.816038
[2026-05-13 12:47:59] Gen 0354 | Mejor fitness: 0.816668 | Promedio: 0.816009
[2026-05-13 12:47:59] Gen 0355 | Mejor fitness: 0.816668 | Promedio: 0.816131
[2026-05-13 12:47:59] Gen 0356 | Mejor fitness: 0.816668 | Promedio: 0.815949
[2026-05-13 12:47:59] Gen 0357 | Mejor fitness: 0.816668 | Promedio: 0.815895
[2026-05-13 12:47:59] Gen 0358 | Mejor fitness: 0.816668 | Promedio: 0.816110
[2026-05-13 12:47:59] Gen 0359 | Mejor fitness: 0.816668 | Promedio: 0.815782
[2026-05-13 12:47:59] Gen 0360 | Mejor fitness: 0.816668 | Promedio: 0.815828
[2026-05-13 12:47:59] Gen 0361 | Mejor fitness: 0.816668 | Promedio: 0.816017
[2026-05-13 12:47:59] Gen 0362 | Mejor fitness: 0.816668 | Promedio: 0.815847
[2026-05-13 12:47:59] Gen 0363 | Mejor fitness: 0.816668 | Promedio: 0.815733
[2026-05-13 12:47:59] Gen 0364 | Mejor fitness: 0.816668 | Promedio: 0.816018
[2026-05-13 12:47:59] Gen 0365 | Mejor fitness: 0.816668 | Promedio: 0.816047
[2026-05-13 12:47:59] Gen 0366 | Mejor fitness: 0.816668 | Promedio: 0.816025
[2026-05-13 12:47:59] Gen 0367 | Mejor fitness: 0.816668 | Promedio: 0.816154
[2026-05-13 12:47:59] Gen 0368 | Mejor fitness: 0.816668 | Promedio: 0.816076
[2026-05-13 12:47:59] Gen 0369 | Mejor fitness: 0.816668 | Promedio: 0.815978
[2026-05-13 12:47:59] Gen 0370 | Mejor fitness: 0.816668 | Promedio: 0.816164
[2026-05-13 12:47:59] Gen 0371 | Mejor fitness: 0.816668 | Promedio: 0.816138
[2026-05-13 12:47:59] Gen 0372 | Mejor fitness: 0.816668 | Promedio: 0.816038
[2026-05-13 12:47:59] Gen 0373 | Mejor fitness: 0.816668 | Promedio: 0.816024
[2026-05-13 12:47:59] Gen 0374 | Mejor fitness: 0.816668 | Promedio: 0.816086
[2026-05-13 12:47:59] Gen 0375 | Mejor fitness: 0.816668 | Promedio: 0.815739
[2026-05-13 12:47:59] Gen 0376 | Mejor fitness: 0.816668 | Promedio: 0.815905
[2026-05-13 12:47:59] Gen 0377 | Mejor fitness: 0.816668 | Promedio: 0.816060
[2026-05-13 12:47:59] Gen 0378 | Mejor fitness: 0.816668 | Promedio: 0.816043
[2026-05-13 12:47:59] Gen 0379 | Mejor fitness: 0.816668 | Promedio: 0.816078
[2026-05-13 12:47:59] Gen 0380 | Mejor fitness: 0.816668 | Promedio: 0.815938
[2026-05-13 12:47:59] Gen 0381 | Mejor fitness: 0.816668 | Promedio: 0.816144
[2026-05-13 12:47:59] Gen 0382 | Mejor fitness: 0.816668 | Promedio: 0.816097
[2026-05-13 12:47:59] Gen 0383 | Mejor fitness: 0.816668 | Promedio: 0.816010
[2026-05-13 12:47:59] Gen 0384 | Mejor fitness: 0.816668 | Promedio: 0.816004
[2026-05-13 12:47:59] Gen 0385 | Mejor fitness: 0.816668 | Promedio: 0.816000
[2026-05-13 12:47:59] Gen 0386 | Mejor fitness: 0.816668 | Promedio: 0.816012
[2026-05-13 12:47:59] Gen 0387 | Mejor fitness: 0.816668 | Promedio: 0.815916
[2026-05-13 12:47:59] Gen 0388 | Mejor fitness: 0.816668 | Promedio: 0.816000
[2026-05-13 12:47:59] Gen 0389 | Mejor fitness: 0.816668 | Promedio: 0.816231
[2026-05-13 12:47:59] Gen 0390 | Mejor fitness: 0.816668 | Promedio: 0.815830
[2026-05-13 12:47:59] Gen 0391 | Mejor fitness: 0.816668 | Promedio: 0.815912
[2026-05-13 12:47:59] Gen 0392 | Mejor fitness: 0.816668 | Promedio: 0.815981
[2026-05-13 12:47:59] Gen 0393 | Mejor fitness: 0.816668 | Promedio: 0.816138
[2026-05-13 12:47:59] Gen 0394 | Mejor fitness: 0.816668 | Promedio: 0.815740
[2026-05-13 12:47:59] Gen 0395 | Mejor fitness: 0.816668 | Promedio: 0.816175
[2026-05-13 12:47:59] Gen 0396 | Mejor fitness: 0.816668 | Promedio: 0.816005
[2026-05-13 12:47:59] Gen 0397 | Mejor fitness: 0.816668 | Promedio: 0.815884
[2026-05-13 12:47:59] Gen 0398 | Mejor fitness: 0.816668 | Promedio: 0.815976
[2026-05-13 12:47:59] Gen 0399 | Mejor fitness: 0.816668 | Promedio: 0.815712
[2026-05-13 12:47:59] Gen 0400 | Mejor fitness: 0.816668 | Promedio: 0.815985
[2026-05-13 12:47:59] Gen 0401 | Mejor fitness: 0.816668 | Promedio: 0.815770
[2026-05-13 12:47:59] Gen 0402 | Mejor fitness: 0.816668 | Promedio: 0.815937
[2026-05-13 12:47:59] Gen 0403 | Mejor fitness: 0.816668 | Promedio: 0.815987
[2026-05-13 12:47:59] Gen 0404 | Mejor fitness: 0.816668 | Promedio: 0.816079
[2026-05-13 12:47:59] Gen 0405 | Mejor fitness: 0.816668 | Promedio: 0.815960
[2026-05-13 12:47:59] Gen 0406 | Mejor fitness: 0.816668 | Promedio: 0.816037
[2026-05-13 12:47:59] Gen 0407 | Mejor fitness: 0.816668 | Promedio: 0.816025
[2026-05-13 12:47:59] Gen 0408 | Mejor fitness: 0.816668 | Promedio: 0.815959
[2026-05-13 12:47:59] Gen 0409 | Mejor fitness: 0.816668 | Promedio: 0.816151
[2026-05-13 12:47:59] Gen 0410 | Mejor fitness: 0.816668 | Promedio: 0.815740
[2026-05-13 12:47:59] Gen 0411 | Mejor fitness: 0.816668 | Promedio: 0.816039
[2026-05-13 12:47:59] Gen 0412 | Mejor fitness: 0.816668 | Promedio: 0.815856
[2026-05-13 12:47:59] Gen 0413 | Mejor fitness: 0.816668 | Promedio: 0.816073
[2026-05-13 12:47:59] Gen 0414 | Mejor fitness: 0.816668 | Promedio: 0.815932
[2026-05-13 12:47:59] Gen 0415 | Mejor fitness: 0.816668 | Promedio: 0.815845
[2026-05-13 12:47:59] Gen 0416 | Mejor fitness: 0.816668 | Promedio: 0.815719
[2026-05-13 12:47:59] Gen 0417 | Mejor fitness: 0.816668 | Promedio: 0.815746
[2026-05-13 12:47:59] Gen 0418 | Mejor fitness: 0.816668 | Promedio: 0.815734
[2026-05-13 12:47:59] Gen 0419 | Mejor fitness: 0.816668 | Promedio: 0.816220
[2026-05-13 12:47:59] Gen 0420 | Mejor fitness: 0.816668 | Promedio: 0.816070
[2026-05-13 12:47:59] Gen 0421 | Mejor fitness: 0.816668 | Promedio: 0.815997
[2026-05-13 12:47:59] Gen 0422 | Mejor fitness: 0.816668 | Promedio: 0.815923
[2026-05-13 12:47:59] Gen 0423 | Mejor fitness: 0.816668 | Promedio: 0.816139
[2026-05-13 12:47:59] Gen 0424 | Mejor fitness: 0.816668 | Promedio: 0.815979
[2026-05-13 12:47:59] Gen 0425 | Mejor fitness: 0.816668 | Promedio: 0.816101
[2026-05-13 12:47:59] Gen 0426 | Mejor fitness: 0.816668 | Promedio: 0.815920
[2026-05-13 12:47:59] Gen 0427 | Mejor fitness: 0.816668 | Promedio: 0.815915
[2026-05-13 12:47:59] Gen 0428 | Mejor fitness: 0.816668 | Promedio: 0.815973
[2026-05-13 12:47:59] Gen 0429 | Mejor fitness: 0.816668 | Promedio: 0.815826
[2026-05-13 12:47:59] Gen 0430 | Mejor fitness: 0.816668 | Promedio: 0.815750
[2026-05-13 12:47:59] Gen 0431 | Mejor fitness: 0.816668 | Promedio: 0.815938
[2026-05-13 12:47:59] Gen 0432 | Mejor fitness: 0.816668 | Promedio: 0.816030
[2026-05-13 12:47:59] Gen 0433 | Mejor fitness: 0.816668 | Promedio: 0.816096
[2026-05-13 12:47:59] Gen 0434 | Mejor fitness: 0.816668 | Promedio: 0.815995
[2026-05-13 12:47:59] Gen 0435 | Mejor fitness: 0.816668 | Promedio: 0.815979
[2026-05-13 12:47:59] Gen 0436 | Mejor fitness: 0.816668 | Promedio: 0.815760
[2026-05-13 12:47:59] Gen 0437 | Mejor fitness: 0.816668 | Promedio: 0.816082
[2026-05-13 12:47:59] Gen 0438 | Mejor fitness: 0.816668 | Promedio: 0.815884
[2026-05-13 12:47:59] Gen 0439 | Mejor fitness: 0.816668 | Promedio: 0.815867
[2026-05-13 12:47:59] Gen 0440 | Mejor fitness: 0.816668 | Promedio: 0.815918
[2026-05-13 12:47:59] Gen 0441 | Mejor fitness: 0.816668 | Promedio: 0.815878
[2026-05-13 12:47:59] Gen 0442 | Mejor fitness: 0.816668 | Promedio: 0.816039
[2026-05-13 12:47:59] Gen 0443 | Mejor fitness: 0.816668 | Promedio: 0.815816
[2026-05-13 12:47:59] Gen 0444 | Mejor fitness: 0.816668 | Promedio: 0.815904
[2026-05-13 12:47:59] Gen 0445 | Mejor fitness: 0.816668 | Promedio: 0.815910
[2026-05-13 12:47:59] Gen 0446 | Mejor fitness: 0.816668 | Promedio: 0.816013
[2026-05-13 12:47:59] Gen 0447 | Mejor fitness: 0.816668 | Promedio: 0.816048
[2026-05-13 12:47:59] Gen 0448 | Mejor fitness: 0.816668 | Promedio: 0.815715
[2026-05-13 12:47:59] Gen 0449 | Mejor fitness: 0.816668 | Promedio: 0.816105
[2026-05-13 12:47:59] Gen 0450 | Mejor fitness: 0.816668 | Promedio: 0.815838
[2026-05-13 12:47:59] Gen 0451 | Mejor fitness: 0.816668 | Promedio: 0.815896
[2026-05-13 12:47:59] Gen 0452 | Mejor fitness: 0.816668 | Promedio: 0.816086
[2026-05-13 12:47:59] Gen 0453 | Mejor fitness: 0.816668 | Promedio: 0.816071
[2026-05-13 12:47:59] Gen 0454 | Mejor fitness: 0.816668 | Promedio: 0.815977
[2026-05-13 12:47:59] Gen 0455 | Mejor fitness: 0.816668 | Promedio: 0.816116
[2026-05-13 12:47:59] Gen 0456 | Mejor fitness: 0.816668 | Promedio: 0.815938
[2026-05-13 12:47:59] Gen 0457 | Mejor fitness: 0.816668 | Promedio: 0.815691
[2026-05-13 12:47:59] Gen 0458 | Mejor fitness: 0.816668 | Promedio: 0.816120
[2026-05-13 12:47:59] Gen 0459 | Mejor fitness: 0.816668 | Promedio: 0.815990
[2026-05-13 12:47:59] Gen 0460 | Mejor fitness: 0.816668 | Promedio: 0.816072
[2026-05-13 12:47:59] Gen 0461 | Mejor fitness: 0.816668 | Promedio: 0.815793
[2026-05-13 12:47:59] Gen 0462 | Mejor fitness: 0.816668 | Promedio: 0.815872
[2026-05-13 12:47:59] Gen 0463 | Mejor fitness: 0.816668 | Promedio: 0.815869
[2026-05-13 12:47:59] Gen 0464 | Mejor fitness: 0.816668 | Promedio: 0.815886
[2026-05-13 12:47:59] Gen 0465 | Mejor fitness: 0.816668 | Promedio: 0.816043
[2026-05-13 12:47:59] Gen 0466 | Mejor fitness: 0.816668 | Promedio: 0.815808
[2026-05-13 12:47:59] Gen 0467 | Mejor fitness: 0.816668 | Promedio: 0.815990
[2026-05-13 12:47:59] Gen 0468 | Mejor fitness: 0.816668 | Promedio: 0.816084
[2026-05-13 12:47:59] Gen 0469 | Mejor fitness: 0.816668 | Promedio: 0.816017
[2026-05-13 12:47:59] Gen 0470 | Mejor fitness: 0.816668 | Promedio: 0.815977
[2026-05-13 12:47:59] Gen 0471 | Mejor fitness: 0.816668 | Promedio: 0.816065
[2026-05-13 12:47:59] Gen 0472 | Mejor fitness: 0.816668 | Promedio: 0.816007
[2026-05-13 12:47:59] Gen 0473 | Mejor fitness: 0.816668 | Promedio: 0.815923
[2026-05-13 12:47:59] Gen 0474 | Mejor fitness: 0.816668 | Promedio: 0.816060
[2026-05-13 12:47:59] Gen 0475 | Mejor fitness: 0.816668 | Promedio: 0.815947
[2026-05-13 12:47:59] Gen 0476 | Mejor fitness: 0.816668 | Promedio: 0.815883
[2026-05-13 12:47:59] Gen 0477 | Mejor fitness: 0.816668 | Promedio: 0.816074
[2026-05-13 12:47:59] Gen 0478 | Mejor fitness: 0.816668 | Promedio: 0.816124
[2026-05-13 12:47:59] Gen 0479 | Mejor fitness: 0.816668 | Promedio: 0.815925
[2026-05-13 12:47:59] Gen 0480 | Mejor fitness: 0.816668 | Promedio: 0.815962
[2026-05-13 12:47:59] Gen 0481 | Mejor fitness: 0.816668 | Promedio: 0.816012
[2026-05-13 12:47:59] Gen 0482 | Mejor fitness: 0.816668 | Promedio: 0.815871
[2026-05-13 12:47:59] Gen 0483 | Mejor fitness: 0.816668 | Promedio: 0.815909
[2026-05-13 12:47:59] Gen 0484 | Mejor fitness: 0.816668 | Promedio: 0.816238
[2026-05-13 12:47:59] Gen 0485 | Mejor fitness: 0.816668 | Promedio: 0.815795
[2026-05-13 12:47:59] Gen 0486 | Mejor fitness: 0.816668 | Promedio: 0.815488
[2026-05-13 12:47:59] Gen 0487 | Mejor fitness: 0.816668 | Promedio: 0.815674
[2026-05-13 12:47:59] Gen 0488 | Mejor fitness: 0.816668 | Promedio: 0.816172
[2026-05-13 12:47:59] Gen 0489 | Mejor fitness: 0.816668 | Promedio: 0.816129
[2026-05-13 12:47:59] Gen 0490 | Mejor fitness: 0.816668 | Promedio: 0.815987
[2026-05-13 12:47:59] Gen 0491 | Mejor fitness: 0.816668 | Promedio: 0.815834
[2026-05-13 12:47:59] Gen 0492 | Mejor fitness: 0.816668 | Promedio: 0.816176
[2026-05-13 12:47:59] Gen 0493 | Mejor fitness: 0.816668 | Promedio: 0.815930
[2026-05-13 12:47:59] Gen 0494 | Mejor fitness: 0.816668 | Promedio: 0.815987
[2026-05-13 12:47:59] Gen 0495 | Mejor fitness: 0.816668 | Promedio: 0.815993
[2026-05-13 12:47:59] Gen 0496 | Mejor fitness: 0.816668 | Promedio: 0.816173
[2026-05-13 12:47:59] Gen 0497 | Mejor fitness: 0.816668 | Promedio: 0.815931
[2026-05-13 12:47:59] Gen 0498 | Mejor fitness: 0.816668 | Promedio: 0.815956
[2026-05-13 12:47:59] Gen 0499 | Mejor fitness: 0.816668 | Promedio: 0.816039
[2026-05-13 12:47:59] Gen 0500 | Mejor fitness: 0.816668 | Promedio: 0.815929
[2026-05-13 12:47:59] --- Resultado final ---
[2026-05-13 12:47:59] Fitness final     : 0.816668
[2026-05-13 12:47:59]
[2026-05-13 12:47:59] Parámetros óptimos:
[2026-05-13 12:47:59]   Temp. Extrusión : 200.5 °C
[2026-05-13 12:47:59]   Temp. Cama      : 60.0 °C
[2026-05-13 12:47:59]   Velocidad       : 41.4 mm/s
[2026-05-13 12:47:59]   Altura de Capa  : 0.148 mm
[2026-05-13 12:47:59]   Relleno         : 13.6 %
[2026-05-13 12:47:59]   Ventilador      : 100.0 %
[2026-05-13 12:47:59]   Perímetros      : 2 u
[2026-05-13 12:47:59]
[2026-05-13 12:47:59] Desglose fitness:
[2026-05-13 12:47:59]   Calidad       : 0.8798
[2026-05-13 12:47:59]   Resistencia   : 0.5881
[2026-05-13 12:47:59]   Velocidad     : 0.7145
[2026-05-13 12:47:59]   Ahorro        : 0.9289
[2026-05-13 12:47:59]   Fitness       : 0.8167
[2026-05-13 12:47:59] =======================================================
