[2026-05-13 12:47:40] =======================================================
[2026-05-13 12:47:40] NUEVA EJECUCIÓN
[2026-05-13 12:47:40] Material          : PLA
[2026-05-13 12:47:40] Perfil            : Rápido
[2026-05-13 12:47:40] Tamaño población  : 200
[2026-05-13 12:47:40] Generaciones      : 500
[2026-05-13 12:47:40] Tasa cruce        : 0.8
[2026-05-13 12:47:40] Tasa mutación     : 0.1
[2026-05-13 12:47:40] Torneo K          : 3
[2026-05-13 12:47:40] --- Evolución ---
[2026-05-13 12:47:40] Gen 0001 | Mejor fitness: 0.862926 | Promedio: 0.799262
[2026-05-13 12:47:40] Gen 0002 | Mejor fitness: 0.867753 | Promedio: 0.838272
[2026-05-13 12:47:40] Gen 0003 | Mejor fitness: 0.877453 | Promedio: 0.849968
[2026-05-13 12:47:40] Gen 0004 | Mejor fitness: 0.880495 | Promedio: 0.857395
[2026-05-13 12:47:40] Gen 0005 | Mejor fitness: 0.880507 | Promedio: 0.864510
[2026-05-13 12:47:40] Gen 0006 | Mejor fitness: 0.882091 | Promedio: 0.872554
[2026-05-13 12:47:40] Gen 0007 | Mejor fitness: 0.882780 | Promedio: 0.877586
[2026-05-13 12:47:40] Gen 0008 | Mejor fitness: 0.882832 | Promedio: 0.879804
[2026-05-13 12:47:40] Gen 0009 | Mejor fitness: 0.883099 | Promedio: 0.880825
[2026-05-13 12:47:40] Gen 0010 | Mejor fitness: 0.883175 | Promedio: 0.881590
[2026-05-13 12:47:40] Gen 0011 | Mejor fitness: 0.883454 | Promedio: 0.882223
[2026-05-13 12:47:40] Gen 0012 | Mejor fitness: 0.883522 | Promedio: 0.882527
[2026-05-13 12:47:40] Gen 0013 | Mejor fitness: 0.883525 | Promedio: 0.882856
[2026-05-13 12:47:40] Gen 0014 | Mejor fitness: 0.883556 | Promedio: 0.882950
[2026-05-13 12:47:40] Gen 0015 | Mejor fitness: 0.883556 | Promedio: 0.883036
[2026-05-13 12:47:40] Gen 0016 | Mejor fitness: 0.883564 | Promedio: 0.883314
[2026-05-13 12:47:40] Gen 0017 | Mejor fitness: 0.883566 | Promedio: 0.883207
[2026-05-13 12:47:40] Gen 0018 | Mejor fitness: 0.883566 | Promedio: 0.883326
[2026-05-13 12:47:40] Gen 0019 | Mejor fitness: 0.883566 | Promedio: 0.883356
[2026-05-13 12:47:40] Gen 0020 | Mejor fitness: 0.883566 | Promedio: 0.883311
[2026-05-13 12:47:40] Gen 0021 | Mejor fitness: 0.883568 | Promedio: 0.883226
[2026-05-13 12:47:40] Gen 0022 | Mejor fitness: 0.883568 | Promedio: 0.883289
[2026-05-13 12:47:40] Gen 0023 | Mejor fitness: 0.883568 | Promedio: 0.883238
[2026-05-13 12:47:40] Gen 0024 | Mejor fitness: 0.883568 | Promedio: 0.883276
[2026-05-13 12:47:40] Gen 0025 | Mejor fitness: 0.883568 | Promedio: 0.883251
[2026-05-13 12:47:40] Gen 0026 | Mejor fitness: 0.883568 | Promedio: 0.883246
[2026-05-13 12:47:40] Gen 0027 | Mejor fitness: 0.883568 | Promedio: 0.883330
[2026-05-13 12:47:40] Gen 0028 | Mejor fitness: 0.883568 | Promedio: 0.883305
[2026-05-13 12:47:40] Gen 0029 | Mejor fitness: 0.883568 | Promedio: 0.883261
[2026-05-13 12:47:40] Gen 0030 | Mejor fitness: 0.883568 | Promedio: 0.883224
[2026-05-13 12:47:40] Gen 0031 | Mejor fitness: 0.883569 | Promedio: 0.883365
[2026-05-13 12:47:40] Gen 0032 | Mejor fitness: 0.883569 | Promedio: 0.883265
[2026-05-13 12:47:40] Gen 0033 | Mejor fitness: 0.883570 | Promedio: 0.883210
[2026-05-13 12:47:40] Gen 0034 | Mejor fitness: 0.883570 | Promedio: 0.883245
[2026-05-13 12:47:40] Gen 0035 | Mejor fitness: 0.883570 | Promedio: 0.883223
[2026-05-13 12:47:40] Gen 0036 | Mejor fitness: 0.883570 | Promedio: 0.883282
[2026-05-13 12:47:40] Gen 0037 | Mejor fitness: 0.883570 | Promedio: 0.883387
[2026-05-13 12:47:40] Gen 0038 | Mejor fitness: 0.883570 | Promedio: 0.883419
[2026-05-13 12:47:40] Gen 0039 | Mejor fitness: 0.883570 | Promedio: 0.883308
[2026-05-13 12:47:40] Gen 0040 | Mejor fitness: 0.883570 | Promedio: 0.883178
[2026-05-13 12:47:40] Gen 0041 | Mejor fitness: 0.883570 | Promedio: 0.883315
[2026-05-13 12:47:40] Gen 0042 | Mejor fitness: 0.883570 | Promedio: 0.883261
[2026-05-13 12:47:40] Gen 0043 | Mejor fitness: 0.883570 | Promedio: 0.883216
[2026-05-13 12:47:40] Gen 0044 | Mejor fitness: 0.883570 | Promedio: 0.883120
[2026-05-13 12:47:40] Gen 0045 | Mejor fitness: 0.883570 | Promedio: 0.883395
[2026-05-13 12:47:40] Gen 0046 | Mejor fitness: 0.883570 | Promedio: 0.883413
[2026-05-13 12:47:40] Gen 0047 | Mejor fitness: 0.883570 | Promedio: 0.883306
[2026-05-13 12:47:40] Gen 0048 | Mejor fitness: 0.883570 | Promedio: 0.883375
[2026-05-13 12:47:40] Gen 0049 | Mejor fitness: 0.883570 | Promedio: 0.883261
[2026-05-13 12:47:40] Gen 0050 | Mejor fitness: 0.883570 | Promedio: 0.883367
[2026-05-13 12:47:40] Gen 0051 | Mejor fitness: 0.883570 | Promedio: 0.883299
[2026-05-13 12:47:40] Gen 0052 | Mejor fitness: 0.883570 | Promedio: 0.883319
[2026-05-13 12:47:40] Gen 0053 | Mejor fitness: 0.883570 | Promedio: 0.883317
[2026-05-13 12:47:40] Gen 0054 | Mejor fitness: 0.883570 | Promedio: 0.883286
[2026-05-13 12:47:40] Gen 0055 | Mejor fitness: 0.883570 | Promedio: 0.883345
[2026-05-13 12:47:40] Gen 0056 | Mejor fitness: 0.883570 | Promedio: 0.883353
[2026-05-13 12:47:40] Gen 0057 | Mejor fitness: 0.883570 | Promedio: 0.883419
[2026-05-13 12:47:40] Gen 0058 | Mejor fitness: 0.883570 | Promedio: 0.883381
[2026-05-13 12:47:40] Gen 0059 | Mejor fitness: 0.883570 | Promedio: 0.883253
[2026-05-13 12:47:40] Gen 0060 | Mejor fitness: 0.883570 | Promedio: 0.883417
[2026-05-13 12:47:40] Gen 0061 | Mejor fitness: 0.883570 | Promedio: 0.883359
[2026-05-13 12:47:40] Gen 0062 | Mejor fitness: 0.883570 | Promedio: 0.883326
[2026-05-13 12:47:40] Gen 0063 | Mejor fitness: 0.883570 | Promedio: 0.883365
[2026-05-13 12:47:40] Gen 0064 | Mejor fitness: 0.883570 | Promedio: 0.883348
[2026-05-13 12:47:40] Gen 0065 | Mejor fitness: 0.883570 | Promedio: 0.883336
[2026-05-13 12:47:40] Gen 0066 | Mejor fitness: 0.883570 | Promedio: 0.883210
[2026-05-13 12:47:40] Gen 0067 | Mejor fitness: 0.883570 | Promedio: 0.883288
[2026-05-13 12:47:40] Gen 0068 | Mejor fitness: 0.883570 | Promedio: 0.883434
[2026-05-13 12:47:40] Gen 0069 | Mejor fitness: 0.883570 | Promedio: 0.883314
[2026-05-13 12:47:40] Gen 0070 | Mejor fitness: 0.883570 | Promedio: 0.883292
[2026-05-13 12:47:40] Gen 0071 | Mejor fitness: 0.883570 | Promedio: 0.883371
[2026-05-13 12:47:40] Gen 0072 | Mejor fitness: 0.883570 | Promedio: 0.883383
[2026-05-13 12:47:40] Gen 0073 | Mejor fitness: 0.883570 | Promedio: 0.883381
[2026-05-13 12:47:40] Gen 0074 | Mejor fitness: 0.883570 | Promedio: 0.883195
[2026-05-13 12:47:40] Gen 0075 | Mejor fitness: 0.883570 | Promedio: 0.883386
[2026-05-13 12:47:40] Gen 0076 | Mejor fitness: 0.883570 | Promedio: 0.883252
[2026-05-13 12:47:40] Gen 0077 | Mejor fitness: 0.883570 | Promedio: 0.883348
[2026-05-13 12:47:40] Gen 0078 | Mejor fitness: 0.883570 | Promedio: 0.883317
[2026-05-13 12:47:40] Gen 0079 | Mejor fitness: 0.883570 | Promedio: 0.883344
[2026-05-13 12:47:40] Gen 0080 | Mejor fitness: 0.883570 | Promedio: 0.883423
[2026-05-13 12:47:40] Gen 0081 | Mejor fitness: 0.883570 | Promedio: 0.883242
[2026-05-13 12:47:40] Gen 0082 | Mejor fitness: 0.883570 | Promedio: 0.883366
[2026-05-13 12:47:40] Gen 0083 | Mejor fitness: 0.883570 | Promedio: 0.883403
[2026-05-13 12:47:40] Gen 0084 | Mejor fitness: 0.883570 | Promedio: 0.883304
[2026-05-13 12:47:40] Gen 0085 | Mejor fitness: 0.883570 | Promedio: 0.883229
[2026-05-13 12:47:40] Gen 0086 | Mejor fitness: 0.883570 | Promedio: 0.883344
[2026-05-13 12:47:40] Gen 0087 | Mejor fitness: 0.883570 | Promedio: 0.883279
[2026-05-13 12:47:40] Gen 0088 | Mejor fitness: 0.883570 | Promedio: 0.883275
[2026-05-13 12:47:40] Gen 0089 | Mejor fitness: 0.883570 | Promedio: 0.883355
[2026-05-13 12:47:40] Gen 0090 | Mejor fitness: 0.883570 | Promedio: 0.883406
[2026-05-13 12:47:40] Gen 0091 | Mejor fitness: 0.883570 | Promedio: 0.883284
[2026-05-13 12:47:40] Gen 0092 | Mejor fitness: 0.883570 | Promedio: 0.883377
[2026-05-13 12:47:40] Gen 0093 | Mejor fitness: 0.883570 | Promedio: 0.883230
[2026-05-13 12:47:40] Gen 0094 | Mejor fitness: 0.883570 | Promedio: 0.883397
[2026-05-13 12:47:40] Gen 0095 | Mejor fitness: 0.883570 | Promedio: 0.883290
[2026-05-13 12:47:40] Gen 0096 | Mejor fitness: 0.883570 | Promedio: 0.883406
[2026-05-13 12:47:40] Gen 0097 | Mejor fitness: 0.883570 | Promedio: 0.883423
[2026-05-13 12:47:40] Gen 0098 | Mejor fitness: 0.883570 | Promedio: 0.883424
[2026-05-13 12:47:40] Gen 0099 | Mejor fitness: 0.883570 | Promedio: 0.883244
[2026-05-13 12:47:40] Gen 0100 | Mejor fitness: 0.883570 | Promedio: 0.883396
[2026-05-13 12:47:40] Gen 0101 | Mejor fitness: 0.883570 | Promedio: 0.883229
[2026-05-13 12:47:40] Gen 0102 | Mejor fitness: 0.883570 | Promedio: 0.883238
[2026-05-13 12:47:40] Gen 0103 | Mejor fitness: 0.883570 | Promedio: 0.883311
[2026-05-13 12:47:40] Gen 0104 | Mejor fitness: 0.883570 | Promedio: 0.883345
[2026-05-13 12:47:40] Gen 0105 | Mejor fitness: 0.883570 | Promedio: 0.883337
[2026-05-13 12:47:40] Gen 0106 | Mejor fitness: 0.883570 | Promedio: 0.883326
[2026-05-13 12:47:40] Gen 0107 | Mejor fitness: 0.883570 | Promedio: 0.883354
[2026-05-13 12:47:40] Gen 0108 | Mejor fitness: 0.883570 | Promedio: 0.883400
[2026-05-13 12:47:40] Gen 0109 | Mejor fitness: 0.883570 | Promedio: 0.883305
[2026-05-13 12:47:40] Gen 0110 | Mejor fitness: 0.883570 | Promedio: 0.883234
[2026-05-13 12:47:40] Gen 0111 | Mejor fitness: 0.883570 | Promedio: 0.883417
[2026-05-13 12:47:40] Gen 0112 | Mejor fitness: 0.883570 | Promedio: 0.883331
[2026-05-13 12:47:40] Gen 0113 | Mejor fitness: 0.883570 | Promedio: 0.883347
[2026-05-13 12:47:40] Gen 0114 | Mejor fitness: 0.883570 | Promedio: 0.883326
[2026-05-13 12:47:40] Gen 0115 | Mejor fitness: 0.883570 | Promedio: 0.883377
[2026-05-13 12:47:40] Gen 0116 | Mejor fitness: 0.883570 | Promedio: 0.883292
[2026-05-13 12:47:40] Gen 0117 | Mejor fitness: 0.883570 | Promedio: 0.883395
[2026-05-13 12:47:40] Gen 0118 | Mejor fitness: 0.883570 | Promedio: 0.883307
[2026-05-13 12:47:40] Gen 0119 | Mejor fitness: 0.883570 | Promedio: 0.883360
[2026-05-13 12:47:40] Gen 0120 | Mejor fitness: 0.883570 | Promedio: 0.883309
[2026-05-13 12:47:40] Gen 0121 | Mejor fitness: 0.883570 | Promedio: 0.883319
[2026-05-13 12:47:40] Gen 0122 | Mejor fitness: 0.883570 | Promedio: 0.883286
[2026-05-13 12:47:40] Gen 0123 | Mejor fitness: 0.883570 | Promedio: 0.883320
[2026-05-13 12:47:40] Gen 0124 | Mejor fitness: 0.883570 | Promedio: 0.883245
[2026-05-13 12:47:40] Gen 0125 | Mejor fitness: 0.883570 | Promedio: 0.883358
[2026-05-13 12:47:40] Gen 0126 | Mejor fitness: 0.883570 | Promedio: 0.883358
[2026-05-13 12:47:40] Gen 0127 | Mejor fitness: 0.883570 | Promedio: 0.883398
[2026-05-13 12:47:40] Gen 0128 | Mejor fitness: 0.883570 | Promedio: 0.883174
[2026-05-13 12:47:40] Gen 0129 | Mejor fitness: 0.883570 | Promedio: 0.883322
[2026-05-13 12:47:40] Gen 0130 | Mejor fitness: 0.883570 | Promedio: 0.883305
[2026-05-13 12:47:40] Gen 0131 | Mejor fitness: 0.883570 | Promedio: 0.883373
[2026-05-13 12:47:40] Gen 0132 | Mejor fitness: 0.883570 | Promedio: 0.883251
[2026-05-13 12:47:40] Gen 0133 | Mejor fitness: 0.883570 | Promedio: 0.883369
[2026-05-13 12:47:40] Gen 0134 | Mejor fitness: 0.883570 | Promedio: 0.883291
[2026-05-13 12:47:40] Gen 0135 | Mejor fitness: 0.883570 | Promedio: 0.883284
[2026-05-13 12:47:40] Gen 0136 | Mejor fitness: 0.883570 | Promedio: 0.883383
[2026-05-13 12:47:40] Gen 0137 | Mejor fitness: 0.883570 | Promedio: 0.883404
[2026-05-13 12:47:40] Gen 0138 | Mejor fitness: 0.883570 | Promedio: 0.883299
[2026-05-13 12:47:40] Gen 0139 | Mejor fitness: 0.883570 | Promedio: 0.883417
[2026-05-13 12:47:40] Gen 0140 | Mejor fitness: 0.883570 | Promedio: 0.883185
[2026-05-13 12:47:40] Gen 0141 | Mejor fitness: 0.883570 | Promedio: 0.883361
[2026-05-13 12:47:40] Gen 0142 | Mejor fitness: 0.883570 | Promedio: 0.883360
[2026-05-13 12:47:40] Gen 0143 | Mejor fitness: 0.883570 | Promedio: 0.883297
[2026-05-13 12:47:40] Gen 0144 | Mejor fitness: 0.883570 | Promedio: 0.883416
[2026-05-13 12:47:40] Gen 0145 | Mejor fitness: 0.883570 | Promedio: 0.883235
[2026-05-13 12:47:40] Gen 0146 | Mejor fitness: 0.883570 | Promedio: 0.883292
[2026-05-13 12:47:40] Gen 0147 | Mejor fitness: 0.883570 | Promedio: 0.883368
[2026-05-13 12:47:40] Gen 0148 | Mejor fitness: 0.883570 | Promedio: 0.883227
[2026-05-13 12:47:40] Gen 0149 | Mejor fitness: 0.883570 | Promedio: 0.883296
[2026-05-13 12:47:40] Gen 0150 | Mejor fitness: 0.883570 | Promedio: 0.883253
[2026-05-13 12:47:40] Gen 0151 | Mejor fitness: 0.883570 | Promedio: 0.883269
[2026-05-13 12:47:40] Gen 0152 | Mejor fitness: 0.883570 | Promedio: 0.883357
[2026-05-13 12:47:40] Gen 0153 | Mejor fitness: 0.883570 | Promedio: 0.883251
[2026-05-13 12:47:40] Gen 0154 | Mejor fitness: 0.883570 | Promedio: 0.883380
[2026-05-13 12:47:40] Gen 0155 | Mejor fitness: 0.883570 | Promedio: 0.883256
[2026-05-13 12:47:40] Gen 0156 | Mejor fitness: 0.883570 | Promedio: 0.883349
[2026-05-13 12:47:40] Gen 0157 | Mejor fitness: 0.883570 | Promedio: 0.883178
[2026-05-13 12:47:40] Gen 0158 | Mejor fitness: 0.883570 | Promedio: 0.883425
[2026-05-13 12:47:40] Gen 0159 | Mejor fitness: 0.883570 | Promedio: 0.883376
[2026-05-13 12:47:40] Gen 0160 | Mejor fitness: 0.883570 | Promedio: 0.883218
[2026-05-13 12:47:40] Gen 0161 | Mejor fitness: 0.883570 | Promedio: 0.883410
[2026-05-13 12:47:40] Gen 0162 | Mejor fitness: 0.883570 | Promedio: 0.883317
[2026-05-13 12:47:40] Gen 0163 | Mejor fitness: 0.883570 | Promedio: 0.883367
[2026-05-13 12:47:40] Gen 0164 | Mejor fitness: 0.883570 | Promedio: 0.883413
[2026-05-13 12:47:40] Gen 0165 | Mejor fitness: 0.883570 | Promedio: 0.883323
[2026-05-13 12:47:40] Gen 0166 | Mejor fitness: 0.883570 | Promedio: 0.883375
[2026-05-13 12:47:40] Gen 0167 | Mejor fitness: 0.883570 | Promedio: 0.883381
[2026-05-13 12:47:40] Gen 0168 | Mejor fitness: 0.883570 | Promedio: 0.883361
[2026-05-13 12:47:40] Gen 0169 | Mejor fitness: 0.883570 | Promedio: 0.883403
[2026-05-13 12:47:40] Gen 0170 | Mejor fitness: 0.883570 | Promedio: 0.883327
[2026-05-13 12:47:40] Gen 0171 | Mejor fitness: 0.883570 | Promedio: 0.883359
[2026-05-13 12:47:40] Gen 0172 | Mejor fitness: 0.883570 | Promedio: 0.883396
[2026-05-13 12:47:40] Gen 0173 | Mejor fitness: 0.883570 | Promedio: 0.883299
[2026-05-13 12:47:40] Gen 0174 | Mejor fitness: 0.883570 | Promedio: 0.883407
[2026-05-13 12:47:40] Gen 0175 | Mejor fitness: 0.883570 | Promedio: 0.883241
[2026-05-13 12:47:40] Gen 0176 | Mejor fitness: 0.883570 | Promedio: 0.883284
[2026-05-13 12:47:40] Gen 0177 | Mejor fitness: 0.883570 | Promedio: 0.883195
[2026-05-13 12:47:40] Gen 0178 | Mejor fitness: 0.883570 | Promedio: 0.883300
[2026-05-13 12:47:40] Gen 0179 | Mejor fitness: 0.883570 | Promedio: 0.883344
[2026-05-13 12:47:40] Gen 0180 | Mejor fitness: 0.883570 | Promedio: 0.883373
[2026-05-13 12:47:40] Gen 0181 | Mejor fitness: 0.883570 | Promedio: 0.883211
[2026-05-13 12:47:40] Gen 0182 | Mejor fitness: 0.883570 | Promedio: 0.883254
[2026-05-13 12:47:40] Gen 0183 | Mejor fitness: 0.883570 | Promedio: 0.883354
[2026-05-13 12:47:40] Gen 0184 | Mejor fitness: 0.883570 | Promedio: 0.883416
[2026-05-13 12:47:40] Gen 0185 | Mejor fitness: 0.883570 | Promedio: 0.883425
[2026-05-13 12:47:40] Gen 0186 | Mejor fitness: 0.883570 | Promedio: 0.883399
[2026-05-13 12:47:40] Gen 0187 | Mejor fitness: 0.883570 | Promedio: 0.883305
[2026-05-13 12:47:40] Gen 0188 | Mejor fitness: 0.883570 | Promedio: 0.883372
[2026-05-13 12:47:40] Gen 0189 | Mejor fitness: 0.883570 | Promedio: 0.883258
[2026-05-13 12:47:40] Gen 0190 | Mejor fitness: 0.883570 | Promedio: 0.883449
[2026-05-13 12:47:40] Gen 0191 | Mejor fitness: 0.883570 | Promedio: 0.883408
[2026-05-13 12:47:40] Gen 0192 | Mejor fitness: 0.883570 | Promedio: 0.883183
[2026-05-13 12:47:40] Gen 0193 | Mejor fitness: 0.883570 | Promedio: 0.883303
[2026-05-13 12:47:40] Gen 0194 | Mejor fitness: 0.883570 | Promedio: 0.883386
[2026-05-13 12:47:40] Gen 0195 | Mejor fitness: 0.883570 | Promedio: 0.883378
[2026-05-13 12:47:40] Gen 0196 | Mejor fitness: 0.883570 | Promedio: 0.883374
[2026-05-13 12:47:40] Gen 0197 | Mejor fitness: 0.883570 | Promedio: 0.883307
[2026-05-13 12:47:40] Gen 0198 | Mejor fitness: 0.883570 | Promedio: 0.883378
[2026-05-13 12:47:40] Gen 0199 | Mejor fitness: 0.883570 | Promedio: 0.883269
[2026-05-13 12:47:40] Gen 0200 | Mejor fitness: 0.883570 | Promedio: 0.883246
[2026-05-13 12:47:40] Gen 0201 | Mejor fitness: 0.883570 | Promedio: 0.883179
[2026-05-13 12:47:40] Gen 0202 | Mejor fitness: 0.883570 | Promedio: 0.883376
[2026-05-13 12:47:40] Gen 0203 | Mejor fitness: 0.883570 | Promedio: 0.883158
[2026-05-13 12:47:40] Gen 0204 | Mejor fitness: 0.883570 | Promedio: 0.883261
[2026-05-13 12:47:40] Gen 0205 | Mejor fitness: 0.883570 | Promedio: 0.883275
[2026-05-13 12:47:40] Gen 0206 | Mejor fitness: 0.883570 | Promedio: 0.883422
[2026-05-13 12:47:40] Gen 0207 | Mejor fitness: 0.883570 | Promedio: 0.883390
[2026-05-13 12:47:40] Gen 0208 | Mejor fitness: 0.883570 | Promedio: 0.883328
[2026-05-13 12:47:40] Gen 0209 | Mejor fitness: 0.883570 | Promedio: 0.883311
[2026-05-13 12:47:40] Gen 0210 | Mejor fitness: 0.883570 | Promedio: 0.883286
[2026-05-13 12:47:40] Gen 0211 | Mejor fitness: 0.883570 | Promedio: 0.883266
[2026-05-13 12:47:40] Gen 0212 | Mejor fitness: 0.883570 | Promedio: 0.883138
[2026-05-13 12:47:40] Gen 0213 | Mejor fitness: 0.883570 | Promedio: 0.883344
[2026-05-13 12:47:40] Gen 0214 | Mejor fitness: 0.883570 | Promedio: 0.883318
[2026-05-13 12:47:40] Gen 0215 | Mejor fitness: 0.883570 | Promedio: 0.883262
[2026-05-13 12:47:40] Gen 0216 | Mejor fitness: 0.883570 | Promedio: 0.883389
[2026-05-13 12:47:40] Gen 0217 | Mejor fitness: 0.883570 | Promedio: 0.883400
[2026-05-13 12:47:40] Gen 0218 | Mejor fitness: 0.883570 | Promedio: 0.883312
[2026-05-13 12:47:40] Gen 0219 | Mejor fitness: 0.883570 | Promedio: 0.883236
[2026-05-13 12:47:40] Gen 0220 | Mejor fitness: 0.883570 | Promedio: 0.883297
[2026-05-13 12:47:40] Gen 0221 | Mejor fitness: 0.883570 | Promedio: 0.883309
[2026-05-13 12:47:40] Gen 0222 | Mejor fitness: 0.883570 | Promedio: 0.883275
[2026-05-13 12:47:40] Gen 0223 | Mejor fitness: 0.883570 | Promedio: 0.883380
[2026-05-13 12:47:40] Gen 0224 | Mejor fitness: 0.883570 | Promedio: 0.883257
[2026-05-13 12:47:40] Gen 0225 | Mejor fitness: 0.883570 | Promedio: 0.883238
[2026-05-13 12:47:40] Gen 0226 | Mejor fitness: 0.883570 | Promedio: 0.883389
[2026-05-13 12:47:40] Gen 0227 | Mejor fitness: 0.883570 | Promedio: 0.883369
[2026-05-13 12:47:40] Gen 0228 | Mejor fitness: 0.883570 | Promedio: 0.883343
[2026-05-13 12:47:40] Gen 0229 | Mejor fitness: 0.883570 | Promedio: 0.883286
[2026-05-13 12:47:40] Gen 0230 | Mejor fitness: 0.883570 | Promedio: 0.883293
[2026-05-13 12:47:40] Gen 0231 | Mejor fitness: 0.883570 | Promedio: 0.883352
[2026-05-13 12:47:40] Gen 0232 | Mejor fitness: 0.883570 | Promedio: 0.883365
[2026-05-13 12:47:40] Gen 0233 | Mejor fitness: 0.883570 | Promedio: 0.883332
[2026-05-13 12:47:40] Gen 0234 | Mejor fitness: 0.883570 | Promedio: 0.883290
[2026-05-13 12:47:40] Gen 0235 | Mejor fitness: 0.883570 | Promedio: 0.883267
[2026-05-13 12:47:40] Gen 0236 | Mejor fitness: 0.883570 | Promedio: 0.883365
[2026-05-13 12:47:40] Gen 0237 | Mejor fitness: 0.883570 | Promedio: 0.883404
[2026-05-13 12:47:40] Gen 0238 | Mejor fitness: 0.883570 | Promedio: 0.883190
[2026-05-13 12:47:40] Gen 0239 | Mejor fitness: 0.883570 | Promedio: 0.883254
[2026-05-13 12:47:40] Gen 0240 | Mejor fitness: 0.883570 | Promedio: 0.883249
[2026-05-13 12:47:40] Gen 0241 | Mejor fitness: 0.883570 | Promedio: 0.883227
[2026-05-13 12:47:40] Gen 0242 | Mejor fitness: 0.883570 | Promedio: 0.883362
[2026-05-13 12:47:40] Gen 0243 | Mejor fitness: 0.883570 | Promedio: 0.883341
[2026-05-13 12:47:40] Gen 0244 | Mejor fitness: 0.883570 | Promedio: 0.883387
[2026-05-13 12:47:40] Gen 0245 | Mejor fitness: 0.883570 | Promedio: 0.883129
[2026-05-13 12:47:40] Gen 0246 | Mejor fitness: 0.883570 | Promedio: 0.883377
[2026-05-13 12:47:40] Gen 0247 | Mejor fitness: 0.883570 | Promedio: 0.883346
[2026-05-13 12:47:40] Gen 0248 | Mejor fitness: 0.883570 | Promedio: 0.883371
[2026-05-13 12:47:40] Gen 0249 | Mejor fitness: 0.883570 | Promedio: 0.883351
[2026-05-13 12:47:40] Gen 0250 | Mejor fitness: 0.883570 | Promedio: 0.883417
[2026-05-13 12:47:40] Gen 0251 | Mejor fitness: 0.883570 | Promedio: 0.883310
[2026-05-13 12:47:40] Gen 0252 | Mejor fitness: 0.883570 | Promedio: 0.883359
[2026-05-13 12:47:40] Gen 0253 | Mejor fitness: 0.883570 | Promedio: 0.883337
[2026-05-13 12:47:40] Gen 0254 | Mejor fitness: 0.883570 | Promedio: 0.883379
[2026-05-13 12:47:40] Gen 0255 | Mejor fitness: 0.883570 | Promedio: 0.883293
[2026-05-13 12:47:40] Gen 0256 | Mejor fitness: 0.883570 | Promedio: 0.883300
[2026-05-13 12:47:40] Gen 0257 | Mejor fitness: 0.883570 | Promedio: 0.883388
[2026-05-13 12:47:40] Gen 0258 | Mejor fitness: 0.883570 | Promedio: 0.883238
[2026-05-13 12:47:40] Gen 0259 | Mejor fitness: 0.883570 | Promedio: 0.883225
[2026-05-13 12:47:40] Gen 0260 | Mejor fitness: 0.883570 | Promedio: 0.883385
[2026-05-13 12:47:40] Gen 0261 | Mejor fitness: 0.883570 | Promedio: 0.883366
[2026-05-13 12:47:40] Gen 0262 | Mejor fitness: 0.883570 | Promedio: 0.883446
[2026-05-13 12:47:40] Gen 0263 | Mejor fitness: 0.883570 | Promedio: 0.883307
[2026-05-13 12:47:40] Gen 0264 | Mejor fitness: 0.883570 | Promedio: 0.883357
[2026-05-13 12:47:40] Gen 0265 | Mejor fitness: 0.883570 | Promedio: 0.883341
[2026-05-13 12:47:40] Gen 0266 | Mejor fitness: 0.883570 | Promedio: 0.883308
[2026-05-13 12:47:40] Gen 0267 | Mejor fitness: 0.883570 | Promedio: 0.883304
[2026-05-13 12:47:40] Gen 0268 | Mejor fitness: 0.883570 | Promedio: 0.883407
[2026-05-13 12:47:40] Gen 0269 | Mejor fitness: 0.883570 | Promedio: 0.883183
[2026-05-13 12:47:40] Gen 0270 | Mejor fitness: 0.883570 | Promedio: 0.883297
[2026-05-13 12:47:40] Gen 0271 | Mejor fitness: 0.883570 | Promedio: 0.883285
[2026-05-13 12:47:40] Gen 0272 | Mejor fitness: 0.883570 | Promedio: 0.883344
[2026-05-13 12:47:40] Gen 0273 | Mejor fitness: 0.883570 | Promedio: 0.883357
[2026-05-13 12:47:40] Gen 0274 | Mejor fitness: 0.883570 | Promedio: 0.883333
[2026-05-13 12:47:40] Gen 0275 | Mejor fitness: 0.883570 | Promedio: 0.883356
[2026-05-13 12:47:40] Gen 0276 | Mejor fitness: 0.883570 | Promedio: 0.883314
[2026-05-13 12:47:40] Gen 0277 | Mejor fitness: 0.883570 | Promedio: 0.883372
[2026-05-13 12:47:40] Gen 0278 | Mejor fitness: 0.883570 | Promedio: 0.883378
[2026-05-13 12:47:40] Gen 0279 | Mejor fitness: 0.883570 | Promedio: 0.883371
[2026-05-13 12:47:40] Gen 0280 | Mejor fitness: 0.883570 | Promedio: 0.883291
[2026-05-13 12:47:40] Gen 0281 | Mejor fitness: 0.883570 | Promedio: 0.883326
[2026-05-13 12:47:40] Gen 0282 | Mejor fitness: 0.883570 | Promedio: 0.883236
[2026-05-13 12:47:40] Gen 0283 | Mejor fitness: 0.883570 | Promedio: 0.883327
[2026-05-13 12:47:40] Gen 0284 | Mejor fitness: 0.883570 | Promedio: 0.883299
[2026-05-13 12:47:40] Gen 0285 | Mejor fitness: 0.883570 | Promedio: 0.883372
[2026-05-13 12:47:40] Gen 0286 | Mejor fitness: 0.883570 | Promedio: 0.883255
[2026-05-13 12:47:41] Gen 0287 | Mejor fitness: 0.883570 | Promedio: 0.883361
[2026-05-13 12:47:41] Gen 0288 | Mejor fitness: 0.883570 | Promedio: 0.883368
[2026-05-13 12:47:41] Gen 0289 | Mejor fitness: 0.883570 | Promedio: 0.883266
[2026-05-13 12:47:41] Gen 0290 | Mejor fitness: 0.883570 | Promedio: 0.883291
[2026-05-13 12:47:41] Gen 0291 | Mejor fitness: 0.883570 | Promedio: 0.883354
[2026-05-13 12:47:41] Gen 0292 | Mejor fitness: 0.883570 | Promedio: 0.883343
[2026-05-13 12:47:41] Gen 0293 | Mejor fitness: 0.883570 | Promedio: 0.883354
[2026-05-13 12:47:41] Gen 0294 | Mejor fitness: 0.883570 | Promedio: 0.883387
[2026-05-13 12:47:41] Gen 0295 | Mejor fitness: 0.883570 | Promedio: 0.883398
[2026-05-13 12:47:41] Gen 0296 | Mejor fitness: 0.883570 | Promedio: 0.883392
[2026-05-13 12:47:41] Gen 0297 | Mejor fitness: 0.883570 | Promedio: 0.883289
[2026-05-13 12:47:41] Gen 0298 | Mejor fitness: 0.883570 | Promedio: 0.883243
[2026-05-13 12:47:41] Gen 0299 | Mejor fitness: 0.883570 | Promedio: 0.883327
[2026-05-13 12:47:41] Gen 0300 | Mejor fitness: 0.883570 | Promedio: 0.883320
[2026-05-13 12:47:41] Gen 0301 | Mejor fitness: 0.883570 | Promedio: 0.883288
[2026-05-13 12:47:41] Gen 0302 | Mejor fitness: 0.883570 | Promedio: 0.883272
[2026-05-13 12:47:41] Gen 0303 | Mejor fitness: 0.883570 | Promedio: 0.883321
[2026-05-13 12:47:41] Gen 0304 | Mejor fitness: 0.883570 | Promedio: 0.883310
[2026-05-13 12:47:41] Gen 0305 | Mejor fitness: 0.883570 | Promedio: 0.883344
[2026-05-13 12:47:41] Gen 0306 | Mejor fitness: 0.883570 | Promedio: 0.883246
[2026-05-13 12:47:41] Gen 0307 | Mejor fitness: 0.883570 | Promedio: 0.883386
[2026-05-13 12:47:41] Gen 0308 | Mejor fitness: 0.883570 | Promedio: 0.883329
[2026-05-13 12:47:41] Gen 0309 | Mejor fitness: 0.883570 | Promedio: 0.883297
[2026-05-13 12:47:41] Gen 0310 | Mejor fitness: 0.883570 | Promedio: 0.883445
[2026-05-13 12:47:41] Gen 0311 | Mejor fitness: 0.883570 | Promedio: 0.883371
[2026-05-13 12:47:41] Gen 0312 | Mejor fitness: 0.883570 | Promedio: 0.883324
[2026-05-13 12:47:41] Gen 0313 | Mejor fitness: 0.883570 | Promedio: 0.883351
[2026-05-13 12:47:41] Gen 0314 | Mejor fitness: 0.883570 | Promedio: 0.883366
[2026-05-13 12:47:41] Gen 0315 | Mejor fitness: 0.883570 | Promedio: 0.883333
[2026-05-13 12:47:41] Gen 0316 | Mejor fitness: 0.883570 | Promedio: 0.883410
[2026-05-13 12:47:41] Gen 0317 | Mejor fitness: 0.883570 | Promedio: 0.883329
[2026-05-13 12:47:41] Gen 0318 | Mejor fitness: 0.883570 | Promedio: 0.883379
[2026-05-13 12:47:41] Gen 0319 | Mejor fitness: 0.883570 | Promedio: 0.883330
[2026-05-13 12:47:41] Gen 0320 | Mejor fitness: 0.883570 | Promedio: 0.883304
[2026-05-13 12:47:41] Gen 0321 | Mejor fitness: 0.883570 | Promedio: 0.883267
[2026-05-13 12:47:41] Gen 0322 | Mejor fitness: 0.883570 | Promedio: 0.883303
[2026-05-13 12:47:41] Gen 0323 | Mejor fitness: 0.883570 | Promedio: 0.883284
[2026-05-13 12:47:41] Gen 0324 | Mejor fitness: 0.883570 | Promedio: 0.883339
[2026-05-13 12:47:41] Gen 0325 | Mejor fitness: 0.883570 | Promedio: 0.883344
[2026-05-13 12:47:41] Gen 0326 | Mejor fitness: 0.883570 | Promedio: 0.883308
[2026-05-13 12:47:41] Gen 0327 | Mejor fitness: 0.883570 | Promedio: 0.883342
[2026-05-13 12:47:41] Gen 0328 | Mejor fitness: 0.883570 | Promedio: 0.883396
[2026-05-13 12:47:41] Gen 0329 | Mejor fitness: 0.883570 | Promedio: 0.883401
[2026-05-13 12:47:41] Gen 0330 | Mejor fitness: 0.883570 | Promedio: 0.883344
[2026-05-13 12:47:41] Gen 0331 | Mejor fitness: 0.883570 | Promedio: 0.883299
[2026-05-13 12:47:41] Gen 0332 | Mejor fitness: 0.883570 | Promedio: 0.883382
[2026-05-13 12:47:41] Gen 0333 | Mejor fitness: 0.883570 | Promedio: 0.883310
[2026-05-13 12:47:41] Gen 0334 | Mejor fitness: 0.883570 | Promedio: 0.883362
[2026-05-13 12:47:41] Gen 0335 | Mejor fitness: 0.883570 | Promedio: 0.883419
[2026-05-13 12:47:41] Gen 0336 | Mejor fitness: 0.883570 | Promedio: 0.883337
[2026-05-13 12:47:41] Gen 0337 | Mejor fitness: 0.883570 | Promedio: 0.883333
[2026-05-13 12:47:41] Gen 0338 | Mejor fitness: 0.883570 | Promedio: 0.883358
[2026-05-13 12:47:41] Gen 0339 | Mejor fitness: 0.883570 | Promedio: 0.883392
[2026-05-13 12:47:41] Gen 0340 | Mejor fitness: 0.883570 | Promedio: 0.883263
[2026-05-13 12:47:41] Gen 0341 | Mejor fitness: 0.883570 | Promedio: 0.883366
[2026-05-13 12:47:41] Gen 0342 | Mejor fitness: 0.883570 | Promedio: 0.883337
[2026-05-13 12:47:41] Gen 0343 | Mejor fitness: 0.883570 | Promedio: 0.883383
[2026-05-13 12:47:41] Gen 0344 | Mejor fitness: 0.883570 | Promedio: 0.883333
[2026-05-13 12:47:41] Gen 0345 | Mejor fitness: 0.883570 | Promedio: 0.883424
[2026-05-13 12:47:41] Gen 0346 | Mejor fitness: 0.883570 | Promedio: 0.883348
[2026-05-13 12:47:41] Gen 0347 | Mejor fitness: 0.883570 | Promedio: 0.883334
[2026-05-13 12:47:41] Gen 0348 | Mejor fitness: 0.883570 | Promedio: 0.883122
[2026-05-13 12:47:41] Gen 0349 | Mejor fitness: 0.883570 | Promedio: 0.883212
[2026-05-13 12:47:41] Gen 0350 | Mejor fitness: 0.883570 | Promedio: 0.883275
[2026-05-13 12:47:41] Gen 0351 | Mejor fitness: 0.883570 | Promedio: 0.883316
[2026-05-13 12:47:41] Gen 0352 | Mejor fitness: 0.883570 | Promedio: 0.883337
[2026-05-13 12:47:41] Gen 0353 | Mejor fitness: 0.883570 | Promedio: 0.883322
[2026-05-13 12:47:41] Gen 0354 | Mejor fitness: 0.883570 | Promedio: 0.883282
[2026-05-13 12:47:41] Gen 0355 | Mejor fitness: 0.883570 | Promedio: 0.883234
[2026-05-13 12:47:41] Gen 0356 | Mejor fitness: 0.883570 | Promedio: 0.883450
[2026-05-13 12:47:41] Gen 0357 | Mejor fitness: 0.883570 | Promedio: 0.883284
[2026-05-13 12:47:41] Gen 0358 | Mejor fitness: 0.883570 | Promedio: 0.883312
[2026-05-13 12:47:41] Gen 0359 | Mejor fitness: 0.883570 | Promedio: 0.883315
[2026-05-13 12:47:41] Gen 0360 | Mejor fitness: 0.883570 | Promedio: 0.883281
[2026-05-13 12:47:41] Gen 0361 | Mejor fitness: 0.883570 | Promedio: 0.883334
[2026-05-13 12:47:41] Gen 0362 | Mejor fitness: 0.883570 | Promedio: 0.883287
[2026-05-13 12:47:41] Gen 0363 | Mejor fitness: 0.883570 | Promedio: 0.883314
[2026-05-13 12:47:41] Gen 0364 | Mejor fitness: 0.883570 | Promedio: 0.883315
[2026-05-13 12:47:41] Gen 0365 | Mejor fitness: 0.883570 | Promedio: 0.883380
[2026-05-13 12:47:41] Gen 0366 | Mejor fitness: 0.883570 | Promedio: 0.883214
[2026-05-13 12:47:41] Gen 0367 | Mejor fitness: 0.883570 | Promedio: 0.883337
[2026-05-13 12:47:41] Gen 0368 | Mejor fitness: 0.883570 | Promedio: 0.883343
[2026-05-13 12:47:41] Gen 0369 | Mejor fitness: 0.883570 | Promedio: 0.883308
[2026-05-13 12:47:41] Gen 0370 | Mejor fitness: 0.883570 | Promedio: 0.883377
[2026-05-13 12:47:41] Gen 0371 | Mejor fitness: 0.883570 | Promedio: 0.883380
[2026-05-13 12:47:41] Gen 0372 | Mejor fitness: 0.883570 | Promedio: 0.883308
[2026-05-13 12:47:41] Gen 0373 | Mejor fitness: 0.883570 | Promedio: 0.883345
[2026-05-13 12:47:41] Gen 0374 | Mejor fitness: 0.883570 | Promedio: 0.883265
[2026-05-13 12:47:41] Gen 0375 | Mejor fitness: 0.883570 | Promedio: 0.883301
[2026-05-13 12:47:41] Gen 0376 | Mejor fitness: 0.883570 | Promedio: 0.883385
[2026-05-13 12:47:41] Gen 0377 | Mejor fitness: 0.883570 | Promedio: 0.883319
[2026-05-13 12:47:41] Gen 0378 | Mejor fitness: 0.883570 | Promedio: 0.883378
[2026-05-13 12:47:41] Gen 0379 | Mejor fitness: 0.883570 | Promedio: 0.883239
[2026-05-13 12:47:41] Gen 0380 | Mejor fitness: 0.883570 | Promedio: 0.883321
[2026-05-13 12:47:41] Gen 0381 | Mejor fitness: 0.883570 | Promedio: 0.883283
[2026-05-13 12:47:41] Gen 0382 | Mejor fitness: 0.883570 | Promedio: 0.883281
[2026-05-13 12:47:41] Gen 0383 | Mejor fitness: 0.883570 | Promedio: 0.883399
[2026-05-13 12:47:41] Gen 0384 | Mejor fitness: 0.883570 | Promedio: 0.883350
[2026-05-13 12:47:41] Gen 0385 | Mejor fitness: 0.883570 | Promedio: 0.883392
[2026-05-13 12:47:41] Gen 0386 | Mejor fitness: 0.883570 | Promedio: 0.883319
[2026-05-13 12:47:41] Gen 0387 | Mejor fitness: 0.883570 | Promedio: 0.883373
[2026-05-13 12:47:41] Gen 0388 | Mejor fitness: 0.883570 | Promedio: 0.883388
[2026-05-13 12:47:41] Gen 0389 | Mejor fitness: 0.883570 | Promedio: 0.883307
[2026-05-13 12:47:41] Gen 0390 | Mejor fitness: 0.883570 | Promedio: 0.883411
[2026-05-13 12:47:41] Gen 0391 | Mejor fitness: 0.883570 | Promedio: 0.883310
[2026-05-13 12:47:41] Gen 0392 | Mejor fitness: 0.883570 | Promedio: 0.883252
[2026-05-13 12:47:41] Gen 0393 | Mejor fitness: 0.883570 | Promedio: 0.883236
[2026-05-13 12:47:41] Gen 0394 | Mejor fitness: 0.883570 | Promedio: 0.883434
[2026-05-13 12:47:41] Gen 0395 | Mejor fitness: 0.883570 | Promedio: 0.883329
[2026-05-13 12:47:41] Gen 0396 | Mejor fitness: 0.883570 | Promedio: 0.883386
[2026-05-13 12:47:41] Gen 0397 | Mejor fitness: 0.883570 | Promedio: 0.883334
[2026-05-13 12:47:41] Gen 0398 | Mejor fitness: 0.883570 | Promedio: 0.883384
[2026-05-13 12:47:41] Gen 0399 | Mejor fitness: 0.883570 | Promedio: 0.883338
[2026-05-13 12:47:41] Gen 0400 | Mejor fitness: 0.883570 | Promedio: 0.883371
[2026-05-13 12:47:41] Gen 0401 | Mejor fitness: 0.883570 | Promedio: 0.883226
[2026-05-13 12:47:41] Gen 0402 | Mejor fitness: 0.883570 | Promedio: 0.883403
[2026-05-13 12:47:41] Gen 0403 | Mejor fitness: 0.883570 | Promedio: 0.883186
[2026-05-13 12:47:41] Gen 0404 | Mejor fitness: 0.883570 | Promedio: 0.883266
[2026-05-13 12:47:41] Gen 0405 | Mejor fitness: 0.883570 | Promedio: 0.883373
[2026-05-13 12:47:41] Gen 0406 | Mejor fitness: 0.883570 | Promedio: 0.883287
[2026-05-13 12:47:41] Gen 0407 | Mejor fitness: 0.883570 | Promedio: 0.883318
[2026-05-13 12:47:41] Gen 0408 | Mejor fitness: 0.883570 | Promedio: 0.883362
[2026-05-13 12:47:41] Gen 0409 | Mejor fitness: 0.883570 | Promedio: 0.883357
[2026-05-13 12:47:41] Gen 0410 | Mejor fitness: 0.883570 | Promedio: 0.883345
[2026-05-13 12:47:41] Gen 0411 | Mejor fitness: 0.883570 | Promedio: 0.883233
[2026-05-13 12:47:41] Gen 0412 | Mejor fitness: 0.883570 | Promedio: 0.883252
[2026-05-13 12:47:41] Gen 0413 | Mejor fitness: 0.883570 | Promedio: 0.883292
[2026-05-13 12:47:41] Gen 0414 | Mejor fitness: 0.883570 | Promedio: 0.883291
[2026-05-13 12:47:41] Gen 0415 | Mejor fitness: 0.883570 | Promedio: 0.883375
[2026-05-13 12:47:41] Gen 0416 | Mejor fitness: 0.883570 | Promedio: 0.883314
[2026-05-13 12:47:41] Gen 0417 | Mejor fitness: 0.883570 | Promedio: 0.883409
[2026-05-13 12:47:41] Gen 0418 | Mejor fitness: 0.883570 | Promedio: 0.883369
[2026-05-13 12:47:41] Gen 0419 | Mejor fitness: 0.883570 | Promedio: 0.883264
[2026-05-13 12:47:41] Gen 0420 | Mejor fitness: 0.883570 | Promedio: 0.883358
[2026-05-13 12:47:41] Gen 0421 | Mejor fitness: 0.883570 | Promedio: 0.883351
[2026-05-13 12:47:41] Gen 0422 | Mejor fitness: 0.883570 | Promedio: 0.883204
[2026-05-13 12:47:41] Gen 0423 | Mejor fitness: 0.883570 | Promedio: 0.883251
[2026-05-13 12:47:41] Gen 0424 | Mejor fitness: 0.883570 | Promedio: 0.883214
[2026-05-13 12:47:41] Gen 0425 | Mejor fitness: 0.883570 | Promedio: 0.883401
[2026-05-13 12:47:41] Gen 0426 | Mejor fitness: 0.883570 | Promedio: 0.883311
[2026-05-13 12:47:41] Gen 0427 | Mejor fitness: 0.883570 | Promedio: 0.883389
[2026-05-13 12:47:41] Gen 0428 | Mejor fitness: 0.883570 | Promedio: 0.883323
[2026-05-13 12:47:41] Gen 0429 | Mejor fitness: 0.883570 | Promedio: 0.883397
[2026-05-13 12:47:41] Gen 0430 | Mejor fitness: 0.883570 | Promedio: 0.883302
[2026-05-13 12:47:41] Gen 0431 | Mejor fitness: 0.883570 | Promedio: 0.883361
[2026-05-13 12:47:41] Gen 0432 | Mejor fitness: 0.883570 | Promedio: 0.883377
[2026-05-13 12:47:41] Gen 0433 | Mejor fitness: 0.883570 | Promedio: 0.883296
[2026-05-13 12:47:41] Gen 0434 | Mejor fitness: 0.883570 | Promedio: 0.883319
[2026-05-13 12:47:41] Gen 0435 | Mejor fitness: 0.883570 | Promedio: 0.883331
[2026-05-13 12:47:41] Gen 0436 | Mejor fitness: 0.883570 | Promedio: 0.883363
[2026-05-13 12:47:41] Gen 0437 | Mejor fitness: 0.883570 | Promedio: 0.883393
[2026-05-13 12:47:41] Gen 0438 | Mejor fitness: 0.883570 | Promedio: 0.883305
[2026-05-13 12:47:41] Gen 0439 | Mejor fitness: 0.883570 | Promedio: 0.883415
[2026-05-13 12:47:41] Gen 0440 | Mejor fitness: 0.883570 | Promedio: 0.883265
[2026-05-13 12:47:41] Gen 0441 | Mejor fitness: 0.883570 | Promedio: 0.883346
[2026-05-13 12:47:41] Gen 0442 | Mejor fitness: 0.883570 | Promedio: 0.883386
[2026-05-13 12:47:41] Gen 0443 | Mejor fitness: 0.883570 | Promedio: 0.883363
[2026-05-13 12:47:41] Gen 0444 | Mejor fitness: 0.883570 | Promedio: 0.883408
[2026-05-13 12:47:41] Gen 0445 | Mejor fitness: 0.883570 | Promedio: 0.883408
[2026-05-13 12:47:41] Gen 0446 | Mejor fitness: 0.883570 | Promedio: 0.883304
[2026-05-13 12:47:41] Gen 0447 | Mejor fitness: 0.883570 | Promedio: 0.883375
[2026-05-13 12:47:41] Gen 0448 | Mejor fitness: 0.883570 | Promedio: 0.883376
[2026-05-13 12:47:41] Gen 0449 | Mejor fitness: 0.883570 | Promedio: 0.883279
[2026-05-13 12:47:41] Gen 0450 | Mejor fitness: 0.883570 | Promedio: 0.883327
[2026-05-13 12:47:41] Gen 0451 | Mejor fitness: 0.883570 | Promedio: 0.883373
[2026-05-13 12:47:41] Gen 0452 | Mejor fitness: 0.883570 | Promedio: 0.883363
[2026-05-13 12:47:41] Gen 0453 | Mejor fitness: 0.883570 | Promedio: 0.883326
[2026-05-13 12:47:41] Gen 0454 | Mejor fitness: 0.883570 | Promedio: 0.883418
[2026-05-13 12:47:41] Gen 0455 | Mejor fitness: 0.883570 | Promedio: 0.883323
[2026-05-13 12:47:41] Gen 0456 | Mejor fitness: 0.883570 | Promedio: 0.883344
[2026-05-13 12:47:41] Gen 0457 | Mejor fitness: 0.883570 | Promedio: 0.883265
[2026-05-13 12:47:41] Gen 0458 | Mejor fitness: 0.883570 | Promedio: 0.883193
[2026-05-13 12:47:41] Gen 0459 | Mejor fitness: 0.883570 | Promedio: 0.883362
[2026-05-13 12:47:41] Gen 0460 | Mejor fitness: 0.883570 | Promedio: 0.883233
[2026-05-13 12:47:41] Gen 0461 | Mejor fitness: 0.883570 | Promedio: 0.883215
[2026-05-13 12:47:41] Gen 0462 | Mejor fitness: 0.883570 | Promedio: 0.883420
[2026-05-13 12:47:41] Gen 0463 | Mejor fitness: 0.883570 | Promedio: 0.883412
[2026-05-13 12:47:41] Gen 0464 | Mejor fitness: 0.883570 | Promedio: 0.883303
[2026-05-13 12:47:41] Gen 0465 | Mejor fitness: 0.883570 | Promedio: 0.883248
[2026-05-13 12:47:41] Gen 0466 | Mejor fitness: 0.883570 | Promedio: 0.883253
[2026-05-13 12:47:41] Gen 0467 | Mejor fitness: 0.883570 | Promedio: 0.883435
[2026-05-13 12:47:41] Gen 0468 | Mejor fitness: 0.883570 | Promedio: 0.883352
[2026-05-13 12:47:41] Gen 0469 | Mejor fitness: 0.883570 | Promedio: 0.883394
[2026-05-13 12:47:41] Gen 0470 | Mejor fitness: 0.883570 | Promedio: 0.883293
[2026-05-13 12:47:41] Gen 0471 | Mejor fitness: 0.883570 | Promedio: 0.883354
[2026-05-13 12:47:41] Gen 0472 | Mejor fitness: 0.883570 | Promedio: 0.883349
[2026-05-13 12:47:41] Gen 0473 | Mejor fitness: 0.883570 | Promedio: 0.883306
[2026-05-13 12:47:41] Gen 0474 | Mejor fitness: 0.883570 | Promedio: 0.883257
[2026-05-13 12:47:41] Gen 0475 | Mejor fitness: 0.883570 | Promedio: 0.883311
[2026-05-13 12:47:41] Gen 0476 | Mejor fitness: 0.883570 | Promedio: 0.883167
[2026-05-13 12:47:41] Gen 0477 | Mejor fitness: 0.883570 | Promedio: 0.883285
[2026-05-13 12:47:41] Gen 0478 | Mejor fitness: 0.883570 | Promedio: 0.883315
[2026-05-13 12:47:41] Gen 0479 | Mejor fitness: 0.883570 | Promedio: 0.883370
[2026-05-13 12:47:41] Gen 0480 | Mejor fitness: 0.883570 | Promedio: 0.883326
[2026-05-13 12:47:41] Gen 0481 | Mejor fitness: 0.883570 | Promedio: 0.883389
[2026-05-13 12:47:41] Gen 0482 | Mejor fitness: 0.883570 | Promedio: 0.883372
[2026-05-13 12:47:41] Gen 0483 | Mejor fitness: 0.883570 | Promedio: 0.883326
[2026-05-13 12:47:41] Gen 0484 | Mejor fitness: 0.883570 | Promedio: 0.883395
[2026-05-13 12:47:41] Gen 0485 | Mejor fitness: 0.883570 | Promedio: 0.883302
[2026-05-13 12:47:41] Gen 0486 | Mejor fitness: 0.883570 | Promedio: 0.883324
[2026-05-13 12:47:41] Gen 0487 | Mejor fitness: 0.883570 | Promedio: 0.883313
[2026-05-13 12:47:41] Gen 0488 | Mejor fitness: 0.883570 | Promedio: 0.883318
[2026-05-13 12:47:41] Gen 0489 | Mejor fitness: 0.883570 | Promedio: 0.883359
[2026-05-13 12:47:41] Gen 0490 | Mejor fitness: 0.883570 | Promedio: 0.883270
[2026-05-13 12:47:41] Gen 0491 | Mejor fitness: 0.883570 | Promedio: 0.883316
[2026-05-13 12:47:41] Gen 0492 | Mejor fitness: 0.883570 | Promedio: 0.883352
[2026-05-13 12:47:41] Gen 0493 | Mejor fitness: 0.883570 | Promedio: 0.883306
[2026-05-13 12:47:41] Gen 0494 | Mejor fitness: 0.883570 | Promedio: 0.883153
[2026-05-13 12:47:41] Gen 0495 | Mejor fitness: 0.883570 | Promedio: 0.883353
[2026-05-13 12:47:41] Gen 0496 | Mejor fitness: 0.883570 | Promedio: 0.883341
[2026-05-13 12:47:41] Gen 0497 | Mejor fitness: 0.883570 | Promedio: 0.883338
[2026-05-13 12:47:41] Gen 0498 | Mejor fitness: 0.883570 | Promedio: 0.883351
[2026-05-13 12:47:41] Gen 0499 | Mejor fitness: 0.883570 | Promedio: 0.883402
[2026-05-13 12:47:41] Gen 0500 | Mejor fitness: 0.883570 | Promedio: 0.883376
[2026-05-13 12:47:41] --- Resultado final ---
[2026-05-13 12:47:41] Fitness final     : 0.883570
[2026-05-13 12:47:41]
[2026-05-13 12:47:41] Parámetros óptimos:
[2026-05-13 12:47:41]   Temp. Extrusión : 209.5 °C
[2026-05-13 12:47:41]   Temp. Cama      : 60.0 °C
[2026-05-13 12:47:41]   Velocidad       : 89.1 mm/s
[2026-05-13 12:47:41]   Altura de Capa  : 0.320 mm
[2026-05-13 12:47:41]   Relleno         : 11.4 %
[2026-05-13 12:47:41]   Ventilador      : 100.0 %
[2026-05-13 12:47:41]   Perímetros      : 2 u
[2026-05-13 12:47:41]
[2026-05-13 12:47:41] Desglose fitness:
[2026-05-13 12:47:41]   Calidad       : 0.4507
[2026-05-13 12:47:41]   Resistencia   : 0.6072
[2026-05-13 12:47:41]   Velocidad     : 0.9861
[2026-05-13 12:47:41]   Ahorro        : 0.9490
[2026-05-13 12:47:41]   Fitness       : 0.8836
[2026-05-13 12:47:41] =======================================================
