[2026-05-14 15:40:14] =======================================================
[2026-05-14 15:40:14] NUEVA EJECUCIÓN
[2026-05-14 15:40:14] Material          : PLA
[2026-05-14 15:40:14] Perfil            : Rápido
[2026-05-14 15:40:14] Tamaño población  : 50
[2026-05-14 15:40:14] Generaciones      : 100
[2026-05-14 15:40:14] Tasa cruce        : 0.8
[2026-05-14 15:40:14] Tasa mutación     : 0.1
[2026-05-14 15:40:14] Torneo K          : 3
[2026-05-14 15:40:14] --- Evolución ---
[2026-05-14 15:40:14] Gen 0001 | Mejor fitness: 0.837906 | Promedio: 0.701747
[2026-05-14 15:40:14] Gen 0002 | Mejor fitness: 0.839809 | Promedio: 0.766706
[2026-05-14 15:40:14] Gen 0003 | Mejor fitness: 0.854300 | Promedio: 0.797575
[2026-05-14 15:40:14] Gen 0004 | Mejor fitness: 0.858025 | Promedio: 0.824743
[2026-05-14 15:40:14] Gen 0005 | Mejor fitness: 0.859184 | Promedio: 0.841167
[2026-05-14 15:40:14] Gen 0006 | Mejor fitness: 0.860698 | Promedio: 0.850367
[2026-05-14 15:40:14] Gen 0007 | Mejor fitness: 0.864143 | Promedio: 0.855584
[2026-05-14 15:40:14] Gen 0008 | Mejor fitness: 0.868590 | Promedio: 0.858239
[2026-05-14 15:40:14] Gen 0009 | Mejor fitness: 0.868746 | Promedio: 0.861580
[2026-05-14 15:40:14] Gen 0010 | Mejor fitness: 0.873651 | Promedio: 0.865410
[2026-05-14 15:40:14] Gen 0011 | Mejor fitness: 0.873651 | Promedio: 0.867856
[2026-05-14 15:40:14] Gen 0012 | Mejor fitness: 0.875413 | Promedio: 0.869791
[2026-05-14 15:40:14] Gen 0013 | Mejor fitness: 0.876174 | Promedio: 0.871228
[2026-05-14 15:40:14] Gen 0014 | Mejor fitness: 0.877087 | Promedio: 0.873670
[2026-05-14 15:40:14] Gen 0015 | Mejor fitness: 0.879202 | Promedio: 0.875152
[2026-05-14 15:40:14] Gen 0016 | Mejor fitness: 0.879202 | Promedio: 0.876747
[2026-05-14 15:40:14] Gen 0017 | Mejor fitness: 0.879691 | Promedio: 0.877414
[2026-05-14 15:40:14] Gen 0018 | Mejor fitness: 0.881010 | Promedio: 0.878176
[2026-05-14 15:40:14] Gen 0019 | Mejor fitness: 0.881035 | Promedio: 0.878786
[2026-05-14 15:40:14] Gen 0020 | Mejor fitness: 0.881587 | Promedio: 0.879494
[2026-05-14 15:40:14] Gen 0021 | Mejor fitness: 0.881743 | Promedio: 0.880084
[2026-05-14 15:40:14] Gen 0022 | Mejor fitness: 0.882172 | Promedio: 0.880443
[2026-05-14 15:40:14] Gen 0023 | Mejor fitness: 0.882231 | Promedio: 0.881407
[2026-05-14 15:40:14] Gen 0024 | Mejor fitness: 0.882231 | Promedio: 0.881219
[2026-05-14 15:40:14] Gen 0025 | Mejor fitness: 0.882379 | Promedio: 0.881202
[2026-05-14 15:40:14] Gen 0026 | Mejor fitness: 0.882392 | Promedio: 0.881310
[2026-05-14 15:40:14] Gen 0027 | Mejor fitness: 0.882392 | Promedio: 0.881536
[2026-05-14 15:40:14] Gen 0028 | Mejor fitness: 0.882392 | Promedio: 0.881514
[2026-05-14 15:40:14] Gen 0029 | Mejor fitness: 0.882396 | Promedio: 0.881740
[2026-05-14 15:40:14] Gen 0030 | Mejor fitness: 0.882396 | Promedio: 0.881634
[2026-05-14 15:40:14] Gen 0031 | Mejor fitness: 0.882408 | Promedio: 0.881676
[2026-05-14 15:40:14] Gen 0032 | Mejor fitness: 0.882408 | Promedio: 0.881529
[2026-05-14 15:40:14] Gen 0033 | Mejor fitness: 0.882408 | Promedio: 0.882004
[2026-05-14 15:40:14] Gen 0034 | Mejor fitness: 0.882408 | Promedio: 0.882149
[2026-05-14 15:40:14] Gen 0035 | Mejor fitness: 0.882408 | Promedio: 0.882131
[2026-05-14 15:40:14] Gen 0036 | Mejor fitness: 0.882408 | Promedio: 0.881648
[2026-05-14 15:40:14] Gen 0037 | Mejor fitness: 0.882408 | Promedio: 0.881835
[2026-05-14 15:40:14] Gen 0038 | Mejor fitness: 0.882408 | Promedio: 0.881501
[2026-05-14 15:40:14] Gen 0039 | Mejor fitness: 0.882408 | Promedio: 0.880951
[2026-05-14 15:40:14] Gen 0040 | Mejor fitness: 0.882408 | Promedio: 0.882116
[2026-05-14 15:40:14] Gen 0041 | Mejor fitness: 0.882408 | Promedio: 0.881870
[2026-05-14 15:40:14] Gen 0042 | Mejor fitness: 0.882408 | Promedio: 0.881981
[2026-05-14 15:40:14] Gen 0043 | Mejor fitness: 0.882408 | Promedio: 0.881845
[2026-05-14 15:40:14] Gen 0044 | Mejor fitness: 0.882408 | Promedio: 0.881938
[2026-05-14 15:40:14] Gen 0045 | Mejor fitness: 0.882408 | Promedio: 0.881941
[2026-05-14 15:40:14] Gen 0046 | Mejor fitness: 0.882408 | Promedio: 0.881876
[2026-05-14 15:40:14] Gen 0047 | Mejor fitness: 0.882408 | Promedio: 0.881234
[2026-05-14 15:40:14] Gen 0048 | Mejor fitness: 0.882409 | Promedio: 0.881683
[2026-05-14 15:40:14] Gen 0049 | Mejor fitness: 0.882409 | Promedio: 0.881944
[2026-05-14 15:40:14] Gen 0050 | Mejor fitness: 0.882409 | Promedio: 0.881590
[2026-05-14 15:40:14] Gen 0051 | Mejor fitness: 0.882409 | Promedio: 0.881781
[2026-05-14 15:40:14] Gen 0052 | Mejor fitness: 0.882409 | Promedio: 0.881401
[2026-05-14 15:40:14] Gen 0053 | Mejor fitness: 0.882409 | Promedio: 0.881514
[2026-05-14 15:40:14] Gen 0054 | Mejor fitness: 0.882409 | Promedio: 0.881572
[2026-05-14 15:40:14] Gen 0055 | Mejor fitness: 0.882409 | Promedio: 0.881495
[2026-05-14 15:40:14] Gen 0056 | Mejor fitness: 0.882409 | Promedio: 0.882064
[2026-05-14 15:40:14] Gen 0057 | Mejor fitness: 0.882409 | Promedio: 0.881699
[2026-05-14 15:40:14] Gen 0058 | Mejor fitness: 0.882409 | Promedio: 0.881859
[2026-05-14 15:40:14] Gen 0059 | Mejor fitness: 0.882409 | Promedio: 0.881835
[2026-05-14 15:40:14] Gen 0060 | Mejor fitness: 0.882409 | Promedio: 0.881842
[2026-05-14 15:40:14] Gen 0061 | Mejor fitness: 0.882409 | Promedio: 0.881934
[2026-05-14 15:40:14] Gen 0062 | Mejor fitness: 0.882409 | Promedio: 0.881783
[2026-05-14 15:40:14] Gen 0063 | Mejor fitness: 0.882409 | Promedio: 0.881450
[2026-05-14 15:40:14] Gen 0064 | Mejor fitness: 0.882409 | Promedio: 0.881953
[2026-05-14 15:40:14] Gen 0065 | Mejor fitness: 0.882409 | Promedio: 0.881946
[2026-05-14 15:40:14] Gen 0066 | Mejor fitness: 0.882409 | Promedio: 0.881590
[2026-05-14 15:40:14] Gen 0067 | Mejor fitness: 0.882409 | Promedio: 0.881911
[2026-05-14 15:40:14] Gen 0068 | Mejor fitness: 0.882409 | Promedio: 0.881633
[2026-05-14 15:40:14] Gen 0069 | Mejor fitness: 0.882409 | Promedio: 0.881968
[2026-05-14 15:40:14] Gen 0070 | Mejor fitness: 0.882409 | Promedio: 0.881460
[2026-05-14 15:40:14] Gen 0071 | Mejor fitness: 0.882409 | Promedio: 0.881880
[2026-05-14 15:40:14] Gen 0072 | Mejor fitness: 0.882409 | Promedio: 0.881885
[2026-05-14 15:40:14] Gen 0073 | Mejor fitness: 0.882409 | Promedio: 0.881824
[2026-05-14 15:40:14] Gen 0074 | Mejor fitness: 0.882409 | Promedio: 0.881777
[2026-05-14 15:40:14] Gen 0075 | Mejor fitness: 0.882409 | Promedio: 0.881730
[2026-05-14 15:40:14] Gen 0076 | Mejor fitness: 0.882409 | Promedio: 0.882239
[2026-05-14 15:40:14] Gen 0077 | Mejor fitness: 0.882409 | Promedio: 0.881793
[2026-05-14 15:40:14] Gen 0078 | Mejor fitness: 0.882409 | Promedio: 0.882078
[2026-05-14 15:40:14] Gen 0079 | Mejor fitness: 0.882410 | Promedio: 0.881958
[2026-05-14 15:40:14] Gen 0080 | Mejor fitness: 0.882410 | Promedio: 0.881871
[2026-05-14 15:40:14] Gen 0081 | Mejor fitness: 0.882410 | Promedio: 0.882134
[2026-05-14 15:40:14] Gen 0082 | Mejor fitness: 0.882410 | Promedio: 0.881634
[2026-05-14 15:40:14] Gen 0083 | Mejor fitness: 0.882410 | Promedio: 0.881821
[2026-05-14 15:40:14] Gen 0084 | Mejor fitness: 0.882410 | Promedio: 0.881876
[2026-05-14 15:40:14] Gen 0085 | Mejor fitness: 0.882410 | Promedio: 0.881616
[2026-05-14 15:40:14] Gen 0086 | Mejor fitness: 0.882410 | Promedio: 0.882117
[2026-05-14 15:40:14] Gen 0087 | Mejor fitness: 0.882410 | Promedio: 0.881885
[2026-05-14 15:40:14] Gen 0088 | Mejor fitness: 0.882410 | Promedio: 0.881859
[2026-05-14 15:40:14] Gen 0089 | Mejor fitness: 0.882410 | Promedio: 0.881419
[2026-05-14 15:40:14] Gen 0090 | Mejor fitness: 0.882410 | Promedio: 0.881537
[2026-05-14 15:40:14] Gen 0091 | Mejor fitness: 0.882410 | Promedio: 0.881865
[2026-05-14 15:40:14] Gen 0092 | Mejor fitness: 0.882410 | Promedio: 0.881426
[2026-05-14 15:40:14] Gen 0093 | Mejor fitness: 0.882410 | Promedio: 0.881955
[2026-05-14 15:40:14] Gen 0094 | Mejor fitness: 0.882410 | Promedio: 0.882164
[2026-05-14 15:40:14] Gen 0095 | Mejor fitness: 0.882410 | Promedio: 0.881416
[2026-05-14 15:40:14] Gen 0096 | Mejor fitness: 0.882410 | Promedio: 0.881620
[2026-05-14 15:40:14] Gen 0097 | Mejor fitness: 0.882410 | Promedio: 0.881978
[2026-05-14 15:40:14] Gen 0098 | Mejor fitness: 0.882410 | Promedio: 0.881485
[2026-05-14 15:40:14] Gen 0099 | Mejor fitness: 0.882410 | Promedio: 0.881869
[2026-05-14 15:40:14] Gen 0100 | Mejor fitness: 0.882410 | Promedio: 0.881536
[2026-05-14 15:40:14] --- Resultado final ---
[2026-05-14 15:40:14] Fitness final     : 0.882410
[2026-05-14 15:40:14]
[2026-05-14 15:40:14] Parámetros óptimos:
[2026-05-14 15:40:14]   Temp. Extrusión : 209.5 °C
[2026-05-14 15:40:14]   Temp. Cama      : 60.0 °C
[2026-05-14 15:40:14]   Velocidad       : 100.0 mm/s
[2026-05-14 15:40:14]   Altura de Capa  : 0.320 mm
[2026-05-14 15:40:14]   Relleno         : 11.4 %
[2026-05-14 15:40:14]   Ventilador      : 100.0 %
[2026-05-14 15:40:14]   Perímetros      : 2 u
[2026-05-14 15:40:14]
[2026-05-14 15:40:14] Desglose fitness:
[2026-05-14 15:40:14]   Calidad       : 0.3700
[2026-05-14 15:40:14]   Resistencia   : 0.6062
[2026-05-14 15:40:14]   Velocidad     : 1.0000
[2026-05-14 15:40:14]   Ahorro        : 0.9493
[2026-05-14 15:40:14]   Fitness       : 0.8824
[2026-05-14 15:40:14] =======================================================
