[2026-05-13 12:48:06] =======================================================
[2026-05-13 12:48:06] NUEVA EJECUCIÓN
[2026-05-13 12:48:06] Material          : PLA
[2026-05-13 12:48:06] Perfil            : Balanceado
[2026-05-13 12:48:06] Tamaño población  : 200
[2026-05-13 12:48:06] Generaciones      : 500
[2026-05-13 12:48:06] Tasa cruce        : 0.8
[2026-05-13 12:48:06] Tasa mutación     : 0.1
[2026-05-13 12:48:06] Torneo K          : 3
[2026-05-13 12:48:06] --- Evolución ---
[2026-05-13 12:48:06] Gen 0001 | Mejor fitness: 0.782579 | Promedio: 0.706533
[2026-05-13 12:48:06] Gen 0002 | Mejor fitness: 0.782579 | Promedio: 0.734077
[2026-05-13 12:48:06] Gen 0003 | Mejor fitness: 0.785279 | Promedio: 0.752266
[2026-05-13 12:48:06] Gen 0004 | Mejor fitness: 0.787786 | Promedio: 0.766563
[2026-05-13 12:48:06] Gen 0005 | Mejor fitness: 0.792593 | Promedio: 0.776999
[2026-05-13 12:48:06] Gen 0006 | Mejor fitness: 0.794112 | Promedio: 0.782500
[2026-05-13 12:48:06] Gen 0007 | Mejor fitness: 0.794832 | Promedio: 0.786012
[2026-05-13 12:48:06] Gen 0008 | Mejor fitness: 0.795091 | Promedio: 0.788408
[2026-05-13 12:48:06] Gen 0009 | Mejor fitness: 0.796636 | Promedio: 0.790805
[2026-05-13 12:48:06] Gen 0010 | Mejor fitness: 0.797264 | Promedio: 0.792391
[2026-05-13 12:48:06] Gen 0011 | Mejor fitness: 0.797269 | Promedio: 0.793695
[2026-05-13 12:48:06] Gen 0012 | Mejor fitness: 0.797415 | Promedio: 0.794690
[2026-05-13 12:48:06] Gen 0013 | Mejor fitness: 0.797678 | Promedio: 0.795655
[2026-05-13 12:48:06] Gen 0014 | Mejor fitness: 0.797744 | Promedio: 0.796430
[2026-05-13 12:48:06] Gen 0015 | Mejor fitness: 0.797893 | Promedio: 0.796763
[2026-05-13 12:48:06] Gen 0016 | Mejor fitness: 0.798075 | Promedio: 0.796987
[2026-05-13 12:48:06] Gen 0017 | Mejor fitness: 0.798150 | Promedio: 0.797225
[2026-05-13 12:48:06] Gen 0018 | Mejor fitness: 0.798245 | Promedio: 0.797362
[2026-05-13 12:48:06] Gen 0019 | Mejor fitness: 0.798363 | Promedio: 0.797531
[2026-05-13 12:48:06] Gen 0020 | Mejor fitness: 0.798406 | Promedio: 0.797583
[2026-05-13 12:48:06] Gen 0021 | Mejor fitness: 0.798406 | Promedio: 0.797695
[2026-05-13 12:48:06] Gen 0022 | Mejor fitness: 0.798427 | Promedio: 0.797740
[2026-05-13 12:48:06] Gen 0023 | Mejor fitness: 0.798450 | Promedio: 0.797817
[2026-05-13 12:48:06] Gen 0024 | Mejor fitness: 0.798466 | Promedio: 0.798026
[2026-05-13 12:48:06] Gen 0025 | Mejor fitness: 0.798481 | Promedio: 0.797920
[2026-05-13 12:48:06] Gen 0026 | Mejor fitness: 0.798481 | Promedio: 0.797916
[2026-05-13 12:48:06] Gen 0027 | Mejor fitness: 0.798481 | Promedio: 0.797919
[2026-05-13 12:48:06] Gen 0028 | Mejor fitness: 0.798481 | Promedio: 0.797870
[2026-05-13 12:48:06] Gen 0029 | Mejor fitness: 0.798481 | Promedio: 0.797999
[2026-05-13 12:48:06] Gen 0030 | Mejor fitness: 0.798481 | Promedio: 0.797928
[2026-05-13 12:48:06] Gen 0031 | Mejor fitness: 0.798483 | Promedio: 0.797961
[2026-05-13 12:48:06] Gen 0032 | Mejor fitness: 0.798485 | Promedio: 0.798028
[2026-05-13 12:48:06] Gen 0033 | Mejor fitness: 0.798485 | Promedio: 0.797982
[2026-05-13 12:48:06] Gen 0034 | Mejor fitness: 0.798485 | Promedio: 0.797952
[2026-05-13 12:48:06] Gen 0035 | Mejor fitness: 0.798485 | Promedio: 0.798068
[2026-05-13 12:48:06] Gen 0036 | Mejor fitness: 0.798485 | Promedio: 0.798103
[2026-05-13 12:48:06] Gen 0037 | Mejor fitness: 0.798485 | Promedio: 0.798098
[2026-05-13 12:48:06] Gen 0038 | Mejor fitness: 0.798485 | Promedio: 0.798121
[2026-05-13 12:48:06] Gen 0039 | Mejor fitness: 0.798485 | Promedio: 0.798003
[2026-05-13 12:48:06] Gen 0040 | Mejor fitness: 0.798485 | Promedio: 0.797964
[2026-05-13 12:48:06] Gen 0041 | Mejor fitness: 0.798485 | Promedio: 0.797963
[2026-05-13 12:48:06] Gen 0042 | Mejor fitness: 0.798485 | Promedio: 0.798011
[2026-05-13 12:48:06] Gen 0043 | Mejor fitness: 0.798485 | Promedio: 0.798047
[2026-05-13 12:48:06] Gen 0044 | Mejor fitness: 0.798485 | Promedio: 0.798138
[2026-05-13 12:48:06] Gen 0045 | Mejor fitness: 0.798485 | Promedio: 0.798076
[2026-05-13 12:48:06] Gen 0046 | Mejor fitness: 0.798485 | Promedio: 0.798118
[2026-05-13 12:48:06] Gen 0047 | Mejor fitness: 0.798485 | Promedio: 0.797992
[2026-05-13 12:48:06] Gen 0048 | Mejor fitness: 0.798485 | Promedio: 0.798060
[2026-05-13 12:48:06] Gen 0049 | Mejor fitness: 0.798485 | Promedio: 0.798003
[2026-05-13 12:48:06] Gen 0050 | Mejor fitness: 0.798485 | Promedio: 0.798055
[2026-05-13 12:48:06] Gen 0051 | Mejor fitness: 0.798485 | Promedio: 0.798006
[2026-05-13 12:48:06] Gen 0052 | Mejor fitness: 0.798485 | Promedio: 0.797960
[2026-05-13 12:48:06] Gen 0053 | Mejor fitness: 0.798485 | Promedio: 0.797933
[2026-05-13 12:48:06] Gen 0054 | Mejor fitness: 0.798485 | Promedio: 0.797991
[2026-05-13 12:48:06] Gen 0055 | Mejor fitness: 0.798485 | Promedio: 0.798073
[2026-05-13 12:48:06] Gen 0056 | Mejor fitness: 0.798485 | Promedio: 0.798158
[2026-05-13 12:48:06] Gen 0057 | Mejor fitness: 0.798485 | Promedio: 0.797947
[2026-05-13 12:48:06] Gen 0058 | Mejor fitness: 0.798485 | Promedio: 0.797975
[2026-05-13 12:48:06] Gen 0059 | Mejor fitness: 0.798485 | Promedio: 0.798073
[2026-05-13 12:48:06] Gen 0060 | Mejor fitness: 0.798485 | Promedio: 0.798007
[2026-05-13 12:48:06] Gen 0061 | Mejor fitness: 0.798485 | Promedio: 0.797979
[2026-05-13 12:48:06] Gen 0062 | Mejor fitness: 0.798485 | Promedio: 0.797999
[2026-05-13 12:48:06] Gen 0063 | Mejor fitness: 0.798485 | Promedio: 0.798010
[2026-05-13 12:48:06] Gen 0064 | Mejor fitness: 0.798485 | Promedio: 0.797883
[2026-05-13 12:48:06] Gen 0065 | Mejor fitness: 0.798485 | Promedio: 0.797991
[2026-05-13 12:48:06] Gen 0066 | Mejor fitness: 0.798485 | Promedio: 0.797950
[2026-05-13 12:48:06] Gen 0067 | Mejor fitness: 0.798485 | Promedio: 0.798153
[2026-05-13 12:48:06] Gen 0068 | Mejor fitness: 0.798485 | Promedio: 0.798080
[2026-05-13 12:48:06] Gen 0069 | Mejor fitness: 0.798485 | Promedio: 0.798091
[2026-05-13 12:48:06] Gen 0070 | Mejor fitness: 0.798485 | Promedio: 0.797975
[2026-05-13 12:48:06] Gen 0071 | Mejor fitness: 0.798485 | Promedio: 0.797928
[2026-05-13 12:48:06] Gen 0072 | Mejor fitness: 0.798485 | Promedio: 0.797898
[2026-05-13 12:48:07] Gen 0073 | Mejor fitness: 0.798485 | Promedio: 0.798056
[2026-05-13 12:48:07] Gen 0074 | Mejor fitness: 0.798485 | Promedio: 0.798031
[2026-05-13 12:48:07] Gen 0075 | Mejor fitness: 0.798485 | Promedio: 0.798001
[2026-05-13 12:48:07] Gen 0076 | Mejor fitness: 0.798485 | Promedio: 0.798115
[2026-05-13 12:48:07] Gen 0077 | Mejor fitness: 0.798485 | Promedio: 0.798007
[2026-05-13 12:48:07] Gen 0078 | Mejor fitness: 0.798485 | Promedio: 0.798082
[2026-05-13 12:48:07] Gen 0079 | Mejor fitness: 0.798485 | Promedio: 0.797975
[2026-05-13 12:48:07] Gen 0080 | Mejor fitness: 0.798485 | Promedio: 0.797982
[2026-05-13 12:48:07] Gen 0081 | Mejor fitness: 0.798485 | Promedio: 0.797994
[2026-05-13 12:48:07] Gen 0082 | Mejor fitness: 0.798485 | Promedio: 0.797931
[2026-05-13 12:48:07] Gen 0083 | Mejor fitness: 0.798485 | Promedio: 0.798020
[2026-05-13 12:48:07] Gen 0084 | Mejor fitness: 0.798485 | Promedio: 0.797973
[2026-05-13 12:48:07] Gen 0085 | Mejor fitness: 0.798485 | Promedio: 0.797916
[2026-05-13 12:48:07] Gen 0086 | Mejor fitness: 0.798485 | Promedio: 0.797973
[2026-05-13 12:48:07] Gen 0087 | Mejor fitness: 0.798485 | Promedio: 0.798111
[2026-05-13 12:48:07] Gen 0088 | Mejor fitness: 0.798485 | Promedio: 0.797968
[2026-05-13 12:48:07] Gen 0089 | Mejor fitness: 0.798485 | Promedio: 0.798024
[2026-05-13 12:48:07] Gen 0090 | Mejor fitness: 0.798485 | Promedio: 0.798129
[2026-05-13 12:48:07] Gen 0091 | Mejor fitness: 0.798485 | Promedio: 0.798063
[2026-05-13 12:48:07] Gen 0092 | Mejor fitness: 0.798485 | Promedio: 0.798003
[2026-05-13 12:48:07] Gen 0093 | Mejor fitness: 0.798485 | Promedio: 0.797913
[2026-05-13 12:48:07] Gen 0094 | Mejor fitness: 0.798485 | Promedio: 0.798020
[2026-05-13 12:48:07] Gen 0095 | Mejor fitness: 0.798485 | Promedio: 0.798196
[2026-05-13 12:48:07] Gen 0096 | Mejor fitness: 0.798485 | Promedio: 0.798032
[2026-05-13 12:48:07] Gen 0097 | Mejor fitness: 0.798485 | Promedio: 0.797947
[2026-05-13 12:48:07] Gen 0098 | Mejor fitness: 0.798485 | Promedio: 0.798127
[2026-05-13 12:48:07] Gen 0099 | Mejor fitness: 0.798485 | Promedio: 0.798100
[2026-05-13 12:48:07] Gen 0100 | Mejor fitness: 0.798485 | Promedio: 0.798129
[2026-05-13 12:48:07] Gen 0101 | Mejor fitness: 0.798485 | Promedio: 0.798067
[2026-05-13 12:48:07] Gen 0102 | Mejor fitness: 0.798485 | Promedio: 0.798055
[2026-05-13 12:48:07] Gen 0103 | Mejor fitness: 0.798485 | Promedio: 0.798022
[2026-05-13 12:48:07] Gen 0104 | Mejor fitness: 0.798485 | Promedio: 0.797920
[2026-05-13 12:48:07] Gen 0105 | Mejor fitness: 0.798485 | Promedio: 0.798070
[2026-05-13 12:48:07] Gen 0106 | Mejor fitness: 0.798485 | Promedio: 0.797766
[2026-05-13 12:48:07] Gen 0107 | Mejor fitness: 0.798485 | Promedio: 0.798035
[2026-05-13 12:48:07] Gen 0108 | Mejor fitness: 0.798485 | Promedio: 0.798073
[2026-05-13 12:48:07] Gen 0109 | Mejor fitness: 0.798485 | Promedio: 0.798126
[2026-05-13 12:48:07] Gen 0110 | Mejor fitness: 0.798485 | Promedio: 0.798121
[2026-05-13 12:48:07] Gen 0111 | Mejor fitness: 0.798485 | Promedio: 0.798072
[2026-05-13 12:48:07] Gen 0112 | Mejor fitness: 0.798485 | Promedio: 0.798089
[2026-05-13 12:48:07] Gen 0113 | Mejor fitness: 0.798485 | Promedio: 0.797935
[2026-05-13 12:48:07] Gen 0114 | Mejor fitness: 0.798485 | Promedio: 0.798103
[2026-05-13 12:48:07] Gen 0115 | Mejor fitness: 0.798485 | Promedio: 0.798031
[2026-05-13 12:48:07] Gen 0116 | Mejor fitness: 0.798485 | Promedio: 0.797998
[2026-05-13 12:48:07] Gen 0117 | Mejor fitness: 0.798485 | Promedio: 0.798117
[2026-05-13 12:48:07] Gen 0118 | Mejor fitness: 0.798485 | Promedio: 0.798175
[2026-05-13 12:48:07] Gen 0119 | Mejor fitness: 0.798485 | Promedio: 0.798174
[2026-05-13 12:48:07] Gen 0120 | Mejor fitness: 0.798485 | Promedio: 0.798194
[2026-05-13 12:48:07] Gen 0121 | Mejor fitness: 0.798485 | Promedio: 0.798108
[2026-05-13 12:48:07] Gen 0122 | Mejor fitness: 0.798485 | Promedio: 0.798122
[2026-05-13 12:48:07] Gen 0123 | Mejor fitness: 0.798485 | Promedio: 0.798019
[2026-05-13 12:48:07] Gen 0124 | Mejor fitness: 0.798485 | Promedio: 0.798069
[2026-05-13 12:48:07] Gen 0125 | Mejor fitness: 0.798485 | Promedio: 0.798073
[2026-05-13 12:48:07] Gen 0126 | Mejor fitness: 0.798485 | Promedio: 0.798130
[2026-05-13 12:48:07] Gen 0127 | Mejor fitness: 0.798485 | Promedio: 0.798043
[2026-05-13 12:48:07] Gen 0128 | Mejor fitness: 0.798485 | Promedio: 0.797995
[2026-05-13 12:48:07] Gen 0129 | Mejor fitness: 0.798485 | Promedio: 0.797968
[2026-05-13 12:48:07] Gen 0130 | Mejor fitness: 0.798485 | Promedio: 0.798145
[2026-05-13 12:48:07] Gen 0131 | Mejor fitness: 0.798485 | Promedio: 0.798020
[2026-05-13 12:48:07] Gen 0132 | Mejor fitness: 0.798485 | Promedio: 0.798002
[2026-05-13 12:48:07] Gen 0133 | Mejor fitness: 0.798485 | Promedio: 0.798073
[2026-05-13 12:48:07] Gen 0134 | Mejor fitness: 0.798485 | Promedio: 0.797955
[2026-05-13 12:48:07] Gen 0135 | Mejor fitness: 0.798485 | Promedio: 0.798105
[2026-05-13 12:48:07] Gen 0136 | Mejor fitness: 0.798485 | Promedio: 0.798079
[2026-05-13 12:48:07] Gen 0137 | Mejor fitness: 0.798485 | Promedio: 0.798019
[2026-05-13 12:48:07] Gen 0138 | Mejor fitness: 0.798485 | Promedio: 0.798176
[2026-05-13 12:48:07] Gen 0139 | Mejor fitness: 0.798485 | Promedio: 0.798057
[2026-05-13 12:48:07] Gen 0140 | Mejor fitness: 0.798485 | Promedio: 0.798107
[2026-05-13 12:48:07] Gen 0141 | Mejor fitness: 0.798485 | Promedio: 0.798081
[2026-05-13 12:48:07] Gen 0142 | Mejor fitness: 0.798485 | Promedio: 0.797908
[2026-05-13 12:48:07] Gen 0143 | Mejor fitness: 0.798485 | Promedio: 0.798059
[2026-05-13 12:48:07] Gen 0144 | Mejor fitness: 0.798485 | Promedio: 0.798034
[2026-05-13 12:48:07] Gen 0145 | Mejor fitness: 0.798485 | Promedio: 0.798091
[2026-05-13 12:48:07] Gen 0146 | Mejor fitness: 0.798485 | Promedio: 0.797943
[2026-05-13 12:48:07] Gen 0147 | Mejor fitness: 0.798485 | Promedio: 0.798067
[2026-05-13 12:48:07] Gen 0148 | Mejor fitness: 0.798485 | Promedio: 0.797930
[2026-05-13 12:48:07] Gen 0149 | Mejor fitness: 0.798485 | Promedio: 0.798064
[2026-05-13 12:48:07] Gen 0150 | Mejor fitness: 0.798485 | Promedio: 0.798201
[2026-05-13 12:48:07] Gen 0151 | Mejor fitness: 0.798485 | Promedio: 0.798085
[2026-05-13 12:48:07] Gen 0152 | Mejor fitness: 0.798485 | Promedio: 0.797962
[2026-05-13 12:48:07] Gen 0153 | Mejor fitness: 0.798485 | Promedio: 0.798099
[2026-05-13 12:48:07] Gen 0154 | Mejor fitness: 0.798485 | Promedio: 0.798067
[2026-05-13 12:48:07] Gen 0155 | Mejor fitness: 0.798485 | Promedio: 0.797992
[2026-05-13 12:48:07] Gen 0156 | Mejor fitness: 0.798485 | Promedio: 0.798021
[2026-05-13 12:48:07] Gen 0157 | Mejor fitness: 0.798485 | Promedio: 0.798067
[2026-05-13 12:48:07] Gen 0158 | Mejor fitness: 0.798485 | Promedio: 0.798020
[2026-05-13 12:48:07] Gen 0159 | Mejor fitness: 0.798485 | Promedio: 0.798109
[2026-05-13 12:48:07] Gen 0160 | Mejor fitness: 0.798485 | Promedio: 0.798007
[2026-05-13 12:48:07] Gen 0161 | Mejor fitness: 0.798485 | Promedio: 0.798053
[2026-05-13 12:48:07] Gen 0162 | Mejor fitness: 0.798485 | Promedio: 0.798155
[2026-05-13 12:48:07] Gen 0163 | Mejor fitness: 0.798485 | Promedio: 0.797950
[2026-05-13 12:48:07] Gen 0164 | Mejor fitness: 0.798485 | Promedio: 0.798112
[2026-05-13 12:48:07] Gen 0165 | Mejor fitness: 0.798485 | Promedio: 0.797998
[2026-05-13 12:48:07] Gen 0166 | Mejor fitness: 0.798485 | Promedio: 0.798082
[2026-05-13 12:48:07] Gen 0167 | Mejor fitness: 0.798485 | Promedio: 0.798115
[2026-05-13 12:48:07] Gen 0168 | Mejor fitness: 0.798485 | Promedio: 0.797895
[2026-05-13 12:48:07] Gen 0169 | Mejor fitness: 0.798485 | Promedio: 0.798114
[2026-05-13 12:48:07] Gen 0170 | Mejor fitness: 0.798485 | Promedio: 0.797985
[2026-05-13 12:48:07] Gen 0171 | Mejor fitness: 0.798485 | Promedio: 0.797988
[2026-05-13 12:48:07] Gen 0172 | Mejor fitness: 0.798485 | Promedio: 0.798149
[2026-05-13 12:48:07] Gen 0173 | Mejor fitness: 0.798485 | Promedio: 0.797989
[2026-05-13 12:48:07] Gen 0174 | Mejor fitness: 0.798485 | Promedio: 0.798100
[2026-05-13 12:48:07] Gen 0175 | Mejor fitness: 0.798485 | Promedio: 0.798078
[2026-05-13 12:48:07] Gen 0176 | Mejor fitness: 0.798485 | Promedio: 0.798035
[2026-05-13 12:48:07] Gen 0177 | Mejor fitness: 0.798485 | Promedio: 0.797954
[2026-05-13 12:48:07] Gen 0178 | Mejor fitness: 0.798485 | Promedio: 0.798064
[2026-05-13 12:48:07] Gen 0179 | Mejor fitness: 0.798485 | Promedio: 0.798069
[2026-05-13 12:48:07] Gen 0180 | Mejor fitness: 0.798485 | Promedio: 0.797980
[2026-05-13 12:48:07] Gen 0181 | Mejor fitness: 0.798485 | Promedio: 0.797929
[2026-05-13 12:48:07] Gen 0182 | Mejor fitness: 0.798485 | Promedio: 0.797873
[2026-05-13 12:48:07] Gen 0183 | Mejor fitness: 0.798485 | Promedio: 0.797970
[2026-05-13 12:48:07] Gen 0184 | Mejor fitness: 0.798485 | Promedio: 0.797980
[2026-05-13 12:48:07] Gen 0185 | Mejor fitness: 0.798485 | Promedio: 0.798002
[2026-05-13 12:48:07] Gen 0186 | Mejor fitness: 0.798485 | Promedio: 0.798034
[2026-05-13 12:48:07] Gen 0187 | Mejor fitness: 0.798485 | Promedio: 0.797972
[2026-05-13 12:48:07] Gen 0188 | Mejor fitness: 0.798485 | Promedio: 0.798101
[2026-05-13 12:48:07] Gen 0189 | Mejor fitness: 0.798485 | Promedio: 0.798113
[2026-05-13 12:48:07] Gen 0190 | Mejor fitness: 0.798485 | Promedio: 0.798022
[2026-05-13 12:48:07] Gen 0191 | Mejor fitness: 0.798485 | Promedio: 0.797892
[2026-05-13 12:48:07] Gen 0192 | Mejor fitness: 0.798485 | Promedio: 0.798057
[2026-05-13 12:48:07] Gen 0193 | Mejor fitness: 0.798485 | Promedio: 0.798072
[2026-05-13 12:48:07] Gen 0194 | Mejor fitness: 0.798485 | Promedio: 0.797939
[2026-05-13 12:48:07] Gen 0195 | Mejor fitness: 0.798485 | Promedio: 0.797945
[2026-05-13 12:48:07] Gen 0196 | Mejor fitness: 0.798485 | Promedio: 0.798053
[2026-05-13 12:48:07] Gen 0197 | Mejor fitness: 0.798485 | Promedio: 0.798031
[2026-05-13 12:48:07] Gen 0198 | Mejor fitness: 0.798485 | Promedio: 0.797931
[2026-05-13 12:48:07] Gen 0199 | Mejor fitness: 0.798485 | Promedio: 0.798107
[2026-05-13 12:48:07] Gen 0200 | Mejor fitness: 0.798485 | Promedio: 0.797986
[2026-05-13 12:48:07] Gen 0201 | Mejor fitness: 0.798485 | Promedio: 0.798026
[2026-05-13 12:48:07] Gen 0202 | Mejor fitness: 0.798485 | Promedio: 0.798051
[2026-05-13 12:48:07] Gen 0203 | Mejor fitness: 0.798485 | Promedio: 0.798091
[2026-05-13 12:48:07] Gen 0204 | Mejor fitness: 0.798485 | Promedio: 0.798139
[2026-05-13 12:48:07] Gen 0205 | Mejor fitness: 0.798485 | Promedio: 0.798044
[2026-05-13 12:48:07] Gen 0206 | Mejor fitness: 0.798485 | Promedio: 0.797983
[2026-05-13 12:48:07] Gen 0207 | Mejor fitness: 0.798485 | Promedio: 0.797967
[2026-05-13 12:48:07] Gen 0208 | Mejor fitness: 0.798485 | Promedio: 0.798031
[2026-05-13 12:48:07] Gen 0209 | Mejor fitness: 0.798485 | Promedio: 0.798030
[2026-05-13 12:48:07] Gen 0210 | Mejor fitness: 0.798485 | Promedio: 0.797998
[2026-05-13 12:48:07] Gen 0211 | Mejor fitness: 0.798485 | Promedio: 0.797997
[2026-05-13 12:48:07] Gen 0212 | Mejor fitness: 0.798485 | Promedio: 0.798043
[2026-05-13 12:48:07] Gen 0213 | Mejor fitness: 0.798485 | Promedio: 0.798043
[2026-05-13 12:48:07] Gen 0214 | Mejor fitness: 0.798485 | Promedio: 0.798000
[2026-05-13 12:48:07] Gen 0215 | Mejor fitness: 0.798485 | Promedio: 0.798098
[2026-05-13 12:48:07] Gen 0216 | Mejor fitness: 0.798485 | Promedio: 0.797880
[2026-05-13 12:48:07] Gen 0217 | Mejor fitness: 0.798485 | Promedio: 0.797977
[2026-05-13 12:48:07] Gen 0218 | Mejor fitness: 0.798485 | Promedio: 0.798090
[2026-05-13 12:48:07] Gen 0219 | Mejor fitness: 0.798485 | Promedio: 0.798036
[2026-05-13 12:48:07] Gen 0220 | Mejor fitness: 0.798485 | Promedio: 0.798156
[2026-05-13 12:48:07] Gen 0221 | Mejor fitness: 0.798485 | Promedio: 0.798001
[2026-05-13 12:48:07] Gen 0222 | Mejor fitness: 0.798485 | Promedio: 0.797934
[2026-05-13 12:48:07] Gen 0223 | Mejor fitness: 0.798485 | Promedio: 0.798087
[2026-05-13 12:48:07] Gen 0224 | Mejor fitness: 0.798485 | Promedio: 0.798137
[2026-05-13 12:48:07] Gen 0225 | Mejor fitness: 0.798485 | Promedio: 0.798117
[2026-05-13 12:48:07] Gen 0226 | Mejor fitness: 0.798485 | Promedio: 0.797980
[2026-05-13 12:48:07] Gen 0227 | Mejor fitness: 0.798485 | Promedio: 0.797812
[2026-05-13 12:48:07] Gen 0228 | Mejor fitness: 0.798485 | Promedio: 0.798104
[2026-05-13 12:48:07] Gen 0229 | Mejor fitness: 0.798485 | Promedio: 0.798084
[2026-05-13 12:48:07] Gen 0230 | Mejor fitness: 0.798485 | Promedio: 0.797953
[2026-05-13 12:48:07] Gen 0231 | Mejor fitness: 0.798485 | Promedio: 0.798025
[2026-05-13 12:48:07] Gen 0232 | Mejor fitness: 0.798485 | Promedio: 0.798164
[2026-05-13 12:48:07] Gen 0233 | Mejor fitness: 0.798485 | Promedio: 0.797945
[2026-05-13 12:48:07] Gen 0234 | Mejor fitness: 0.798485 | Promedio: 0.798055
[2026-05-13 12:48:07] Gen 0235 | Mejor fitness: 0.798485 | Promedio: 0.798065
[2026-05-13 12:48:07] Gen 0236 | Mejor fitness: 0.798485 | Promedio: 0.798002
[2026-05-13 12:48:07] Gen 0237 | Mejor fitness: 0.798485 | Promedio: 0.797987
[2026-05-13 12:48:07] Gen 0238 | Mejor fitness: 0.798485 | Promedio: 0.798101
[2026-05-13 12:48:07] Gen 0239 | Mejor fitness: 0.798485 | Promedio: 0.798156
[2026-05-13 12:48:07] Gen 0240 | Mejor fitness: 0.798485 | Promedio: 0.798205
[2026-05-13 12:48:07] Gen 0241 | Mejor fitness: 0.798485 | Promedio: 0.797982
[2026-05-13 12:48:07] Gen 0242 | Mejor fitness: 0.798485 | Promedio: 0.798045
[2026-05-13 12:48:07] Gen 0243 | Mejor fitness: 0.798485 | Promedio: 0.798067
[2026-05-13 12:48:07] Gen 0244 | Mejor fitness: 0.798485 | Promedio: 0.798052
[2026-05-13 12:48:07] Gen 0245 | Mejor fitness: 0.798485 | Promedio: 0.798108
[2026-05-13 12:48:07] Gen 0246 | Mejor fitness: 0.798485 | Promedio: 0.798040
[2026-05-13 12:48:07] Gen 0247 | Mejor fitness: 0.798485 | Promedio: 0.798157
[2026-05-13 12:48:07] Gen 0248 | Mejor fitness: 0.798485 | Promedio: 0.798027
[2026-05-13 12:48:07] Gen 0249 | Mejor fitness: 0.798485 | Promedio: 0.797865
[2026-05-13 12:48:07] Gen 0250 | Mejor fitness: 0.798485 | Promedio: 0.798161
[2026-05-13 12:48:07] Gen 0251 | Mejor fitness: 0.798485 | Promedio: 0.797963
[2026-05-13 12:48:07] Gen 0252 | Mejor fitness: 0.798485 | Promedio: 0.798060
[2026-05-13 12:48:07] Gen 0253 | Mejor fitness: 0.798485 | Promedio: 0.798015
[2026-05-13 12:48:07] Gen 0254 | Mejor fitness: 0.798485 | Promedio: 0.798131
[2026-05-13 12:48:07] Gen 0255 | Mejor fitness: 0.798485 | Promedio: 0.797972
[2026-05-13 12:48:07] Gen 0256 | Mejor fitness: 0.798485 | Promedio: 0.798136
[2026-05-13 12:48:07] Gen 0257 | Mejor fitness: 0.798485 | Promedio: 0.798013
[2026-05-13 12:48:07] Gen 0258 | Mejor fitness: 0.798485 | Promedio: 0.798067
[2026-05-13 12:48:07] Gen 0259 | Mejor fitness: 0.798485 | Promedio: 0.798183
[2026-05-13 12:48:07] Gen 0260 | Mejor fitness: 0.798485 | Promedio: 0.798100
[2026-05-13 12:48:07] Gen 0261 | Mejor fitness: 0.798485 | Promedio: 0.798006
[2026-05-13 12:48:07] Gen 0262 | Mejor fitness: 0.798485 | Promedio: 0.798100
[2026-05-13 12:48:07] Gen 0263 | Mejor fitness: 0.798485 | Promedio: 0.798041
[2026-05-13 12:48:07] Gen 0264 | Mejor fitness: 0.798485 | Promedio: 0.798162
[2026-05-13 12:48:07] Gen 0265 | Mejor fitness: 0.798485 | Promedio: 0.798008
[2026-05-13 12:48:07] Gen 0266 | Mejor fitness: 0.798485 | Promedio: 0.798009
[2026-05-13 12:48:07] Gen 0267 | Mejor fitness: 0.798485 | Promedio: 0.797955
[2026-05-13 12:48:07] Gen 0268 | Mejor fitness: 0.798485 | Promedio: 0.798089
[2026-05-13 12:48:07] Gen 0269 | Mejor fitness: 0.798485 | Promedio: 0.798091
[2026-05-13 12:48:07] Gen 0270 | Mejor fitness: 0.798485 | Promedio: 0.797989
[2026-05-13 12:48:07] Gen 0271 | Mejor fitness: 0.798485 | Promedio: 0.798031
[2026-05-13 12:48:07] Gen 0272 | Mejor fitness: 0.798485 | Promedio: 0.797952
[2026-05-13 12:48:07] Gen 0273 | Mejor fitness: 0.798485 | Promedio: 0.797911
[2026-05-13 12:48:07] Gen 0274 | Mejor fitness: 0.798485 | Promedio: 0.798086
[2026-05-13 12:48:07] Gen 0275 | Mejor fitness: 0.798485 | Promedio: 0.798081
[2026-05-13 12:48:07] Gen 0276 | Mejor fitness: 0.798485 | Promedio: 0.797913
[2026-05-13 12:48:07] Gen 0277 | Mejor fitness: 0.798485 | Promedio: 0.798022
[2026-05-13 12:48:07] Gen 0278 | Mejor fitness: 0.798485 | Promedio: 0.798006
[2026-05-13 12:48:07] Gen 0279 | Mejor fitness: 0.798485 | Promedio: 0.798068
[2026-05-13 12:48:07] Gen 0280 | Mejor fitness: 0.798485 | Promedio: 0.798130
[2026-05-13 12:48:07] Gen 0281 | Mejor fitness: 0.798485 | Promedio: 0.798011
[2026-05-13 12:48:07] Gen 0282 | Mejor fitness: 0.798485 | Promedio: 0.798007
[2026-05-13 12:48:07] Gen 0283 | Mejor fitness: 0.798485 | Promedio: 0.798176
[2026-05-13 12:48:07] Gen 0284 | Mejor fitness: 0.798485 | Promedio: 0.798023
[2026-05-13 12:48:07] Gen 0285 | Mejor fitness: 0.798485 | Promedio: 0.798109
[2026-05-13 12:48:07] Gen 0286 | Mejor fitness: 0.798485 | Promedio: 0.797929
[2026-05-13 12:48:07] Gen 0287 | Mejor fitness: 0.798485 | Promedio: 0.798053
[2026-05-13 12:48:07] Gen 0288 | Mejor fitness: 0.798485 | Promedio: 0.798011
[2026-05-13 12:48:07] Gen 0289 | Mejor fitness: 0.798485 | Promedio: 0.798045
[2026-05-13 12:48:07] Gen 0290 | Mejor fitness: 0.798485 | Promedio: 0.798017
[2026-05-13 12:48:07] Gen 0291 | Mejor fitness: 0.798485 | Promedio: 0.798000
[2026-05-13 12:48:07] Gen 0292 | Mejor fitness: 0.798485 | Promedio: 0.797920
[2026-05-13 12:48:07] Gen 0293 | Mejor fitness: 0.798485 | Promedio: 0.797902
[2026-05-13 12:48:07] Gen 0294 | Mejor fitness: 0.798485 | Promedio: 0.798044
[2026-05-13 12:48:07] Gen 0295 | Mejor fitness: 0.798485 | Promedio: 0.798111
[2026-05-13 12:48:07] Gen 0296 | Mejor fitness: 0.798485 | Promedio: 0.798013
[2026-05-13 12:48:07] Gen 0297 | Mejor fitness: 0.798485 | Promedio: 0.798067
[2026-05-13 12:48:07] Gen 0298 | Mejor fitness: 0.798485 | Promedio: 0.798047
[2026-05-13 12:48:07] Gen 0299 | Mejor fitness: 0.798485 | Promedio: 0.798142
[2026-05-13 12:48:07] Gen 0300 | Mejor fitness: 0.798485 | Promedio: 0.798127
[2026-05-13 12:48:07] Gen 0301 | Mejor fitness: 0.798485 | Promedio: 0.797885
[2026-05-13 12:48:07] Gen 0302 | Mejor fitness: 0.798485 | Promedio: 0.798058
[2026-05-13 12:48:07] Gen 0303 | Mejor fitness: 0.798485 | Promedio: 0.798011
[2026-05-13 12:48:07] Gen 0304 | Mejor fitness: 0.798485 | Promedio: 0.798057
[2026-05-13 12:48:07] Gen 0305 | Mejor fitness: 0.798485 | Promedio: 0.798120
[2026-05-13 12:48:07] Gen 0306 | Mejor fitness: 0.798485 | Promedio: 0.797952
[2026-05-13 12:48:07] Gen 0307 | Mejor fitness: 0.798485 | Promedio: 0.797898
[2026-05-13 12:48:07] Gen 0308 | Mejor fitness: 0.798485 | Promedio: 0.798024
[2026-05-13 12:48:07] Gen 0309 | Mejor fitness: 0.798485 | Promedio: 0.798063
[2026-05-13 12:48:07] Gen 0310 | Mejor fitness: 0.798485 | Promedio: 0.798072
[2026-05-13 12:48:07] Gen 0311 | Mejor fitness: 0.798485 | Promedio: 0.798137
[2026-05-13 12:48:07] Gen 0312 | Mejor fitness: 0.798485 | Promedio: 0.798040
[2026-05-13 12:48:07] Gen 0313 | Mejor fitness: 0.798485 | Promedio: 0.797991
[2026-05-13 12:48:07] Gen 0314 | Mejor fitness: 0.798485 | Promedio: 0.798004
[2026-05-13 12:48:07] Gen 0315 | Mejor fitness: 0.798485 | Promedio: 0.798028
[2026-05-13 12:48:07] Gen 0316 | Mejor fitness: 0.798485 | Promedio: 0.798044
[2026-05-13 12:48:07] Gen 0317 | Mejor fitness: 0.798485 | Promedio: 0.798049
[2026-05-13 12:48:07] Gen 0318 | Mejor fitness: 0.798485 | Promedio: 0.798076
[2026-05-13 12:48:07] Gen 0319 | Mejor fitness: 0.798485 | Promedio: 0.798107
[2026-05-13 12:48:07] Gen 0320 | Mejor fitness: 0.798485 | Promedio: 0.797883
[2026-05-13 12:48:07] Gen 0321 | Mejor fitness: 0.798485 | Promedio: 0.798038
[2026-05-13 12:48:07] Gen 0322 | Mejor fitness: 0.798485 | Promedio: 0.797945
[2026-05-13 12:48:07] Gen 0323 | Mejor fitness: 0.798485 | Promedio: 0.798002
[2026-05-13 12:48:07] Gen 0324 | Mejor fitness: 0.798485 | Promedio: 0.798111
[2026-05-13 12:48:07] Gen 0325 | Mejor fitness: 0.798485 | Promedio: 0.797924
[2026-05-13 12:48:07] Gen 0326 | Mejor fitness: 0.798485 | Promedio: 0.798010
[2026-05-13 12:48:07] Gen 0327 | Mejor fitness: 0.798485 | Promedio: 0.798076
[2026-05-13 12:48:07] Gen 0328 | Mejor fitness: 0.798485 | Promedio: 0.798113
[2026-05-13 12:48:07] Gen 0329 | Mejor fitness: 0.798485 | Promedio: 0.798032
[2026-05-13 12:48:07] Gen 0330 | Mejor fitness: 0.798485 | Promedio: 0.798022
[2026-05-13 12:48:07] Gen 0331 | Mejor fitness: 0.798485 | Promedio: 0.798216
[2026-05-13 12:48:07] Gen 0332 | Mejor fitness: 0.798485 | Promedio: 0.798071
[2026-05-13 12:48:07] Gen 0333 | Mejor fitness: 0.798485 | Promedio: 0.797978
[2026-05-13 12:48:07] Gen 0334 | Mejor fitness: 0.798485 | Promedio: 0.797994
[2026-05-13 12:48:07] Gen 0335 | Mejor fitness: 0.798485 | Promedio: 0.798088
[2026-05-13 12:48:07] Gen 0336 | Mejor fitness: 0.798485 | Promedio: 0.798015
[2026-05-13 12:48:07] Gen 0337 | Mejor fitness: 0.798485 | Promedio: 0.798056
[2026-05-13 12:48:07] Gen 0338 | Mejor fitness: 0.798485 | Promedio: 0.797934
[2026-05-13 12:48:07] Gen 0339 | Mejor fitness: 0.798485 | Promedio: 0.798041
[2026-05-13 12:48:07] Gen 0340 | Mejor fitness: 0.798485 | Promedio: 0.798126
[2026-05-13 12:48:07] Gen 0341 | Mejor fitness: 0.798485 | Promedio: 0.798110
[2026-05-13 12:48:07] Gen 0342 | Mejor fitness: 0.798485 | Promedio: 0.798040
[2026-05-13 12:48:07] Gen 0343 | Mejor fitness: 0.798485 | Promedio: 0.798027
[2026-05-13 12:48:07] Gen 0344 | Mejor fitness: 0.798485 | Promedio: 0.798054
[2026-05-13 12:48:07] Gen 0345 | Mejor fitness: 0.798485 | Promedio: 0.798026
[2026-05-13 12:48:07] Gen 0346 | Mejor fitness: 0.798485 | Promedio: 0.797787
[2026-05-13 12:48:07] Gen 0347 | Mejor fitness: 0.798485 | Promedio: 0.798232
[2026-05-13 12:48:07] Gen 0348 | Mejor fitness: 0.798485 | Promedio: 0.797971
[2026-05-13 12:48:07] Gen 0349 | Mejor fitness: 0.798485 | Promedio: 0.798073
[2026-05-13 12:48:07] Gen 0350 | Mejor fitness: 0.798485 | Promedio: 0.797955
[2026-05-13 12:48:07] Gen 0351 | Mejor fitness: 0.798485 | Promedio: 0.798057
[2026-05-13 12:48:07] Gen 0352 | Mejor fitness: 0.798485 | Promedio: 0.797911
[2026-05-13 12:48:07] Gen 0353 | Mejor fitness: 0.798485 | Promedio: 0.798027
[2026-05-13 12:48:07] Gen 0354 | Mejor fitness: 0.798485 | Promedio: 0.798120
[2026-05-13 12:48:07] Gen 0355 | Mejor fitness: 0.798485 | Promedio: 0.797998
[2026-05-13 12:48:07] Gen 0356 | Mejor fitness: 0.798485 | Promedio: 0.797991
[2026-05-13 12:48:07] Gen 0357 | Mejor fitness: 0.798485 | Promedio: 0.798073
[2026-05-13 12:48:07] Gen 0358 | Mejor fitness: 0.798485 | Promedio: 0.797961
[2026-05-13 12:48:07] Gen 0359 | Mejor fitness: 0.798485 | Promedio: 0.798078
[2026-05-13 12:48:07] Gen 0360 | Mejor fitness: 0.798485 | Promedio: 0.797882
[2026-05-13 12:48:07] Gen 0361 | Mejor fitness: 0.798485 | Promedio: 0.798036
[2026-05-13 12:48:07] Gen 0362 | Mejor fitness: 0.798485 | Promedio: 0.797931
[2026-05-13 12:48:07] Gen 0363 | Mejor fitness: 0.798485 | Promedio: 0.797958
[2026-05-13 12:48:07] Gen 0364 | Mejor fitness: 0.798485 | Promedio: 0.798043
[2026-05-13 12:48:07] Gen 0365 | Mejor fitness: 0.798485 | Promedio: 0.798027
[2026-05-13 12:48:07] Gen 0366 | Mejor fitness: 0.798485 | Promedio: 0.798048
[2026-05-13 12:48:07] Gen 0367 | Mejor fitness: 0.798485 | Promedio: 0.797980
[2026-05-13 12:48:07] Gen 0368 | Mejor fitness: 0.798485 | Promedio: 0.798024
[2026-05-13 12:48:07] Gen 0369 | Mejor fitness: 0.798485 | Promedio: 0.798032
[2026-05-13 12:48:07] Gen 0370 | Mejor fitness: 0.798485 | Promedio: 0.797985
[2026-05-13 12:48:07] Gen 0371 | Mejor fitness: 0.798485 | Promedio: 0.797869
[2026-05-13 12:48:07] Gen 0372 | Mejor fitness: 0.798485 | Promedio: 0.798091
[2026-05-13 12:48:07] Gen 0373 | Mejor fitness: 0.798485 | Promedio: 0.798067
[2026-05-13 12:48:07] Gen 0374 | Mejor fitness: 0.798485 | Promedio: 0.798152
[2026-05-13 12:48:07] Gen 0375 | Mejor fitness: 0.798485 | Promedio: 0.798062
[2026-05-13 12:48:07] Gen 0376 | Mejor fitness: 0.798485 | Promedio: 0.797974
[2026-05-13 12:48:07] Gen 0377 | Mejor fitness: 0.798485 | Promedio: 0.797941
[2026-05-13 12:48:07] Gen 0378 | Mejor fitness: 0.798485 | Promedio: 0.798093
[2026-05-13 12:48:07] Gen 0379 | Mejor fitness: 0.798485 | Promedio: 0.798152
[2026-05-13 12:48:07] Gen 0380 | Mejor fitness: 0.798485 | Promedio: 0.798019
[2026-05-13 12:48:07] Gen 0381 | Mejor fitness: 0.798485 | Promedio: 0.798020
[2026-05-13 12:48:07] Gen 0382 | Mejor fitness: 0.798485 | Promedio: 0.798041
[2026-05-13 12:48:07] Gen 0383 | Mejor fitness: 0.798485 | Promedio: 0.797972
[2026-05-13 12:48:07] Gen 0384 | Mejor fitness: 0.798485 | Promedio: 0.798085
[2026-05-13 12:48:07] Gen 0385 | Mejor fitness: 0.798485 | Promedio: 0.798085
[2026-05-13 12:48:07] Gen 0386 | Mejor fitness: 0.798485 | Promedio: 0.797986
[2026-05-13 12:48:07] Gen 0387 | Mejor fitness: 0.798485 | Promedio: 0.798045
[2026-05-13 12:48:07] Gen 0388 | Mejor fitness: 0.798485 | Promedio: 0.798141
[2026-05-13 12:48:07] Gen 0389 | Mejor fitness: 0.798485 | Promedio: 0.798093
[2026-05-13 12:48:07] Gen 0390 | Mejor fitness: 0.798485 | Promedio: 0.797829
[2026-05-13 12:48:07] Gen 0391 | Mejor fitness: 0.798485 | Promedio: 0.797932
[2026-05-13 12:48:07] Gen 0392 | Mejor fitness: 0.798485 | Promedio: 0.798079
[2026-05-13 12:48:07] Gen 0393 | Mejor fitness: 0.798485 | Promedio: 0.797879
[2026-05-13 12:48:07] Gen 0394 | Mejor fitness: 0.798485 | Promedio: 0.798044
[2026-05-13 12:48:07] Gen 0395 | Mejor fitness: 0.798485 | Promedio: 0.797968
[2026-05-13 12:48:07] Gen 0396 | Mejor fitness: 0.798485 | Promedio: 0.798012
[2026-05-13 12:48:07] Gen 0397 | Mejor fitness: 0.798485 | Promedio: 0.798097
[2026-05-13 12:48:07] Gen 0398 | Mejor fitness: 0.798485 | Promedio: 0.797982
[2026-05-13 12:48:07] Gen 0399 | Mejor fitness: 0.798485 | Promedio: 0.798032
[2026-05-13 12:48:07] Gen 0400 | Mejor fitness: 0.798485 | Promedio: 0.798022
[2026-05-13 12:48:07] Gen 0401 | Mejor fitness: 0.798485 | Promedio: 0.797863
[2026-05-13 12:48:07] Gen 0402 | Mejor fitness: 0.798485 | Promedio: 0.798002
[2026-05-13 12:48:07] Gen 0403 | Mejor fitness: 0.798485 | Promedio: 0.798098
[2026-05-13 12:48:07] Gen 0404 | Mejor fitness: 0.798485 | Promedio: 0.798002
[2026-05-13 12:48:07] Gen 0405 | Mejor fitness: 0.798485 | Promedio: 0.798086
[2026-05-13 12:48:07] Gen 0406 | Mejor fitness: 0.798485 | Promedio: 0.797988
[2026-05-13 12:48:07] Gen 0407 | Mejor fitness: 0.798485 | Promedio: 0.798079
[2026-05-13 12:48:07] Gen 0408 | Mejor fitness: 0.798485 | Promedio: 0.797976
[2026-05-13 12:48:07] Gen 0409 | Mejor fitness: 0.798485 | Promedio: 0.798081
[2026-05-13 12:48:07] Gen 0410 | Mejor fitness: 0.798485 | Promedio: 0.797971
[2026-05-13 12:48:07] Gen 0411 | Mejor fitness: 0.798485 | Promedio: 0.797967
[2026-05-13 12:48:07] Gen 0412 | Mejor fitness: 0.798485 | Promedio: 0.798100
[2026-05-13 12:48:07] Gen 0413 | Mejor fitness: 0.798485 | Promedio: 0.798069
[2026-05-13 12:48:07] Gen 0414 | Mejor fitness: 0.798485 | Promedio: 0.798111
[2026-05-13 12:48:07] Gen 0415 | Mejor fitness: 0.798485 | Promedio: 0.798077
[2026-05-13 12:48:07] Gen 0416 | Mejor fitness: 0.798485 | Promedio: 0.798164
[2026-05-13 12:48:07] Gen 0417 | Mejor fitness: 0.798485 | Promedio: 0.798128
[2026-05-13 12:48:07] Gen 0418 | Mejor fitness: 0.798485 | Promedio: 0.798041
[2026-05-13 12:48:07] Gen 0419 | Mejor fitness: 0.798485 | Promedio: 0.798038
[2026-05-13 12:48:07] Gen 0420 | Mejor fitness: 0.798485 | Promedio: 0.798036
[2026-05-13 12:48:07] Gen 0421 | Mejor fitness: 0.798485 | Promedio: 0.797965
[2026-05-13 12:48:07] Gen 0422 | Mejor fitness: 0.798485 | Promedio: 0.797983
[2026-05-13 12:48:07] Gen 0423 | Mejor fitness: 0.798485 | Promedio: 0.798003
[2026-05-13 12:48:07] Gen 0424 | Mejor fitness: 0.798485 | Promedio: 0.798067
[2026-05-13 12:48:07] Gen 0425 | Mejor fitness: 0.798485 | Promedio: 0.798000
[2026-05-13 12:48:07] Gen 0426 | Mejor fitness: 0.798485 | Promedio: 0.798012
[2026-05-13 12:48:07] Gen 0427 | Mejor fitness: 0.798485 | Promedio: 0.798087
[2026-05-13 12:48:07] Gen 0428 | Mejor fitness: 0.798485 | Promedio: 0.797936
[2026-05-13 12:48:07] Gen 0429 | Mejor fitness: 0.798485 | Promedio: 0.797914
[2026-05-13 12:48:07] Gen 0430 | Mejor fitness: 0.798485 | Promedio: 0.797923
[2026-05-13 12:48:07] Gen 0431 | Mejor fitness: 0.798485 | Promedio: 0.797981
[2026-05-13 12:48:07] Gen 0432 | Mejor fitness: 0.798485 | Promedio: 0.798132
[2026-05-13 12:48:07] Gen 0433 | Mejor fitness: 0.798485 | Promedio: 0.798108
[2026-05-13 12:48:07] Gen 0434 | Mejor fitness: 0.798485 | Promedio: 0.798014
[2026-05-13 12:48:07] Gen 0435 | Mejor fitness: 0.798485 | Promedio: 0.797965
[2026-05-13 12:48:07] Gen 0436 | Mejor fitness: 0.798485 | Promedio: 0.798008
[2026-05-13 12:48:07] Gen 0437 | Mejor fitness: 0.798485 | Promedio: 0.797925
[2026-05-13 12:48:07] Gen 0438 | Mejor fitness: 0.798485 | Promedio: 0.797956
[2026-05-13 12:48:07] Gen 0439 | Mejor fitness: 0.798485 | Promedio: 0.797995
[2026-05-13 12:48:07] Gen 0440 | Mejor fitness: 0.798485 | Promedio: 0.798080
[2026-05-13 12:48:07] Gen 0441 | Mejor fitness: 0.798485 | Promedio: 0.798055
[2026-05-13 12:48:07] Gen 0442 | Mejor fitness: 0.798485 | Promedio: 0.798117
[2026-05-13 12:48:07] Gen 0443 | Mejor fitness: 0.798485 | Promedio: 0.798124
[2026-05-13 12:48:07] Gen 0444 | Mejor fitness: 0.798485 | Promedio: 0.798058
[2026-05-13 12:48:07] Gen 0445 | Mejor fitness: 0.798485 | Promedio: 0.798077
[2026-05-13 12:48:07] Gen 0446 | Mejor fitness: 0.798485 | Promedio: 0.798073
[2026-05-13 12:48:07] Gen 0447 | Mejor fitness: 0.798485 | Promedio: 0.797979
[2026-05-13 12:48:07] Gen 0448 | Mejor fitness: 0.798485 | Promedio: 0.797923
[2026-05-13 12:48:07] Gen 0449 | Mejor fitness: 0.798485 | Promedio: 0.797908
[2026-05-13 12:48:07] Gen 0450 | Mejor fitness: 0.798485 | Promedio: 0.798028
[2026-05-13 12:48:07] Gen 0451 | Mejor fitness: 0.798485 | Promedio: 0.798086
[2026-05-13 12:48:07] Gen 0452 | Mejor fitness: 0.798485 | Promedio: 0.798026
[2026-05-13 12:48:07] Gen 0453 | Mejor fitness: 0.798485 | Promedio: 0.798059
[2026-05-13 12:48:07] Gen 0454 | Mejor fitness: 0.798485 | Promedio: 0.797951
[2026-05-13 12:48:07] Gen 0455 | Mejor fitness: 0.798485 | Promedio: 0.798098
[2026-05-13 12:48:07] Gen 0456 | Mejor fitness: 0.798485 | Promedio: 0.797983
[2026-05-13 12:48:07] Gen 0457 | Mejor fitness: 0.798485 | Promedio: 0.797969
[2026-05-13 12:48:07] Gen 0458 | Mejor fitness: 0.798485 | Promedio: 0.797986
[2026-05-13 12:48:07] Gen 0459 | Mejor fitness: 0.798485 | Promedio: 0.798025
[2026-05-13 12:48:07] Gen 0460 | Mejor fitness: 0.798485 | Promedio: 0.798021
[2026-05-13 12:48:07] Gen 0461 | Mejor fitness: 0.798485 | Promedio: 0.798112
[2026-05-13 12:48:07] Gen 0462 | Mejor fitness: 0.798485 | Promedio: 0.798019
[2026-05-13 12:48:07] Gen 0463 | Mejor fitness: 0.798485 | Promedio: 0.798056
[2026-05-13 12:48:07] Gen 0464 | Mejor fitness: 0.798485 | Promedio: 0.798022
[2026-05-13 12:48:07] Gen 0465 | Mejor fitness: 0.798485 | Promedio: 0.798023
[2026-05-13 12:48:07] Gen 0466 | Mejor fitness: 0.798485 | Promedio: 0.797987
[2026-05-13 12:48:07] Gen 0467 | Mejor fitness: 0.798485 | Promedio: 0.798036
[2026-05-13 12:48:07] Gen 0468 | Mejor fitness: 0.798485 | Promedio: 0.797988
[2026-05-13 12:48:07] Gen 0469 | Mejor fitness: 0.798485 | Promedio: 0.797967
[2026-05-13 12:48:07] Gen 0470 | Mejor fitness: 0.798485 | Promedio: 0.798053
[2026-05-13 12:48:07] Gen 0471 | Mejor fitness: 0.798485 | Promedio: 0.798021
[2026-05-13 12:48:07] Gen 0472 | Mejor fitness: 0.798485 | Promedio: 0.798128
[2026-05-13 12:48:07] Gen 0473 | Mejor fitness: 0.798485 | Promedio: 0.798005
[2026-05-13 12:48:07] Gen 0474 | Mejor fitness: 0.798485 | Promedio: 0.798021
[2026-05-13 12:48:07] Gen 0475 | Mejor fitness: 0.798485 | Promedio: 0.798173
[2026-05-13 12:48:07] Gen 0476 | Mejor fitness: 0.798485 | Promedio: 0.797968
[2026-05-13 12:48:07] Gen 0477 | Mejor fitness: 0.798485 | Promedio: 0.797977
[2026-05-13 12:48:07] Gen 0478 | Mejor fitness: 0.798485 | Promedio: 0.798053
[2026-05-13 12:48:07] Gen 0479 | Mejor fitness: 0.798485 | Promedio: 0.798088
[2026-05-13 12:48:07] Gen 0480 | Mejor fitness: 0.798485 | Promedio: 0.798029
[2026-05-13 12:48:07] Gen 0481 | Mejor fitness: 0.798485 | Promedio: 0.798001
[2026-05-13 12:48:07] Gen 0482 | Mejor fitness: 0.798485 | Promedio: 0.798106
[2026-05-13 12:48:07] Gen 0483 | Mejor fitness: 0.798485 | Promedio: 0.798035
[2026-05-13 12:48:07] Gen 0484 | Mejor fitness: 0.798485 | Promedio: 0.798170
[2026-05-13 12:48:07] Gen 0485 | Mejor fitness: 0.798485 | Promedio: 0.798150
[2026-05-13 12:48:07] Gen 0486 | Mejor fitness: 0.798485 | Promedio: 0.798017
[2026-05-13 12:48:07] Gen 0487 | Mejor fitness: 0.798485 | Promedio: 0.798042
[2026-05-13 12:48:07] Gen 0488 | Mejor fitness: 0.798485 | Promedio: 0.798017
[2026-05-13 12:48:07] Gen 0489 | Mejor fitness: 0.798485 | Promedio: 0.797978
[2026-05-13 12:48:07] Gen 0490 | Mejor fitness: 0.798485 | Promedio: 0.798051
[2026-05-13 12:48:07] Gen 0491 | Mejor fitness: 0.798485 | Promedio: 0.798088
[2026-05-13 12:48:07] Gen 0492 | Mejor fitness: 0.798485 | Promedio: 0.797925
[2026-05-13 12:48:07] Gen 0493 | Mejor fitness: 0.798485 | Promedio: 0.797931
[2026-05-13 12:48:07] Gen 0494 | Mejor fitness: 0.798485 | Promedio: 0.798019
[2026-05-13 12:48:07] Gen 0495 | Mejor fitness: 0.798485 | Promedio: 0.797861
[2026-05-13 12:48:07] Gen 0496 | Mejor fitness: 0.798485 | Promedio: 0.798092
[2026-05-13 12:48:07] Gen 0497 | Mejor fitness: 0.798485 | Promedio: 0.797961
[2026-05-13 12:48:07] Gen 0498 | Mejor fitness: 0.798485 | Promedio: 0.797949
[2026-05-13 12:48:07] Gen 0499 | Mejor fitness: 0.798485 | Promedio: 0.798110
[2026-05-13 12:48:07] Gen 0500 | Mejor fitness: 0.798485 | Promedio: 0.798121
[2026-05-13 12:48:07] --- Resultado final ---
[2026-05-13 12:48:07] Fitness final     : 0.798485
[2026-05-13 12:48:07]
[2026-05-13 12:48:07] Parámetros óptimos:
[2026-05-13 12:48:07]   Temp. Extrusión : 209.5 °C
[2026-05-13 12:48:07]   Temp. Cama      : 60.0 °C
[2026-05-13 12:48:07]   Velocidad       : 52.4 mm/s
[2026-05-13 12:48:07]   Altura de Capa  : 0.186 mm
[2026-05-13 12:48:07]   Relleno         : 16.1 %
[2026-05-13 12:48:07]   Ventilador      : 100.0 %
[2026-05-13 12:48:07]   Perímetros      : 3 u
[2026-05-13 12:48:07]
[2026-05-13 12:48:07] Desglose fitness:
[2026-05-13 12:48:07]   Calidad       : 0.7594
[2026-05-13 12:48:07]   Resistencia   : 0.7240
[2026-05-13 12:48:07]   Velocidad     : 0.8432
[2026-05-13 12:48:07]   Ahorro        : 0.8673
[2026-05-13 12:48:07]   Fitness       : 0.7985
[2026-05-13 12:48:07] =======================================================
