[2026-05-14 15:43:34] =======================================================
[2026-05-14 15:43:34] NUEVA EJECUCIÓN
[2026-05-14 15:43:34] Material          : ABS
[2026-05-14 15:43:34] Perfil            : Estético
[2026-05-14 15:43:34] Tamaño población  : 50
[2026-05-14 15:43:34] Generaciones      : 100
[2026-05-14 15:43:34] Tasa cruce        : 0.8
[2026-05-14 15:43:34] Tasa mutación     : 0.1
[2026-05-14 15:43:34] Torneo K          : 3
[2026-05-14 15:43:34] --- Evolución ---
[2026-05-14 15:43:34] Gen 0001 | Mejor fitness: 0.696604 | Promedio: 0.617771
[2026-05-14 15:43:34] Gen 0002 | Mejor fitness: 0.727838 | Promedio: 0.652052
[2026-05-14 15:43:34] Gen 0003 | Mejor fitness: 0.734883 | Promedio: 0.676926
[2026-05-14 15:43:34] Gen 0004 | Mejor fitness: 0.735254 | Promedio: 0.701791
[2026-05-14 15:43:34] Gen 0005 | Mejor fitness: 0.736322 | Promedio: 0.724935
[2026-05-14 15:43:34] Gen 0006 | Mejor fitness: 0.738252 | Promedio: 0.731996
[2026-05-14 15:43:34] Gen 0007 | Mejor fitness: 0.740544 | Promedio: 0.734987
[2026-05-14 15:43:34] Gen 0008 | Mejor fitness: 0.744159 | Promedio: 0.736076
[2026-05-14 15:43:34] Gen 0009 | Mejor fitness: 0.744766 | Promedio: 0.737793
[2026-05-14 15:43:34] Gen 0010 | Mejor fitness: 0.744766 | Promedio: 0.740728
[2026-05-14 15:43:34] Gen 0011 | Mejor fitness: 0.745712 | Promedio: 0.742767
[2026-05-14 15:43:34] Gen 0012 | Mejor fitness: 0.747934 | Promedio: 0.744452
[2026-05-14 15:43:34] Gen 0013 | Mejor fitness: 0.749235 | Promedio: 0.745216
[2026-05-14 15:43:34] Gen 0014 | Mejor fitness: 0.749513 | Promedio: 0.746294
[2026-05-14 15:43:34] Gen 0015 | Mejor fitness: 0.749513 | Promedio: 0.747112
[2026-05-14 15:43:34] Gen 0016 | Mejor fitness: 0.749538 | Promedio: 0.748265
[2026-05-14 15:43:34] Gen 0017 | Mejor fitness: 0.749901 | Promedio: 0.748592
[2026-05-14 15:43:34] Gen 0018 | Mejor fitness: 0.750178 | Promedio: 0.748292
[2026-05-14 15:43:34] Gen 0019 | Mejor fitness: 0.750178 | Promedio: 0.748850
[2026-05-14 15:43:34] Gen 0020 | Mejor fitness: 0.750178 | Promedio: 0.749200
[2026-05-14 15:43:34] Gen 0021 | Mejor fitness: 0.750216 | Promedio: 0.748950
[2026-05-14 15:43:34] Gen 0022 | Mejor fitness: 0.750216 | Promedio: 0.749483
[2026-05-14 15:43:34] Gen 0023 | Mejor fitness: 0.750216 | Promedio: 0.749675
[2026-05-14 15:43:34] Gen 0024 | Mejor fitness: 0.750235 | Promedio: 0.749395
[2026-05-14 15:43:34] Gen 0025 | Mejor fitness: 0.750235 | Promedio: 0.749342
[2026-05-14 15:43:34] Gen 0026 | Mejor fitness: 0.750235 | Promedio: 0.749327
[2026-05-14 15:43:34] Gen 0027 | Mejor fitness: 0.750262 | Promedio: 0.749601
[2026-05-14 15:43:34] Gen 0028 | Mejor fitness: 0.750262 | Promedio: 0.749313
[2026-05-14 15:43:34] Gen 0029 | Mejor fitness: 0.750279 | Promedio: 0.749329
[2026-05-14 15:43:34] Gen 0030 | Mejor fitness: 0.750281 | Promedio: 0.749980
[2026-05-14 15:43:34] Gen 0031 | Mejor fitness: 0.750281 | Promedio: 0.749448
[2026-05-14 15:43:34] Gen 0032 | Mejor fitness: 0.750282 | Promedio: 0.749854
[2026-05-14 15:43:34] Gen 0033 | Mejor fitness: 0.750282 | Promedio: 0.749610
[2026-05-14 15:43:34] Gen 0034 | Mejor fitness: 0.750282 | Promedio: 0.749929
[2026-05-14 15:43:34] Gen 0035 | Mejor fitness: 0.750282 | Promedio: 0.749812
[2026-05-14 15:43:34] Gen 0036 | Mejor fitness: 0.750282 | Promedio: 0.749270
[2026-05-14 15:43:34] Gen 0037 | Mejor fitness: 0.750282 | Promedio: 0.749527
[2026-05-14 15:43:34] Gen 0038 | Mejor fitness: 0.750282 | Promedio: 0.749768
[2026-05-14 15:43:34] Gen 0039 | Mejor fitness: 0.750285 | Promedio: 0.749506
[2026-05-14 15:43:34] Gen 0040 | Mejor fitness: 0.750285 | Promedio: 0.749783
[2026-05-14 15:43:34] Gen 0041 | Mejor fitness: 0.750285 | Promedio: 0.749691
[2026-05-14 15:43:34] Gen 0042 | Mejor fitness: 0.750285 | Promedio: 0.749644
[2026-05-14 15:43:34] Gen 0043 | Mejor fitness: 0.750285 | Promedio: 0.749431
[2026-05-14 15:43:34] Gen 0044 | Mejor fitness: 0.750285 | Promedio: 0.749988
[2026-05-14 15:43:34] Gen 0045 | Mejor fitness: 0.750285 | Promedio: 0.749726
[2026-05-14 15:43:34] Gen 0046 | Mejor fitness: 0.750285 | Promedio: 0.749814
[2026-05-14 15:43:34] Gen 0047 | Mejor fitness: 0.750285 | Promedio: 0.749920
[2026-05-14 15:43:34] Gen 0048 | Mejor fitness: 0.750285 | Promedio: 0.749844
[2026-05-14 15:43:34] Gen 0049 | Mejor fitness: 0.750285 | Promedio: 0.749447
[2026-05-14 15:43:34] Gen 0050 | Mejor fitness: 0.750285 | Promedio: 0.749684
[2026-05-14 15:43:34] Gen 0051 | Mejor fitness: 0.750285 | Promedio: 0.749896
[2026-05-14 15:43:34] Gen 0052 | Mejor fitness: 0.750285 | Promedio: 0.749247
[2026-05-14 15:43:34] Gen 0053 | Mejor fitness: 0.750285 | Promedio: 0.749766
[2026-05-14 15:43:34] Gen 0054 | Mejor fitness: 0.750285 | Promedio: 0.749906
[2026-05-14 15:43:34] Gen 0055 | Mejor fitness: 0.750285 | Promedio: 0.749965
[2026-05-14 15:43:34] Gen 0056 | Mejor fitness: 0.750285 | Promedio: 0.749762
[2026-05-14 15:43:34] Gen 0057 | Mejor fitness: 0.750285 | Promedio: 0.749528
[2026-05-14 15:43:34] Gen 0058 | Mejor fitness: 0.750285 | Promedio: 0.749721
[2026-05-14 15:43:34] Gen 0059 | Mejor fitness: 0.750285 | Promedio: 0.749607
[2026-05-14 15:43:34] Gen 0060 | Mejor fitness: 0.750285 | Promedio: 0.749767
[2026-05-14 15:43:34] Gen 0061 | Mejor fitness: 0.750285 | Promedio: 0.748804
[2026-05-14 15:43:34] Gen 0062 | Mejor fitness: 0.750285 | Promedio: 0.749302
[2026-05-14 15:43:34] Gen 0063 | Mejor fitness: 0.750285 | Promedio: 0.749620
[2026-05-14 15:43:34] Gen 0064 | Mejor fitness: 0.750285 | Promedio: 0.749490
[2026-05-14 15:43:34] Gen 0065 | Mejor fitness: 0.750285 | Promedio: 0.749491
[2026-05-14 15:43:34] Gen 0066 | Mejor fitness: 0.750285 | Promedio: 0.749806
[2026-05-14 15:43:34] Gen 0067 | Mejor fitness: 0.750285 | Promedio: 0.749776
[2026-05-14 15:43:34] Gen 0068 | Mejor fitness: 0.750285 | Promedio: 0.749961
[2026-05-14 15:43:34] Gen 0069 | Mejor fitness: 0.750285 | Promedio: 0.748914
[2026-05-14 15:43:34] Gen 0070 | Mejor fitness: 0.750285 | Promedio: 0.749667
[2026-05-14 15:43:34] Gen 0071 | Mejor fitness: 0.750285 | Promedio: 0.749442
[2026-05-14 15:43:34] Gen 0072 | Mejor fitness: 0.750285 | Promedio: 0.749372
[2026-05-14 15:43:34] Gen 0073 | Mejor fitness: 0.750285 | Promedio: 0.749239
[2026-05-14 15:43:34] Gen 0074 | Mejor fitness: 0.750285 | Promedio: 0.749401
[2026-05-14 15:43:34] Gen 0075 | Mejor fitness: 0.750285 | Promedio: 0.749545
[2026-05-14 15:43:34] Gen 0076 | Mejor fitness: 0.750285 | Promedio: 0.749629
[2026-05-14 15:43:34] Gen 0077 | Mejor fitness: 0.750285 | Promedio: 0.749700
[2026-05-14 15:43:34] Gen 0078 | Mejor fitness: 0.750285 | Promedio: 0.749812
[2026-05-14 15:43:34] Gen 0079 | Mejor fitness: 0.750285 | Promedio: 0.749461
[2026-05-14 15:43:34] Gen 0080 | Mejor fitness: 0.750285 | Promedio: 0.749633
[2026-05-14 15:43:34] Gen 0081 | Mejor fitness: 0.750285 | Promedio: 0.749384
[2026-05-14 15:43:34] Gen 0082 | Mejor fitness: 0.750285 | Promedio: 0.749526
[2026-05-14 15:43:34] Gen 0083 | Mejor fitness: 0.750285 | Promedio: 0.749780
[2026-05-14 15:43:34] Gen 0084 | Mejor fitness: 0.750285 | Promedio: 0.749681
[2026-05-14 15:43:34] Gen 0085 | Mejor fitness: 0.750285 | Promedio: 0.749881
[2026-05-14 15:43:34] Gen 0086 | Mejor fitness: 0.750285 | Promedio: 0.749495
[2026-05-14 15:43:34] Gen 0087 | Mejor fitness: 0.750285 | Promedio: 0.749427
[2026-05-14 15:43:34] Gen 0088 | Mejor fitness: 0.750285 | Promedio: 0.749871
[2026-05-14 15:43:34] Gen 0089 | Mejor fitness: 0.750285 | Promedio: 0.749842
[2026-05-14 15:43:34] Gen 0090 | Mejor fitness: 0.750285 | Promedio: 0.749671
[2026-05-14 15:43:34] Gen 0091 | Mejor fitness: 0.750285 | Promedio: 0.749494
[2026-05-14 15:43:34] Gen 0092 | Mejor fitness: 0.750285 | Promedio: 0.749680
[2026-05-14 15:43:34] Gen 0093 | Mejor fitness: 0.750285 | Promedio: 0.749865
[2026-05-14 15:43:34] Gen 0094 | Mejor fitness: 0.750285 | Promedio: 0.750003
[2026-05-14 15:43:34] Gen 0095 | Mejor fitness: 0.750285 | Promedio: 0.749825
[2026-05-14 15:43:34] Gen 0096 | Mejor fitness: 0.750285 | Promedio: 0.749777
[2026-05-14 15:43:34] Gen 0097 | Mejor fitness: 0.750285 | Promedio: 0.749729
[2026-05-14 15:43:34] Gen 0098 | Mejor fitness: 0.750285 | Promedio: 0.749713
[2026-05-14 15:43:34] Gen 0099 | Mejor fitness: 0.750285 | Promedio: 0.749461
[2026-05-14 15:43:34] Gen 0100 | Mejor fitness: 0.750285 | Promedio: 0.749199
[2026-05-14 15:43:34] --- Resultado final ---
[2026-05-14 15:43:34] Fitness final     : 0.750285
[2026-05-14 15:43:34]
[2026-05-14 15:43:34] Parámetros óptimos:
[2026-05-14 15:43:34]   Temp. Extrusión : 230.5 °C
[2026-05-14 15:43:34]   Temp. Cama      : 110.0 °C
[2026-05-14 15:43:34]   Velocidad       : 38.1 mm/s
[2026-05-14 15:43:34]   Altura de Capa  : 0.124 mm
[2026-05-14 15:43:34]   Relleno         : 13.6 %
[2026-05-14 15:43:34]   Ventilador      : 0.0 %
[2026-05-14 15:43:34]   Perímetros      : 2 u
[2026-05-14 15:43:34]
[2026-05-14 15:43:34] Desglose fitness:
[2026-05-14 15:43:34]   Calidad       : 0.8950
[2026-05-14 15:43:34]   Resistencia   : 0.5881
[2026-05-14 15:43:34]   Velocidad     : 0.4186
[2026-05-14 15:43:34]   Ahorro        : 0.9289
[2026-05-14 15:43:34]   Fitness       : 0.7503
[2026-05-14 15:43:34] =======================================================
