[2026-05-14 15:18:19] =======================================================
[2026-05-14 15:18:19] NUEVA EJECUCIÓN
[2026-05-14 15:18:19] Material          : PLA
[2026-05-14 15:18:19] Perfil            : Funcional
[2026-05-14 15:18:19] Tamaño población  : 400
[2026-05-14 15:18:19] Generaciones      : 1000
[2026-05-14 15:18:19] Tasa cruce        : 0.8
[2026-05-14 15:18:19] Tasa mutación     : 0.1
[2026-05-14 15:18:19] Torneo K          : 3
[2026-05-14 15:18:19] --- Evolución ---
[2026-05-14 15:18:19] Gen 0001 | Mejor fitness: 0.807037 | Promedio: 0.701421
[2026-05-14 15:18:19] Gen 0002 | Mejor fitness: 0.809363 | Promedio: 0.749286
[2026-05-14 15:18:19] Gen 0003 | Mejor fitness: 0.813710 | Promedio: 0.770709
[2026-05-14 15:18:19] Gen 0004 | Mejor fitness: 0.813710 | Promedio: 0.785726
[2026-05-14 15:18:19] Gen 0005 | Mejor fitness: 0.815353 | Promedio: 0.797232
[2026-05-14 15:18:19] Gen 0006 | Mejor fitness: 0.821010 | Promedio: 0.805089
[2026-05-14 15:18:19] Gen 0007 | Mejor fitness: 0.821573 | Promedio: 0.809888
[2026-05-14 15:18:19] Gen 0008 | Mejor fitness: 0.823136 | Promedio: 0.813978
[2026-05-14 15:18:19] Gen 0009 | Mejor fitness: 0.824335 | Promedio: 0.817129
[2026-05-14 15:18:19] Gen 0010 | Mejor fitness: 0.825234 | Promedio: 0.819594
[2026-05-14 15:18:19] Gen 0011 | Mejor fitness: 0.825234 | Promedio: 0.821318
[2026-05-14 15:18:19] Gen 0012 | Mejor fitness: 0.825278 | Promedio: 0.822424
[2026-05-14 15:18:19] Gen 0013 | Mejor fitness: 0.825367 | Promedio: 0.823397
[2026-05-14 15:18:19] Gen 0014 | Mejor fitness: 0.825367 | Promedio: 0.823783
[2026-05-14 15:18:19] Gen 0015 | Mejor fitness: 0.825380 | Promedio: 0.824310
[2026-05-14 15:18:19] Gen 0016 | Mejor fitness: 0.825380 | Promedio: 0.824545
[2026-05-14 15:18:19] Gen 0017 | Mejor fitness: 0.825380 | Promedio: 0.824672
[2026-05-14 15:18:19] Gen 0018 | Mejor fitness: 0.825387 | Promedio: 0.824539
[2026-05-14 15:18:19] Gen 0019 | Mejor fitness: 0.825387 | Promedio: 0.824659
[2026-05-14 15:18:19] Gen 0020 | Mejor fitness: 0.825387 | Promedio: 0.824715
[2026-05-14 15:18:19] Gen 0021 | Mejor fitness: 0.825387 | Promedio: 0.824876
[2026-05-14 15:18:19] Gen 0022 | Mejor fitness: 0.825387 | Promedio: 0.824757
[2026-05-14 15:18:19] Gen 0023 | Mejor fitness: 0.825387 | Promedio: 0.824745
[2026-05-14 15:18:19] Gen 0024 | Mejor fitness: 0.825387 | Promedio: 0.824731
[2026-05-14 15:18:19] Gen 0025 | Mejor fitness: 0.825387 | Promedio: 0.824564
[2026-05-14 15:18:19] Gen 0026 | Mejor fitness: 0.825387 | Promedio: 0.824679
[2026-05-14 15:18:19] Gen 0027 | Mejor fitness: 0.825387 | Promedio: 0.824880
[2026-05-14 15:18:19] Gen 0028 | Mejor fitness: 0.825387 | Promedio: 0.824680
[2026-05-14 15:18:19] Gen 0029 | Mejor fitness: 0.825387 | Promedio: 0.824637
[2026-05-14 15:18:19] Gen 0030 | Mejor fitness: 0.825387 | Promedio: 0.824855
[2026-05-14 15:18:19] Gen 0031 | Mejor fitness: 0.825387 | Promedio: 0.824916
[2026-05-14 15:18:19] Gen 0032 | Mejor fitness: 0.825387 | Promedio: 0.824721
[2026-05-14 15:18:19] Gen 0033 | Mejor fitness: 0.825400 | Promedio: 0.824792
[2026-05-14 15:18:19] Gen 0034 | Mejor fitness: 0.825400 | Promedio: 0.824894
[2026-05-14 15:18:19] Gen 0035 | Mejor fitness: 0.825400 | Promedio: 0.824881
[2026-05-14 15:18:19] Gen 0036 | Mejor fitness: 0.825400 | Promedio: 0.824788
[2026-05-14 15:18:19] Gen 0037 | Mejor fitness: 0.825400 | Promedio: 0.824854
[2026-05-14 15:18:19] Gen 0038 | Mejor fitness: 0.825401 | Promedio: 0.824886
[2026-05-14 15:18:19] Gen 0039 | Mejor fitness: 0.825401 | Promedio: 0.824899
[2026-05-14 15:18:19] Gen 0040 | Mejor fitness: 0.825401 | Promedio: 0.824899
[2026-05-14 15:18:19] Gen 0041 | Mejor fitness: 0.825401 | Promedio: 0.824782
[2026-05-14 15:18:19] Gen 0042 | Mejor fitness: 0.825401 | Promedio: 0.824734
[2026-05-14 15:18:19] Gen 0043 | Mejor fitness: 0.825401 | Promedio: 0.824858
[2026-05-14 15:18:19] Gen 0044 | Mejor fitness: 0.825401 | Promedio: 0.824769
[2026-05-14 15:18:19] Gen 0045 | Mejor fitness: 0.825401 | Promedio: 0.824761
[2026-05-14 15:18:19] Gen 0046 | Mejor fitness: 0.825401 | Promedio: 0.824670
[2026-05-14 15:18:19] Gen 0047 | Mejor fitness: 0.825401 | Promedio: 0.824768
[2026-05-14 15:18:19] Gen 0048 | Mejor fitness: 0.825401 | Promedio: 0.824688
[2026-05-14 15:18:19] Gen 0049 | Mejor fitness: 0.825401 | Promedio: 0.824764
[2026-05-14 15:18:19] Gen 0050 | Mejor fitness: 0.825401 | Promedio: 0.824830
[2026-05-14 15:18:19] Gen 0051 | Mejor fitness: 0.825401 | Promedio: 0.824942
[2026-05-14 15:18:19] Gen 0052 | Mejor fitness: 0.825401 | Promedio: 0.824927
[2026-05-14 15:18:19] Gen 0053 | Mejor fitness: 0.825401 | Promedio: 0.824854
[2026-05-14 15:18:19] Gen 0054 | Mejor fitness: 0.825401 | Promedio: 0.824830
[2026-05-14 15:18:19] Gen 0055 | Mejor fitness: 0.825401 | Promedio: 0.824824
[2026-05-14 15:18:19] Gen 0056 | Mejor fitness: 0.825401 | Promedio: 0.824799
[2026-05-14 15:18:19] Gen 0057 | Mejor fitness: 0.825401 | Promedio: 0.824742
[2026-05-14 15:18:19] Gen 0058 | Mejor fitness: 0.825401 | Promedio: 0.824884
[2026-05-14 15:18:19] Gen 0059 | Mejor fitness: 0.825401 | Promedio: 0.824735
[2026-05-14 15:18:19] Gen 0060 | Mejor fitness: 0.825401 | Promedio: 0.824853
[2026-05-14 15:18:19] Gen 0061 | Mejor fitness: 0.825401 | Promedio: 0.824923
[2026-05-14 15:18:19] Gen 0062 | Mejor fitness: 0.825401 | Promedio: 0.824968
[2026-05-14 15:18:19] Gen 0063 | Mejor fitness: 0.825401 | Promedio: 0.824857
[2026-05-14 15:18:19] Gen 0064 | Mejor fitness: 0.825401 | Promedio: 0.824817
[2026-05-14 15:18:19] Gen 0065 | Mejor fitness: 0.825401 | Promedio: 0.824913
[2026-05-14 15:18:19] Gen 0066 | Mejor fitness: 0.825401 | Promedio: 0.824794
[2026-05-14 15:18:19] Gen 0067 | Mejor fitness: 0.825401 | Promedio: 0.824764
[2026-05-14 15:18:19] Gen 0068 | Mejor fitness: 0.825401 | Promedio: 0.824871
[2026-05-14 15:18:19] Gen 0069 | Mejor fitness: 0.825401 | Promedio: 0.824800
[2026-05-14 15:18:19] Gen 0070 | Mejor fitness: 0.825401 | Promedio: 0.824872
[2026-05-14 15:18:19] Gen 0071 | Mejor fitness: 0.825401 | Promedio: 0.824885
[2026-05-14 15:18:19] Gen 0072 | Mejor fitness: 0.825401 | Promedio: 0.824688
[2026-05-14 15:18:19] Gen 0073 | Mejor fitness: 0.825401 | Promedio: 0.824837
[2026-05-14 15:18:19] Gen 0074 | Mejor fitness: 0.825401 | Promedio: 0.824739
[2026-05-14 15:18:19] Gen 0075 | Mejor fitness: 0.825401 | Promedio: 0.824823
[2026-05-14 15:18:19] Gen 0076 | Mejor fitness: 0.825401 | Promedio: 0.824789
[2026-05-14 15:18:19] Gen 0077 | Mejor fitness: 0.825401 | Promedio: 0.824870
[2026-05-14 15:18:19] Gen 0078 | Mejor fitness: 0.825401 | Promedio: 0.824772
[2026-05-14 15:18:19] Gen 0079 | Mejor fitness: 0.825401 | Promedio: 0.824959
[2026-05-14 15:18:19] Gen 0080 | Mejor fitness: 0.825401 | Promedio: 0.824723
[2026-05-14 15:18:19] Gen 0081 | Mejor fitness: 0.825401 | Promedio: 0.824795
[2026-05-14 15:18:19] Gen 0082 | Mejor fitness: 0.825401 | Promedio: 0.824833
[2026-05-14 15:18:19] Gen 0083 | Mejor fitness: 0.825401 | Promedio: 0.824907
[2026-05-14 15:18:19] Gen 0084 | Mejor fitness: 0.825401 | Promedio: 0.824859
[2026-05-14 15:18:19] Gen 0085 | Mejor fitness: 0.825401 | Promedio: 0.824870
[2026-05-14 15:18:19] Gen 0086 | Mejor fitness: 0.825401 | Promedio: 0.824884
[2026-05-14 15:18:19] Gen 0087 | Mejor fitness: 0.825401 | Promedio: 0.824930
[2026-05-14 15:18:19] Gen 0088 | Mejor fitness: 0.825401 | Promedio: 0.824765
[2026-05-14 15:18:19] Gen 0089 | Mejor fitness: 0.825401 | Promedio: 0.824924
[2026-05-14 15:18:19] Gen 0090 | Mejor fitness: 0.825401 | Promedio: 0.824633
[2026-05-14 15:18:19] Gen 0091 | Mejor fitness: 0.825401 | Promedio: 0.824770
[2026-05-14 15:18:19] Gen 0092 | Mejor fitness: 0.825401 | Promedio: 0.824832
[2026-05-14 15:18:19] Gen 0093 | Mejor fitness: 0.825401 | Promedio: 0.824936
[2026-05-14 15:18:19] Gen 0094 | Mejor fitness: 0.825401 | Promedio: 0.824791
[2026-05-14 15:18:19] Gen 0095 | Mejor fitness: 0.825401 | Promedio: 0.824800
[2026-05-14 15:18:19] Gen 0096 | Mejor fitness: 0.825401 | Promedio: 0.824776
[2026-05-14 15:18:19] Gen 0097 | Mejor fitness: 0.825401 | Promedio: 0.824849
[2026-05-14 15:18:19] Gen 0098 | Mejor fitness: 0.825401 | Promedio: 0.824797
[2026-05-14 15:18:19] Gen 0099 | Mejor fitness: 0.825401 | Promedio: 0.824744
[2026-05-14 15:18:19] Gen 0100 | Mejor fitness: 0.825401 | Promedio: 0.824713
[2026-05-14 15:18:19] Gen 0101 | Mejor fitness: 0.825401 | Promedio: 0.824647
[2026-05-14 15:18:19] Gen 0102 | Mejor fitness: 0.825401 | Promedio: 0.824927
[2026-05-14 15:18:19] Gen 0103 | Mejor fitness: 0.825401 | Promedio: 0.824948
[2026-05-14 15:18:19] Gen 0104 | Mejor fitness: 0.825401 | Promedio: 0.824775
[2026-05-14 15:18:19] Gen 0105 | Mejor fitness: 0.825401 | Promedio: 0.824766
[2026-05-14 15:18:19] Gen 0106 | Mejor fitness: 0.825401 | Promedio: 0.824707
[2026-05-14 15:18:19] Gen 0107 | Mejor fitness: 0.825401 | Promedio: 0.824888
[2026-05-14 15:18:19] Gen 0108 | Mejor fitness: 0.825401 | Promedio: 0.824812
[2026-05-14 15:18:19] Gen 0109 | Mejor fitness: 0.825401 | Promedio: 0.824818
[2026-05-14 15:18:19] Gen 0110 | Mejor fitness: 0.825401 | Promedio: 0.824810
[2026-05-14 15:18:19] Gen 0111 | Mejor fitness: 0.825401 | Promedio: 0.824710
[2026-05-14 15:18:19] Gen 0112 | Mejor fitness: 0.825401 | Promedio: 0.824785
[2026-05-14 15:18:19] Gen 0113 | Mejor fitness: 0.825401 | Promedio: 0.824904
[2026-05-14 15:18:19] Gen 0114 | Mejor fitness: 0.825401 | Promedio: 0.824835
[2026-05-14 15:18:19] Gen 0115 | Mejor fitness: 0.825401 | Promedio: 0.824797
[2026-05-14 15:18:19] Gen 0116 | Mejor fitness: 0.825401 | Promedio: 0.824859
[2026-05-14 15:18:19] Gen 0117 | Mejor fitness: 0.825401 | Promedio: 0.824776
[2026-05-14 15:18:19] Gen 0118 | Mejor fitness: 0.825401 | Promedio: 0.824731
[2026-05-14 15:18:19] Gen 0119 | Mejor fitness: 0.825401 | Promedio: 0.824913
[2026-05-14 15:18:19] Gen 0120 | Mejor fitness: 0.825401 | Promedio: 0.824743
[2026-05-14 15:18:19] Gen 0121 | Mejor fitness: 0.825401 | Promedio: 0.824962
[2026-05-14 15:18:19] Gen 0122 | Mejor fitness: 0.825401 | Promedio: 0.824650
[2026-05-14 15:18:19] Gen 0123 | Mejor fitness: 0.825401 | Promedio: 0.824816
[2026-05-14 15:18:19] Gen 0124 | Mejor fitness: 0.825401 | Promedio: 0.824642
[2026-05-14 15:18:19] Gen 0125 | Mejor fitness: 0.825401 | Promedio: 0.824897
[2026-05-14 15:18:19] Gen 0126 | Mejor fitness: 0.825401 | Promedio: 0.824856
[2026-05-14 15:18:19] Gen 0127 | Mejor fitness: 0.825401 | Promedio: 0.824821
[2026-05-14 15:18:19] Gen 0128 | Mejor fitness: 0.825401 | Promedio: 0.824728
[2026-05-14 15:18:19] Gen 0129 | Mejor fitness: 0.825401 | Promedio: 0.824793
[2026-05-14 15:18:19] Gen 0130 | Mejor fitness: 0.825401 | Promedio: 0.824918
[2026-05-14 15:18:19] Gen 0131 | Mejor fitness: 0.825401 | Promedio: 0.824861
[2026-05-14 15:18:19] Gen 0132 | Mejor fitness: 0.825401 | Promedio: 0.824722
[2026-05-14 15:18:19] Gen 0133 | Mejor fitness: 0.825401 | Promedio: 0.825021
[2026-05-14 15:18:19] Gen 0134 | Mejor fitness: 0.825401 | Promedio: 0.824839
[2026-05-14 15:18:19] Gen 0135 | Mejor fitness: 0.825401 | Promedio: 0.824851
[2026-05-14 15:18:19] Gen 0136 | Mejor fitness: 0.825401 | Promedio: 0.824798
[2026-05-14 15:18:19] Gen 0137 | Mejor fitness: 0.825401 | Promedio: 0.824743
[2026-05-14 15:18:19] Gen 0138 | Mejor fitness: 0.825401 | Promedio: 0.824646
[2026-05-14 15:18:19] Gen 0139 | Mejor fitness: 0.825401 | Promedio: 0.824748
[2026-05-14 15:18:19] Gen 0140 | Mejor fitness: 0.825401 | Promedio: 0.824699
[2026-05-14 15:18:19] Gen 0141 | Mejor fitness: 0.825401 | Promedio: 0.824885
[2026-05-14 15:18:19] Gen 0142 | Mejor fitness: 0.825401 | Promedio: 0.824870
[2026-05-14 15:18:19] Gen 0143 | Mejor fitness: 0.825401 | Promedio: 0.824795
[2026-05-14 15:18:19] Gen 0144 | Mejor fitness: 0.825401 | Promedio: 0.824779
[2026-05-14 15:18:19] Gen 0145 | Mejor fitness: 0.825401 | Promedio: 0.824734
[2026-05-14 15:18:19] Gen 0146 | Mejor fitness: 0.825401 | Promedio: 0.824785
[2026-05-14 15:18:19] Gen 0147 | Mejor fitness: 0.825401 | Promedio: 0.824875
[2026-05-14 15:18:19] Gen 0148 | Mejor fitness: 0.825401 | Promedio: 0.824850
[2026-05-14 15:18:19] Gen 0149 | Mejor fitness: 0.825401 | Promedio: 0.824960
[2026-05-14 15:18:19] Gen 0150 | Mejor fitness: 0.825401 | Promedio: 0.824670
[2026-05-14 15:18:19] Gen 0151 | Mejor fitness: 0.825401 | Promedio: 0.824831
[2026-05-14 15:18:19] Gen 0152 | Mejor fitness: 0.825401 | Promedio: 0.824948
[2026-05-14 15:18:19] Gen 0153 | Mejor fitness: 0.825401 | Promedio: 0.824911
[2026-05-14 15:18:19] Gen 0154 | Mejor fitness: 0.825401 | Promedio: 0.824883
[2026-05-14 15:18:20] Gen 0155 | Mejor fitness: 0.825401 | Promedio: 0.824780
[2026-05-14 15:18:20] Gen 0156 | Mejor fitness: 0.825401 | Promedio: 0.824751
[2026-05-14 15:18:20] Gen 0157 | Mejor fitness: 0.825401 | Promedio: 0.824897
[2026-05-14 15:18:20] Gen 0158 | Mejor fitness: 0.825401 | Promedio: 0.824848
[2026-05-14 15:18:20] Gen 0159 | Mejor fitness: 0.825401 | Promedio: 0.824858
[2026-05-14 15:18:20] Gen 0160 | Mejor fitness: 0.825401 | Promedio: 0.824857
[2026-05-14 15:18:20] Gen 0161 | Mejor fitness: 0.825401 | Promedio: 0.824872
[2026-05-14 15:18:20] Gen 0162 | Mejor fitness: 0.825401 | Promedio: 0.824803
[2026-05-14 15:18:20] Gen 0163 | Mejor fitness: 0.825401 | Promedio: 0.824795
[2026-05-14 15:18:20] Gen 0164 | Mejor fitness: 0.825401 | Promedio: 0.824776
[2026-05-14 15:18:20] Gen 0165 | Mejor fitness: 0.825401 | Promedio: 0.824858
[2026-05-14 15:18:20] Gen 0166 | Mejor fitness: 0.825401 | Promedio: 0.824854
[2026-05-14 15:18:20] Gen 0167 | Mejor fitness: 0.825401 | Promedio: 0.824822
[2026-05-14 15:18:20] Gen 0168 | Mejor fitness: 0.825401 | Promedio: 0.824761
[2026-05-14 15:18:20] Gen 0169 | Mejor fitness: 0.825401 | Promedio: 0.824889
[2026-05-14 15:18:20] Gen 0170 | Mejor fitness: 0.825401 | Promedio: 0.824789
[2026-05-14 15:18:20] Gen 0171 | Mejor fitness: 0.825401 | Promedio: 0.824732
[2026-05-14 15:18:20] Gen 0172 | Mejor fitness: 0.825401 | Promedio: 0.824670
[2026-05-14 15:18:20] Gen 0173 | Mejor fitness: 0.825401 | Promedio: 0.824873
[2026-05-14 15:18:20] Gen 0174 | Mejor fitness: 0.825401 | Promedio: 0.824799
[2026-05-14 15:18:20] Gen 0175 | Mejor fitness: 0.825401 | Promedio: 0.824968
[2026-05-14 15:18:20] Gen 0176 | Mejor fitness: 0.825401 | Promedio: 0.824791
[2026-05-14 15:18:20] Gen 0177 | Mejor fitness: 0.825401 | Promedio: 0.824947
[2026-05-14 15:18:20] Gen 0178 | Mejor fitness: 0.825401 | Promedio: 0.824853
[2026-05-14 15:18:20] Gen 0179 | Mejor fitness: 0.825401 | Promedio: 0.824790
[2026-05-14 15:18:20] Gen 0180 | Mejor fitness: 0.825401 | Promedio: 0.824823
[2026-05-14 15:18:20] Gen 0181 | Mejor fitness: 0.825401 | Promedio: 0.824845
[2026-05-14 15:18:20] Gen 0182 | Mejor fitness: 0.825401 | Promedio: 0.824836
[2026-05-14 15:18:20] Gen 0183 | Mejor fitness: 0.825401 | Promedio: 0.824822
[2026-05-14 15:18:20] Gen 0184 | Mejor fitness: 0.825401 | Promedio: 0.824941
[2026-05-14 15:18:20] Gen 0185 | Mejor fitness: 0.825401 | Promedio: 0.824960
[2026-05-14 15:18:20] Gen 0186 | Mejor fitness: 0.825401 | Promedio: 0.824805
[2026-05-14 15:18:20] Gen 0187 | Mejor fitness: 0.825401 | Promedio: 0.824839
[2026-05-14 15:18:20] Gen 0188 | Mejor fitness: 0.825401 | Promedio: 0.824862
[2026-05-14 15:18:20] Gen 0189 | Mejor fitness: 0.825401 | Promedio: 0.824759
[2026-05-14 15:18:20] Gen 0190 | Mejor fitness: 0.825401 | Promedio: 0.824612
[2026-05-14 15:18:20] Gen 0191 | Mejor fitness: 0.825401 | Promedio: 0.824736
[2026-05-14 15:18:20] Gen 0192 | Mejor fitness: 0.825401 | Promedio: 0.824759
[2026-05-14 15:18:20] Gen 0193 | Mejor fitness: 0.825401 | Promedio: 0.824866
[2026-05-14 15:18:20] Gen 0194 | Mejor fitness: 0.825401 | Promedio: 0.824897
[2026-05-14 15:18:20] Gen 0195 | Mejor fitness: 0.825401 | Promedio: 0.824751
[2026-05-14 15:18:20] Gen 0196 | Mejor fitness: 0.825401 | Promedio: 0.824877
[2026-05-14 15:18:20] Gen 0197 | Mejor fitness: 0.825401 | Promedio: 0.824920
[2026-05-14 15:18:20] Gen 0198 | Mejor fitness: 0.825401 | Promedio: 0.824853
[2026-05-14 15:18:20] Gen 0199 | Mejor fitness: 0.825401 | Promedio: 0.824943
[2026-05-14 15:18:20] Gen 0200 | Mejor fitness: 0.825401 | Promedio: 0.824768
[2026-05-14 15:18:20] Gen 0201 | Mejor fitness: 0.825401 | Promedio: 0.824802
[2026-05-14 15:18:20] Gen 0202 | Mejor fitness: 0.825401 | Promedio: 0.824901
[2026-05-14 15:18:20] Gen 0203 | Mejor fitness: 0.825401 | Promedio: 0.824685
[2026-05-14 15:18:20] Gen 0204 | Mejor fitness: 0.825401 | Promedio: 0.824934
[2026-05-14 15:18:20] Gen 0205 | Mejor fitness: 0.825401 | Promedio: 0.824810
[2026-05-14 15:18:20] Gen 0206 | Mejor fitness: 0.825401 | Promedio: 0.824780
[2026-05-14 15:18:20] Gen 0207 | Mejor fitness: 0.825401 | Promedio: 0.824808
[2026-05-14 15:18:20] Gen 0208 | Mejor fitness: 0.825401 | Promedio: 0.824664
[2026-05-14 15:18:20] Gen 0209 | Mejor fitness: 0.825401 | Promedio: 0.824649
[2026-05-14 15:18:20] Gen 0210 | Mejor fitness: 0.825401 | Promedio: 0.824738
[2026-05-14 15:18:20] Gen 0211 | Mejor fitness: 0.825401 | Promedio: 0.824836
[2026-05-14 15:18:20] Gen 0212 | Mejor fitness: 0.825401 | Promedio: 0.824875
[2026-05-14 15:18:20] Gen 0213 | Mejor fitness: 0.825401 | Promedio: 0.824736
[2026-05-14 15:18:20] Gen 0214 | Mejor fitness: 0.825401 | Promedio: 0.824961
[2026-05-14 15:18:20] Gen 0215 | Mejor fitness: 0.825401 | Promedio: 0.824927
[2026-05-14 15:18:20] Gen 0216 | Mejor fitness: 0.825401 | Promedio: 0.824862
[2026-05-14 15:18:20] Gen 0217 | Mejor fitness: 0.825401 | Promedio: 0.824740
[2026-05-14 15:18:20] Gen 0218 | Mejor fitness: 0.825401 | Promedio: 0.824780
[2026-05-14 15:18:20] Gen 0219 | Mejor fitness: 0.825401 | Promedio: 0.824769
[2026-05-14 15:18:20] Gen 0220 | Mejor fitness: 0.825401 | Promedio: 0.824916
[2026-05-14 15:18:20] Gen 0221 | Mejor fitness: 0.825401 | Promedio: 0.825009
[2026-05-14 15:18:20] Gen 0222 | Mejor fitness: 0.825401 | Promedio: 0.824740
[2026-05-14 15:18:20] Gen 0223 | Mejor fitness: 0.825401 | Promedio: 0.824860
[2026-05-14 15:18:20] Gen 0224 | Mejor fitness: 0.825401 | Promedio: 0.824863
[2026-05-14 15:18:20] Gen 0225 | Mejor fitness: 0.825401 | Promedio: 0.824762
[2026-05-14 15:18:20] Gen 0226 | Mejor fitness: 0.825401 | Promedio: 0.824704
[2026-05-14 15:18:20] Gen 0227 | Mejor fitness: 0.825401 | Promedio: 0.824862
[2026-05-14 15:18:20] Gen 0228 | Mejor fitness: 0.825401 | Promedio: 0.824865
[2026-05-14 15:18:20] Gen 0229 | Mejor fitness: 0.825401 | Promedio: 0.824810
[2026-05-14 15:18:20] Gen 0230 | Mejor fitness: 0.825401 | Promedio: 0.824723
[2026-05-14 15:18:20] Gen 0231 | Mejor fitness: 0.825401 | Promedio: 0.824827
[2026-05-14 15:18:20] Gen 0232 | Mejor fitness: 0.825401 | Promedio: 0.824892
[2026-05-14 15:18:20] Gen 0233 | Mejor fitness: 0.825401 | Promedio: 0.824776
[2026-05-14 15:18:20] Gen 0234 | Mejor fitness: 0.825401 | Promedio: 0.824927
[2026-05-14 15:18:20] Gen 0235 | Mejor fitness: 0.825401 | Promedio: 0.824750
[2026-05-14 15:18:20] Gen 0236 | Mejor fitness: 0.825401 | Promedio: 0.824866
[2026-05-14 15:18:20] Gen 0237 | Mejor fitness: 0.825401 | Promedio: 0.824880
[2026-05-14 15:18:20] Gen 0238 | Mejor fitness: 0.825401 | Promedio: 0.824869
[2026-05-14 15:18:20] Gen 0239 | Mejor fitness: 0.825401 | Promedio: 0.824682
[2026-05-14 15:18:20] Gen 0240 | Mejor fitness: 0.825401 | Promedio: 0.824670
[2026-05-14 15:18:20] Gen 0241 | Mejor fitness: 0.825401 | Promedio: 0.824850
[2026-05-14 15:18:20] Gen 0242 | Mejor fitness: 0.825401 | Promedio: 0.824801
[2026-05-14 15:18:20] Gen 0243 | Mejor fitness: 0.825401 | Promedio: 0.824835
[2026-05-14 15:18:20] Gen 0244 | Mejor fitness: 0.825401 | Promedio: 0.824680
[2026-05-14 15:18:20] Gen 0245 | Mejor fitness: 0.825401 | Promedio: 0.824898
[2026-05-14 15:18:20] Gen 0246 | Mejor fitness: 0.825401 | Promedio: 0.824690
[2026-05-14 15:18:20] Gen 0247 | Mejor fitness: 0.825401 | Promedio: 0.824819
[2026-05-14 15:18:20] Gen 0248 | Mejor fitness: 0.825401 | Promedio: 0.824827
[2026-05-14 15:18:20] Gen 0249 | Mejor fitness: 0.825401 | Promedio: 0.824829
[2026-05-14 15:18:20] Gen 0250 | Mejor fitness: 0.825401 | Promedio: 0.824576
[2026-05-14 15:18:20] Gen 0251 | Mejor fitness: 0.825401 | Promedio: 0.824732
[2026-05-14 15:18:20] Gen 0252 | Mejor fitness: 0.825401 | Promedio: 0.824906
[2026-05-14 15:18:20] Gen 0253 | Mejor fitness: 0.825401 | Promedio: 0.824727
[2026-05-14 15:18:20] Gen 0254 | Mejor fitness: 0.825401 | Promedio: 0.824802
[2026-05-14 15:18:20] Gen 0255 | Mejor fitness: 0.825401 | Promedio: 0.824949
[2026-05-14 15:18:20] Gen 0256 | Mejor fitness: 0.825401 | Promedio: 0.824913
[2026-05-14 15:18:20] Gen 0257 | Mejor fitness: 0.825401 | Promedio: 0.824838
[2026-05-14 15:18:20] Gen 0258 | Mejor fitness: 0.825401 | Promedio: 0.824579
[2026-05-14 15:18:20] Gen 0259 | Mejor fitness: 0.825401 | Promedio: 0.824855
[2026-05-14 15:18:20] Gen 0260 | Mejor fitness: 0.825401 | Promedio: 0.824714
[2026-05-14 15:18:20] Gen 0261 | Mejor fitness: 0.825401 | Promedio: 0.824834
[2026-05-14 15:18:20] Gen 0262 | Mejor fitness: 0.825401 | Promedio: 0.824758
[2026-05-14 15:18:20] Gen 0263 | Mejor fitness: 0.825401 | Promedio: 0.824757
[2026-05-14 15:18:20] Gen 0264 | Mejor fitness: 0.825401 | Promedio: 0.824918
[2026-05-14 15:18:20] Gen 0265 | Mejor fitness: 0.825401 | Promedio: 0.824742
[2026-05-14 15:18:20] Gen 0266 | Mejor fitness: 0.825401 | Promedio: 0.824875
[2026-05-14 15:18:20] Gen 0267 | Mejor fitness: 0.825401 | Promedio: 0.824919
[2026-05-14 15:18:20] Gen 0268 | Mejor fitness: 0.825401 | Promedio: 0.824805
[2026-05-14 15:18:20] Gen 0269 | Mejor fitness: 0.825401 | Promedio: 0.824734
[2026-05-14 15:18:20] Gen 0270 | Mejor fitness: 0.825401 | Promedio: 0.824786
[2026-05-14 15:18:20] Gen 0271 | Mejor fitness: 0.825401 | Promedio: 0.824891
[2026-05-14 15:18:20] Gen 0272 | Mejor fitness: 0.825401 | Promedio: 0.824994
[2026-05-14 15:18:20] Gen 0273 | Mejor fitness: 0.825401 | Promedio: 0.824893
[2026-05-14 15:18:20] Gen 0274 | Mejor fitness: 0.825401 | Promedio: 0.824847
[2026-05-14 15:18:20] Gen 0275 | Mejor fitness: 0.825401 | Promedio: 0.824646
[2026-05-14 15:18:20] Gen 0276 | Mejor fitness: 0.825401 | Promedio: 0.824883
[2026-05-14 15:18:20] Gen 0277 | Mejor fitness: 0.825401 | Promedio: 0.824858
[2026-05-14 15:18:20] Gen 0278 | Mejor fitness: 0.825401 | Promedio: 0.824887
[2026-05-14 15:18:20] Gen 0279 | Mejor fitness: 0.825401 | Promedio: 0.824799
[2026-05-14 15:18:20] Gen 0280 | Mejor fitness: 0.825401 | Promedio: 0.824834
[2026-05-14 15:18:20] Gen 0281 | Mejor fitness: 0.825401 | Promedio: 0.824797
[2026-05-14 15:18:20] Gen 0282 | Mejor fitness: 0.825401 | Promedio: 0.824772
[2026-05-14 15:18:20] Gen 0283 | Mejor fitness: 0.825401 | Promedio: 0.824707
[2026-05-14 15:18:20] Gen 0284 | Mejor fitness: 0.825401 | Promedio: 0.824865
[2026-05-14 15:18:20] Gen 0285 | Mejor fitness: 0.825401 | Promedio: 0.824888
[2026-05-14 15:18:20] Gen 0286 | Mejor fitness: 0.825401 | Promedio: 0.824637
[2026-05-14 15:18:20] Gen 0287 | Mejor fitness: 0.825401 | Promedio: 0.824850
[2026-05-14 15:18:20] Gen 0288 | Mejor fitness: 0.825401 | Promedio: 0.824861
[2026-05-14 15:18:20] Gen 0289 | Mejor fitness: 0.825401 | Promedio: 0.824897
[2026-05-14 15:18:20] Gen 0290 | Mejor fitness: 0.825401 | Promedio: 0.824830
[2026-05-14 15:18:20] Gen 0291 | Mejor fitness: 0.825401 | Promedio: 0.824678
[2026-05-14 15:18:20] Gen 0292 | Mejor fitness: 0.825401 | Promedio: 0.824606
[2026-05-14 15:18:20] Gen 0293 | Mejor fitness: 0.825401 | Promedio: 0.824883
[2026-05-14 15:18:20] Gen 0294 | Mejor fitness: 0.825401 | Promedio: 0.824911
[2026-05-14 15:18:20] Gen 0295 | Mejor fitness: 0.825401 | Promedio: 0.824796
[2026-05-14 15:18:20] Gen 0296 | Mejor fitness: 0.825401 | Promedio: 0.824660
[2026-05-14 15:18:20] Gen 0297 | Mejor fitness: 0.825401 | Promedio: 0.824851
[2026-05-14 15:18:20] Gen 0298 | Mejor fitness: 0.825401 | Promedio: 0.824838
[2026-05-14 15:18:20] Gen 0299 | Mejor fitness: 0.825401 | Promedio: 0.824831
[2026-05-14 15:18:20] Gen 0300 | Mejor fitness: 0.825401 | Promedio: 0.824752
[2026-05-14 15:18:20] Gen 0301 | Mejor fitness: 0.825401 | Promedio: 0.824690
[2026-05-14 15:18:20] Gen 0302 | Mejor fitness: 0.825401 | Promedio: 0.824822
[2026-05-14 15:18:20] Gen 0303 | Mejor fitness: 0.825401 | Promedio: 0.824859
[2026-05-14 15:18:20] Gen 0304 | Mejor fitness: 0.825401 | Promedio: 0.824854
[2026-05-14 15:18:20] Gen 0305 | Mejor fitness: 0.825401 | Promedio: 0.824879
[2026-05-14 15:18:20] Gen 0306 | Mejor fitness: 0.825401 | Promedio: 0.824807
[2026-05-14 15:18:20] Gen 0307 | Mejor fitness: 0.825401 | Promedio: 0.824781
[2026-05-14 15:18:20] Gen 0308 | Mejor fitness: 0.825401 | Promedio: 0.824850
[2026-05-14 15:18:20] Gen 0309 | Mejor fitness: 0.825401 | Promedio: 0.824816
[2026-05-14 15:18:20] Gen 0310 | Mejor fitness: 0.825401 | Promedio: 0.824689
[2026-05-14 15:18:20] Gen 0311 | Mejor fitness: 0.825401 | Promedio: 0.824723
[2026-05-14 15:18:20] Gen 0312 | Mejor fitness: 0.825401 | Promedio: 0.824823
[2026-05-14 15:18:20] Gen 0313 | Mejor fitness: 0.825401 | Promedio: 0.824857
[2026-05-14 15:18:20] Gen 0314 | Mejor fitness: 0.825401 | Promedio: 0.824698
[2026-05-14 15:18:20] Gen 0315 | Mejor fitness: 0.825401 | Promedio: 0.824775
[2026-05-14 15:18:20] Gen 0316 | Mejor fitness: 0.825401 | Promedio: 0.824780
[2026-05-14 15:18:20] Gen 0317 | Mejor fitness: 0.825401 | Promedio: 0.824935
[2026-05-14 15:18:20] Gen 0318 | Mejor fitness: 0.825401 | Promedio: 0.824874
[2026-05-14 15:18:20] Gen 0319 | Mejor fitness: 0.825401 | Promedio: 0.824834
[2026-05-14 15:18:20] Gen 0320 | Mejor fitness: 0.825401 | Promedio: 0.824864
[2026-05-14 15:18:20] Gen 0321 | Mejor fitness: 0.825401 | Promedio: 0.824742
[2026-05-14 15:18:20] Gen 0322 | Mejor fitness: 0.825401 | Promedio: 0.824801
[2026-05-14 15:18:20] Gen 0323 | Mejor fitness: 0.825401 | Promedio: 0.824613
[2026-05-14 15:18:20] Gen 0324 | Mejor fitness: 0.825401 | Promedio: 0.824786
[2026-05-14 15:18:20] Gen 0325 | Mejor fitness: 0.825401 | Promedio: 0.824762
[2026-05-14 15:18:20] Gen 0326 | Mejor fitness: 0.825401 | Promedio: 0.824764
[2026-05-14 15:18:20] Gen 0327 | Mejor fitness: 0.825401 | Promedio: 0.824724
[2026-05-14 15:18:20] Gen 0328 | Mejor fitness: 0.825401 | Promedio: 0.824869
[2026-05-14 15:18:20] Gen 0329 | Mejor fitness: 0.825401 | Promedio: 0.824857
[2026-05-14 15:18:20] Gen 0330 | Mejor fitness: 0.825401 | Promedio: 0.824874
[2026-05-14 15:18:20] Gen 0331 | Mejor fitness: 0.825401 | Promedio: 0.824638
[2026-05-14 15:18:20] Gen 0332 | Mejor fitness: 0.825401 | Promedio: 0.824886
[2026-05-14 15:18:20] Gen 0333 | Mejor fitness: 0.825401 | Promedio: 0.824953
[2026-05-14 15:18:20] Gen 0334 | Mejor fitness: 0.825401 | Promedio: 0.824726
[2026-05-14 15:18:20] Gen 0335 | Mejor fitness: 0.825401 | Promedio: 0.824829
[2026-05-14 15:18:20] Gen 0336 | Mejor fitness: 0.825401 | Promedio: 0.824874
[2026-05-14 15:18:20] Gen 0337 | Mejor fitness: 0.825401 | Promedio: 0.824792
[2026-05-14 15:18:20] Gen 0338 | Mejor fitness: 0.825401 | Promedio: 0.824803
[2026-05-14 15:18:20] Gen 0339 | Mejor fitness: 0.825401 | Promedio: 0.824893
[2026-05-14 15:18:20] Gen 0340 | Mejor fitness: 0.825401 | Promedio: 0.824846
[2026-05-14 15:18:20] Gen 0341 | Mejor fitness: 0.825401 | Promedio: 0.824770
[2026-05-14 15:18:20] Gen 0342 | Mejor fitness: 0.825401 | Promedio: 0.824859
[2026-05-14 15:18:20] Gen 0343 | Mejor fitness: 0.825401 | Promedio: 0.824648
[2026-05-14 15:18:20] Gen 0344 | Mejor fitness: 0.825401 | Promedio: 0.824838
[2026-05-14 15:18:21] Gen 0345 | Mejor fitness: 0.825401 | Promedio: 0.824864
[2026-05-14 15:18:21] Gen 0346 | Mejor fitness: 0.825401 | Promedio: 0.824746
[2026-05-14 15:18:21] Gen 0347 | Mejor fitness: 0.825401 | Promedio: 0.824797
[2026-05-14 15:18:21] Gen 0348 | Mejor fitness: 0.825401 | Promedio: 0.824989
[2026-05-14 15:18:21] Gen 0349 | Mejor fitness: 0.825401 | Promedio: 0.824765
[2026-05-14 15:18:21] Gen 0350 | Mejor fitness: 0.825401 | Promedio: 0.824842
[2026-05-14 15:18:21] Gen 0351 | Mejor fitness: 0.825401 | Promedio: 0.824836
[2026-05-14 15:18:21] Gen 0352 | Mejor fitness: 0.825401 | Promedio: 0.824807
[2026-05-14 15:18:21] Gen 0353 | Mejor fitness: 0.825401 | Promedio: 0.824858
[2026-05-14 15:18:21] Gen 0354 | Mejor fitness: 0.825401 | Promedio: 0.824799
[2026-05-14 15:18:21] Gen 0355 | Mejor fitness: 0.825401 | Promedio: 0.824810
[2026-05-14 15:18:21] Gen 0356 | Mejor fitness: 0.825401 | Promedio: 0.824812
[2026-05-14 15:18:21] Gen 0357 | Mejor fitness: 0.825401 | Promedio: 0.824772
[2026-05-14 15:18:21] Gen 0358 | Mejor fitness: 0.825401 | Promedio: 0.824852
[2026-05-14 15:18:21] Gen 0359 | Mejor fitness: 0.825401 | Promedio: 0.824861
[2026-05-14 15:18:21] Gen 0360 | Mejor fitness: 0.825401 | Promedio: 0.824745
[2026-05-14 15:18:21] Gen 0361 | Mejor fitness: 0.825401 | Promedio: 0.824811
[2026-05-14 15:18:21] Gen 0362 | Mejor fitness: 0.825401 | Promedio: 0.824735
[2026-05-14 15:18:21] Gen 0363 | Mejor fitness: 0.825401 | Promedio: 0.824716
[2026-05-14 15:18:21] Gen 0364 | Mejor fitness: 0.825401 | Promedio: 0.824831
[2026-05-14 15:18:21] Gen 0365 | Mejor fitness: 0.825401 | Promedio: 0.824814
[2026-05-14 15:18:21] Gen 0366 | Mejor fitness: 0.825401 | Promedio: 0.824784
[2026-05-14 15:18:21] Gen 0367 | Mejor fitness: 0.825401 | Promedio: 0.824762
[2026-05-14 15:18:21] Gen 0368 | Mejor fitness: 0.825401 | Promedio: 0.824650
[2026-05-14 15:18:21] Gen 0369 | Mejor fitness: 0.825401 | Promedio: 0.824824
[2026-05-14 15:18:21] Gen 0370 | Mejor fitness: 0.825401 | Promedio: 0.824861
[2026-05-14 15:18:21] Gen 0371 | Mejor fitness: 0.825401 | Promedio: 0.825000
[2026-05-14 15:18:21] Gen 0372 | Mejor fitness: 0.825401 | Promedio: 0.824895
[2026-05-14 15:18:21] Gen 0373 | Mejor fitness: 0.825401 | Promedio: 0.824844
[2026-05-14 15:18:21] Gen 0374 | Mejor fitness: 0.825401 | Promedio: 0.824820
[2026-05-14 15:18:21] Gen 0375 | Mejor fitness: 0.825401 | Promedio: 0.824718
[2026-05-14 15:18:21] Gen 0376 | Mejor fitness: 0.825401 | Promedio: 0.824947
[2026-05-14 15:18:21] Gen 0377 | Mejor fitness: 0.825401 | Promedio: 0.824887
[2026-05-14 15:18:21] Gen 0378 | Mejor fitness: 0.825401 | Promedio: 0.824863
[2026-05-14 15:18:21] Gen 0379 | Mejor fitness: 0.825401 | Promedio: 0.824871
[2026-05-14 15:18:21] Gen 0380 | Mejor fitness: 0.825401 | Promedio: 0.824726
[2026-05-14 15:18:21] Gen 0381 | Mejor fitness: 0.825401 | Promedio: 0.824805
[2026-05-14 15:18:21] Gen 0382 | Mejor fitness: 0.825401 | Promedio: 0.824771
[2026-05-14 15:18:21] Gen 0383 | Mejor fitness: 0.825401 | Promedio: 0.824847
[2026-05-14 15:18:21] Gen 0384 | Mejor fitness: 0.825401 | Promedio: 0.824776
[2026-05-14 15:18:21] Gen 0385 | Mejor fitness: 0.825401 | Promedio: 0.824780
[2026-05-14 15:18:21] Gen 0386 | Mejor fitness: 0.825401 | Promedio: 0.824947
[2026-05-14 15:18:21] Gen 0387 | Mejor fitness: 0.825401 | Promedio: 0.824905
[2026-05-14 15:18:21] Gen 0388 | Mejor fitness: 0.825401 | Promedio: 0.824813
[2026-05-14 15:18:21] Gen 0389 | Mejor fitness: 0.825401 | Promedio: 0.824877
[2026-05-14 15:18:21] Gen 0390 | Mejor fitness: 0.825401 | Promedio: 0.824793
[2026-05-14 15:18:21] Gen 0391 | Mejor fitness: 0.825401 | Promedio: 0.824781
[2026-05-14 15:18:21] Gen 0392 | Mejor fitness: 0.825401 | Promedio: 0.824865
[2026-05-14 15:18:21] Gen 0393 | Mejor fitness: 0.825401 | Promedio: 0.824801
[2026-05-14 15:18:21] Gen 0394 | Mejor fitness: 0.825401 | Promedio: 0.824802
[2026-05-14 15:18:21] Gen 0395 | Mejor fitness: 0.825401 | Promedio: 0.824819
[2026-05-14 15:18:21] Gen 0396 | Mejor fitness: 0.825401 | Promedio: 0.824760
[2026-05-14 15:18:21] Gen 0397 | Mejor fitness: 0.825401 | Promedio: 0.824777
[2026-05-14 15:18:21] Gen 0398 | Mejor fitness: 0.825401 | Promedio: 0.824771
[2026-05-14 15:18:21] Gen 0399 | Mejor fitness: 0.825401 | Promedio: 0.824908
[2026-05-14 15:18:21] Gen 0400 | Mejor fitness: 0.825401 | Promedio: 0.824742
[2026-05-14 15:18:21] Gen 0401 | Mejor fitness: 0.825401 | Promedio: 0.824789
[2026-05-14 15:18:21] Gen 0402 | Mejor fitness: 0.825401 | Promedio: 0.824883
[2026-05-14 15:18:21] Gen 0403 | Mejor fitness: 0.825401 | Promedio: 0.824690
[2026-05-14 15:18:21] Gen 0404 | Mejor fitness: 0.825401 | Promedio: 0.824909
[2026-05-14 15:18:21] Gen 0405 | Mejor fitness: 0.825401 | Promedio: 0.824939
[2026-05-14 15:18:21] Gen 0406 | Mejor fitness: 0.825401 | Promedio: 0.824786
[2026-05-14 15:18:21] Gen 0407 | Mejor fitness: 0.825401 | Promedio: 0.824852
[2026-05-14 15:18:21] Gen 0408 | Mejor fitness: 0.825401 | Promedio: 0.824838
[2026-05-14 15:18:21] Gen 0409 | Mejor fitness: 0.825401 | Promedio: 0.824917
[2026-05-14 15:18:21] Gen 0410 | Mejor fitness: 0.825401 | Promedio: 0.824852
[2026-05-14 15:18:21] Gen 0411 | Mejor fitness: 0.825401 | Promedio: 0.824893
[2026-05-14 15:18:21] Gen 0412 | Mejor fitness: 0.825401 | Promedio: 0.824829
[2026-05-14 15:18:21] Gen 0413 | Mejor fitness: 0.825401 | Promedio: 0.824802
[2026-05-14 15:18:21] Gen 0414 | Mejor fitness: 0.825401 | Promedio: 0.824869
[2026-05-14 15:18:21] Gen 0415 | Mejor fitness: 0.825401 | Promedio: 0.824754
[2026-05-14 15:18:21] Gen 0416 | Mejor fitness: 0.825401 | Promedio: 0.824690
[2026-05-14 15:18:21] Gen 0417 | Mejor fitness: 0.825401 | Promedio: 0.824874
[2026-05-14 15:18:21] Gen 0418 | Mejor fitness: 0.825401 | Promedio: 0.824665
[2026-05-14 15:18:21] Gen 0419 | Mejor fitness: 0.825401 | Promedio: 0.824896
[2026-05-14 15:18:21] Gen 0420 | Mejor fitness: 0.825401 | Promedio: 0.824861
[2026-05-14 15:18:21] Gen 0421 | Mejor fitness: 0.825401 | Promedio: 0.824909
[2026-05-14 15:18:21] Gen 0422 | Mejor fitness: 0.825401 | Promedio: 0.824725
[2026-05-14 15:18:21] Gen 0423 | Mejor fitness: 0.825401 | Promedio: 0.824936
[2026-05-14 15:18:21] Gen 0424 | Mejor fitness: 0.825401 | Promedio: 0.824752
[2026-05-14 15:18:21] Gen 0425 | Mejor fitness: 0.825401 | Promedio: 0.825026
[2026-05-14 15:18:21] Gen 0426 | Mejor fitness: 0.825401 | Promedio: 0.824654
[2026-05-14 15:18:21] Gen 0427 | Mejor fitness: 0.825401 | Promedio: 0.824961
[2026-05-14 15:18:21] Gen 0428 | Mejor fitness: 0.825401 | Promedio: 0.824760
[2026-05-14 15:18:21] Gen 0429 | Mejor fitness: 0.825401 | Promedio: 0.824887
[2026-05-14 15:18:21] Gen 0430 | Mejor fitness: 0.825401 | Promedio: 0.824747
[2026-05-14 15:18:21] Gen 0431 | Mejor fitness: 0.825401 | Promedio: 0.824857
[2026-05-14 15:18:21] Gen 0432 | Mejor fitness: 0.825401 | Promedio: 0.824964
[2026-05-14 15:18:21] Gen 0433 | Mejor fitness: 0.825401 | Promedio: 0.824849
[2026-05-14 15:18:21] Gen 0434 | Mejor fitness: 0.825401 | Promedio: 0.824911
[2026-05-14 15:18:21] Gen 0435 | Mejor fitness: 0.825401 | Promedio: 0.824914
[2026-05-14 15:18:21] Gen 0436 | Mejor fitness: 0.825401 | Promedio: 0.824690
[2026-05-14 15:18:21] Gen 0437 | Mejor fitness: 0.825401 | Promedio: 0.824660
[2026-05-14 15:18:21] Gen 0438 | Mejor fitness: 0.825401 | Promedio: 0.824747
[2026-05-14 15:18:21] Gen 0439 | Mejor fitness: 0.825401 | Promedio: 0.824752
[2026-05-14 15:18:21] Gen 0440 | Mejor fitness: 0.825401 | Promedio: 0.824822
[2026-05-14 15:18:21] Gen 0441 | Mejor fitness: 0.825401 | Promedio: 0.824837
[2026-05-14 15:18:21] Gen 0442 | Mejor fitness: 0.825401 | Promedio: 0.824838
[2026-05-14 15:18:21] Gen 0443 | Mejor fitness: 0.825401 | Promedio: 0.824704
[2026-05-14 15:18:21] Gen 0444 | Mejor fitness: 0.825401 | Promedio: 0.824878
[2026-05-14 15:18:21] Gen 0445 | Mejor fitness: 0.825401 | Promedio: 0.824933
[2026-05-14 15:18:21] Gen 0446 | Mejor fitness: 0.825401 | Promedio: 0.824724
[2026-05-14 15:18:21] Gen 0447 | Mejor fitness: 0.825401 | Promedio: 0.824765
[2026-05-14 15:18:21] Gen 0448 | Mejor fitness: 0.825401 | Promedio: 0.824854
[2026-05-14 15:18:21] Gen 0449 | Mejor fitness: 0.825401 | Promedio: 0.824902
[2026-05-14 15:18:21] Gen 0450 | Mejor fitness: 0.825401 | Promedio: 0.824775
[2026-05-14 15:18:21] Gen 0451 | Mejor fitness: 0.825401 | Promedio: 0.824698
[2026-05-14 15:18:21] Gen 0452 | Mejor fitness: 0.825401 | Promedio: 0.824859
[2026-05-14 15:18:21] Gen 0453 | Mejor fitness: 0.825401 | Promedio: 0.824843
[2026-05-14 15:18:21] Gen 0454 | Mejor fitness: 0.825401 | Promedio: 0.824797
[2026-05-14 15:18:21] Gen 0455 | Mejor fitness: 0.825401 | Promedio: 0.824826
[2026-05-14 15:18:21] Gen 0456 | Mejor fitness: 0.825401 | Promedio: 0.824814
[2026-05-14 15:18:21] Gen 0457 | Mejor fitness: 0.825401 | Promedio: 0.824934
[2026-05-14 15:18:21] Gen 0458 | Mejor fitness: 0.825401 | Promedio: 0.824782
[2026-05-14 15:18:21] Gen 0459 | Mejor fitness: 0.825401 | Promedio: 0.824751
[2026-05-14 15:18:21] Gen 0460 | Mejor fitness: 0.825401 | Promedio: 0.824738
[2026-05-14 15:18:21] Gen 0461 | Mejor fitness: 0.825401 | Promedio: 0.824731
[2026-05-14 15:18:21] Gen 0462 | Mejor fitness: 0.825401 | Promedio: 0.824764
[2026-05-14 15:18:21] Gen 0463 | Mejor fitness: 0.825401 | Promedio: 0.824750
[2026-05-14 15:18:21] Gen 0464 | Mejor fitness: 0.825401 | Promedio: 0.824900
[2026-05-14 15:18:21] Gen 0465 | Mejor fitness: 0.825401 | Promedio: 0.824911
[2026-05-14 15:18:21] Gen 0466 | Mejor fitness: 0.825401 | Promedio: 0.824834
[2026-05-14 15:18:21] Gen 0467 | Mejor fitness: 0.825401 | Promedio: 0.824726
[2026-05-14 15:18:21] Gen 0468 | Mejor fitness: 0.825401 | Promedio: 0.824840
[2026-05-14 15:18:21] Gen 0469 | Mejor fitness: 0.825401 | Promedio: 0.824882
[2026-05-14 15:18:21] Gen 0470 | Mejor fitness: 0.825401 | Promedio: 0.824757
[2026-05-14 15:18:21] Gen 0471 | Mejor fitness: 0.825401 | Promedio: 0.824832
[2026-05-14 15:18:21] Gen 0472 | Mejor fitness: 0.825401 | Promedio: 0.824868
[2026-05-14 15:18:21] Gen 0473 | Mejor fitness: 0.825401 | Promedio: 0.824948
[2026-05-14 15:18:21] Gen 0474 | Mejor fitness: 0.825401 | Promedio: 0.824760
[2026-05-14 15:18:21] Gen 0475 | Mejor fitness: 0.825401 | Promedio: 0.824769
[2026-05-14 15:18:21] Gen 0476 | Mejor fitness: 0.825402 | Promedio: 0.824743
[2026-05-14 15:18:21] Gen 0477 | Mejor fitness: 0.825402 | Promedio: 0.824729
[2026-05-14 15:18:21] Gen 0478 | Mejor fitness: 0.825402 | Promedio: 0.824814
[2026-05-14 15:18:21] Gen 0479 | Mejor fitness: 0.825402 | Promedio: 0.824845
[2026-05-14 15:18:21] Gen 0480 | Mejor fitness: 0.825402 | Promedio: 0.824707
[2026-05-14 15:18:21] Gen 0481 | Mejor fitness: 0.825402 | Promedio: 0.824896
[2026-05-14 15:18:21] Gen 0482 | Mejor fitness: 0.825402 | Promedio: 0.824803
[2026-05-14 15:18:21] Gen 0483 | Mejor fitness: 0.825402 | Promedio: 0.824860
[2026-05-14 15:18:21] Gen 0484 | Mejor fitness: 0.825402 | Promedio: 0.824808
[2026-05-14 15:18:21] Gen 0485 | Mejor fitness: 0.825402 | Promedio: 0.824740
[2026-05-14 15:18:21] Gen 0486 | Mejor fitness: 0.825402 | Promedio: 0.824682
[2026-05-14 15:18:21] Gen 0487 | Mejor fitness: 0.825402 | Promedio: 0.824769
[2026-05-14 15:18:21] Gen 0488 | Mejor fitness: 0.825402 | Promedio: 0.824859
[2026-05-14 15:18:21] Gen 0489 | Mejor fitness: 0.825402 | Promedio: 0.824686
[2026-05-14 15:18:21] Gen 0490 | Mejor fitness: 0.825402 | Promedio: 0.824874
[2026-05-14 15:18:21] Gen 0491 | Mejor fitness: 0.825402 | Promedio: 0.824783
[2026-05-14 15:18:21] Gen 0492 | Mejor fitness: 0.825402 | Promedio: 0.824806
[2026-05-14 15:18:21] Gen 0493 | Mejor fitness: 0.825402 | Promedio: 0.824611
[2026-05-14 15:18:21] Gen 0494 | Mejor fitness: 0.825402 | Promedio: 0.824771
[2026-05-14 15:18:21] Gen 0495 | Mejor fitness: 0.825402 | Promedio: 0.824746
[2026-05-14 15:18:21] Gen 0496 | Mejor fitness: 0.825402 | Promedio: 0.824701
[2026-05-14 15:18:21] Gen 0497 | Mejor fitness: 0.825402 | Promedio: 0.824650
[2026-05-14 15:18:21] Gen 0498 | Mejor fitness: 0.825402 | Promedio: 0.824701
[2026-05-14 15:18:21] Gen 0499 | Mejor fitness: 0.825402 | Promedio: 0.824786
[2026-05-14 15:18:21] Gen 0500 | Mejor fitness: 0.825402 | Promedio: 0.824819
[2026-05-14 15:18:21] Gen 0501 | Mejor fitness: 0.825402 | Promedio: 0.824693
[2026-05-14 15:18:21] Gen 0502 | Mejor fitness: 0.825402 | Promedio: 0.824774
[2026-05-14 15:18:21] Gen 0503 | Mejor fitness: 0.825402 | Promedio: 0.824739
[2026-05-14 15:18:21] Gen 0504 | Mejor fitness: 0.825402 | Promedio: 0.824810
[2026-05-14 15:18:21] Gen 0505 | Mejor fitness: 0.825402 | Promedio: 0.824840
[2026-05-14 15:18:21] Gen 0506 | Mejor fitness: 0.825402 | Promedio: 0.824768
[2026-05-14 15:18:21] Gen 0507 | Mejor fitness: 0.825402 | Promedio: 0.824718
[2026-05-14 15:18:21] Gen 0508 | Mejor fitness: 0.825402 | Promedio: 0.824731
[2026-05-14 15:18:21] Gen 0509 | Mejor fitness: 0.825402 | Promedio: 0.824837
[2026-05-14 15:18:21] Gen 0510 | Mejor fitness: 0.825402 | Promedio: 0.824925
[2026-05-14 15:18:21] Gen 0511 | Mejor fitness: 0.825402 | Promedio: 0.824893
[2026-05-14 15:18:21] Gen 0512 | Mejor fitness: 0.825402 | Promedio: 0.824749
[2026-05-14 15:18:21] Gen 0513 | Mejor fitness: 0.825402 | Promedio: 0.824794
[2026-05-14 15:18:21] Gen 0514 | Mejor fitness: 0.825402 | Promedio: 0.824765
[2026-05-14 15:18:21] Gen 0515 | Mejor fitness: 0.825402 | Promedio: 0.824819
[2026-05-14 15:18:21] Gen 0516 | Mejor fitness: 0.825402 | Promedio: 0.824771
[2026-05-14 15:18:21] Gen 0517 | Mejor fitness: 0.825402 | Promedio: 0.824726
[2026-05-14 15:18:21] Gen 0518 | Mejor fitness: 0.825402 | Promedio: 0.824931
[2026-05-14 15:18:21] Gen 0519 | Mejor fitness: 0.825402 | Promedio: 0.824813
[2026-05-14 15:18:21] Gen 0520 | Mejor fitness: 0.825402 | Promedio: 0.824813
[2026-05-14 15:18:21] Gen 0521 | Mejor fitness: 0.825402 | Promedio: 0.824832
[2026-05-14 15:18:21] Gen 0522 | Mejor fitness: 0.825402 | Promedio: 0.824846
[2026-05-14 15:18:21] Gen 0523 | Mejor fitness: 0.825402 | Promedio: 0.824866
[2026-05-14 15:18:21] Gen 0524 | Mejor fitness: 0.825402 | Promedio: 0.824916
[2026-05-14 15:18:21] Gen 0525 | Mejor fitness: 0.825402 | Promedio: 0.824861
[2026-05-14 15:18:21] Gen 0526 | Mejor fitness: 0.825402 | Promedio: 0.824814
[2026-05-14 15:18:21] Gen 0527 | Mejor fitness: 0.825402 | Promedio: 0.824664
[2026-05-14 15:18:21] Gen 0528 | Mejor fitness: 0.825402 | Promedio: 0.824745
[2026-05-14 15:18:21] Gen 0529 | Mejor fitness: 0.825402 | Promedio: 0.824823
[2026-05-14 15:18:21] Gen 0530 | Mejor fitness: 0.825402 | Promedio: 0.824762
[2026-05-14 15:18:21] Gen 0531 | Mejor fitness: 0.825402 | Promedio: 0.824948
[2026-05-14 15:18:21] Gen 0532 | Mejor fitness: 0.825402 | Promedio: 0.824774
[2026-05-14 15:18:21] Gen 0533 | Mejor fitness: 0.825402 | Promedio: 0.824693
[2026-05-14 15:18:21] Gen 0534 | Mejor fitness: 0.825402 | Promedio: 0.824680
[2026-05-14 15:18:21] Gen 0535 | Mejor fitness: 0.825402 | Promedio: 0.824782
[2026-05-14 15:18:21] Gen 0536 | Mejor fitness: 0.825402 | Promedio: 0.824780
[2026-05-14 15:18:21] Gen 0537 | Mejor fitness: 0.825402 | Promedio: 0.824830
[2026-05-14 15:18:21] Gen 0538 | Mejor fitness: 0.825402 | Promedio: 0.824860
[2026-05-14 15:18:21] Gen 0539 | Mejor fitness: 0.825402 | Promedio: 0.824851
[2026-05-14 15:18:21] Gen 0540 | Mejor fitness: 0.825402 | Promedio: 0.824910
[2026-05-14 15:18:21] Gen 0541 | Mejor fitness: 0.825402 | Promedio: 0.824774
[2026-05-14 15:18:21] Gen 0542 | Mejor fitness: 0.825402 | Promedio: 0.824965
[2026-05-14 15:18:21] Gen 0543 | Mejor fitness: 0.825402 | Promedio: 0.824783
[2026-05-14 15:18:21] Gen 0544 | Mejor fitness: 0.825402 | Promedio: 0.824759
[2026-05-14 15:18:21] Gen 0545 | Mejor fitness: 0.825402 | Promedio: 0.824919
[2026-05-14 15:18:21] Gen 0546 | Mejor fitness: 0.825402 | Promedio: 0.824840
[2026-05-14 15:18:21] Gen 0547 | Mejor fitness: 0.825402 | Promedio: 0.824902
[2026-05-14 15:18:21] Gen 0548 | Mejor fitness: 0.825402 | Promedio: 0.824767
[2026-05-14 15:18:21] Gen 0549 | Mejor fitness: 0.825402 | Promedio: 0.824820
[2026-05-14 15:18:21] Gen 0550 | Mejor fitness: 0.825402 | Promedio: 0.824830
[2026-05-14 15:18:21] Gen 0551 | Mejor fitness: 0.825402 | Promedio: 0.824786
[2026-05-14 15:18:21] Gen 0552 | Mejor fitness: 0.825402 | Promedio: 0.824819
[2026-05-14 15:18:21] Gen 0553 | Mejor fitness: 0.825402 | Promedio: 0.824748
[2026-05-14 15:18:21] Gen 0554 | Mejor fitness: 0.825402 | Promedio: 0.824901
[2026-05-14 15:18:22] Gen 0555 | Mejor fitness: 0.825402 | Promedio: 0.824696
[2026-05-14 15:18:22] Gen 0556 | Mejor fitness: 0.825402 | Promedio: 0.824831
[2026-05-14 15:18:22] Gen 0557 | Mejor fitness: 0.825402 | Promedio: 0.824697
[2026-05-14 15:18:22] Gen 0558 | Mejor fitness: 0.825402 | Promedio: 0.824841
[2026-05-14 15:18:22] Gen 0559 | Mejor fitness: 0.825402 | Promedio: 0.824818
[2026-05-14 15:18:22] Gen 0560 | Mejor fitness: 0.825402 | Promedio: 0.824851
[2026-05-14 15:18:22] Gen 0561 | Mejor fitness: 0.825402 | Promedio: 0.824776
[2026-05-14 15:18:22] Gen 0562 | Mejor fitness: 0.825402 | Promedio: 0.824683
[2026-05-14 15:18:22] Gen 0563 | Mejor fitness: 0.825402 | Promedio: 0.824917
[2026-05-14 15:18:22] Gen 0564 | Mejor fitness: 0.825402 | Promedio: 0.824712
[2026-05-14 15:18:22] Gen 0565 | Mejor fitness: 0.825402 | Promedio: 0.824736
[2026-05-14 15:18:22] Gen 0566 | Mejor fitness: 0.825402 | Promedio: 0.824762
[2026-05-14 15:18:22] Gen 0567 | Mejor fitness: 0.825402 | Promedio: 0.824785
[2026-05-14 15:18:22] Gen 0568 | Mejor fitness: 0.825402 | Promedio: 0.824847
[2026-05-14 15:18:22] Gen 0569 | Mejor fitness: 0.825402 | Promedio: 0.824795
[2026-05-14 15:18:22] Gen 0570 | Mejor fitness: 0.825402 | Promedio: 0.824860
[2026-05-14 15:18:22] Gen 0571 | Mejor fitness: 0.825402 | Promedio: 0.824820
[2026-05-14 15:18:22] Gen 0572 | Mejor fitness: 0.825402 | Promedio: 0.824747
[2026-05-14 15:18:22] Gen 0573 | Mejor fitness: 0.825402 | Promedio: 0.824856
[2026-05-14 15:18:22] Gen 0574 | Mejor fitness: 0.825402 | Promedio: 0.824834
[2026-05-14 15:18:22] Gen 0575 | Mejor fitness: 0.825402 | Promedio: 0.824823
[2026-05-14 15:18:22] Gen 0576 | Mejor fitness: 0.825402 | Promedio: 0.824988
[2026-05-14 15:18:22] Gen 0577 | Mejor fitness: 0.825402 | Promedio: 0.824883
[2026-05-14 15:18:22] Gen 0578 | Mejor fitness: 0.825402 | Promedio: 0.824872
[2026-05-14 15:18:22] Gen 0579 | Mejor fitness: 0.825402 | Promedio: 0.824874
[2026-05-14 15:18:22] Gen 0580 | Mejor fitness: 0.825402 | Promedio: 0.824920
[2026-05-14 15:18:22] Gen 0581 | Mejor fitness: 0.825402 | Promedio: 0.824794
[2026-05-14 15:18:22] Gen 0582 | Mejor fitness: 0.825402 | Promedio: 0.824733
[2026-05-14 15:18:22] Gen 0583 | Mejor fitness: 0.825402 | Promedio: 0.824825
[2026-05-14 15:18:22] Gen 0584 | Mejor fitness: 0.825402 | Promedio: 0.824797
[2026-05-14 15:18:22] Gen 0585 | Mejor fitness: 0.825402 | Promedio: 0.824890
[2026-05-14 15:18:22] Gen 0586 | Mejor fitness: 0.825402 | Promedio: 0.824878
[2026-05-14 15:18:22] Gen 0587 | Mejor fitness: 0.825402 | Promedio: 0.824891
[2026-05-14 15:18:22] Gen 0588 | Mejor fitness: 0.825402 | Promedio: 0.824714
[2026-05-14 15:18:22] Gen 0589 | Mejor fitness: 0.825402 | Promedio: 0.824926
[2026-05-14 15:18:22] Gen 0590 | Mejor fitness: 0.825402 | Promedio: 0.824861
[2026-05-14 15:18:22] Gen 0591 | Mejor fitness: 0.825402 | Promedio: 0.824957
[2026-05-14 15:18:22] Gen 0592 | Mejor fitness: 0.825402 | Promedio: 0.824678
[2026-05-14 15:18:22] Gen 0593 | Mejor fitness: 0.825402 | Promedio: 0.824797
[2026-05-14 15:18:22] Gen 0594 | Mejor fitness: 0.825402 | Promedio: 0.824809
[2026-05-14 15:18:22] Gen 0595 | Mejor fitness: 0.825402 | Promedio: 0.824738
[2026-05-14 15:18:22] Gen 0596 | Mejor fitness: 0.825402 | Promedio: 0.824825
[2026-05-14 15:18:22] Gen 0597 | Mejor fitness: 0.825402 | Promedio: 0.824877
[2026-05-14 15:18:22] Gen 0598 | Mejor fitness: 0.825402 | Promedio: 0.824869
[2026-05-14 15:18:22] Gen 0599 | Mejor fitness: 0.825402 | Promedio: 0.824808
[2026-05-14 15:18:22] Gen 0600 | Mejor fitness: 0.825402 | Promedio: 0.824819
[2026-05-14 15:18:22] Gen 0601 | Mejor fitness: 0.825402 | Promedio: 0.824808
[2026-05-14 15:18:22] Gen 0602 | Mejor fitness: 0.825402 | Promedio: 0.824762
[2026-05-14 15:18:22] Gen 0603 | Mejor fitness: 0.825402 | Promedio: 0.824799
[2026-05-14 15:18:22] Gen 0604 | Mejor fitness: 0.825402 | Promedio: 0.824802
[2026-05-14 15:18:22] Gen 0605 | Mejor fitness: 0.825402 | Promedio: 0.824881
[2026-05-14 15:18:22] Gen 0606 | Mejor fitness: 0.825402 | Promedio: 0.824789
[2026-05-14 15:18:22] Gen 0607 | Mejor fitness: 0.825402 | Promedio: 0.824776
[2026-05-14 15:18:22] Gen 0608 | Mejor fitness: 0.825402 | Promedio: 0.824784
[2026-05-14 15:18:22] Gen 0609 | Mejor fitness: 0.825402 | Promedio: 0.824827
[2026-05-14 15:18:22] Gen 0610 | Mejor fitness: 0.825402 | Promedio: 0.824656
[2026-05-14 15:18:22] Gen 0611 | Mejor fitness: 0.825402 | Promedio: 0.824878
[2026-05-14 15:18:22] Gen 0612 | Mejor fitness: 0.825402 | Promedio: 0.824756
[2026-05-14 15:18:22] Gen 0613 | Mejor fitness: 0.825402 | Promedio: 0.824803
[2026-05-14 15:18:22] Gen 0614 | Mejor fitness: 0.825402 | Promedio: 0.824744
[2026-05-14 15:18:22] Gen 0615 | Mejor fitness: 0.825402 | Promedio: 0.824748
[2026-05-14 15:18:22] Gen 0616 | Mejor fitness: 0.825402 | Promedio: 0.824789
[2026-05-14 15:18:22] Gen 0617 | Mejor fitness: 0.825402 | Promedio: 0.824708
[2026-05-14 15:18:22] Gen 0618 | Mejor fitness: 0.825402 | Promedio: 0.824883
[2026-05-14 15:18:22] Gen 0619 | Mejor fitness: 0.825402 | Promedio: 0.824898
[2026-05-14 15:18:22] Gen 0620 | Mejor fitness: 0.825402 | Promedio: 0.824918
[2026-05-14 15:18:22] Gen 0621 | Mejor fitness: 0.825402 | Promedio: 0.824801
[2026-05-14 15:18:22] Gen 0622 | Mejor fitness: 0.825402 | Promedio: 0.824868
[2026-05-14 15:18:22] Gen 0623 | Mejor fitness: 0.825402 | Promedio: 0.824892
[2026-05-14 15:18:22] Gen 0624 | Mejor fitness: 0.825402 | Promedio: 0.824835
[2026-05-14 15:18:22] Gen 0625 | Mejor fitness: 0.825402 | Promedio: 0.824692
[2026-05-14 15:18:22] Gen 0626 | Mejor fitness: 0.825402 | Promedio: 0.824697
[2026-05-14 15:18:22] Gen 0627 | Mejor fitness: 0.825402 | Promedio: 0.824907
[2026-05-14 15:18:22] Gen 0628 | Mejor fitness: 0.825402 | Promedio: 0.824722
[2026-05-14 15:18:22] Gen 0629 | Mejor fitness: 0.825402 | Promedio: 0.824844
[2026-05-14 15:18:22] Gen 0630 | Mejor fitness: 0.825402 | Promedio: 0.824845
[2026-05-14 15:18:22] Gen 0631 | Mejor fitness: 0.825402 | Promedio: 0.824752
[2026-05-14 15:18:22] Gen 0632 | Mejor fitness: 0.825402 | Promedio: 0.824769
[2026-05-14 15:18:22] Gen 0633 | Mejor fitness: 0.825402 | Promedio: 0.824767
[2026-05-14 15:18:22] Gen 0634 | Mejor fitness: 0.825402 | Promedio: 0.824813
[2026-05-14 15:18:22] Gen 0635 | Mejor fitness: 0.825402 | Promedio: 0.824855
[2026-05-14 15:18:22] Gen 0636 | Mejor fitness: 0.825402 | Promedio: 0.824856
[2026-05-14 15:18:22] Gen 0637 | Mejor fitness: 0.825402 | Promedio: 0.824849
[2026-05-14 15:18:22] Gen 0638 | Mejor fitness: 0.825402 | Promedio: 0.824891
[2026-05-14 15:18:22] Gen 0639 | Mejor fitness: 0.825402 | Promedio: 0.824844
[2026-05-14 15:18:22] Gen 0640 | Mejor fitness: 0.825402 | Promedio: 0.824775
[2026-05-14 15:18:22] Gen 0641 | Mejor fitness: 0.825402 | Promedio: 0.824850
[2026-05-14 15:18:22] Gen 0642 | Mejor fitness: 0.825402 | Promedio: 0.824855
[2026-05-14 15:18:22] Gen 0643 | Mejor fitness: 0.825402 | Promedio: 0.824822
[2026-05-14 15:18:22] Gen 0644 | Mejor fitness: 0.825402 | Promedio: 0.824726
[2026-05-14 15:18:22] Gen 0645 | Mejor fitness: 0.825402 | Promedio: 0.824738
[2026-05-14 15:18:22] Gen 0646 | Mejor fitness: 0.825402 | Promedio: 0.824821
[2026-05-14 15:18:22] Gen 0647 | Mejor fitness: 0.825402 | Promedio: 0.824963
[2026-05-14 15:18:22] Gen 0648 | Mejor fitness: 0.825402 | Promedio: 0.824687
[2026-05-14 15:18:22] Gen 0649 | Mejor fitness: 0.825402 | Promedio: 0.824803
[2026-05-14 15:18:22] Gen 0650 | Mejor fitness: 0.825402 | Promedio: 0.824808
[2026-05-14 15:18:22] Gen 0651 | Mejor fitness: 0.825402 | Promedio: 0.824823
[2026-05-14 15:18:22] Gen 0652 | Mejor fitness: 0.825402 | Promedio: 0.824797
[2026-05-14 15:18:22] Gen 0653 | Mejor fitness: 0.825402 | Promedio: 0.824865
[2026-05-14 15:18:22] Gen 0654 | Mejor fitness: 0.825402 | Promedio: 0.824870
[2026-05-14 15:18:22] Gen 0655 | Mejor fitness: 0.825402 | Promedio: 0.824865
[2026-05-14 15:18:22] Gen 0656 | Mejor fitness: 0.825402 | Promedio: 0.824740
[2026-05-14 15:18:22] Gen 0657 | Mejor fitness: 0.825402 | Promedio: 0.824829
[2026-05-14 15:18:22] Gen 0658 | Mejor fitness: 0.825402 | Promedio: 0.824719
[2026-05-14 15:18:22] Gen 0659 | Mejor fitness: 0.825402 | Promedio: 0.824854
[2026-05-14 15:18:22] Gen 0660 | Mejor fitness: 0.825402 | Promedio: 0.825027
[2026-05-14 15:18:22] Gen 0661 | Mejor fitness: 0.825402 | Promedio: 0.824809
[2026-05-14 15:18:22] Gen 0662 | Mejor fitness: 0.825402 | Promedio: 0.824848
[2026-05-14 15:18:22] Gen 0663 | Mejor fitness: 0.825402 | Promedio: 0.824910
[2026-05-14 15:18:22] Gen 0664 | Mejor fitness: 0.825402 | Promedio: 0.824839
[2026-05-14 15:18:22] Gen 0665 | Mejor fitness: 0.825402 | Promedio: 0.824820
[2026-05-14 15:18:22] Gen 0666 | Mejor fitness: 0.825402 | Promedio: 0.824700
[2026-05-14 15:18:22] Gen 0667 | Mejor fitness: 0.825402 | Promedio: 0.824864
[2026-05-14 15:18:22] Gen 0668 | Mejor fitness: 0.825402 | Promedio: 0.824772
[2026-05-14 15:18:22] Gen 0669 | Mejor fitness: 0.825402 | Promedio: 0.824717
[2026-05-14 15:18:22] Gen 0670 | Mejor fitness: 0.825402 | Promedio: 0.824870
[2026-05-14 15:18:22] Gen 0671 | Mejor fitness: 0.825402 | Promedio: 0.824870
[2026-05-14 15:18:22] Gen 0672 | Mejor fitness: 0.825402 | Promedio: 0.824822
[2026-05-14 15:18:22] Gen 0673 | Mejor fitness: 0.825402 | Promedio: 0.824762
[2026-05-14 15:18:22] Gen 0674 | Mejor fitness: 0.825402 | Promedio: 0.824755
[2026-05-14 15:18:22] Gen 0675 | Mejor fitness: 0.825402 | Promedio: 0.824889
[2026-05-14 15:18:22] Gen 0676 | Mejor fitness: 0.825402 | Promedio: 0.824701
[2026-05-14 15:18:22] Gen 0677 | Mejor fitness: 0.825402 | Promedio: 0.824892
[2026-05-14 15:18:22] Gen 0678 | Mejor fitness: 0.825402 | Promedio: 0.824806
[2026-05-14 15:18:22] Gen 0679 | Mejor fitness: 0.825402 | Promedio: 0.824863
[2026-05-14 15:18:22] Gen 0680 | Mejor fitness: 0.825402 | Promedio: 0.824924
[2026-05-14 15:18:22] Gen 0681 | Mejor fitness: 0.825402 | Promedio: 0.824754
[2026-05-14 15:18:22] Gen 0682 | Mejor fitness: 0.825402 | Promedio: 0.824856
[2026-05-14 15:18:22] Gen 0683 | Mejor fitness: 0.825402 | Promedio: 0.824858
[2026-05-14 15:18:22] Gen 0684 | Mejor fitness: 0.825402 | Promedio: 0.824859
[2026-05-14 15:18:22] Gen 0685 | Mejor fitness: 0.825402 | Promedio: 0.824707
[2026-05-14 15:18:22] Gen 0686 | Mejor fitness: 0.825402 | Promedio: 0.824850
[2026-05-14 15:18:22] Gen 0687 | Mejor fitness: 0.825402 | Promedio: 0.824956
[2026-05-14 15:18:22] Gen 0688 | Mejor fitness: 0.825402 | Promedio: 0.824872
[2026-05-14 15:18:22] Gen 0689 | Mejor fitness: 0.825402 | Promedio: 0.824841
[2026-05-14 15:18:22] Gen 0690 | Mejor fitness: 0.825402 | Promedio: 0.824858
[2026-05-14 15:18:22] Gen 0691 | Mejor fitness: 0.825402 | Promedio: 0.824837
[2026-05-14 15:18:22] Gen 0692 | Mejor fitness: 0.825402 | Promedio: 0.824883
[2026-05-14 15:18:22] Gen 0693 | Mejor fitness: 0.825402 | Promedio: 0.824801
[2026-05-14 15:18:22] Gen 0694 | Mejor fitness: 0.825402 | Promedio: 0.824899
[2026-05-14 15:18:22] Gen 0695 | Mejor fitness: 0.825402 | Promedio: 0.824660
[2026-05-14 15:18:22] Gen 0696 | Mejor fitness: 0.825402 | Promedio: 0.824871
[2026-05-14 15:18:22] Gen 0697 | Mejor fitness: 0.825402 | Promedio: 0.824783
[2026-05-14 15:18:22] Gen 0698 | Mejor fitness: 0.825402 | Promedio: 0.824887
[2026-05-14 15:18:22] Gen 0699 | Mejor fitness: 0.825402 | Promedio: 0.824684
[2026-05-14 15:18:22] Gen 0700 | Mejor fitness: 0.825402 | Promedio: 0.824773
[2026-05-14 15:18:22] Gen 0701 | Mejor fitness: 0.825402 | Promedio: 0.824865
[2026-05-14 15:18:22] Gen 0702 | Mejor fitness: 0.825402 | Promedio: 0.824753
[2026-05-14 15:18:22] Gen 0703 | Mejor fitness: 0.825402 | Promedio: 0.824714
[2026-05-14 15:18:22] Gen 0704 | Mejor fitness: 0.825402 | Promedio: 0.824914
[2026-05-14 15:18:22] Gen 0705 | Mejor fitness: 0.825402 | Promedio: 0.824769
[2026-05-14 15:18:22] Gen 0706 | Mejor fitness: 0.825402 | Promedio: 0.824736
[2026-05-14 15:18:22] Gen 0707 | Mejor fitness: 0.825402 | Promedio: 0.824672
[2026-05-14 15:18:22] Gen 0708 | Mejor fitness: 0.825402 | Promedio: 0.824769
[2026-05-14 15:18:22] Gen 0709 | Mejor fitness: 0.825402 | Promedio: 0.824833
[2026-05-14 15:18:22] Gen 0710 | Mejor fitness: 0.825402 | Promedio: 0.824809
[2026-05-14 15:18:22] Gen 0711 | Mejor fitness: 0.825402 | Promedio: 0.824831
[2026-05-14 15:18:22] Gen 0712 | Mejor fitness: 0.825402 | Promedio: 0.824792
[2026-05-14 15:18:22] Gen 0713 | Mejor fitness: 0.825402 | Promedio: 0.824793
[2026-05-14 15:18:22] Gen 0714 | Mejor fitness: 0.825402 | Promedio: 0.824759
[2026-05-14 15:18:22] Gen 0715 | Mejor fitness: 0.825402 | Promedio: 0.824751
[2026-05-14 15:18:22] Gen 0716 | Mejor fitness: 0.825402 | Promedio: 0.824786
[2026-05-14 15:18:22] Gen 0717 | Mejor fitness: 0.825402 | Promedio: 0.824751
[2026-05-14 15:18:22] Gen 0718 | Mejor fitness: 0.825402 | Promedio: 0.824787
[2026-05-14 15:18:22] Gen 0719 | Mejor fitness: 0.825402 | Promedio: 0.824737
[2026-05-14 15:18:22] Gen 0720 | Mejor fitness: 0.825402 | Promedio: 0.824768
[2026-05-14 15:18:22] Gen 0721 | Mejor fitness: 0.825402 | Promedio: 0.824771
[2026-05-14 15:18:22] Gen 0722 | Mejor fitness: 0.825402 | Promedio: 0.824762
[2026-05-14 15:18:22] Gen 0723 | Mejor fitness: 0.825402 | Promedio: 0.824754
[2026-05-14 15:18:22] Gen 0724 | Mejor fitness: 0.825402 | Promedio: 0.824660
[2026-05-14 15:18:22] Gen 0725 | Mejor fitness: 0.825402 | Promedio: 0.824752
[2026-05-14 15:18:22] Gen 0726 | Mejor fitness: 0.825402 | Promedio: 0.824802
[2026-05-14 15:18:22] Gen 0727 | Mejor fitness: 0.825402 | Promedio: 0.824909
[2026-05-14 15:18:22] Gen 0728 | Mejor fitness: 0.825402 | Promedio: 0.824757
[2026-05-14 15:18:22] Gen 0729 | Mejor fitness: 0.825402 | Promedio: 0.824918
[2026-05-14 15:18:22] Gen 0730 | Mejor fitness: 0.825402 | Promedio: 0.824827
[2026-05-14 15:18:22] Gen 0731 | Mejor fitness: 0.825402 | Promedio: 0.824790
[2026-05-14 15:18:22] Gen 0732 | Mejor fitness: 0.825402 | Promedio: 0.824732
[2026-05-14 15:18:22] Gen 0733 | Mejor fitness: 0.825402 | Promedio: 0.824670
[2026-05-14 15:18:22] Gen 0734 | Mejor fitness: 0.825402 | Promedio: 0.824753
[2026-05-14 15:18:22] Gen 0735 | Mejor fitness: 0.825402 | Promedio: 0.824893
[2026-05-14 15:18:22] Gen 0736 | Mejor fitness: 0.825402 | Promedio: 0.824857
[2026-05-14 15:18:22] Gen 0737 | Mejor fitness: 0.825402 | Promedio: 0.824831
[2026-05-14 15:18:22] Gen 0738 | Mejor fitness: 0.825402 | Promedio: 0.824796
[2026-05-14 15:18:22] Gen 0739 | Mejor fitness: 0.825402 | Promedio: 0.824749
[2026-05-14 15:18:22] Gen 0740 | Mejor fitness: 0.825402 | Promedio: 0.824861
[2026-05-14 15:18:22] Gen 0741 | Mejor fitness: 0.825402 | Promedio: 0.824785
[2026-05-14 15:18:22] Gen 0742 | Mejor fitness: 0.825402 | Promedio: 0.824866
[2026-05-14 15:18:22] Gen 0743 | Mejor fitness: 0.825402 | Promedio: 0.824781
[2026-05-14 15:18:22] Gen 0744 | Mejor fitness: 0.825402 | Promedio: 0.824924
[2026-05-14 15:18:22] Gen 0745 | Mejor fitness: 0.825402 | Promedio: 0.824834
[2026-05-14 15:18:22] Gen 0746 | Mejor fitness: 0.825402 | Promedio: 0.824755
[2026-05-14 15:18:22] Gen 0747 | Mejor fitness: 0.825402 | Promedio: 0.824619
[2026-05-14 15:18:22] Gen 0748 | Mejor fitness: 0.825402 | Promedio: 0.824822
[2026-05-14 15:18:22] Gen 0749 | Mejor fitness: 0.825402 | Promedio: 0.824845
[2026-05-14 15:18:22] Gen 0750 | Mejor fitness: 0.825402 | Promedio: 0.824873
[2026-05-14 15:18:22] Gen 0751 | Mejor fitness: 0.825402 | Promedio: 0.824687
[2026-05-14 15:18:22] Gen 0752 | Mejor fitness: 0.825402 | Promedio: 0.824900
[2026-05-14 15:18:22] Gen 0753 | Mejor fitness: 0.825402 | Promedio: 0.824878
[2026-05-14 15:18:22] Gen 0754 | Mejor fitness: 0.825402 | Promedio: 0.824767
[2026-05-14 15:18:22] Gen 0755 | Mejor fitness: 0.825402 | Promedio: 0.824802
[2026-05-14 15:18:22] Gen 0756 | Mejor fitness: 0.825402 | Promedio: 0.824726
[2026-05-14 15:18:22] Gen 0757 | Mejor fitness: 0.825402 | Promedio: 0.824866
[2026-05-14 15:18:22] Gen 0758 | Mejor fitness: 0.825402 | Promedio: 0.824828
[2026-05-14 15:18:22] Gen 0759 | Mejor fitness: 0.825402 | Promedio: 0.824828
[2026-05-14 15:18:22] Gen 0760 | Mejor fitness: 0.825402 | Promedio: 0.824798
[2026-05-14 15:18:22] Gen 0761 | Mejor fitness: 0.825402 | Promedio: 0.824877
[2026-05-14 15:18:22] Gen 0762 | Mejor fitness: 0.825402 | Promedio: 0.824626
[2026-05-14 15:18:22] Gen 0763 | Mejor fitness: 0.825402 | Promedio: 0.824765
[2026-05-14 15:18:23] Gen 0764 | Mejor fitness: 0.825402 | Promedio: 0.824622
[2026-05-14 15:18:23] Gen 0765 | Mejor fitness: 0.825402 | Promedio: 0.824754
[2026-05-14 15:18:23] Gen 0766 | Mejor fitness: 0.825402 | Promedio: 0.824699
[2026-05-14 15:18:23] Gen 0767 | Mejor fitness: 0.825402 | Promedio: 0.824863
[2026-05-14 15:18:23] Gen 0768 | Mejor fitness: 0.825402 | Promedio: 0.824893
[2026-05-14 15:18:23] Gen 0769 | Mejor fitness: 0.825402 | Promedio: 0.824853
[2026-05-14 15:18:23] Gen 0770 | Mejor fitness: 0.825402 | Promedio: 0.824812
[2026-05-14 15:18:23] Gen 0771 | Mejor fitness: 0.825402 | Promedio: 0.824720
[2026-05-14 15:18:23] Gen 0772 | Mejor fitness: 0.825402 | Promedio: 0.824809
[2026-05-14 15:18:23] Gen 0773 | Mejor fitness: 0.825402 | Promedio: 0.824873
[2026-05-14 15:18:23] Gen 0774 | Mejor fitness: 0.825402 | Promedio: 0.824751
[2026-05-14 15:18:23] Gen 0775 | Mejor fitness: 0.825402 | Promedio: 0.824805
[2026-05-14 15:18:23] Gen 0776 | Mejor fitness: 0.825402 | Promedio: 0.824807
[2026-05-14 15:18:23] Gen 0777 | Mejor fitness: 0.825402 | Promedio: 0.824825
[2026-05-14 15:18:23] Gen 0778 | Mejor fitness: 0.825402 | Promedio: 0.824917
[2026-05-14 15:18:23] Gen 0779 | Mejor fitness: 0.825402 | Promedio: 0.824863
[2026-05-14 15:18:23] Gen 0780 | Mejor fitness: 0.825402 | Promedio: 0.824777
[2026-05-14 15:18:23] Gen 0781 | Mejor fitness: 0.825402 | Promedio: 0.824832
[2026-05-14 15:18:23] Gen 0782 | Mejor fitness: 0.825402 | Promedio: 0.824999
[2026-05-14 15:18:23] Gen 0783 | Mejor fitness: 0.825402 | Promedio: 0.824893
[2026-05-14 15:18:23] Gen 0784 | Mejor fitness: 0.825402 | Promedio: 0.824823
[2026-05-14 15:18:23] Gen 0785 | Mejor fitness: 0.825402 | Promedio: 0.824913
[2026-05-14 15:18:23] Gen 0786 | Mejor fitness: 0.825402 | Promedio: 0.824794
[2026-05-14 15:18:23] Gen 0787 | Mejor fitness: 0.825402 | Promedio: 0.824725
[2026-05-14 15:18:23] Gen 0788 | Mejor fitness: 0.825402 | Promedio: 0.824895
[2026-05-14 15:18:23] Gen 0789 | Mejor fitness: 0.825402 | Promedio: 0.824810
[2026-05-14 15:18:23] Gen 0790 | Mejor fitness: 0.825402 | Promedio: 0.824869
[2026-05-14 15:18:23] Gen 0791 | Mejor fitness: 0.825402 | Promedio: 0.824789
[2026-05-14 15:18:23] Gen 0792 | Mejor fitness: 0.825402 | Promedio: 0.824911
[2026-05-14 15:18:23] Gen 0793 | Mejor fitness: 0.825402 | Promedio: 0.824717
[2026-05-14 15:18:23] Gen 0794 | Mejor fitness: 0.825402 | Promedio: 0.824766
[2026-05-14 15:18:23] Gen 0795 | Mejor fitness: 0.825402 | Promedio: 0.824798
[2026-05-14 15:18:23] Gen 0796 | Mejor fitness: 0.825402 | Promedio: 0.824780
[2026-05-14 15:18:23] Gen 0797 | Mejor fitness: 0.825402 | Promedio: 0.824606
[2026-05-14 15:18:23] Gen 0798 | Mejor fitness: 0.825402 | Promedio: 0.824794
[2026-05-14 15:18:23] Gen 0799 | Mejor fitness: 0.825402 | Promedio: 0.824846
[2026-05-14 15:18:23] Gen 0800 | Mejor fitness: 0.825402 | Promedio: 0.824828
[2026-05-14 15:18:23] Gen 0801 | Mejor fitness: 0.825402 | Promedio: 0.824873
[2026-05-14 15:18:23] Gen 0802 | Mejor fitness: 0.825402 | Promedio: 0.824924
[2026-05-14 15:18:23] Gen 0803 | Mejor fitness: 0.825402 | Promedio: 0.824832
[2026-05-14 15:18:23] Gen 0804 | Mejor fitness: 0.825402 | Promedio: 0.824817
[2026-05-14 15:18:23] Gen 0805 | Mejor fitness: 0.825402 | Promedio: 0.824781
[2026-05-14 15:18:23] Gen 0806 | Mejor fitness: 0.825402 | Promedio: 0.824824
[2026-05-14 15:18:23] Gen 0807 | Mejor fitness: 0.825402 | Promedio: 0.824821
[2026-05-14 15:18:23] Gen 0808 | Mejor fitness: 0.825402 | Promedio: 0.824769
[2026-05-14 15:18:23] Gen 0809 | Mejor fitness: 0.825402 | Promedio: 0.824799
[2026-05-14 15:18:23] Gen 0810 | Mejor fitness: 0.825402 | Promedio: 0.824893
[2026-05-14 15:18:23] Gen 0811 | Mejor fitness: 0.825402 | Promedio: 0.824838
[2026-05-14 15:18:23] Gen 0812 | Mejor fitness: 0.825402 | Promedio: 0.824873
[2026-05-14 15:18:23] Gen 0813 | Mejor fitness: 0.825402 | Promedio: 0.824816
[2026-05-14 15:18:23] Gen 0814 | Mejor fitness: 0.825402 | Promedio: 0.824891
[2026-05-14 15:18:23] Gen 0815 | Mejor fitness: 0.825402 | Promedio: 0.824835
[2026-05-14 15:18:23] Gen 0816 | Mejor fitness: 0.825402 | Promedio: 0.824787
[2026-05-14 15:18:23] Gen 0817 | Mejor fitness: 0.825402 | Promedio: 0.824813
[2026-05-14 15:18:23] Gen 0818 | Mejor fitness: 0.825402 | Promedio: 0.824799
[2026-05-14 15:18:23] Gen 0819 | Mejor fitness: 0.825402 | Promedio: 0.824697
[2026-05-14 15:18:23] Gen 0820 | Mejor fitness: 0.825402 | Promedio: 0.824654
[2026-05-14 15:18:23] Gen 0821 | Mejor fitness: 0.825402 | Promedio: 0.824894
[2026-05-14 15:18:23] Gen 0822 | Mejor fitness: 0.825402 | Promedio: 0.824844
[2026-05-14 15:18:23] Gen 0823 | Mejor fitness: 0.825402 | Promedio: 0.824851
[2026-05-14 15:18:23] Gen 0824 | Mejor fitness: 0.825402 | Promedio: 0.824776
[2026-05-14 15:18:23] Gen 0825 | Mejor fitness: 0.825402 | Promedio: 0.824642
[2026-05-14 15:18:23] Gen 0826 | Mejor fitness: 0.825402 | Promedio: 0.824949
[2026-05-14 15:18:23] Gen 0827 | Mejor fitness: 0.825402 | Promedio: 0.824705
[2026-05-14 15:18:23] Gen 0828 | Mejor fitness: 0.825402 | Promedio: 0.824895
[2026-05-14 15:18:23] Gen 0829 | Mejor fitness: 0.825402 | Promedio: 0.824853
[2026-05-14 15:18:23] Gen 0830 | Mejor fitness: 0.825402 | Promedio: 0.824799
[2026-05-14 15:18:23] Gen 0831 | Mejor fitness: 0.825402 | Promedio: 0.824792
[2026-05-14 15:18:23] Gen 0832 | Mejor fitness: 0.825402 | Promedio: 0.824932
[2026-05-14 15:18:23] Gen 0833 | Mejor fitness: 0.825402 | Promedio: 0.824753
[2026-05-14 15:18:23] Gen 0834 | Mejor fitness: 0.825402 | Promedio: 0.824857
[2026-05-14 15:18:23] Gen 0835 | Mejor fitness: 0.825402 | Promedio: 0.824812
[2026-05-14 15:18:23] Gen 0836 | Mejor fitness: 0.825402 | Promedio: 0.824946
[2026-05-14 15:18:23] Gen 0837 | Mejor fitness: 0.825402 | Promedio: 0.824730
[2026-05-14 15:18:23] Gen 0838 | Mejor fitness: 0.825402 | Promedio: 0.824745
[2026-05-14 15:18:23] Gen 0839 | Mejor fitness: 0.825402 | Promedio: 0.824868
[2026-05-14 15:18:23] Gen 0840 | Mejor fitness: 0.825402 | Promedio: 0.824726
[2026-05-14 15:18:23] Gen 0841 | Mejor fitness: 0.825402 | Promedio: 0.824723
[2026-05-14 15:18:23] Gen 0842 | Mejor fitness: 0.825402 | Promedio: 0.824906
[2026-05-14 15:18:23] Gen 0843 | Mejor fitness: 0.825402 | Promedio: 0.824859
[2026-05-14 15:18:23] Gen 0844 | Mejor fitness: 0.825402 | Promedio: 0.824882
[2026-05-14 15:18:23] Gen 0845 | Mejor fitness: 0.825402 | Promedio: 0.824708
[2026-05-14 15:18:23] Gen 0846 | Mejor fitness: 0.825402 | Promedio: 0.824850
[2026-05-14 15:18:23] Gen 0847 | Mejor fitness: 0.825402 | Promedio: 0.824814
[2026-05-14 15:18:23] Gen 0848 | Mejor fitness: 0.825402 | Promedio: 0.824793
[2026-05-14 15:18:23] Gen 0849 | Mejor fitness: 0.825402 | Promedio: 0.824728
[2026-05-14 15:18:23] Gen 0850 | Mejor fitness: 0.825402 | Promedio: 0.824756
[2026-05-14 15:18:23] Gen 0851 | Mejor fitness: 0.825402 | Promedio: 0.824730
[2026-05-14 15:18:23] Gen 0852 | Mejor fitness: 0.825402 | Promedio: 0.824973
[2026-05-14 15:18:23] Gen 0853 | Mejor fitness: 0.825402 | Promedio: 0.824851
[2026-05-14 15:18:23] Gen 0854 | Mejor fitness: 0.825402 | Promedio: 0.824926
[2026-05-14 15:18:23] Gen 0855 | Mejor fitness: 0.825402 | Promedio: 0.824877
[2026-05-14 15:18:23] Gen 0856 | Mejor fitness: 0.825402 | Promedio: 0.824826
[2026-05-14 15:18:23] Gen 0857 | Mejor fitness: 0.825402 | Promedio: 0.824763
[2026-05-14 15:18:23] Gen 0858 | Mejor fitness: 0.825402 | Promedio: 0.824756
[2026-05-14 15:18:23] Gen 0859 | Mejor fitness: 0.825402 | Promedio: 0.824631
[2026-05-14 15:18:23] Gen 0860 | Mejor fitness: 0.825402 | Promedio: 0.824682
[2026-05-14 15:18:23] Gen 0861 | Mejor fitness: 0.825402 | Promedio: 0.824770
[2026-05-14 15:18:23] Gen 0862 | Mejor fitness: 0.825402 | Promedio: 0.824773
[2026-05-14 15:18:23] Gen 0863 | Mejor fitness: 0.825402 | Promedio: 0.824768
[2026-05-14 15:18:23] Gen 0864 | Mejor fitness: 0.825402 | Promedio: 0.824843
[2026-05-14 15:18:23] Gen 0865 | Mejor fitness: 0.825402 | Promedio: 0.824732
[2026-05-14 15:18:23] Gen 0866 | Mejor fitness: 0.825402 | Promedio: 0.824812
[2026-05-14 15:18:23] Gen 0867 | Mejor fitness: 0.825402 | Promedio: 0.824726
[2026-05-14 15:18:23] Gen 0868 | Mejor fitness: 0.825402 | Promedio: 0.824783
[2026-05-14 15:18:23] Gen 0869 | Mejor fitness: 0.825402 | Promedio: 0.824847
[2026-05-14 15:18:23] Gen 0870 | Mejor fitness: 0.825402 | Promedio: 0.824764
[2026-05-14 15:18:23] Gen 0871 | Mejor fitness: 0.825402 | Promedio: 0.824723
[2026-05-14 15:18:23] Gen 0872 | Mejor fitness: 0.825402 | Promedio: 0.824779
[2026-05-14 15:18:23] Gen 0873 | Mejor fitness: 0.825402 | Promedio: 0.824710
[2026-05-14 15:18:23] Gen 0874 | Mejor fitness: 0.825402 | Promedio: 0.824620
[2026-05-14 15:18:23] Gen 0875 | Mejor fitness: 0.825402 | Promedio: 0.824716
[2026-05-14 15:18:23] Gen 0876 | Mejor fitness: 0.825402 | Promedio: 0.824932
[2026-05-14 15:18:23] Gen 0877 | Mejor fitness: 0.825402 | Promedio: 0.824826
[2026-05-14 15:18:23] Gen 0878 | Mejor fitness: 0.825402 | Promedio: 0.824740
[2026-05-14 15:18:23] Gen 0879 | Mejor fitness: 0.825402 | Promedio: 0.824818
[2026-05-14 15:18:23] Gen 0880 | Mejor fitness: 0.825402 | Promedio: 0.824623
[2026-05-14 15:18:23] Gen 0881 | Mejor fitness: 0.825402 | Promedio: 0.824833
[2026-05-14 15:18:23] Gen 0882 | Mejor fitness: 0.825402 | Promedio: 0.824820
[2026-05-14 15:18:23] Gen 0883 | Mejor fitness: 0.825402 | Promedio: 0.824735
[2026-05-14 15:18:23] Gen 0884 | Mejor fitness: 0.825402 | Promedio: 0.824786
[2026-05-14 15:18:23] Gen 0885 | Mejor fitness: 0.825402 | Promedio: 0.824810
[2026-05-14 15:18:23] Gen 0886 | Mejor fitness: 0.825402 | Promedio: 0.824760
[2026-05-14 15:18:23] Gen 0887 | Mejor fitness: 0.825402 | Promedio: 0.824849
[2026-05-14 15:18:23] Gen 0888 | Mejor fitness: 0.825402 | Promedio: 0.824906
[2026-05-14 15:18:23] Gen 0889 | Mejor fitness: 0.825402 | Promedio: 0.824808
[2026-05-14 15:18:23] Gen 0890 | Mejor fitness: 0.825402 | Promedio: 0.824889
[2026-05-14 15:18:23] Gen 0891 | Mejor fitness: 0.825402 | Promedio: 0.824747
[2026-05-14 15:18:23] Gen 0892 | Mejor fitness: 0.825402 | Promedio: 0.824891
[2026-05-14 15:18:23] Gen 0893 | Mejor fitness: 0.825402 | Promedio: 0.824921
[2026-05-14 15:18:23] Gen 0894 | Mejor fitness: 0.825402 | Promedio: 0.824809
[2026-05-14 15:18:23] Gen 0895 | Mejor fitness: 0.825402 | Promedio: 0.824905
[2026-05-14 15:18:23] Gen 0896 | Mejor fitness: 0.825402 | Promedio: 0.824742
[2026-05-14 15:18:23] Gen 0897 | Mejor fitness: 0.825402 | Promedio: 0.824821
[2026-05-14 15:18:23] Gen 0898 | Mejor fitness: 0.825402 | Promedio: 0.824718
[2026-05-14 15:18:23] Gen 0899 | Mejor fitness: 0.825402 | Promedio: 0.824686
[2026-05-14 15:18:23] Gen 0900 | Mejor fitness: 0.825402 | Promedio: 0.824910
[2026-05-14 15:18:23] Gen 0901 | Mejor fitness: 0.825402 | Promedio: 0.824775
[2026-05-14 15:18:23] Gen 0902 | Mejor fitness: 0.825402 | Promedio: 0.824757
[2026-05-14 15:18:23] Gen 0903 | Mejor fitness: 0.825402 | Promedio: 0.824856
[2026-05-14 15:18:23] Gen 0904 | Mejor fitness: 0.825402 | Promedio: 0.824713
[2026-05-14 15:18:23] Gen 0905 | Mejor fitness: 0.825402 | Promedio: 0.824807
[2026-05-14 15:18:23] Gen 0906 | Mejor fitness: 0.825402 | Promedio: 0.824876
[2026-05-14 15:18:23] Gen 0907 | Mejor fitness: 0.825402 | Promedio: 0.824826
[2026-05-14 15:18:23] Gen 0908 | Mejor fitness: 0.825402 | Promedio: 0.824830
[2026-05-14 15:18:23] Gen 0909 | Mejor fitness: 0.825402 | Promedio: 0.824868
[2026-05-14 15:18:23] Gen 0910 | Mejor fitness: 0.825402 | Promedio: 0.824880
[2026-05-14 15:18:23] Gen 0911 | Mejor fitness: 0.825402 | Promedio: 0.824841
[2026-05-14 15:18:23] Gen 0912 | Mejor fitness: 0.825402 | Promedio: 0.824766
[2026-05-14 15:18:23] Gen 0913 | Mejor fitness: 0.825402 | Promedio: 0.824907
[2026-05-14 15:18:23] Gen 0914 | Mejor fitness: 0.825402 | Promedio: 0.824743
[2026-05-14 15:18:23] Gen 0915 | Mejor fitness: 0.825402 | Promedio: 0.824817
[2026-05-14 15:18:23] Gen 0916 | Mejor fitness: 0.825402 | Promedio: 0.824781
[2026-05-14 15:18:23] Gen 0917 | Mejor fitness: 0.825402 | Promedio: 0.824898
[2026-05-14 15:18:23] Gen 0918 | Mejor fitness: 0.825402 | Promedio: 0.824629
[2026-05-14 15:18:23] Gen 0919 | Mejor fitness: 0.825402 | Promedio: 0.824885
[2026-05-14 15:18:23] Gen 0920 | Mejor fitness: 0.825402 | Promedio: 0.824864
[2026-05-14 15:18:23] Gen 0921 | Mejor fitness: 0.825402 | Promedio: 0.824798
[2026-05-14 15:18:23] Gen 0922 | Mejor fitness: 0.825402 | Promedio: 0.824765
[2026-05-14 15:18:23] Gen 0923 | Mejor fitness: 0.825402 | Promedio: 0.824829
[2026-05-14 15:18:23] Gen 0924 | Mejor fitness: 0.825402 | Promedio: 0.824843
[2026-05-14 15:18:23] Gen 0925 | Mejor fitness: 0.825402 | Promedio: 0.824879
[2026-05-14 15:18:23] Gen 0926 | Mejor fitness: 0.825402 | Promedio: 0.824823
[2026-05-14 15:18:23] Gen 0927 | Mejor fitness: 0.825402 | Promedio: 0.824891
[2026-05-14 15:18:23] Gen 0928 | Mejor fitness: 0.825402 | Promedio: 0.824843
[2026-05-14 15:18:23] Gen 0929 | Mejor fitness: 0.825402 | Promedio: 0.824877
[2026-05-14 15:18:23] Gen 0930 | Mejor fitness: 0.825402 | Promedio: 0.824834
[2026-05-14 15:18:23] Gen 0931 | Mejor fitness: 0.825402 | Promedio: 0.824803
[2026-05-14 15:18:23] Gen 0932 | Mejor fitness: 0.825402 | Promedio: 0.824764
[2026-05-14 15:18:23] Gen 0933 | Mejor fitness: 0.825402 | Promedio: 0.824781
[2026-05-14 15:18:23] Gen 0934 | Mejor fitness: 0.825402 | Promedio: 0.824802
[2026-05-14 15:18:23] Gen 0935 | Mejor fitness: 0.825402 | Promedio: 0.824797
[2026-05-14 15:18:23] Gen 0936 | Mejor fitness: 0.825402 | Promedio: 0.824815
[2026-05-14 15:18:23] Gen 0937 | Mejor fitness: 0.825402 | Promedio: 0.824792
[2026-05-14 15:18:23] Gen 0938 | Mejor fitness: 0.825402 | Promedio: 0.824807
[2026-05-14 15:18:23] Gen 0939 | Mejor fitness: 0.825402 | Promedio: 0.824844
[2026-05-14 15:18:23] Gen 0940 | Mejor fitness: 0.825402 | Promedio: 0.824831
[2026-05-14 15:18:23] Gen 0941 | Mejor fitness: 0.825402 | Promedio: 0.824776
[2026-05-14 15:18:23] Gen 0942 | Mejor fitness: 0.825402 | Promedio: 0.824726
[2026-05-14 15:18:23] Gen 0943 | Mejor fitness: 0.825402 | Promedio: 0.824858
[2026-05-14 15:18:23] Gen 0944 | Mejor fitness: 0.825402 | Promedio: 0.824920
[2026-05-14 15:18:23] Gen 0945 | Mejor fitness: 0.825402 | Promedio: 0.824831
[2026-05-14 15:18:23] Gen 0946 | Mejor fitness: 0.825402 | Promedio: 0.824859
[2026-05-14 15:18:23] Gen 0947 | Mejor fitness: 0.825402 | Promedio: 0.824866
[2026-05-14 15:18:23] Gen 0948 | Mejor fitness: 0.825402 | Promedio: 0.824811
[2026-05-14 15:18:23] Gen 0949 | Mejor fitness: 0.825402 | Promedio: 0.824921
[2026-05-14 15:18:23] Gen 0950 | Mejor fitness: 0.825402 | Promedio: 0.824765
[2026-05-14 15:18:23] Gen 0951 | Mejor fitness: 0.825402 | Promedio: 0.824777
[2026-05-14 15:18:23] Gen 0952 | Mejor fitness: 0.825402 | Promedio: 0.824844
[2026-05-14 15:18:23] Gen 0953 | Mejor fitness: 0.825402 | Promedio: 0.824820
[2026-05-14 15:18:23] Gen 0954 | Mejor fitness: 0.825402 | Promedio: 0.824750
[2026-05-14 15:18:23] Gen 0955 | Mejor fitness: 0.825402 | Promedio: 0.824965
[2026-05-14 15:18:23] Gen 0956 | Mejor fitness: 0.825402 | Promedio: 0.824861
[2026-05-14 15:18:23] Gen 0957 | Mejor fitness: 0.825402 | Promedio: 0.824767
[2026-05-14 15:18:23] Gen 0958 | Mejor fitness: 0.825402 | Promedio: 0.824883
[2026-05-14 15:18:23] Gen 0959 | Mejor fitness: 0.825402 | Promedio: 0.824857
[2026-05-14 15:18:23] Gen 0960 | Mejor fitness: 0.825402 | Promedio: 0.824823
[2026-05-14 15:18:23] Gen 0961 | Mejor fitness: 0.825402 | Promedio: 0.824766
[2026-05-14 15:18:23] Gen 0962 | Mejor fitness: 0.825402 | Promedio: 0.824800
[2026-05-14 15:18:23] Gen 0963 | Mejor fitness: 0.825402 | Promedio: 0.824723
[2026-05-14 15:18:23] Gen 0964 | Mejor fitness: 0.825402 | Promedio: 0.824880
[2026-05-14 15:18:23] Gen 0965 | Mejor fitness: 0.825402 | Promedio: 0.824634
[2026-05-14 15:18:23] Gen 0966 | Mejor fitness: 0.825402 | Promedio: 0.824855
[2026-05-14 15:18:23] Gen 0967 | Mejor fitness: 0.825402 | Promedio: 0.824919
[2026-05-14 15:18:23] Gen 0968 | Mejor fitness: 0.825402 | Promedio: 0.824729
[2026-05-14 15:18:23] Gen 0969 | Mejor fitness: 0.825402 | Promedio: 0.824886
[2026-05-14 15:18:23] Gen 0970 | Mejor fitness: 0.825402 | Promedio: 0.824914
[2026-05-14 15:18:23] Gen 0971 | Mejor fitness: 0.825402 | Promedio: 0.824912
[2026-05-14 15:18:23] Gen 0972 | Mejor fitness: 0.825402 | Promedio: 0.824888
[2026-05-14 15:18:23] Gen 0973 | Mejor fitness: 0.825402 | Promedio: 0.824859
[2026-05-14 15:18:23] Gen 0974 | Mejor fitness: 0.825402 | Promedio: 0.824782
[2026-05-14 15:18:24] Gen 0975 | Mejor fitness: 0.825402 | Promedio: 0.824825
[2026-05-14 15:18:24] Gen 0976 | Mejor fitness: 0.825402 | Promedio: 0.824827
[2026-05-14 15:18:24] Gen 0977 | Mejor fitness: 0.825402 | Promedio: 0.824808
[2026-05-14 15:18:24] Gen 0978 | Mejor fitness: 0.825402 | Promedio: 0.824902
[2026-05-14 15:18:24] Gen 0979 | Mejor fitness: 0.825402 | Promedio: 0.824881
[2026-05-14 15:18:24] Gen 0980 | Mejor fitness: 0.825402 | Promedio: 0.824867
[2026-05-14 15:18:24] Gen 0981 | Mejor fitness: 0.825402 | Promedio: 0.824605
[2026-05-14 15:18:24] Gen 0982 | Mejor fitness: 0.825402 | Promedio: 0.824825
[2026-05-14 15:18:24] Gen 0983 | Mejor fitness: 0.825402 | Promedio: 0.824810
[2026-05-14 15:18:24] Gen 0984 | Mejor fitness: 0.825402 | Promedio: 0.824854
[2026-05-14 15:18:24] Gen 0985 | Mejor fitness: 0.825402 | Promedio: 0.824691
[2026-05-14 15:18:24] Gen 0986 | Mejor fitness: 0.825402 | Promedio: 0.824765
[2026-05-14 15:18:24] Gen 0987 | Mejor fitness: 0.825402 | Promedio: 0.824781
[2026-05-14 15:18:24] Gen 0988 | Mejor fitness: 0.825402 | Promedio: 0.824819
[2026-05-14 15:18:24] Gen 0989 | Mejor fitness: 0.825402 | Promedio: 0.824678
[2026-05-14 15:18:24] Gen 0990 | Mejor fitness: 0.825402 | Promedio: 0.824727
[2026-05-14 15:18:24] Gen 0991 | Mejor fitness: 0.825402 | Promedio: 0.824776
[2026-05-14 15:18:24] Gen 0992 | Mejor fitness: 0.825402 | Promedio: 0.824929
[2026-05-14 15:18:24] Gen 0993 | Mejor fitness: 0.825402 | Promedio: 0.824859
[2026-05-14 15:18:24] Gen 0994 | Mejor fitness: 0.825402 | Promedio: 0.824790
[2026-05-14 15:18:24] Gen 0995 | Mejor fitness: 0.825402 | Promedio: 0.824880
[2026-05-14 15:18:24] Gen 0996 | Mejor fitness: 0.825402 | Promedio: 0.824758
[2026-05-14 15:18:24] Gen 0997 | Mejor fitness: 0.825402 | Promedio: 0.824710
[2026-05-14 15:18:24] Gen 0998 | Mejor fitness: 0.825402 | Promedio: 0.824886
[2026-05-14 15:18:24] Gen 0999 | Mejor fitness: 0.825402 | Promedio: 0.824984
[2026-05-14 15:18:24] Gen 1000 | Mejor fitness: 0.825402 | Promedio: 0.824702
[2026-05-14 15:18:24] --- Resultado final ---
[2026-05-14 15:18:24] Fitness final     : 0.825402
[2026-05-14 15:18:24]
[2026-05-14 15:18:24] Parámetros óptimos:
[2026-05-14 15:18:24]   Temp. Extrusión : 209.5 °C
[2026-05-14 15:18:24]   Temp. Cama      : 60.0 °C
[2026-05-14 15:18:24]   Velocidad       : 41.6 mm/s
[2026-05-14 15:18:24]   Altura de Capa  : 0.148 mm
[2026-05-14 15:18:24]   Relleno         : 40.3 %
[2026-05-14 15:18:24]   Ventilador      : 100.0 %
[2026-05-14 15:18:24]   Perímetros      : 5 u
[2026-05-14 15:18:24]
[2026-05-14 15:18:24] Desglose fitness:
[2026-05-14 15:18:24]   Calidad       : 0.8491
[2026-05-14 15:18:24]   Resistencia   : 0.8928
[2026-05-14 15:18:24]   Velocidad     : 0.8308
[2026-05-14 15:18:24]   Ahorro        : 0.5636
[2026-05-14 15:18:24]   Fitness       : 0.8254
[2026-05-14 15:18:24] =======================================================
