[2026-05-05 16:53:48] =======================================================
[2026-05-05 16:53:48] NUEVA EJECUCIÓN
[2026-05-05 16:53:48] Material          : PLA
[2026-05-05 16:53:48] Perfil            : Funcional
[2026-05-05 16:53:48] Tamaño población  : 50
[2026-05-05 16:53:48] Generaciones      : 100
[2026-05-05 16:53:48] Tasa cruce        : 0.8
[2026-05-05 16:53:48] Tasa mutación     : 0.1
[2026-05-05 16:53:48] Torneo K          : 3
[2026-05-05 16:53:48] --- Evolución ---
[2026-05-05 16:53:48] Gen 0001 | Mejor fitness: 0.758729 | Promedio: 0.689274
[2026-05-05 16:53:48] Gen 0002 | Mejor fitness: 0.759598 | Promedio: 0.732293
[2026-05-05 16:53:48] Gen 0003 | Mejor fitness: 0.782811 | Promedio: 0.748394
[2026-05-05 16:53:48] Gen 0004 | Mejor fitness: 0.792913 | Promedio: 0.759345
[2026-05-05 16:53:48] Gen 0005 | Mejor fitness: 0.805000 | Promedio: 0.769916
[2026-05-05 16:53:48] Gen 0006 | Mejor fitness: 0.805000 | Promedio: 0.782707
[2026-05-05 16:53:48] Gen 0007 | Mejor fitness: 0.805000 | Promedio: 0.792294
[2026-05-05 16:53:48] Gen 0008 | Mejor fitness: 0.806220 | Promedio: 0.798369
[2026-05-05 16:53:48] Gen 0009 | Mejor fitness: 0.806902 | Promedio: 0.802244
[2026-05-05 16:53:48] Gen 0010 | Mejor fitness: 0.807066 | Promedio: 0.804516
[2026-05-05 16:53:48] Gen 0011 | Mejor fitness: 0.807398 | Promedio: 0.805225
[2026-05-05 16:53:48] Gen 0012 | Mejor fitness: 0.808857 | Promedio: 0.805940
[2026-05-05 16:53:48] Gen 0013 | Mejor fitness: 0.808857 | Promedio: 0.806379
[2026-05-05 16:53:48] Gen 0014 | Mejor fitness: 0.808950 | Promedio: 0.807066
[2026-05-05 16:53:48] Gen 0015 | Mejor fitness: 0.809749 | Promedio: 0.808117
[2026-05-05 16:53:48] Gen 0016 | Mejor fitness: 0.809749 | Promedio: 0.807752
[2026-05-05 16:53:48] Gen 0017 | Mejor fitness: 0.810255 | Promedio: 0.808657
[2026-05-05 16:53:48] Gen 0018 | Mejor fitness: 0.810255 | Promedio: 0.809046
[2026-05-05 16:53:48] Gen 0019 | Mejor fitness: 0.810255 | Promedio: 0.809395
[2026-05-05 16:53:48] Gen 0020 | Mejor fitness: 0.810255 | Promedio: 0.809333
[2026-05-05 16:53:48] Gen 0021 | Mejor fitness: 0.810257 | Promedio: 0.809943
[2026-05-05 16:53:48] Gen 0022 | Mejor fitness: 0.810257 | Promedio: 0.809701
[2026-05-05 16:53:48] Gen 0023 | Mejor fitness: 0.810262 | Promedio: 0.809823
[2026-05-05 16:53:48] Gen 0024 | Mejor fitness: 0.810275 | Promedio: 0.809830
[2026-05-05 16:53:48] Gen 0025 | Mejor fitness: 0.810275 | Promedio: 0.809750
[2026-05-05 16:53:48] Gen 0026 | Mejor fitness: 0.810275 | Promedio: 0.809787
[2026-05-05 16:53:48] Gen 0027 | Mejor fitness: 0.810275 | Promedio: 0.809259
[2026-05-05 16:53:48] Gen 0028 | Mejor fitness: 0.810285 | Promedio: 0.809319
[2026-05-05 16:53:48] Gen 0029 | Mejor fitness: 0.810285 | Promedio: 0.809787
[2026-05-05 16:53:48] Gen 0030 | Mejor fitness: 0.810285 | Promedio: 0.809863
[2026-05-05 16:53:48] Gen 0031 | Mejor fitness: 0.810285 | Promedio: 0.809939
[2026-05-05 16:53:48] Gen 0032 | Mejor fitness: 0.810289 | Promedio: 0.809994
[2026-05-05 16:53:48] Gen 0033 | Mejor fitness: 0.810289 | Promedio: 0.809653
[2026-05-05 16:53:48] Gen 0034 | Mejor fitness: 0.810289 | Promedio: 0.809834
[2026-05-05 16:53:48] Gen 0035 | Mejor fitness: 0.810307 | Promedio: 0.809364
[2026-05-05 16:53:48] Gen 0036 | Mejor fitness: 0.810349 | Promedio: 0.809827
[2026-05-05 16:53:48] Gen 0037 | Mejor fitness: 0.810349 | Promedio: 0.809770
[2026-05-05 16:53:48] Gen 0038 | Mejor fitness: 0.810349 | Promedio: 0.809639
[2026-05-05 16:53:48] Gen 0039 | Mejor fitness: 0.810349 | Promedio: 0.809137
[2026-05-05 16:53:48] Gen 0040 | Mejor fitness: 0.810349 | Promedio: 0.809913
[2026-05-05 16:53:48] Gen 0041 | Mejor fitness: 0.810349 | Promedio: 0.809869
[2026-05-05 16:53:48] Gen 0042 | Mejor fitness: 0.810349 | Promedio: 0.809723
[2026-05-05 16:53:48] Gen 0043 | Mejor fitness: 0.810349 | Promedio: 0.809717
[2026-05-05 16:53:48] Gen 0044 | Mejor fitness: 0.810349 | Promedio: 0.809870
[2026-05-05 16:53:48] Gen 0045 | Mejor fitness: 0.810349 | Promedio: 0.809653
[2026-05-05 16:53:48] Gen 0046 | Mejor fitness: 0.810350 | Promedio: 0.809812
[2026-05-05 16:53:48] Gen 0047 | Mejor fitness: 0.810350 | Promedio: 0.810007
[2026-05-05 16:53:48] Gen 0048 | Mejor fitness: 0.810350 | Promedio: 0.809841
[2026-05-05 16:53:48] Gen 0049 | Mejor fitness: 0.810350 | Promedio: 0.809768
[2026-05-05 16:53:48] Gen 0050 | Mejor fitness: 0.810350 | Promedio: 0.809780
[2026-05-05 16:53:48] Gen 0051 | Mejor fitness: 0.810351 | Promedio: 0.809961
[2026-05-05 16:53:48] Gen 0052 | Mejor fitness: 0.810351 | Promedio: 0.809335
[2026-05-05 16:53:48] Gen 0053 | Mejor fitness: 0.810351 | Promedio: 0.809636
[2026-05-05 16:53:48] Gen 0054 | Mejor fitness: 0.810351 | Promedio: 0.809566
[2026-05-05 16:53:48] Gen 0055 | Mejor fitness: 0.810351 | Promedio: 0.809765
[2026-05-05 16:53:48] Gen 0056 | Mejor fitness: 0.810351 | Promedio: 0.809631
[2026-05-05 16:53:48] Gen 0057 | Mejor fitness: 0.810351 | Promedio: 0.809927
[2026-05-05 16:53:48] Gen 0058 | Mejor fitness: 0.810351 | Promedio: 0.809707
[2026-05-05 16:53:48] Gen 0059 | Mejor fitness: 0.810351 | Promedio: 0.809034
[2026-05-05 16:53:48] Gen 0060 | Mejor fitness: 0.810351 | Promedio: 0.809220
[2026-05-05 16:53:48] Gen 0061 | Mejor fitness: 0.810351 | Promedio: 0.809858
[2026-05-05 16:53:48] Gen 0062 | Mejor fitness: 0.810351 | Promedio: 0.809797
[2026-05-05 16:53:48] Gen 0063 | Mejor fitness: 0.810351 | Promedio: 0.809970
[2026-05-05 16:53:48] Gen 0064 | Mejor fitness: 0.810351 | Promedio: 0.809845
[2026-05-05 16:53:48] Gen 0065 | Mejor fitness: 0.810351 | Promedio: 0.810069
[2026-05-05 16:53:48] Gen 0066 | Mejor fitness: 0.810352 | Promedio: 0.809921
[2026-05-05 16:53:48] Gen 0067 | Mejor fitness: 0.810352 | Promedio: 0.810056
[2026-05-05 16:53:48] Gen 0068 | Mejor fitness: 0.810352 | Promedio: 0.809927
[2026-05-05 16:53:48] Gen 0069 | Mejor fitness: 0.810352 | Promedio: 0.809646
[2026-05-05 16:53:48] Gen 0070 | Mejor fitness: 0.810352 | Promedio: 0.809970
[2026-05-05 16:53:48] Gen 0071 | Mejor fitness: 0.810352 | Promedio: 0.809855
[2026-05-05 16:53:48] Gen 0072 | Mejor fitness: 0.810352 | Promedio: 0.809962
[2026-05-05 16:53:48] Gen 0073 | Mejor fitness: 0.810352 | Promedio: 0.809971
[2026-05-05 16:53:48] Gen 0074 | Mejor fitness: 0.810352 | Promedio: 0.809926
[2026-05-05 16:53:48] Gen 0075 | Mejor fitness: 0.810352 | Promedio: 0.810042
[2026-05-05 16:53:48] Gen 0076 | Mejor fitness: 0.810352 | Promedio: 0.809611
[2026-05-05 16:53:48] Gen 0077 | Mejor fitness: 0.810352 | Promedio: 0.809945
[2026-05-05 16:53:48] Gen 0078 | Mejor fitness: 0.810352 | Promedio: 0.809993
[2026-05-05 16:53:48] Gen 0079 | Mejor fitness: 0.810352 | Promedio: 0.809942
[2026-05-05 16:53:48] Gen 0080 | Mejor fitness: 0.810352 | Promedio: 0.809675
[2026-05-05 16:53:48] Gen 0081 | Mejor fitness: 0.810352 | Promedio: 0.809887
[2026-05-05 16:53:48] Gen 0082 | Mejor fitness: 0.810352 | Promedio: 0.809995
[2026-05-05 16:53:48] Gen 0083 | Mejor fitness: 0.810352 | Promedio: 0.809554
[2026-05-05 16:53:48] Gen 0084 | Mejor fitness: 0.810352 | Promedio: 0.809451
[2026-05-05 16:53:48] Gen 0085 | Mejor fitness: 0.810352 | Promedio: 0.809565
[2026-05-05 16:53:48] Gen 0086 | Mejor fitness: 0.810352 | Promedio: 0.809609
[2026-05-05 16:53:48] Gen 0087 | Mejor fitness: 0.810352 | Promedio: 0.809861
[2026-05-05 16:53:48] Gen 0088 | Mejor fitness: 0.810352 | Promedio: 0.810044
[2026-05-05 16:53:48] Gen 0089 | Mejor fitness: 0.810352 | Promedio: 0.809441
[2026-05-05 16:53:48] Gen 0090 | Mejor fitness: 0.810352 | Promedio: 0.810093
[2026-05-05 16:53:48] Gen 0091 | Mejor fitness: 0.810352 | Promedio: 0.809399
[2026-05-05 16:53:48] Gen 0092 | Mejor fitness: 0.810352 | Promedio: 0.810000
[2026-05-05 16:53:48] Gen 0093 | Mejor fitness: 0.810352 | Promedio: 0.809715
[2026-05-05 16:53:48] Gen 0094 | Mejor fitness: 0.810352 | Promedio: 0.809427
[2026-05-05 16:53:48] Gen 0095 | Mejor fitness: 0.810352 | Promedio: 0.809504
[2026-05-05 16:53:48] Gen 0096 | Mejor fitness: 0.810352 | Promedio: 0.809755
[2026-05-05 16:53:48] Gen 0097 | Mejor fitness: 0.810352 | Promedio: 0.809561
[2026-05-05 16:53:48] Gen 0098 | Mejor fitness: 0.810352 | Promedio: 0.809753
[2026-05-05 16:53:48] Gen 0099 | Mejor fitness: 0.810352 | Promedio: 0.809208
[2026-05-05 16:53:48] Gen 0100 | Mejor fitness: 0.810352 | Promedio: 0.809578
[2026-05-05 16:53:48] --- Resultado final ---
[2026-05-05 16:53:48] Fitness final     : 0.810352
[2026-05-05 16:53:48]
[2026-05-05 16:53:48] Parámetros óptimos:
[2026-05-05 16:53:48]   Temp. Extrusión : 209.5 °C
[2026-05-05 16:53:48]   Temp. Cama      : 60.0 °C
[2026-05-05 16:53:48]   Velocidad       : 47.4 mm/s
[2026-05-05 16:53:48]   Altura de Capa  : 0.169 mm
[2026-05-05 16:53:48]   Relleno         : 40.3 %
[2026-05-05 16:53:48]   Ventilador      : 100.0 %
[2026-05-05 16:53:48]   Perímetros      : 5 u
[2026-05-05 16:53:48]
[2026-05-05 16:53:48] Desglose fitness:
[2026-05-05 16:53:48]   Calidad       : 0.7996
[2026-05-05 16:53:48]   Resistencia   : 0.8925
[2026-05-05 16:53:48]   Velocidad     : 0.7968
[2026-05-05 16:53:48]   Ahorro        : 0.5642
[2026-05-05 16:53:48]   Fitness       : 0.8104
[2026-05-05 16:53:48] =======================================================
