[2026-05-14 15:37:52] =======================================================
[2026-05-14 15:37:52] NUEVA EJECUCIÓN
[2026-05-14 15:37:52] Material          : PLA
[2026-05-14 15:37:52] Perfil            : Balanceado
[2026-05-14 15:37:52] Tamaño población  : 50
[2026-05-14 15:37:52] Generaciones      : 100
[2026-05-14 15:37:52] Tasa cruce        : 0.8
[2026-05-14 15:37:52] Tasa mutación     : 0.1
[2026-05-14 15:37:52] Torneo K          : 3
[2026-05-14 15:37:52] --- Evolución ---
[2026-05-14 15:37:52] Gen 0001 | Mejor fitness: 0.716577 | Promedio: 0.666443
[2026-05-14 15:37:52] Gen 0002 | Mejor fitness: 0.727569 | Promedio: 0.687217
[2026-05-14 15:37:52] Gen 0003 | Mejor fitness: 0.729399 | Promedio: 0.700317
[2026-05-14 15:37:52] Gen 0004 | Mejor fitness: 0.729399 | Promedio: 0.714158
[2026-05-14 15:37:52] Gen 0005 | Mejor fitness: 0.729399 | Promedio: 0.720068
[2026-05-14 15:37:52] Gen 0006 | Mejor fitness: 0.730925 | Promedio: 0.723313
[2026-05-14 15:37:52] Gen 0007 | Mejor fitness: 0.734281 | Promedio: 0.726143
[2026-05-14 15:37:52] Gen 0008 | Mejor fitness: 0.736870 | Promedio: 0.730399
[2026-05-14 15:37:52] Gen 0009 | Mejor fitness: 0.738028 | Promedio: 0.732309
[2026-05-14 15:37:52] Gen 0010 | Mejor fitness: 0.738234 | Promedio: 0.734596
[2026-05-14 15:37:52] Gen 0011 | Mejor fitness: 0.739495 | Promedio: 0.735977
[2026-05-14 15:37:52] Gen 0012 | Mejor fitness: 0.741445 | Promedio: 0.737390
[2026-05-14 15:37:52] Gen 0013 | Mejor fitness: 0.741445 | Promedio: 0.738203
[2026-05-14 15:37:52] Gen 0014 | Mejor fitness: 0.743625 | Promedio: 0.739443
[2026-05-14 15:37:52] Gen 0015 | Mejor fitness: 0.743625 | Promedio: 0.740302
[2026-05-14 15:37:52] Gen 0016 | Mejor fitness: 0.743650 | Promedio: 0.741221
[2026-05-14 15:37:52] Gen 0017 | Mejor fitness: 0.743773 | Promedio: 0.742393
[2026-05-14 15:37:52] Gen 0018 | Mejor fitness: 0.744388 | Promedio: 0.743196
[2026-05-14 15:37:52] Gen 0019 | Mejor fitness: 0.744388 | Promedio: 0.743236
[2026-05-14 15:37:52] Gen 0020 | Mejor fitness: 0.744558 | Promedio: 0.743416
[2026-05-14 15:37:52] Gen 0021 | Mejor fitness: 0.744562 | Promedio: 0.743560
[2026-05-14 15:37:52] Gen 0022 | Mejor fitness: 0.744571 | Promedio: 0.743794
[2026-05-14 15:37:52] Gen 0023 | Mejor fitness: 0.744575 | Promedio: 0.743530
[2026-05-14 15:37:52] Gen 0024 | Mejor fitness: 0.744583 | Promedio: 0.744102
[2026-05-14 15:37:52] Gen 0025 | Mejor fitness: 0.744583 | Promedio: 0.744275
[2026-05-14 15:37:52] Gen 0026 | Mejor fitness: 0.744587 | Promedio: 0.744119
[2026-05-14 15:37:52] Gen 0027 | Mejor fitness: 0.744589 | Promedio: 0.744424
[2026-05-14 15:37:52] Gen 0028 | Mejor fitness: 0.744589 | Promedio: 0.743833
[2026-05-14 15:37:52] Gen 0029 | Mejor fitness: 0.744591 | Promedio: 0.744291
[2026-05-14 15:37:52] Gen 0030 | Mejor fitness: 0.744591 | Promedio: 0.744288
[2026-05-14 15:37:52] Gen 0031 | Mejor fitness: 0.744591 | Promedio: 0.744351
[2026-05-14 15:37:52] Gen 0032 | Mejor fitness: 0.744592 | Promedio: 0.744059
[2026-05-14 15:37:52] Gen 0033 | Mejor fitness: 0.744592 | Promedio: 0.744319
[2026-05-14 15:37:52] Gen 0034 | Mejor fitness: 0.744592 | Promedio: 0.744086
[2026-05-14 15:37:52] Gen 0035 | Mejor fitness: 0.744592 | Promedio: 0.744213
[2026-05-14 15:37:52] Gen 0036 | Mejor fitness: 0.744592 | Promedio: 0.744292
[2026-05-14 15:37:52] Gen 0037 | Mejor fitness: 0.744592 | Promedio: 0.744251
[2026-05-14 15:37:52] Gen 0038 | Mejor fitness: 0.744592 | Promedio: 0.744250
[2026-05-14 15:37:52] Gen 0039 | Mejor fitness: 0.744592 | Promedio: 0.744046
[2026-05-14 15:37:52] Gen 0040 | Mejor fitness: 0.744592 | Promedio: 0.744271
[2026-05-14 15:37:52] Gen 0041 | Mejor fitness: 0.744592 | Promedio: 0.744269
[2026-05-14 15:37:52] Gen 0042 | Mejor fitness: 0.744592 | Promedio: 0.744279
[2026-05-14 15:37:52] Gen 0043 | Mejor fitness: 0.744599 | Promedio: 0.744317
[2026-05-14 15:37:52] Gen 0044 | Mejor fitness: 0.744610 | Promedio: 0.744357
[2026-05-14 15:37:52] Gen 0045 | Mejor fitness: 0.744610 | Promedio: 0.744465
[2026-05-14 15:37:52] Gen 0046 | Mejor fitness: 0.744610 | Promedio: 0.744293
[2026-05-14 15:37:52] Gen 0047 | Mejor fitness: 0.744610 | Promedio: 0.744111
[2026-05-14 15:37:52] Gen 0048 | Mejor fitness: 0.744610 | Promedio: 0.744054
[2026-05-14 15:37:52] Gen 0049 | Mejor fitness: 0.744610 | Promedio: 0.744352
[2026-05-14 15:37:52] Gen 0050 | Mejor fitness: 0.744610 | Promedio: 0.744294
[2026-05-14 15:37:52] Gen 0051 | Mejor fitness: 0.744610 | Promedio: 0.744360
[2026-05-14 15:37:52] Gen 0052 | Mejor fitness: 0.744610 | Promedio: 0.744252
[2026-05-14 15:37:52] Gen 0053 | Mejor fitness: 0.744610 | Promedio: 0.744197
[2026-05-14 15:37:52] Gen 0054 | Mejor fitness: 0.744610 | Promedio: 0.744360
[2026-05-14 15:37:52] Gen 0055 | Mejor fitness: 0.744610 | Promedio: 0.744176
[2026-05-14 15:37:52] Gen 0056 | Mejor fitness: 0.744610 | Promedio: 0.744336
[2026-05-14 15:37:52] Gen 0057 | Mejor fitness: 0.744610 | Promedio: 0.744275
[2026-05-14 15:37:52] Gen 0058 | Mejor fitness: 0.744610 | Promedio: 0.743994
[2026-05-14 15:37:52] Gen 0059 | Mejor fitness: 0.744610 | Promedio: 0.744096
[2026-05-14 15:37:52] Gen 0060 | Mejor fitness: 0.744610 | Promedio: 0.744379
[2026-05-14 15:37:52] Gen 0061 | Mejor fitness: 0.744610 | Promedio: 0.744374
[2026-05-14 15:37:52] Gen 0062 | Mejor fitness: 0.744610 | Promedio: 0.744423
[2026-05-14 15:37:52] Gen 0063 | Mejor fitness: 0.744610 | Promedio: 0.744041
[2026-05-14 15:37:52] Gen 0064 | Mejor fitness: 0.744610 | Promedio: 0.743987
[2026-05-14 15:37:52] Gen 0065 | Mejor fitness: 0.744610 | Promedio: 0.744082
[2026-05-14 15:37:52] Gen 0066 | Mejor fitness: 0.744610 | Promedio: 0.744269
[2026-05-14 15:37:52] Gen 0067 | Mejor fitness: 0.744610 | Promedio: 0.744123
[2026-05-14 15:37:52] Gen 0068 | Mejor fitness: 0.744610 | Promedio: 0.744313
[2026-05-14 15:37:52] Gen 0069 | Mejor fitness: 0.744610 | Promedio: 0.744013
[2026-05-14 15:37:52] Gen 0070 | Mejor fitness: 0.744610 | Promedio: 0.744410
[2026-05-14 15:37:52] Gen 0071 | Mejor fitness: 0.744610 | Promedio: 0.744237
[2026-05-14 15:37:52] Gen 0072 | Mejor fitness: 0.744610 | Promedio: 0.744239
[2026-05-14 15:37:52] Gen 0073 | Mejor fitness: 0.744610 | Promedio: 0.744193
[2026-05-14 15:37:52] Gen 0074 | Mejor fitness: 0.744610 | Promedio: 0.744304
[2026-05-14 15:37:52] Gen 0075 | Mejor fitness: 0.744610 | Promedio: 0.744381
[2026-05-14 15:37:52] Gen 0076 | Mejor fitness: 0.744610 | Promedio: 0.743994
[2026-05-14 15:37:52] Gen 0077 | Mejor fitness: 0.744610 | Promedio: 0.744426
[2026-05-14 15:37:52] Gen 0078 | Mejor fitness: 0.744610 | Promedio: 0.744227
[2026-05-14 15:37:52] Gen 0079 | Mejor fitness: 0.744610 | Promedio: 0.744085
[2026-05-14 15:37:52] Gen 0080 | Mejor fitness: 0.744610 | Promedio: 0.744397
[2026-05-14 15:37:52] Gen 0081 | Mejor fitness: 0.744610 | Promedio: 0.744442
[2026-05-14 15:37:52] Gen 0082 | Mejor fitness: 0.744610 | Promedio: 0.744283
[2026-05-14 15:37:52] Gen 0083 | Mejor fitness: 0.744610 | Promedio: 0.744245
[2026-05-14 15:37:52] Gen 0084 | Mejor fitness: 0.744610 | Promedio: 0.743875
[2026-05-14 15:37:52] Gen 0085 | Mejor fitness: 0.744610 | Promedio: 0.744187
[2026-05-14 15:37:52] Gen 0086 | Mejor fitness: 0.744610 | Promedio: 0.744427
[2026-05-14 15:37:52] Gen 0087 | Mejor fitness: 0.744610 | Promedio: 0.744123
[2026-05-14 15:37:52] Gen 0088 | Mejor fitness: 0.744610 | Promedio: 0.744416
[2026-05-14 15:37:52] Gen 0089 | Mejor fitness: 0.744610 | Promedio: 0.744339
[2026-05-14 15:37:52] Gen 0090 | Mejor fitness: 0.744610 | Promedio: 0.744267
[2026-05-14 15:37:52] Gen 0091 | Mejor fitness: 0.744610 | Promedio: 0.744217
[2026-05-14 15:37:52] Gen 0092 | Mejor fitness: 0.744610 | Promedio: 0.744064
[2026-05-14 15:37:52] Gen 0093 | Mejor fitness: 0.744610 | Promedio: 0.744212
[2026-05-14 15:37:52] Gen 0094 | Mejor fitness: 0.744610 | Promedio: 0.744300
[2026-05-14 15:37:52] Gen 0095 | Mejor fitness: 0.744610 | Promedio: 0.743958
[2026-05-14 15:37:52] Gen 0096 | Mejor fitness: 0.744610 | Promedio: 0.744281
[2026-05-14 15:37:52] Gen 0097 | Mejor fitness: 0.744610 | Promedio: 0.744359
[2026-05-14 15:37:52] Gen 0098 | Mejor fitness: 0.744610 | Promedio: 0.744056
[2026-05-14 15:37:52] Gen 0099 | Mejor fitness: 0.744610 | Promedio: 0.744243
[2026-05-14 15:37:52] Gen 0100 | Mejor fitness: 0.744610 | Promedio: 0.744253
[2026-05-14 15:37:52] --- Resultado final ---
[2026-05-14 15:37:52] Fitness final     : 0.744610
[2026-05-14 15:37:52]
[2026-05-14 15:37:52] Parámetros óptimos:
[2026-05-14 15:37:52]   Temp. Extrusión : 209.5 °C
[2026-05-14 15:37:52]   Temp. Cama      : 60.0 °C
[2026-05-14 15:37:52]   Velocidad       : 78.3 mm/s
[2026-05-14 15:37:52]   Altura de Capa  : 0.271 mm
[2026-05-14 15:37:52]   Relleno         : 16.1 %
[2026-05-14 15:37:52]   Ventilador      : 100.0 %
[2026-05-14 15:37:52]   Perímetros      : 3 u
[2026-05-14 15:37:52]
[2026-05-14 15:37:52] Desglose fitness:
[2026-05-14 15:37:52]   Calidad       : 0.5519
[2026-05-14 15:37:52]   Resistencia   : 0.7239
[2026-05-14 15:37:52]   Velocidad     : 0.8352
[2026-05-14 15:37:52]   Ahorro        : 0.8674
[2026-05-14 15:37:52]   Fitness       : 0.7446
[2026-05-14 15:37:52] =======================================================
