[2026-05-14 15:31:26] =======================================================
[2026-05-14 15:31:26] NUEVA EJECUCIÓN
[2026-05-14 15:31:26] Material          : PLA
[2026-05-14 15:31:26] Perfil            : Rápido
[2026-05-14 15:31:26] Tamaño población  : 50
[2026-05-14 15:31:26] Generaciones      : 100
[2026-05-14 15:31:26] Tasa cruce        : 0.8
[2026-05-14 15:31:26] Tasa mutación     : 0.1
[2026-05-14 15:31:26] Torneo K          : 3
[2026-05-14 15:31:26] --- Evolución ---
[2026-05-14 15:31:26] Gen 0001 | Mejor fitness: 0.873845 | Promedio: 0.807944
[2026-05-14 15:31:26] Gen 0002 | Mejor fitness: 0.873845 | Promedio: 0.847945
[2026-05-14 15:31:26] Gen 0003 | Mejor fitness: 0.876199 | Promedio: 0.860245
[2026-05-14 15:31:26] Gen 0004 | Mejor fitness: 0.882471 | Promedio: 0.866500
[2026-05-14 15:31:26] Gen 0005 | Mejor fitness: 0.885043 | Promedio: 0.873733
[2026-05-14 15:31:26] Gen 0006 | Mejor fitness: 0.886971 | Promedio: 0.876834
[2026-05-14 15:31:26] Gen 0007 | Mejor fitness: 0.887875 | Promedio: 0.880330
[2026-05-14 15:31:26] Gen 0008 | Mejor fitness: 0.887875 | Promedio: 0.884621
[2026-05-14 15:31:26] Gen 0009 | Mejor fitness: 0.888349 | Promedio: 0.886304
[2026-05-14 15:31:26] Gen 0010 | Mejor fitness: 0.888798 | Promedio: 0.887254
[2026-05-14 15:31:26] Gen 0011 | Mejor fitness: 0.889821 | Promedio: 0.887803
[2026-05-14 15:31:26] Gen 0012 | Mejor fitness: 0.889860 | Promedio: 0.888348
[2026-05-14 15:31:26] Gen 0013 | Mejor fitness: 0.890054 | Promedio: 0.888786
[2026-05-14 15:31:26] Gen 0014 | Mejor fitness: 0.890341 | Promedio: 0.889291
[2026-05-14 15:31:26] Gen 0015 | Mejor fitness: 0.891261 | Promedio: 0.889820
[2026-05-14 15:31:26] Gen 0016 | Mejor fitness: 0.891590 | Promedio: 0.890317
[2026-05-14 15:31:26] Gen 0017 | Mejor fitness: 0.892010 | Promedio: 0.890794
[2026-05-14 15:31:26] Gen 0018 | Mejor fitness: 0.892040 | Promedio: 0.891201
[2026-05-14 15:31:26] Gen 0019 | Mejor fitness: 0.892275 | Promedio: 0.891452
[2026-05-14 15:31:26] Gen 0020 | Mejor fitness: 0.892354 | Promedio: 0.891295
[2026-05-14 15:31:26] Gen 0021 | Mejor fitness: 0.892439 | Promedio: 0.891940
[2026-05-14 15:31:26] Gen 0022 | Mejor fitness: 0.892646 | Promedio: 0.891838
[2026-05-14 15:31:26] Gen 0023 | Mejor fitness: 0.892646 | Promedio: 0.891926
[2026-05-14 15:31:26] Gen 0024 | Mejor fitness: 0.892656 | Promedio: 0.892251
[2026-05-14 15:31:26] Gen 0025 | Mejor fitness: 0.892656 | Promedio: 0.892343
[2026-05-14 15:31:26] Gen 0026 | Mejor fitness: 0.892689 | Promedio: 0.892463
[2026-05-14 15:31:26] Gen 0027 | Mejor fitness: 0.892715 | Promedio: 0.892372
[2026-05-14 15:31:26] Gen 0028 | Mejor fitness: 0.892715 | Promedio: 0.892075
[2026-05-14 15:31:26] Gen 0029 | Mejor fitness: 0.892715 | Promedio: 0.891763
[2026-05-14 15:31:26] Gen 0030 | Mejor fitness: 0.892717 | Promedio: 0.892465
[2026-05-14 15:31:26] Gen 0031 | Mejor fitness: 0.892728 | Promedio: 0.892466
[2026-05-14 15:31:26] Gen 0032 | Mejor fitness: 0.892732 | Promedio: 0.892219
[2026-05-14 15:31:26] Gen 0033 | Mejor fitness: 0.892757 | Promedio: 0.892549
[2026-05-14 15:31:26] Gen 0034 | Mejor fitness: 0.892758 | Promedio: 0.892501
[2026-05-14 15:31:26] Gen 0035 | Mejor fitness: 0.892759 | Promedio: 0.892557
[2026-05-14 15:31:26] Gen 0036 | Mejor fitness: 0.892763 | Promedio: 0.892706
[2026-05-14 15:31:26] Gen 0037 | Mejor fitness: 0.892763 | Promedio: 0.892685
[2026-05-14 15:31:26] Gen 0038 | Mejor fitness: 0.892765 | Promedio: 0.892513
[2026-05-14 15:31:26] Gen 0039 | Mejor fitness: 0.892768 | Promedio: 0.892568
[2026-05-14 15:31:26] Gen 0040 | Mejor fitness: 0.892805 | Promedio: 0.892638
[2026-05-14 15:31:26] Gen 0041 | Mejor fitness: 0.892805 | Promedio: 0.892581
[2026-05-14 15:31:26] Gen 0042 | Mejor fitness: 0.892808 | Promedio: 0.892366
[2026-05-14 15:31:26] Gen 0043 | Mejor fitness: 0.892808 | Promedio: 0.892546
[2026-05-14 15:31:26] Gen 0044 | Mejor fitness: 0.892811 | Promedio: 0.892659
[2026-05-14 15:31:26] Gen 0045 | Mejor fitness: 0.892811 | Promedio: 0.892561
[2026-05-14 15:31:26] Gen 0046 | Mejor fitness: 0.892811 | Promedio: 0.892573
[2026-05-14 15:31:26] Gen 0047 | Mejor fitness: 0.892811 | Promedio: 0.892406
[2026-05-14 15:31:26] Gen 0048 | Mejor fitness: 0.892811 | Promedio: 0.892530
[2026-05-14 15:31:26] Gen 0049 | Mejor fitness: 0.892811 | Promedio: 0.892627
[2026-05-14 15:31:26] Gen 0050 | Mejor fitness: 0.892811 | Promedio: 0.892557
[2026-05-14 15:31:26] Gen 0051 | Mejor fitness: 0.892811 | Promedio: 0.892566
[2026-05-14 15:31:26] Gen 0052 | Mejor fitness: 0.892811 | Promedio: 0.892605
[2026-05-14 15:31:26] Gen 0053 | Mejor fitness: 0.892812 | Promedio: 0.892716
[2026-05-14 15:31:26] Gen 0054 | Mejor fitness: 0.892812 | Promedio: 0.892742
[2026-05-14 15:31:26] Gen 0055 | Mejor fitness: 0.892814 | Promedio: 0.892569
[2026-05-14 15:31:26] Gen 0056 | Mejor fitness: 0.892814 | Promedio: 0.892472
[2026-05-14 15:31:26] Gen 0057 | Mejor fitness: 0.892814 | Promedio: 0.892603
[2026-05-14 15:31:26] Gen 0058 | Mejor fitness: 0.892814 | Promedio: 0.892589
[2026-05-14 15:31:26] Gen 0059 | Mejor fitness: 0.892816 | Promedio: 0.892538
[2026-05-14 15:31:26] Gen 0060 | Mejor fitness: 0.892816 | Promedio: 0.892570
[2026-05-14 15:31:26] Gen 0061 | Mejor fitness: 0.892816 | Promedio: 0.892568
[2026-05-14 15:31:26] Gen 0062 | Mejor fitness: 0.892816 | Promedio: 0.892535
[2026-05-14 15:31:26] Gen 0063 | Mejor fitness: 0.892816 | Promedio: 0.892642
[2026-05-14 15:31:26] Gen 0064 | Mejor fitness: 0.892816 | Promedio: 0.892637
[2026-05-14 15:31:26] Gen 0065 | Mejor fitness: 0.892816 | Promedio: 0.892583
[2026-05-14 15:31:26] Gen 0066 | Mejor fitness: 0.892816 | Promedio: 0.892430
[2026-05-14 15:31:26] Gen 0067 | Mejor fitness: 0.892816 | Promedio: 0.892341
[2026-05-14 15:31:26] Gen 0068 | Mejor fitness: 0.892816 | Promedio: 0.892682
[2026-05-14 15:31:26] Gen 0069 | Mejor fitness: 0.892816 | Promedio: 0.892571
[2026-05-14 15:31:26] Gen 0070 | Mejor fitness: 0.892816 | Promedio: 0.892588
[2026-05-14 15:31:26] Gen 0071 | Mejor fitness: 0.892816 | Promedio: 0.892551
[2026-05-14 15:31:26] Gen 0072 | Mejor fitness: 0.892816 | Promedio: 0.892554
[2026-05-14 15:31:26] Gen 0073 | Mejor fitness: 0.892816 | Promedio: 0.892588
[2026-05-14 15:31:26] Gen 0074 | Mejor fitness: 0.892816 | Promedio: 0.892539
[2026-05-14 15:31:26] Gen 0075 | Mejor fitness: 0.892816 | Promedio: 0.892550
[2026-05-14 15:31:26] Gen 0076 | Mejor fitness: 0.892816 | Promedio: 0.892717
[2026-05-14 15:31:26] Gen 0077 | Mejor fitness: 0.892816 | Promedio: 0.892660
[2026-05-14 15:31:26] Gen 0078 | Mejor fitness: 0.892816 | Promedio: 0.892572
[2026-05-14 15:31:26] Gen 0079 | Mejor fitness: 0.892816 | Promedio: 0.892550
[2026-05-14 15:31:26] Gen 0080 | Mejor fitness: 0.892816 | Promedio: 0.892648
[2026-05-14 15:31:26] Gen 0081 | Mejor fitness: 0.892816 | Promedio: 0.892681
[2026-05-14 15:31:26] Gen 0082 | Mejor fitness: 0.892816 | Promedio: 0.892618
[2026-05-14 15:31:26] Gen 0083 | Mejor fitness: 0.892816 | Promedio: 0.892389
[2026-05-14 15:31:26] Gen 0084 | Mejor fitness: 0.892816 | Promedio: 0.892602
[2026-05-14 15:31:26] Gen 0085 | Mejor fitness: 0.892816 | Promedio: 0.892399
[2026-05-14 15:31:26] Gen 0086 | Mejor fitness: 0.892816 | Promedio: 0.892389
[2026-05-14 15:31:26] Gen 0087 | Mejor fitness: 0.892816 | Promedio: 0.892685
[2026-05-14 15:31:26] Gen 0088 | Mejor fitness: 0.892816 | Promedio: 0.892664
[2026-05-14 15:31:26] Gen 0089 | Mejor fitness: 0.892816 | Promedio: 0.892605
[2026-05-14 15:31:26] Gen 0090 | Mejor fitness: 0.892816 | Promedio: 0.892605
[2026-05-14 15:31:26] Gen 0091 | Mejor fitness: 0.892816 | Promedio: 0.892560
[2026-05-14 15:31:26] Gen 0092 | Mejor fitness: 0.892816 | Promedio: 0.892563
[2026-05-14 15:31:26] Gen 0093 | Mejor fitness: 0.892816 | Promedio: 0.892573
[2026-05-14 15:31:26] Gen 0094 | Mejor fitness: 0.892817 | Promedio: 0.892513
[2026-05-14 15:31:26] Gen 0095 | Mejor fitness: 0.892817 | Promedio: 0.892547
[2026-05-14 15:31:26] Gen 0096 | Mejor fitness: 0.892817 | Promedio: 0.892566
[2026-05-14 15:31:26] Gen 0097 | Mejor fitness: 0.892817 | Promedio: 0.892624
[2026-05-14 15:31:26] Gen 0098 | Mejor fitness: 0.892817 | Promedio: 0.892633
[2026-05-14 15:31:26] Gen 0099 | Mejor fitness: 0.892817 | Promedio: 0.892637
[2026-05-14 15:31:26] Gen 0100 | Mejor fitness: 0.892817 | Promedio: 0.892497
[2026-05-14 15:31:26] --- Resultado final ---
[2026-05-14 15:31:26] Fitness final     : 0.892817
[2026-05-14 15:31:26]
[2026-05-14 15:31:26] Parámetros óptimos:
[2026-05-14 15:31:26]   Temp. Extrusión : 209.5 °C
[2026-05-14 15:31:26]   Temp. Cama      : 60.0 °C
[2026-05-14 15:31:26]   Velocidad       : 57.0 mm/s
[2026-05-14 15:31:26]   Altura de Capa  : 0.306 mm
[2026-05-14 15:31:26]   Relleno         : 11.4 %
[2026-05-14 15:31:26]   Ventilador      : 100.0 %
[2026-05-14 15:31:26]   Perímetros      : 2 u
[2026-05-14 15:31:26]
[2026-05-14 15:31:26] Desglose fitness:
[2026-05-14 15:31:26]   Calidad       : 0.6001
[2026-05-14 15:31:26]   Resistencia   : 0.6066
[2026-05-14 15:31:26]   Velocidad     : 0.9748
[2026-05-14 15:31:26]   Ahorro        : 0.9492
[2026-05-14 15:31:26]   Fitness       : 0.8928
[2026-05-14 15:31:26] =======================================================
