[2026-05-14 15:32:59] =======================================================
[2026-05-14 15:32:59] NUEVA EJECUCIÓN
[2026-05-14 15:32:59] Material          : PLA
[2026-05-14 15:32:59] Perfil            : Rápido
[2026-05-14 15:32:59] Tamaño población  : 50
[2026-05-14 15:32:59] Generaciones      : 100
[2026-05-14 15:32:59] Tasa cruce        : 0.8
[2026-05-14 15:32:59] Tasa mutación     : 0.1
[2026-05-14 15:32:59] Torneo K          : 3
[2026-05-14 15:32:59] --- Evolución ---
[2026-05-14 15:32:59] Gen 0001 | Mejor fitness: 0.799927 | Promedio: 0.529805
[2026-05-14 15:32:59] Gen 0002 | Mejor fitness: 0.799927 | Promedio: 0.621441
[2026-05-14 15:32:59] Gen 0003 | Mejor fitness: 0.800586 | Promedio: 0.709800
[2026-05-14 15:32:59] Gen 0004 | Mejor fitness: 0.809963 | Promedio: 0.765727
[2026-05-14 15:32:59] Gen 0005 | Mejor fitness: 0.855675 | Promedio: 0.798596
[2026-05-14 15:32:59] Gen 0006 | Mejor fitness: 0.855675 | Promedio: 0.809263
[2026-05-14 15:32:59] Gen 0007 | Mejor fitness: 0.857962 | Promedio: 0.822186
[2026-05-14 15:32:59] Gen 0008 | Mejor fitness: 0.859447 | Promedio: 0.833647
[2026-05-14 15:32:59] Gen 0009 | Mejor fitness: 0.860609 | Promedio: 0.839840
[2026-05-14 15:32:59] Gen 0010 | Mejor fitness: 0.879659 | Promedio: 0.848954
[2026-05-14 15:32:59] Gen 0011 | Mejor fitness: 0.879893 | Promedio: 0.858536
[2026-05-14 15:32:59] Gen 0012 | Mejor fitness: 0.880090 | Promedio: 0.869219
[2026-05-14 15:32:59] Gen 0013 | Mejor fitness: 0.880482 | Promedio: 0.873205
[2026-05-14 15:32:59] Gen 0014 | Mejor fitness: 0.881140 | Promedio: 0.877971
[2026-05-14 15:32:59] Gen 0015 | Mejor fitness: 0.881731 | Promedio: 0.879678
[2026-05-14 15:32:59] Gen 0016 | Mejor fitness: 0.881991 | Promedio: 0.876895
[2026-05-14 15:32:59] Gen 0017 | Mejor fitness: 0.881991 | Promedio: 0.880892
[2026-05-14 15:32:59] Gen 0018 | Mejor fitness: 0.882106 | Promedio: 0.881097
[2026-05-14 15:32:59] Gen 0019 | Mejor fitness: 0.882344 | Promedio: 0.878176
[2026-05-14 15:32:59] Gen 0020 | Mejor fitness: 0.882369 | Promedio: 0.880135
[2026-05-14 15:32:59] Gen 0021 | Mejor fitness: 0.882369 | Promedio: 0.881148
[2026-05-14 15:32:59] Gen 0022 | Mejor fitness: 0.882423 | Promedio: 0.880911
[2026-05-14 15:32:59] Gen 0023 | Mejor fitness: 0.882423 | Promedio: 0.880853
[2026-05-14 15:32:59] Gen 0024 | Mejor fitness: 0.882423 | Promedio: 0.881243
[2026-05-14 15:32:59] Gen 0025 | Mejor fitness: 0.882423 | Promedio: 0.878464
[2026-05-14 15:32:59] Gen 0026 | Mejor fitness: 0.882423 | Promedio: 0.880146
[2026-05-14 15:32:59] Gen 0027 | Mejor fitness: 0.882423 | Promedio: 0.882013
[2026-05-14 15:32:59] Gen 0028 | Mejor fitness: 0.882423 | Promedio: 0.881998
[2026-05-14 15:32:59] Gen 0029 | Mejor fitness: 0.882423 | Promedio: 0.879873
[2026-05-14 15:32:59] Gen 0030 | Mejor fitness: 0.882423 | Promedio: 0.881735
[2026-05-14 15:32:59] Gen 0031 | Mejor fitness: 0.882423 | Promedio: 0.880994
[2026-05-14 15:32:59] Gen 0032 | Mejor fitness: 0.882423 | Promedio: 0.880359
[2026-05-14 15:32:59] Gen 0033 | Mejor fitness: 0.882423 | Promedio: 0.880046
[2026-05-14 15:32:59] Gen 0034 | Mejor fitness: 0.882423 | Promedio: 0.880277
[2026-05-14 15:32:59] Gen 0035 | Mejor fitness: 0.882423 | Promedio: 0.881251
[2026-05-14 15:32:59] Gen 0036 | Mejor fitness: 0.882423 | Promedio: 0.879329
[2026-05-14 15:32:59] Gen 0037 | Mejor fitness: 0.882423 | Promedio: 0.880802
[2026-05-14 15:32:59] Gen 0038 | Mejor fitness: 0.882423 | Promedio: 0.880341
[2026-05-14 15:32:59] Gen 0039 | Mejor fitness: 0.882423 | Promedio: 0.878506
[2026-05-14 15:32:59] Gen 0040 | Mejor fitness: 0.882423 | Promedio: 0.880173
[2026-05-14 15:32:59] Gen 0041 | Mejor fitness: 0.882423 | Promedio: 0.881795
[2026-05-14 15:32:59] Gen 0042 | Mejor fitness: 0.882423 | Promedio: 0.879273
[2026-05-14 15:32:59] Gen 0043 | Mejor fitness: 0.882423 | Promedio: 0.880214
[2026-05-14 15:32:59] Gen 0044 | Mejor fitness: 0.882424 | Promedio: 0.880093
[2026-05-14 15:32:59] Gen 0045 | Mejor fitness: 0.882424 | Promedio: 0.879861
[2026-05-14 15:32:59] Gen 0046 | Mejor fitness: 0.882424 | Promedio: 0.878276
[2026-05-14 15:32:59] Gen 0047 | Mejor fitness: 0.882424 | Promedio: 0.880510
[2026-05-14 15:32:59] Gen 0048 | Mejor fitness: 0.882424 | Promedio: 0.877721
[2026-05-14 15:32:59] Gen 0049 | Mejor fitness: 0.882424 | Promedio: 0.881289
[2026-05-14 15:32:59] Gen 0050 | Mejor fitness: 0.882424 | Promedio: 0.880006
[2026-05-14 15:32:59] Gen 0051 | Mejor fitness: 0.882424 | Promedio: 0.881797
[2026-05-14 15:32:59] Gen 0052 | Mejor fitness: 0.882424 | Promedio: 0.879945
[2026-05-14 15:32:59] Gen 0053 | Mejor fitness: 0.882424 | Promedio: 0.880595
[2026-05-14 15:32:59] Gen 0054 | Mejor fitness: 0.882424 | Promedio: 0.880514
[2026-05-14 15:32:59] Gen 0055 | Mejor fitness: 0.882424 | Promedio: 0.879854
[2026-05-14 15:32:59] Gen 0056 | Mejor fitness: 0.882424 | Promedio: 0.880784
[2026-05-14 15:32:59] Gen 0057 | Mejor fitness: 0.882424 | Promedio: 0.879606
[2026-05-14 15:32:59] Gen 0058 | Mejor fitness: 0.882424 | Promedio: 0.881785
[2026-05-14 15:32:59] Gen 0059 | Mejor fitness: 0.882424 | Promedio: 0.880331
[2026-05-14 15:32:59] Gen 0060 | Mejor fitness: 0.882424 | Promedio: 0.879800
[2026-05-14 15:32:59] Gen 0061 | Mejor fitness: 0.882424 | Promedio: 0.880637
[2026-05-14 15:32:59] Gen 0062 | Mejor fitness: 0.882424 | Promedio: 0.879442
[2026-05-14 15:32:59] Gen 0063 | Mejor fitness: 0.882424 | Promedio: 0.880353
[2026-05-14 15:32:59] Gen 0064 | Mejor fitness: 0.882424 | Promedio: 0.879093
[2026-05-14 15:32:59] Gen 0065 | Mejor fitness: 0.882424 | Promedio: 0.880796
[2026-05-14 15:32:59] Gen 0066 | Mejor fitness: 0.882424 | Promedio: 0.878420
[2026-05-14 15:32:59] Gen 0067 | Mejor fitness: 0.882424 | Promedio: 0.880564
[2026-05-14 15:32:59] Gen 0068 | Mejor fitness: 0.882424 | Promedio: 0.879066
[2026-05-14 15:32:59] Gen 0069 | Mejor fitness: 0.882424 | Promedio: 0.881991
[2026-05-14 15:32:59] Gen 0070 | Mejor fitness: 0.882424 | Promedio: 0.881823
[2026-05-14 15:32:59] Gen 0071 | Mejor fitness: 0.882424 | Promedio: 0.880646
[2026-05-14 15:32:59] Gen 0072 | Mejor fitness: 0.882424 | Promedio: 0.878981
[2026-05-14 15:32:59] Gen 0073 | Mejor fitness: 0.882424 | Promedio: 0.880427
[2026-05-14 15:32:59] Gen 0074 | Mejor fitness: 0.882424 | Promedio: 0.877385
[2026-05-14 15:32:59] Gen 0075 | Mejor fitness: 0.882424 | Promedio: 0.879635
[2026-05-14 15:32:59] Gen 0076 | Mejor fitness: 0.882424 | Promedio: 0.881425
[2026-05-14 15:32:59] Gen 0077 | Mejor fitness: 0.882424 | Promedio: 0.881578
[2026-05-14 15:32:59] Gen 0078 | Mejor fitness: 0.882424 | Promedio: 0.881089
[2026-05-14 15:32:59] Gen 0079 | Mejor fitness: 0.882424 | Promedio: 0.879302
[2026-05-14 15:32:59] Gen 0080 | Mejor fitness: 0.882424 | Promedio: 0.879739
[2026-05-14 15:32:59] Gen 0081 | Mejor fitness: 0.882424 | Promedio: 0.878455
[2026-05-14 15:32:59] Gen 0082 | Mejor fitness: 0.882424 | Promedio: 0.881163
[2026-05-14 15:32:59] Gen 0083 | Mejor fitness: 0.882424 | Promedio: 0.880282
[2026-05-14 15:32:59] Gen 0084 | Mejor fitness: 0.882424 | Promedio: 0.880029
[2026-05-14 15:32:59] Gen 0085 | Mejor fitness: 0.882424 | Promedio: 0.880237
[2026-05-14 15:32:59] Gen 0086 | Mejor fitness: 0.882424 | Promedio: 0.881269
[2026-05-14 15:32:59] Gen 0087 | Mejor fitness: 0.882424 | Promedio: 0.881011
[2026-05-14 15:32:59] Gen 0088 | Mejor fitness: 0.882424 | Promedio: 0.881510
[2026-05-14 15:32:59] Gen 0089 | Mejor fitness: 0.882424 | Promedio: 0.879873
[2026-05-14 15:32:59] Gen 0090 | Mejor fitness: 0.882424 | Promedio: 0.880615
[2026-05-14 15:32:59] Gen 0091 | Mejor fitness: 0.882424 | Promedio: 0.881475
[2026-05-14 15:32:59] Gen 0092 | Mejor fitness: 0.882424 | Promedio: 0.879563
[2026-05-14 15:32:59] Gen 0093 | Mejor fitness: 0.882424 | Promedio: 0.880035
[2026-05-14 15:32:59] Gen 0094 | Mejor fitness: 0.882424 | Promedio: 0.878573
[2026-05-14 15:32:59] Gen 0095 | Mejor fitness: 0.882424 | Promedio: 0.881152
[2026-05-14 15:32:59] Gen 0096 | Mejor fitness: 0.882424 | Promedio: 0.880501
[2026-05-14 15:32:59] Gen 0097 | Mejor fitness: 0.882424 | Promedio: 0.881372
[2026-05-14 15:32:59] Gen 0098 | Mejor fitness: 0.882424 | Promedio: 0.880626
[2026-05-14 15:32:59] Gen 0099 | Mejor fitness: 0.882424 | Promedio: 0.881371
[2026-05-14 15:32:59] Gen 0100 | Mejor fitness: 0.882424 | Promedio: 0.882260
[2026-05-14 15:32:59] --- Resultado final ---
[2026-05-14 15:32:59] Fitness final     : 0.882424
[2026-05-14 15:32:59]
[2026-05-14 15:32:59] Parámetros óptimos:
[2026-05-14 15:32:59]   Temp. Extrusión : 209.5 °C
[2026-05-14 15:32:59]   Temp. Cama      : 60.0 °C
[2026-05-14 15:32:59]   Velocidad       : 100.0 mm/s
[2026-05-14 15:32:59]   Altura de Capa  : 0.350 mm
[2026-05-14 15:32:59]   Relleno         : 11.4 %
[2026-05-14 15:32:59]   Ventilador      : 100.0 %
[2026-05-14 15:32:59]   Perímetros      : 2 u
[2026-05-14 15:32:59]
[2026-05-14 15:32:59] Desglose fitness:
[2026-05-14 15:32:59]   Calidad       : 0.3700
[2026-05-14 15:32:59]   Resistencia   : 0.6065
[2026-05-14 15:32:59]   Velocidad     : 1.0000
[2026-05-14 15:32:59]   Ahorro        : 0.9492
[2026-05-14 15:32:59]   Fitness       : 0.8824
[2026-05-14 15:32:59] =======================================================
